"D:/humanstuffFinal/MyProject3/Content/aliens.uasset" 0
"D:/humanstuffFinal/MyProject3/Content/conveyor.uasset" 1
"D:/humanstuffFinal/MyProject3/Content/inside.uasset" 2
"D:/humanstuffFinal/MyProject3/Content/aliens/slugHead_walk_Skeleton.uasset" 3
"D:/humanstuffFinal/MyProject3/Content/NewAimOffsetBlendSpace.uasset" 4
"D:/humanstuffFinal/MyProject3/Content/Outdoors.uasset" 5
"D:/humanstuffFinal/MyProject3/Content/reender.uasset" 6
"D:/humanstuffFinal/MyProject3/Content/aliens/lambert1.uasset" 7
"D:/humanstuffFinal/MyProject3/Content/aliens/slugHead_bones_PhysicsAsset.uasset" 8
"D:/humanstuffFinal/MyProject3/Content/aliens/slugHead_bones_Skeleton.uasset" 9
"D:/humanstuffFinal/MyProject3/Content/aliens/slugHead_bones.uasset" 10
"D:/humanstuffFinal/MyProject3/Content/Animation/lambert1.uasset" 11
"D:/humanstuffFinal/MyProject3/Content/Animation/clipboard_props_hs_clipBoard_pCube3_PhysicsAsset.uasset" 12
"D:/humanstuffFinal/MyProject3/Content/Animation/clipboard_props_hs_clipBoard_pCube3_Skeleton.uasset" 13
"D:/humanstuffFinal/MyProject3/Content/Animation/clipboard_props_hs_Pen_pCylinder2_PhysicsAsset.uasset" 14
"D:/humanstuffFinal/MyProject3/Content/Animation/clipboard_props_hs_Pen_pCylinder2_Skeleton.uasset" 15
"D:/humanstuffFinal/MyProject3/Content/Animation/clipboard_props.uasset" 16
"D:/humanstuffFinal/MyProject3/Content/Animation/clipboard_props_hs_clipBoard_pCube3_Anim.uasset" 17
"D:/humanstuffFinal/MyProject3/Content/Animation/clipboard_props_hs_Pen_pCylinder2_Anim.uasset" 18
"D:/humanstuffFinal/MyProject3/Content/Animation/slugHead_cartPush_PhysicsAsset.uasset" 19
"D:/humanstuffFinal/MyProject3/Content/Animation/slugHead_cartPush_Skeleton.uasset" 20
"D:/humanstuffFinal/MyProject3/Content/Animation/slugHead_cartPush.uasset" 21
"D:/humanstuffFinal/MyProject3/Content/Animation/slugHead_cartPush_anim.uasset" 22
"D:/humanstuffFinal/MyProject3/Content/Animation/slugHead_idle01_PhysicsAsset.uasset" 23
"D:/humanstuffFinal/MyProject3/Content/Animation/slugHead_idle01.uasset" 24
"D:/humanstuffFinal/MyProject3/Content/Audio/Alien_Voice1b.uasset" 25
"D:/humanstuffFinal/MyProject3/Content/Audio/Alien_Voice1c.uasset" 26
"D:/humanstuffFinal/MyProject3/Content/Audio/Alien_Voice_1a.uasset" 27
"D:/humanstuffFinal/MyProject3/Content/Audio/Alien_Voice_2a.uasset" 28
"D:/humanstuffFinal/MyProject3/Content/Audio/Alien_Voice_2b.uasset" 29
"D:/humanstuffFinal/MyProject3/Content/Audio/Alien_Voice_3.uasset" 30
"D:/humanstuffFinal/MyProject3/Content/Audio/hs_alienVoice.uasset" 31
"D:/humanstuffFinal/MyProject3/Content/Audio/bg_Elevator.uasset" 32
"D:/humanstuffFinal/MyProject3/Content/Audio/hs_backgroundMusic.uasset" 33
"D:/humanstuffFinal/MyProject3/Content/Audio/se_cartRattle.uasset" 34
"D:/humanstuffFinal/MyProject3/Content/Audio/Slap_Snap.uasset" 35
"D:/humanstuffFinal/MyProject3/Content/Audio/Sounds_For_The_Supermarket_1_1975_-_Grocery_Store_Music.uasset" 36
"D:/humanstuffFinal/MyProject3/Content/Audio/Sounds_For_The_Supermarket_1_1975_-_Grocery_Store_Music_Cue.uasset" 37
"D:/humanstuffFinal/MyProject3/Content/Blueprints/AudioPlayer.uasset" 38
"../../../Engine/Content/EditorBlueprintResources/StandardMacros.uasset" 39
"D:/humanstuffFinal/MyProject3/Content/Blueprints/Event_Thing.uasset" 40
"D:/humanstuffFinal/MyProject3/Content/UI/MainMenu.uasset" 41
"D:/humanstuffFinal/MyProject3/Content/Blueprints/MainMenu1.uasset" 42
"D:/humanstuffFinal/MyProject3/Content/VirtualRealityBP/Blueprints/PickupActorInterface.uasset" 43
"D:/humanstuffFinal/MyProject3/Content/VirtualReality/Materials/M_BaseMaterial.uasset" 44
"D:/humanstuffFinal/MyProject3/Content/VirtualReality/Materials/MI_SmallCubes.uasset" 45
"D:/humanstuffFinal/MyProject3/Content/Audio/Explosion_8_Bit.uasset" 46
"D:/humanstuffFinal/MyProject3/Content/Audio/Firecracker_Quick_Burst.uasset" 47
"D:/humanstuffFinal/MyProject3/Content/Geometry/Meshes/CubeMaterial.uasset" 48
"D:/humanstuffFinal/MyProject3/Content/Geometry/Meshes/1M_Cube.uasset" 49
"D:/humanstuffFinal/MyProject3/Content/Jpeg/luigi-says-yeetus-that-fetus-me-irl-34781246.uasset" 50
"D:/humanstuffFinal/MyProject3/Content/Jpeg/Luigi.uasset" 51
"D:/humanstuffFinal/MyProject3/Content/StarterContent/Textures/T_Burst_M.uasset" 52
"D:/humanstuffFinal/MyProject3/Content/StarterContent/Particles/Materials/M_Burst.uasset" 53
"D:/humanstuffFinal/MyProject3/Content/StarterContent/Textures/T_Explosion_SubUV.uasset" 54
"D:/humanstuffFinal/MyProject3/Content/StarterContent/Particles/Materials/M_explosion_subUV.uasset" 55
"D:/humanstuffFinal/MyProject3/Content/StarterContent/Particles/Materials/m_flare_01.uasset" 56
"../../../Engine/Content/Functions/Engine_MaterialFunctions01/Gradient/RadialGradient.uasset" 57
"D:/humanstuffFinal/MyProject3/Content/StarterContent/Particles/Materials/M_radial_ramp.uasset" 58
"D:/humanstuffFinal/MyProject3/Content/StarterContent/Textures/T_Smoke_SubUV.uasset" 59
"D:/humanstuffFinal/MyProject3/Content/StarterContent/Textures/T_Smoke_Tiled_D.uasset" 60
"D:/humanstuffFinal/MyProject3/Content/StarterContent/Particles/Materials/M_smoke_subUV.uasset" 61
"D:/humanstuffFinal/MyProject3/Content/StarterContent/Particles/P_Explosion.uasset" 62
"D:/humanstuffFinal/MyProject3/Content/Blueprints/Scannables.uasset" 63
"../../../Engine/Content/BasicShapes/BasicShapeMaterial.uasset" 64
"D:/humanstuffFinal/MyProject3/Content/Textures/hs_fireworksTexture.uasset" 65
"D:/humanstuffFinal/MyProject3/Content/Materials/FireWorks.uasset" 66
"D:/humanstuffFinal/MyProject3/Content/Textures/hs_alienBombTexture.uasset" 67
"D:/humanstuffFinal/MyProject3/Content/Materials/hs_alienBombTexture_Mat.uasset" 68
"D:/humanstuffFinal/MyProject3/Content/Textures/hs_boombox_baseColor.uasset" 69
"D:/humanstuffFinal/MyProject3/Content/Materials/hs_boombox_baseColor_Mat.uasset" 70
"D:/humanstuffFinal/MyProject3/Content/Materials/hs_diamond.uasset" 71
"D:/humanstuffFinal/MyProject3/Content/Textures/hs_sack.uasset" 72
"D:/humanstuffFinal/MyProject3/Content/Materials/hs_sack_Mat.uasset" 73
"D:/humanstuffFinal/MyProject3/Content/Textures/SodaBottle.uasset" 74
"D:/humanstuffFinal/MyProject3/Content/Materials/hs_soda.uasset" 75
"D:/humanstuffFinal/MyProject3/Content/Textures/hs_alienGameTexture.uasset" 76
"D:/humanstuffFinal/MyProject3/Content/Materials/mat_game.uasset" 77
"D:/humanstuffFinal/MyProject3/Content/Textures/hs_udder_BaseColor.uasset" 78
"D:/humanstuffFinal/MyProject3/Content/Materials/Mat_Udder.uasset" 79
"D:/humanstuffFinal/MyProject3/Content/Textures/hs_vaseTexture.uasset" 80
"D:/humanstuffFinal/MyProject3/Content/Materials/mat_vase.uasset" 81
"D:/humanstuffFinal/MyProject3/Content/Textures/pack.uasset" 82
"D:/humanstuffFinal/MyProject3/Content/Materials/pack_Mat.uasset" 83
"../../../Engine/Content/Functions/Engine_MaterialFunctions01/Opacity/CameraDepthFade.uasset" 84
"../../../Engine/Content/EngineMaterials/T_Default_Material_Grid_M.uasset" 85
"../../../Engine/Content/EngineMaterials/T_Default_Material_Grid_N.uasset" 86
"../../../Engine/Content/EngineMaterials/DefaultMaterial.uasset" 87
"../../../Engine/Content/BasicShapes/Sphere.uasset" 88
"D:/humanstuffFinal/MyProject3/Content/Audio/Meat_Slap_2_by_mwlandi.uasset" 89
"D:/humanstuffFinal/MyProject3/Content/Geometry/Objects/hs_alienBomb.uasset" 90
"D:/humanstuffFinal/MyProject3/Content/Geometry/Objects/hs_AlienGame.uasset" 91
"D:/humanstuffFinal/MyProject3/Content/Geometry/Objects/hs_boombox.uasset" 92
"D:/humanstuffFinal/MyProject3/Content/Geometry/Objects/hs_diamond.uasset" 93
"D:/humanstuffFinal/MyProject3/Content/Geometry/Objects/hs_fireworks.uasset" 94
"D:/humanstuffFinal/MyProject3/Content/Textures/hs_legTexture.uasset" 95
"D:/humanstuffFinal/MyProject3/Content/Materials/hs_froggyLeg.uasset" 96
"D:/humanstuffFinal/MyProject3/Content/Geometry/Objects/hs_leg.uasset" 97
"D:/humanstuffFinal/MyProject3/Content/Geometry/Objects/hs_pack.uasset" 98
"D:/humanstuffFinal/MyProject3/Content/Geometry/Objects/hs_sack.uasset" 99
"D:/humanstuffFinal/MyProject3/Content/Geometry/Objects/hs_soda.uasset" 100
"D:/humanstuffFinal/MyProject3/Content/Geometry/Objects/hs_udder.uasset" 101
"D:/humanstuffFinal/MyProject3/Content/Geometry/Objects/hs_vase.uasset" 102
"D:/humanstuffFinal/MyProject3/Content/Blueprints/Spawner.uasset" 103
"D:/humanstuffFinal/MyProject3/Content/VirtualReality/Mannequin/Character/Mesh/MannequinHand_Right_Skeleton.uasset" 104
"D:/humanstuffFinal/MyProject3/Content/VirtualReality/Mannequin/Animations/MannequinHand_Right_CanGrab.uasset" 105
"D:/humanstuffFinal/MyProject3/Content/VirtualReality/Mannequin/Animations/MannequinHand_Right_Grab.uasset" 106
"D:/humanstuffFinal/MyProject3/Content/VirtualReality/Mannequin/Animations/MannequinHand_Right_Open.uasset" 107
"D:/humanstuffFinal/MyProject3/Content/VirtualReality/Mannequin/Animations/RightGrip_BS.uasset" 108
"D:/humanstuffFinal/MyProject3/Content/VirtualRealityBP/Blueprints/GripEnum.uasset" 109
"D:/humanstuffFinal/MyProject3/Content/VirtualReality/Mannequin/Animations/RightHand_AnimBP.uasset" 110
"D:/humanstuffFinal/MyProject3/Content/VirtualRealityBP/Blueprints/MotionControllerHaptics.uasset" 111
"../../../Engine/Content/Functions/Engine_MaterialFunctions02/Utility/BreakOutFloat2Components.uasset" 112
"../../../Engine/Content/Functions/Engine_MaterialFunctions01/Texturing/ScaleUVsByCenter.uasset" 113
"../../../Engine/Content/Functions/Engine_MaterialFunctions02/ScreenResolution.uasset" 114
"../../../Engine/Content/Functions/Engine_MaterialFunctions02/Texturing/ScreenAlignedUVs.uasset" 115
"../../../Engine/Content/Functions/Engine_MaterialFunctions02/Utility/CameraDirectionVector.uasset" 116
"../../../Engine/Content/Functions/Engine_MaterialFunctions02/Utility/DepthFromWorldPosition.uasset" 117
"D:/humanstuffFinal/MyProject3/Content/VirtualReality/Materials/MF_OccludedPixels.uasset" 118
"D:/humanstuffFinal/MyProject3/Content/VirtualReality/Materials/TeleportMCP.uasset" 119
"../../../Engine/Content/EngineMaterials/Good64x64TilingNoiseHighFreq.uasset" 120
"D:/humanstuffFinal/MyProject3/Content/VirtualReality/Materials/M_ArcEndpoint.uasset" 121
"D:/humanstuffFinal/MyProject3/Content/VirtualReality/Materials/M_SplineArcMat.uasset" 122
"D:/humanstuffFinal/MyProject3/Content/VirtualReality/Materials/M_TeleportPreviews.uasset" 123
"D:/humanstuffFinal/MyProject3/Content/VirtualReality/Materials/MI_ChaperoneOutline.uasset" 124
"D:/humanstuffFinal/MyProject3/Content/VirtualReality/Materials/MI_TeleportCylinderPreview.uasset" 125
"../../../Engine/Content/BasicShapes/Cylinder.uasset" 126
"D:/humanstuffFinal/MyProject3/Content/VirtualReality/Mannequin/Character/Textures/UE4_Mannequin__normals.uasset" 127
"D:/humanstuffFinal/MyProject3/Content/VirtualReality/Mannequin/Character/Textures/UE4_Mannequin_MAT_MASKA.uasset" 128
"D:/humanstuffFinal/MyProject3/Content/VirtualReality/Mannequin/Character/Materials/M_HandMat.uasset" 129
"D:/humanstuffFinal/MyProject3/Content/VirtualReality/Mannequin/Character/Mesh/MannequinHand_Right_PhysicsAsset.uasset" 130
"D:/humanstuffFinal/MyProject3/Content/VirtualReality/Mannequin/Character/Mesh/MannequinHand_Right.uasset" 131
"../../../Engine/Content/EngineMaterials/WorldGridMaterial.uasset" 132
"D:/humanstuffFinal/MyProject3/Content/VirtualReality/Meshes/1x1_cube.uasset" 133
"D:/humanstuffFinal/MyProject3/Content/VirtualReality/Meshes/BeaconDirection.uasset" 134
"D:/humanstuffFinal/MyProject3/Content/VirtualReality/Meshes/BeamMesh.uasset" 135
"D:/humanstuffFinal/MyProject3/Content/VirtualReality/Meshes/SM_FatCylinder.uasset" 136
"D:/humanstuffFinal/MyProject3/Content/VirtualRealityBP/Blueprints/BP_MotionController.uasset" 137
"D:/humanstuffFinal/MyProject3/Content/Materials/lightsEmissive.uasset" 138
"D:/humanstuffFinal/MyProject3/Content/Materials/lightsEmissive_Grav.uasset" 139
"D:/humanstuffFinal/MyProject3/Content/Materials/lightsEmissive_Mat.uasset" 140
"D:/humanstuffFinal/MyProject3/Content/Blueprints/GravityControl.uasset" 141
"D:/humanstuffFinal/MyProject3/Content/UI/hs_ui_complete.uasset" 142
"D:/humanstuffFinal/MyProject3/Content/UI/ending.uasset" 143
"D:/humanstuffFinal/MyProject3/Content/UI/hs_UI_1.uasset" 144
"D:/humanstuffFinal/MyProject3/Content/UI/hs_UI_2.uasset" 145
"D:/humanstuffFinal/MyProject3/Content/UI/hs_UI_3.uasset" 146
"D:/humanstuffFinal/MyProject3/Content/UI/start.uasset" 147
"D:/humanstuffFinal/MyProject3/Content/UI/end.uasset" 148
"D:/humanstuffFinal/MyProject3/Content/TheEnd.uasset" 149
"D:/humanstuffFinal/MyProject3/Content/UI/InGame.uasset" 150
"D:/humanstuffFinal/MyProject3/Content/VirtualRealityBP/Blueprints/MotionControllerPawn.uasset" 151
"D:/humanstuffFinal/MyProject3/Content/Blueprints/Appleheads.uasset" 152
"D:/humanstuffFinal/MyProject3/Content/StarterContent/Materials/M_Basic_Wall.uasset" 153
"D:/humanstuffFinal/MyProject3/Content/StarterContent/Shapes/Shape_Sphere.uasset" 154
"D:/humanstuffFinal/MyProject3/Content/Blueprints/Projectile.uasset" 155
"../../../Engine/Content/BasicShapes/Cube.uasset" 156
"D:/humanstuffFinal/MyProject3/Content/Assets/lambert1.uasset" 157
"D:/humanstuffFinal/MyProject3/Content/Assets/tempGun_PhysicsAsset.uasset" 158
"D:/humanstuffFinal/MyProject3/Content/Assets/tempGun_Skeleton.uasset" 159
"D:/humanstuffFinal/MyProject3/Content/Assets/tempGun.uasset" 160
"D:/humanstuffFinal/MyProject3/Content/Blueprints/gun.uasset" 161
"D:/humanstuffFinal/MyProject3/Content/Blueprints/gun2.uasset" 162
"D:/humanstuffFinal/MyProject3/Content/Blueprints/MiniGamespot.uasset" 163
"D:/humanstuffFinal/MyProject3/Content/Blueprints/Telaport_to_minigame.uasset" 164
"D:/humanstuffFinal/MyProject3/Content/couch_particles/splatters_impact.uasset" 165
"D:/humanstuffFinal/MyProject3/Content/couch_particles/splatter_impact.uasset" 166
"D:/humanstuffFinal/MyProject3/Content/couch_particles/splatters_subUV.uasset" 167
"D:/humanstuffFinal/MyProject3/Content/couch_particles/splatter_mat1.uasset" 168
"D:/humanstuffFinal/MyProject3/Content/couch_particles/splatter_3.uasset" 169
"D:/humanstuffFinal/MyProject3/Content/couch_particles/splatter_mat2.uasset" 170
"D:/humanstuffFinal/MyProject3/Content/couch_particles/paint_splat.uasset" 171
"D:/humanstuffFinal/MyProject3/Content/couch_particles/splatters.uasset" 172
"D:/humanstuffFinal/MyProject3/Content/couch_particles/subUV_test.uasset" 173
"D:/humanstuffFinal/MyProject3/Content/couch_particles/subUV_mat.uasset" 174
"D:/humanstuffFinal/MyProject3/Content/couch_particles/subUV_testparticle.uasset" 175
"D:/humanstuffFinal/MyProject3/Content/couch_particles/conf/conf_SUV1.uasset" 176
"D:/humanstuffFinal/MyProject3/Content/couch_particles/conf/conf1.uasset" 177
"D:/humanstuffFinal/MyProject3/Content/couch_particles/conf/conf_SUV2.uasset" 178
"D:/humanstuffFinal/MyProject3/Content/couch_particles/conf/conf2.uasset" 179
"D:/humanstuffFinal/MyProject3/Content/couch_particles/conf/conf_particle.uasset" 180
"D:/humanstuffFinal/MyProject3/Content/couch_particles/elec/elec_1.uasset" 181
"D:/humanstuffFinal/MyProject3/Content/couch_particles/elec/elec_3.uasset" 182
"D:/humanstuffFinal/MyProject3/Content/couch_particles/elec/elec_5.uasset" 183
"D:/humanstuffFinal/MyProject3/Content/couch_particles/elec/elec_6.uasset" 184
"D:/humanstuffFinal/MyProject3/Content/couch_particles/elec/elec_2.uasset" 185
"D:/humanstuffFinal/MyProject3/Content/couch_particles/elec/elec_mat.uasset" 186
"D:/humanstuffFinal/MyProject3/Content/couch_particles/elec/elec_4.uasset" 187
"D:/humanstuffFinal/MyProject3/Content/couch_particles/elec/elec_4Mat.uasset" 188
"D:/humanstuffFinal/MyProject3/Content/couch_particles/elec/elec_spritesheet.uasset" 189
"D:/humanstuffFinal/MyProject3/Content/couch_particles/elec/elec_subUV.uasset" 190
"D:/humanstuffFinal/MyProject3/Content/couch_particles/elec/smoke.uasset" 191
"D:/humanstuffFinal/MyProject3/Content/couch_particles/elec/smoke_mat.uasset" 192
"D:/humanstuffFinal/MyProject3/Content/couch_particles/elec/elec_particle.uasset" 193
"D:/humanstuffFinal/MyProject3/Content/Geometry/Meshes/1M_Cube_Chamfer.uasset" 194
"D:/humanstuffFinal/MyProject3/Content/Geometry/Objects/initialShadingGroup.uasset" 195
"D:/humanstuffFinal/MyProject3/Content/Geometry/Objects/lambert2SG.uasset" 196
"D:/humanstuffFinal/MyProject3/Content/Geometry/Objects/hs_conveyor_convey_LOD_0.uasset" 197
"D:/humanstuffFinal/MyProject3/Content/Geometry/Objects/convey.uasset" 198
"D:/humanstuffFinal/MyProject3/Content/Geometry/Objects/lambert5SG.uasset" 199
"D:/humanstuffFinal/MyProject3/Content/Geometry/Objects/conveyorFix.uasset" 200
"D:/humanstuffFinal/MyProject3/Content/Textures/conveyorBody_color.uasset" 201
"D:/humanstuffFinal/MyProject3/Content/Textures/conveyTexture.uasset" 202
"D:/humanstuffFinal/MyProject3/Content/Materials/conveyor.uasset" 203
"D:/humanstuffFinal/MyProject3/Content/Geometry/Objects/hs_conveyor_convey_LOD_1.uasset" 204
"D:/humanstuffFinal/MyProject3/Content/Geometry/Objects/lambert1.uasset" 205
"D:/humanstuffFinal/MyProject3/Content/Geometry/Objects/lambert3SG.uasset" 206
"D:/humanstuffFinal/MyProject3/Content/Geometry/Objects/pCube12Mat.uasset" 207
"D:/humanstuffFinal/MyProject3/Content/Geometry/Objects/pCube1Mat.uasset" 208
"D:/humanstuffFinal/MyProject3/Content/Geometry/Objects/pCube6Mat.uasset" 209
"D:/humanstuffFinal/MyProject3/Content/Geometry/Objects/pCube8Mat.uasset" 210
"D:/humanstuffFinal/MyProject3/Content/Geometry/Objects/pCylinder8Mat.uasset" 211
"D:/humanstuffFinal/MyProject3/Content/Geometry/Objects/polySurface10Mat.uasset" 212
"D:/humanstuffFinal/MyProject3/Content/Geometry/Objects/pPlane7Mat.uasset" 213
"D:/humanstuffFinal/MyProject3/Content/Geometry/Objects/pSphere1Mat.uasset" 214
"D:/humanstuffFinal/MyProject3/Content/Jpeg/CubeCopySpawner.uasset" 215
"D:/humanstuffFinal/MyProject3/Content/Materials/Cart1.uasset" 216
"D:/humanstuffFinal/MyProject3/Content/Materials/Cart3.uasset" 217
"D:/humanstuffFinal/MyProject3/Content/Materials/conveyTexture.uasset" 218
"D:/humanstuffFinal/MyProject3/Content/Materials/conveyTexture_Mat1.uasset" 219
"D:/humanstuffFinal/MyProject3/Content/Materials/slideDoor_Right.uasset" 220
"../../../Engine/Content/Functions/Engine_MaterialFunctions02/Utility/BreakOutFloat3Components.uasset" 221
"../../../Engine/Content/Functions/Engine_MaterialFunctions02/Utility/MakeFloat3.uasset" 222
"../../../Engine/Content/Functions/Engine_MaterialFunctions02/Utility/Sign.uasset" 223
"../../../Engine/Content/Functions/Engine_MaterialFunctions02/Utility/Round.uasset" 224
"../../../Engine/Content/Functions/Engine_MaterialFunctions02/Utility/VectorLength.uasset" 225
"../../../Engine/Content/Functions/Engine_MaterialFunctions02/WorldPositionOffset/ObjectScale.uasset" 226
"D:/humanstuffFinal/MyProject3/Content/SuperGrid/StarterPack/Materials/Functions/Basic/BreakSet.uasset" 227
"D:/humanstuffFinal/MyProject3/Content/SuperGrid/StarterPack/Materials/Functions/Basic/MakeSet.uasset" 228
"D:/humanstuffFinal/MyProject3/Content/SuperGrid/StarterPack/Materials/Functions/Basic/Roughness.uasset" 229
"D:/humanstuffFinal/MyProject3/Content/SuperGrid/StarterPack/Materials/Functions/Texture/Dye_SingleColor.uasset" 230
"D:/humanstuffFinal/MyProject3/Content/SuperGrid/StarterPack/Source/Textures/T_BasicGrid_M.uasset" 231
"D:/humanstuffFinal/MyProject3/Content/SuperGrid/StarterPack/Materials/Functions/Texture/Tex_SimpleGrid.uasset" 232
"D:/humanstuffFinal/MyProject3/Content/SuperGrid/StarterPack/Materials/Functions/UV/UV_ObjectScalable.uasset" 233
"D:/humanstuffFinal/MyProject3/Content/SuperGrid/StarterPack/Materials/Functions/UV/UV_SetupGrid.uasset" 234
"D:/humanstuffFinal/MyProject3/Content/SuperGrid/StarterPack/Source/Textures/T_BasicGrid_N.uasset" 235
"D:/humanstuffFinal/MyProject3/Content/SuperGrid/StarterPack/Materials/Base/M_SuperGrid_SingleColor.uasset" 236
"D:/humanstuffFinal/MyProject3/Content/SuperGrid/StarterPack/Materials/Palette/Grids/M_SuperGrid_Default.uasset" 237
"D:/humanstuffFinal/MyProject3/Content/Meshes/gb_checkoutNumber.uasset" 238
"D:/humanstuffFinal/MyProject3/Content/Meshes/gb_conveyor.uasset" 239
"D:/humanstuffFinal/MyProject3/Content/Meshes/gb_Scanner.uasset" 240
"D:/humanstuffFinal/MyProject3/Content/Textures/hs_crab.uasset" 241
"D:/humanstuffFinal/MyProject3/Content/Materials/hs_crab_Mat.uasset" 242
"D:/humanstuffFinal/MyProject3/Content/Textures/hs_cakeTexture.uasset" 243
"D:/humanstuffFinal/MyProject3/Content/Materials/mat_cake.uasset" 244
"D:/humanstuffFinal/MyProject3/Content/Textures/shelf_color.uasset" 245
"D:/humanstuffFinal/MyProject3/Content/Materials/shelf.uasset" 246
"D:/humanstuffFinal/MyProject3/Content/Meshes/Shelves.uasset" 247
"D:/humanstuffFinal/MyProject3/Content/StarterContent/Architecture/Pillar_50x500.uasset" 248
"D:/humanstuffFinal/MyProject3/Content/StarterContent/Architecture/Wall_400x300.uasset" 249
"D:/humanstuffFinal/MyProject3/Content/StarterContent/Architecture/Wall_400x400.uasset" 250
"D:/humanstuffFinal/MyProject3/Content/StarterContent/Architecture/Wall_500x500.uasset" 251
"D:/humanstuffFinal/MyProject3/Content/StarterContent/Architecture/Wall_Door_400x400.uasset" 252
"D:/humanstuffFinal/MyProject3/Content/StarterContent/Architecture/Wall_Window_400x400.uasset" 253
"D:/humanstuffFinal/MyProject3/Content/StarterContent/Audio/Collapse01.uasset" 254
"D:/humanstuffFinal/MyProject3/Content/StarterContent/Audio/Collapse02.uasset" 255
"D:/humanstuffFinal/MyProject3/Content/StarterContent/Audio/Explosion01.uasset" 256
"D:/humanstuffFinal/MyProject3/Content/StarterContent/Audio/Explosion02.uasset" 257
"D:/humanstuffFinal/MyProject3/Content/StarterContent/Audio/Fire01.uasset" 258
"D:/humanstuffFinal/MyProject3/Content/StarterContent/Audio/Fire_Sparks01.uasset" 259
"D:/humanstuffFinal/MyProject3/Content/StarterContent/Audio/Light01.uasset" 260
"D:/humanstuffFinal/MyProject3/Content/StarterContent/Audio/Light01_Cue.uasset" 261
"D:/humanstuffFinal/MyProject3/Content/StarterContent/Audio/Light02.uasset" 262
"D:/humanstuffFinal/MyProject3/Content/StarterContent/Audio/Light02_Cue.uasset" 263
"D:/humanstuffFinal/MyProject3/Content/StarterContent/Audio/Smoke01.uasset" 264
"D:/humanstuffFinal/MyProject3/Content/StarterContent/Audio/Starter_Music01.uasset" 265
"D:/humanstuffFinal/MyProject3/Content/StarterContent/Audio/Steam01.uasset" 266
"D:/humanstuffFinal/MyProject3/Content/StarterContent/Audio/Explosion_Cue.uasset" 267
"D:/humanstuffFinal/MyProject3/Content/StarterContent/Blueprints/Blueprint_Effect_Explosion.uasset" 268
"D:/humanstuffFinal/MyProject3/Content/StarterContent/Maps/Minimal_Default_BuiltData_2.uasset" 269
"../../../Engine/Content/EditorMeshes/ColorCalibrator/T_ColorGrid.uasset" 270
"D:/humanstuffFinal/MyProject3/Content/StarterContent/Materials/M_ColorGrid_LowSpec.uasset" 271
"D:/humanstuffFinal/MyProject3/Content/StarterContent/Textures/T_Bush_D.uasset" 272
"D:/humanstuffFinal/MyProject3/Content/StarterContent/Textures/T_Bush_N.uasset" 273
"D:/humanstuffFinal/MyProject3/Content/StarterContent/Props/Materials/M_Bush.uasset" 274
"D:/humanstuffFinal/MyProject3/Content/StarterContent/Props/SM_Bush.uasset" 275
"D:/humanstuffFinal/MyProject3/Content/StarterContent/Textures/T_Chair_M.uasset" 276
"D:/humanstuffFinal/MyProject3/Content/StarterContent/Textures/T_Chair_N.uasset" 277
"D:/humanstuffFinal/MyProject3/Content/StarterContent/Props/Materials/M_Chair.uasset" 278
"D:/humanstuffFinal/MyProject3/Content/StarterContent/Props/SM_Couch.uasset" 279
"D:/humanstuffFinal/MyProject3/Content/StarterContent/Materials/M_Glass.uasset" 280
"D:/humanstuffFinal/MyProject3/Content/StarterContent/Textures/T_Door_M.uasset" 281
"D:/humanstuffFinal/MyProject3/Content/StarterContent/Textures/T_Door_N.uasset" 282
"D:/humanstuffFinal/MyProject3/Content/StarterContent/Props/Materials/M_Door.uasset" 283
"D:/humanstuffFinal/MyProject3/Content/StarterContent/Props/SM_Door.uasset" 284
"D:/humanstuffFinal/MyProject3/Content/StarterContent/Props/Materials/M_MaterialSphere.uasset" 285
"D:/humanstuffFinal/MyProject3/Content/StarterContent/Props/Materials/M_MaterialSphere_Plain.uasset" 286
"D:/humanstuffFinal/MyProject3/Content/StarterContent/Props/SM_MatPreviewMesh_02.uasset" 287
"../../../Engine/Content/Functions/Engine_MaterialFunctions02/Utility/BlendAngleCorrectedNormals.uasset" 288
"D:/humanstuffFinal/MyProject3/Content/StarterContent/Textures/T_Detail_Rocky_N.uasset" 289
"D:/humanstuffFinal/MyProject3/Content/StarterContent/Textures/T_Rock_Basalt_D.uasset" 290
"D:/humanstuffFinal/MyProject3/Content/StarterContent/Textures/T_RockMesh_M.uasset" 291
"D:/humanstuffFinal/MyProject3/Content/StarterContent/Props/Materials/M_Rock.uasset" 292
"D:/humanstuffFinal/MyProject3/Content/StarterContent/Props/SM_Rock.uasset" 293
"D:/humanstuffFinal/MyProject3/Content/StarterContent/Textures/T_Shelf_M.uasset" 294
"D:/humanstuffFinal/MyProject3/Content/StarterContent/Textures/T_Shelf_N.uasset" 295
"D:/humanstuffFinal/MyProject3/Content/StarterContent/Props/Materials/M_Shelf.uasset" 296
"D:/humanstuffFinal/MyProject3/Content/StarterContent/Props/SM_Shelf.uasset" 297
"D:/humanstuffFinal/MyProject3/Content/StarterContent/Materials/M_Basic_Floor.uasset" 298
"D:/humanstuffFinal/MyProject3/Content/StarterContent/Props/SM_Stairs.uasset" 299
"D:/humanstuffFinal/MyProject3/Content/StarterContent/Shapes/Shape_Cone.uasset" 300
"D:/humanstuffFinal/MyProject3/Content/StarterContent/Shapes/Shape_Cylinder.uasset" 301
"D:/humanstuffFinal/MyProject3/Content/StarterContent/Shapes/Shape_NarrowCapsule.uasset" 302
"D:/humanstuffFinal/MyProject3/Content/StarterContent/Shapes/Shape_Pipe.uasset" 303
"D:/humanstuffFinal/MyProject3/Content/StarterContent/Shapes/Shape_Pipe_180.uasset" 304
"D:/humanstuffFinal/MyProject3/Content/StarterContent/Shapes/Shape_Pipe_90.uasset" 305
"D:/humanstuffFinal/MyProject3/Content/StarterContent/Shapes/Shape_Plane.uasset" 306
"D:/humanstuffFinal/MyProject3/Content/StarterContent/Shapes/Shape_Torus.uasset" 307
"D:/humanstuffFinal/MyProject3/Content/StarterContent/Shapes/Shape_Trim.uasset" 308
"D:/humanstuffFinal/MyProject3/Content/StarterContent/Shapes/Shape_Trim_90_In.uasset" 309
"D:/humanstuffFinal/MyProject3/Content/StarterContent/Shapes/Shape_Trim_90_Out.uasset" 310
"D:/humanstuffFinal/MyProject3/Content/StarterContent/Shapes/Shape_TriPyramid.uasset" 311
"D:/humanstuffFinal/MyProject3/Content/StarterContent/Shapes/Shape_Tube.uasset" 312
"D:/humanstuffFinal/MyProject3/Content/StarterContent/Shapes/Shape_Wedge_A.uasset" 313
"D:/humanstuffFinal/MyProject3/Content/StarterContent/Shapes/Shape_Wedge_B.uasset" 314
"D:/humanstuffFinal/MyProject3/Content/StarterContent/Shapes/Shape_WideCapsule.uasset" 315
"D:/humanstuffFinal/MyProject3/Content/SuperGrid/StarterPack/Materials/Functions/Texture/Dye_MultiColor.uasset" 316
"D:/humanstuffFinal/MyProject3/Content/SuperGrid/StarterPack/Materials/Base/M_Tutorial.uasset" 317
"D:/humanstuffFinal/MyProject3/Content/SuperGrid/StarterPack/Materials/Functions/Texture/Dye_4ColorBasic.uasset" 318
"D:/humanstuffFinal/MyProject3/Content/SuperGrid/StarterPack/Materials/Functions/UV/UV_WorldScalable.uasset" 319
"D:/humanstuffFinal/MyProject3/Content/SuperGrid/StarterPack/Source/Textures/T_ConcreteWall_M.uasset" 320
"D:/humanstuffFinal/MyProject3/Content/SuperGrid/StarterPack/Source/Textures/T_ConcreteWall_N.uasset" 321
"D:/humanstuffFinal/MyProject3/Content/SuperGrid/StarterPack/Source/Textures/T_ConcreteWall_R.uasset" 322
"D:/humanstuffFinal/MyProject3/Content/SuperGrid/StarterPack/Materials/Base/M_SuperGrid_Architectural.uasset" 323
"D:/humanstuffFinal/MyProject3/Content/SuperGrid/StarterPack/Materials/Palette/Advanced/M_SuperGrid_Architectural_Black.uasset" 324
"D:/humanstuffFinal/MyProject3/Content/SuperGrid/StarterPack/Materials/Functions/Basic/Layout_LocalSides.uasset" 325
"D:/humanstuffFinal/MyProject3/Content/SuperGrid/StarterPack/Materials/Functions/Basic/Layout_WorldSides.uasset" 326
"D:/humanstuffFinal/MyProject3/Content/SuperGrid/StarterPack/Materials/Base/M_SuperGrid_Orientation.uasset" 327
"D:/humanstuffFinal/MyProject3/Content/SuperGrid/StarterPack/Materials/Palette/Advanced/M_SuperGrid_Auto.uasset" 328
"D:/humanstuffFinal/MyProject3/Content/SuperGrid/StarterPack/Materials/Functions/UV/UV_CustomTexture.uasset" 329
"D:/humanstuffFinal/MyProject3/Content/SuperGrid/StarterPack/Source/Textures/T_Hexagon_N.uasset" 330
"D:/humanstuffFinal/MyProject3/Content/SuperGrid/StarterPack/Source/Textures/T_HexagonRandom.uasset" 331
"D:/humanstuffFinal/MyProject3/Content/SuperGrid/StarterPack/Tutorial/Utility/Misc/PhysMat_Plastic.uasset" 332
"D:/humanstuffFinal/MyProject3/Content/SuperGrid/StarterPack/Materials/Base/M_SuperGrid_Hexagon.uasset" 333
"D:/humanstuffFinal/MyProject3/Content/SuperGrid/StarterPack/Materials/Palette/Advanced/M_SuperGrid_HexagonOrange.uasset" 334
"D:/humanstuffFinal/MyProject3/Content/SuperGrid/StarterPack/Materials/Palette/Advanced/M_SuperGrid_HexagonOrangeC.uasset" 335
"D:/humanstuffFinal/MyProject3/Content/SuperGrid/StarterPack/Materials/Palette/Advanced/M_SuperGrid_HexagonRed.uasset" 336
"D:/humanstuffFinal/MyProject3/Content/SuperGrid/StarterPack/Source/Textures/T_CustomMetal_M.uasset" 337
"D:/humanstuffFinal/MyProject3/Content/SuperGrid/StarterPack/Source/Textures/T_CustomMetal_N.uasset" 338
"D:/humanstuffFinal/MyProject3/Content/SuperGrid/StarterPack/Tutorial/Utility/Misc/PhysMat_Metal.uasset" 339
"D:/humanstuffFinal/MyProject3/Content/SuperGrid/StarterPack/Materials/Base/M_SuperGrid_MetalCustom.uasset" 340
"D:/humanstuffFinal/MyProject3/Content/SuperGrid/StarterPack/Materials/Palette/Advanced/M_SuperGrid_MetalBar_Dark.uasset" 341
"D:/humanstuffFinal/MyProject3/Content/SuperGrid/StarterPack/Materials/Palette/Advanced/M_SuperGrid_MetalBar_White.uasset" 342
"D:/humanstuffFinal/MyProject3/Content/SuperGrid/StarterPack/Source/Textures/T_ModernGrid_M.uasset" 343
"D:/humanstuffFinal/MyProject3/Content/SuperGrid/StarterPack/Source/Textures/T_ModernGrid_N.uasset" 344
"D:/humanstuffFinal/MyProject3/Content/SuperGrid/StarterPack/Materials/Base/M_SuperGrid_Modern.uasset" 345
"D:/humanstuffFinal/MyProject3/Content/SuperGrid/StarterPack/Materials/Palette/Advanced/M_SuperGrid_ModernDark.uasset" 346
"D:/humanstuffFinal/MyProject3/Content/SuperGrid/StarterPack/Materials/Palette/Advanced/M_SuperGrid_ModernLight.uasset" 347
"D:/humanstuffFinal/MyProject3/Content/SuperGrid/StarterPack/Materials/Palette/Advanced/M_SuperGrid_ModernNeutral.uasset" 348
"D:/humanstuffFinal/MyProject3/Content/SuperGrid/StarterPack/Source/Textures/T_Panels_M.uasset" 349
"D:/humanstuffFinal/MyProject3/Content/SuperGrid/StarterPack/Source/Textures/T_Panels_N.uasset" 350
"D:/humanstuffFinal/MyProject3/Content/SuperGrid/StarterPack/Materials/Base/M_SuperGrid_PanelCustom.uasset" 351
"D:/humanstuffFinal/MyProject3/Content/SuperGrid/StarterPack/Materials/Palette/Advanced/M_SuperGrid_PanelDark.uasset" 352
"D:/humanstuffFinal/MyProject3/Content/SuperGrid/StarterPack/Materials/Palette/Advanced/M_SuperGrid_PanelRed.uasset" 353
"D:/humanstuffFinal/MyProject3/Content/SuperGrid/StarterPack/Materials/Palette/Advanced/M_SuperGrid_PanelWhite.uasset" 354
"../../../Engine/Content/Functions/Engine_MaterialFunctions02/Utility/LinearSine.uasset" 355
"D:/humanstuffFinal/MyProject3/Content/SuperGrid/StarterPack/Source/Textures/T_DotGrid_M.uasset" 356
"D:/humanstuffFinal/MyProject3/Content/SuperGrid/StarterPack/Source/Textures/T_DotGrid_N.uasset" 357
"D:/humanstuffFinal/MyProject3/Content/SuperGrid/StarterPack/Materials/Base/M_SuperGrid_Glowing_MultiColor.uasset" 358
"D:/humanstuffFinal/MyProject3/Content/SuperGrid/StarterPack/Source/Textures/T_StoneGrid_M.uasset" 359
"D:/humanstuffFinal/MyProject3/Content/SuperGrid/StarterPack/Source/Textures/T_StoneGrid_N.uasset" 360
"D:/humanstuffFinal/MyProject3/Content/SuperGrid/StarterPack/Materials/Palette/Basic/M_SuperGrid_GlowingLava.uasset" 361
"D:/humanstuffFinal/MyProject3/Content/SuperGrid/StarterPack/Materials/Palette/Basic/M_SuperGrid_MetalDark.uasset" 362
"D:/humanstuffFinal/MyProject3/Content/SuperGrid/StarterPack/Materials/Palette/Basic/M_SuperGrid_MetalDark3.uasset" 363
"D:/humanstuffFinal/MyProject3/Content/SuperGrid/StarterPack/Materials/Palette/Basic/M_SuperGrid_MetalLight.uasset" 364
"D:/humanstuffFinal/MyProject3/Content/SuperGrid/StarterPack/Materials/Palette/Basic/M_SuperGrid_Soil.uasset" 365
"D:/humanstuffFinal/MyProject3/Content/SuperGrid/StarterPack/Materials/Palette/Basic/M_SuperGrid_Stone.uasset" 366
"D:/humanstuffFinal/MyProject3/Content/SuperGrid/StarterPack/Materials/Palette/Grids/M_SuperGrid_BlackSheet.uasset" 367
"D:/humanstuffFinal/MyProject3/Content/SuperGrid/StarterPack/Materials/Palette/Grids/M_SuperGrid_Chess.uasset" 368
"D:/humanstuffFinal/MyProject3/Content/SuperGrid/StarterPack/Materials/Base/M_SuperGrid_MultiColor.uasset" 369
"D:/humanstuffFinal/MyProject3/Content/SuperGrid/StarterPack/Materials/Palette/Grids/M_SuperGrid_DangerZone.uasset" 370
"D:/humanstuffFinal/MyProject3/Content/SuperGrid/StarterPack/Materials/Palette/Grids/M_SuperGrid_DefaultBlack.uasset" 371
"D:/humanstuffFinal/MyProject3/Content/SuperGrid/StarterPack/Materials/Palette/Grids/M_SuperGrid_DoubleColor.uasset" 372
"D:/humanstuffFinal/MyProject3/Content/SuperGrid/StarterPack/Materials/Palette/Grids/M_SuperGrid_White.uasset" 373
"../../../Engine/Content/Functions/Engine_MaterialFunctions02/Utility/Sine_Remapped.uasset" 374
"D:/humanstuffFinal/MyProject3/Content/SuperGrid/StarterPack/Materials/Functions/UV/UV_CustomPanner.uasset" 375
"D:/humanstuffFinal/MyProject3/Content/SuperGrid/StarterPack/Source/Textures/T_Distortion_N.uasset" 376
"D:/humanstuffFinal/MyProject3/Content/SuperGrid/StarterPack/Materials/Base/M_SuperGrid_HoloRefract.uasset" 377
"D:/humanstuffFinal/MyProject3/Content/SuperGrid/StarterPack/Materials/Palette/Holographic/M_SuperGrid_HoloRefract_Cyan.uasset" 378
"D:/humanstuffFinal/MyProject3/Content/SuperGrid/StarterPack/Materials/Base/M_SuperGrid_Holographic.uasset" 379
"D:/humanstuffFinal/MyProject3/Content/SuperGrid/StarterPack/Materials/Palette/Holographic/M_SuperGrid_Holo_Color.uasset" 380
"D:/humanstuffFinal/MyProject3/Content/SuperGrid/StarterPack/Materials/Palette/Holographic/M_SuperGrid_Holo_Mono.uasset" 381
"D:/humanstuffFinal/MyProject3/Content/SuperGrid/StarterPack/Source/Textures/Templates/T_TemplateGrid.uasset" 382
"D:/humanstuffFinal/MyProject3/Content/SuperGrid/StarterPack/Source/Textures/Templates/T_TemplateHuman.uasset" 383
"D:/humanstuffFinal/MyProject3/Content/SuperGrid/StarterPack/Materials/Base/M_SuperGrid_Template.uasset" 384
"D:/humanstuffFinal/MyProject3/Content/SuperGrid/StarterPack/Source/Textures/Templates/T_TemplateBarrel.uasset" 385
"D:/humanstuffFinal/MyProject3/Content/SuperGrid/StarterPack/Materials/Palette/Templates/M_SuperGrid_Barrel.uasset" 386
"D:/humanstuffFinal/MyProject3/Content/SuperGrid/StarterPack/Source/Textures/Templates/T_TemplateLlama.uasset" 387
"D:/humanstuffFinal/MyProject3/Content/SuperGrid/StarterPack/Materials/Palette/Templates/M_SuperGrid_Llama.uasset" 388
"D:/humanstuffFinal/MyProject3/Content/SuperGrid/StarterPack/Materials/Palette/Templates/M_SuperGrid_Te_Human.uasset" 389
"D:/humanstuffFinal/MyProject3/Content/SuperGrid/StarterPack/Source/Meshes/polySurface30Mat.uasset" 390
"D:/humanstuffFinal/MyProject3/Content/SuperGrid/StarterPack/Source/Meshes/Julie.uasset" 391
"D:/humanstuffFinal/MyProject3/Content/SuperGrid/StarterPack/Source/Meshes/SuperGrid_Arch1.uasset" 392
"D:/humanstuffFinal/MyProject3/Content/SuperGrid/StarterPack/Source/Meshes/SuperGrid_Arch2.uasset" 393
"D:/humanstuffFinal/MyProject3/Content/SuperGrid/StarterPack/Source/Meshes/SuperGrid_BoxHighRes.uasset" 394
"D:/humanstuffFinal/MyProject3/Content/SuperGrid/StarterPack/Source/Meshes/SuperGrid_Cone.uasset" 395
"D:/humanstuffFinal/MyProject3/Content/SuperGrid/StarterPack/Source/Meshes/SuperGrid_CornerInner.uasset" 396
"D:/humanstuffFinal/MyProject3/Content/SuperGrid/StarterPack/Source/Meshes/SuperGrid_CornerOuter.uasset" 397
"D:/humanstuffFinal/MyProject3/Content/SuperGrid/StarterPack/Source/Meshes/SuperGrid_CylinderBend.uasset" 398
"D:/humanstuffFinal/MyProject3/Content/SuperGrid/StarterPack/Source/Meshes/SuperGrid_CylinderFull.uasset" 399
"D:/humanstuffFinal/MyProject3/Content/SuperGrid/StarterPack/Source/Meshes/SuperGrid_CylinderHalf.uasset" 400
"D:/humanstuffFinal/MyProject3/Content/SuperGrid/StarterPack/Source/Meshes/SuperGrid_CylinderQuarter.uasset" 401
"D:/humanstuffFinal/MyProject3/Content/SuperGrid/StarterPack/Source/Meshes/SuperGrid_Hexagon.uasset" 402
"D:/humanstuffFinal/MyProject3/Content/SuperGrid/StarterPack/Source/Meshes/SuperGrid_Plane.uasset" 403
"D:/humanstuffFinal/MyProject3/Content/SuperGrid/StarterPack/Source/Meshes/SuperGrid_Pyramide.uasset" 404
"D:/humanstuffFinal/MyProject3/Content/SuperGrid/StarterPack/Source/Textures/T_BasicGridW_M.uasset" 405
"D:/humanstuffFinal/MyProject3/Content/SuperGrid/StarterPack/Materials/Palette/Grids/M_SuperGrid_Walkable.uasset" 406
"D:/humanstuffFinal/MyProject3/Content/SuperGrid/StarterPack/Source/Meshes/SuperGrid_Ramp.uasset" 407
"D:/humanstuffFinal/MyProject3/Content/SuperGrid/StarterPack/Source/Meshes/SuperGrid_RingFull.uasset" 408
"D:/humanstuffFinal/MyProject3/Content/SuperGrid/StarterPack/Source/Meshes/SuperGrid_RingPiece.uasset" 409
"D:/humanstuffFinal/MyProject3/Content/SuperGrid/StarterPack/Source/Meshes/SuperGrid_RingQuarter.uasset" 410
"D:/humanstuffFinal/MyProject3/Content/SuperGrid/StarterPack/Source/Meshes/SuperGrid_SlantedBox22.uasset" 411
"D:/humanstuffFinal/MyProject3/Content/SuperGrid/StarterPack/Source/Meshes/SuperGrid_SlantedBox35.uasset" 412
"D:/humanstuffFinal/MyProject3/Content/SuperGrid/StarterPack/Source/Meshes/SuperGrid_SlantedBox45.uasset" 413
"D:/humanstuffFinal/MyProject3/Content/SuperGrid/StarterPack/Source/Meshes/SuperGrid_Slope.uasset" 414
"D:/humanstuffFinal/MyProject3/Content/SuperGrid/StarterPack/Source/Meshes/SuperGrid_Stairs.uasset" 415
"D:/humanstuffFinal/MyProject3/Content/SuperGrid/StarterPack/Source/Textures/T_Hexagon_M.uasset" 416
"D:/humanstuffFinal/MyProject3/Content/SuperGrid/StarterPack/Source/Textures/Templates/T_SGGroup.uasset" 417
"D:/humanstuffFinal/MyProject3/Content/SuperGrid/StarterPack/Source/Textures/Templates/T_SGLogo.uasset" 418
"D:/humanstuffFinal/MyProject3/Content/Textures/hs_milkCoolPoster.uasset" 419
"D:/humanstuffFinal/MyProject3/Content/Textures/hs_milkCoolPoster_Mat.uasset" 420
"D:/humanstuffFinal/MyProject3/Content/Textures/hs_slideDoor_Height.uasset" 421
"D:/humanstuffFinal/MyProject3/Content/Textures/slugHead_Height.uasset" 422
"D:/humanstuffFinal/MyProject3/Content/Textures/slugHead_Normal.uasset" 423
"D:/humanstuffFinal/MyProject3/Content/UI/hs_ui_start.uasset" 424
"D:/humanstuffFinal/MyProject3/Content/UI/Qhs_ui_quit.uasset" 425
"D:/humanstuffFinal/MyProject3/Content/UI/MAin.uasset" 426
"D:/humanstuffFinal/MyProject3/Content/UI/PauseMneu.uasset" 427
"D:/humanstuffFinal/MyProject3/Content/VirtualRealityBP/Blueprints/BI_InteractableActor.uasset" 428
"D:/humanstuffFinal/MyProject3/Content/VirtualRealityBP/Blueprints/HMDLocomotionPawn.uasset" 429
"../../../Engine/Content/ArtTools/RenderToTexture/Meshes/S_1_Unit_Plane.uasset" 430
"../../../Engine/Content/BasicShapes/Cone.uasset" 431
"../../../Engine/Content/EditorLandscapeResources/DataLayer.uasset" 432
"../../../Engine/Content/EditorMaterials/GizmoMaterial.uasset" 433
"../../../Engine/Content/EditorMaterials/MAT_Groups_Toggle.uasset" 434
"../../../Engine/Content/EditorMaterials/MAT_Groups_Visibility.uasset" 435
"../../../Engine/Content/EditorMaterials/PreviewShadowIndicator.uasset" 436
"../../../Engine/Content/EditorMaterials/PreviewShadowIndicatorMaterial.uasset" 437
"../../../Engine/Content/EditorMaterials/MatineeGroups/MAT_ColorTrack.uasset" 438
"../../../Engine/Content/EditorMaterials/MatineeGroups/MAT_Groups_Anim.uasset" 439
"../../../Engine/Content/EditorMaterials/MatineeGroups/MAT_Groups_AudioMaster.uasset" 440
"../../../Engine/Content/EditorMaterials/MatineeGroups/MAT_Groups_Director.uasset" 441
"../../../Engine/Content/EditorMaterials/MatineeGroups/MAT_Groups_Event.uasset" 442
"../../../Engine/Content/EditorMaterials/MatineeGroups/MAT_Groups_Fade.uasset" 443
"../../../Engine/Content/EditorMaterials/MatineeGroups/MAT_Groups_Float.uasset" 444
"../../../Engine/Content/EditorMaterials/MatineeGroups/MAT_Groups_Move.uasset" 445
"../../../Engine/Content/EditorMaterials/MatineeGroups/MAT_Groups_Slomo.uasset" 446
"../../../Engine/Content/EditorMaterials/MatineeGroups/MAT_Groups_Sound.uasset" 447
"../../../Engine/Content/EditorMaterials/MatineeGroups/MAT_Groups_Vector.uasset" 448
"../../../Engine/Content/EditorMaterials/ParticleSystems/PSysThumbnail_NoImage.uasset" 449
"../../../Engine/Content/EditorMaterials/ParticleSystems/PSysThumbnail_OOD.uasset" 450
"../../../Engine/Content/EditorMaterials/Camera/CineMat.uasset" 451
"../../../Engine/Content/EditorMaterials/Camera/MI_CineMat_Rig.uasset" 452
"../../../Engine/Content/EditorMeshes/Camera/SM_CraneRig_Arm.uasset" 453
"../../../Engine/Content/EditorMeshes/Camera/SM_CraneRig_Base.uasset" 454
"../../../Engine/Content/EditorMeshes/Camera/SM_CraneRig_Body.uasset" 455
"../../../Engine/Content/EditorMeshes/Camera/SM_CraneRig_Mount.uasset" 456
"../../../Engine/Content/EditorMeshes/Camera/SM_RailRig_Mount.uasset" 457
"../../../Engine/Content/EditorMeshes/Camera/SM_RailRig_Track.uasset" 458
"../../../Engine/Content/EditorResources/BSPVertex.uasset" 459
"../../../Engine/Content/EditorResources/EmptyActor.uasset" 460
"../../../Engine/Content/EditorResources/S_Actor.uasset" 461
"../../../Engine/Content/EditorResources/S_Trigger.uasset" 462
"../../../Engine/Content/EditorResources/AudioIcons/S_AudioComponent.uasset" 463
"../../../Engine/Content/EditorResources/AudioIcons/S_AudioComponent_AutoActivate.uasset" 464
"../../../Engine/Content/EditorResources/LightIcons/S_LightError.uasset" 465
"../../../Engine/Content/EditorResources/SequenceRecorder/Countdown.uasset" 466
"../../../Engine/Content/EditorResources/SequenceRecorder/RecordingIndicator.uasset" 467
"../../../Engine/Content/EditorSounds/Notifications/CompileFailed.uasset" 468
"../../../Engine/Content/EditorSounds/Notifications/CompileFailed_Cue.uasset" 469
"../../../Engine/Content/EditorSounds/Notifications/CompileSuccess.uasset" 470
"../../../Engine/Content/EditorSounds/Notifications/CompileStart_Cue.uasset" 471
"../../../Engine/Content/EditorSounds/Notifications/CompileSuccess_Cue.uasset" 472
"../../../Engine/Content/EngineDamageTypes/DmgTypeBP_Environmental.uasset" 473
"../../../Engine/Content/EngineDebugMaterials/HeatmapGradient.uasset" 474
"../../../Engine/Content/EngineDebugMaterials/BoneWeightMaterial.uasset" 475
"../../../Engine/Content/EngineDebugMaterials/ClothMaterial.uasset" 476
"../../../Engine/Content/EngineDebugMaterials/ClothMaterial_WF.uasset" 477
"../../../Engine/Content/EngineDebugMaterials/DebugEditorMaterial.uasset" 478
"../../../Engine/Content/EngineDebugMaterials/DebugMeshMaterial.uasset" 479
"../../../Engine/Content/EngineDebugMaterials/GeomMaterial.uasset" 480
"../../../Engine/Content/EngineDebugMaterials/M_SimpleTranslucent.uasset" 481
"../../../Engine/Content/EngineFonts/Faces/RobotoBold.uasset" 482
"../../../Engine/Content/EngineFonts/Faces/RobotoBoldItalic.uasset" 483
"../../../Engine/Content/EngineFonts/Faces/RobotoItalic.uasset" 484
"../../../Engine/Content/EngineFonts/Faces/RobotoLight.uasset" 485
"../../../Engine/Content/EngineFonts/Faces/RobotoRegular.uasset" 486
"../../../Engine/Content/EngineFonts/Roboto.uasset" 487
"../../../Engine/Content/EngineFonts/Faces/RobotoTiny.uasset" 488
"../../../Engine/Content/EngineFonts/RobotoTiny.uasset" 489
"../../../Engine/Content/EngineMaterials/BaseFlattenDiffuseMap.uasset" 490
"../../../Engine/Content/EngineMaterials/BaseFlattenEmissiveMap.uasset" 491
"../../../Engine/Content/EngineMaterials/BaseFlattenGrayscaleMap.uasset" 492
"../../../Engine/Content/EngineMaterials/BaseFlattenNormalMap.uasset" 493
"../../../Engine/Content/EngineMaterials/BaseFlattenMaterial.uasset" 494
"../../../Engine/Content/EngineMaterials/DefaultBloomKernel.uasset" 495
"../../../Engine/Content/EngineMaterials/DefaultBokeh.uasset" 496
"../../../Engine/Content/EngineMaterials/DefaultDiffuse.uasset" 497
"../../../Engine/Content/EngineMaterials/DefaultDeferredDecalMaterial.uasset" 498
"../../../Engine/Content/EngineMaterials/DefaultLightFunctionMaterial.uasset" 499
"../../../Engine/Content/EngineMaterials/DefaultPostProcessMaterial.uasset" 500
"../../../Engine/Content/EngineFonts/RobotoDistanceField.uasset" 501
"../../../Engine/Content/EngineMaterials/DefaultTextMaterialOpaque.uasset" 502
"../../../Engine/Content/EngineMaterials/DefaultWhiteGrid.uasset" 503
"../../../Engine/Content/EngineMaterials/EditorBrushMaterial.uasset" 504
"../../../Engine/Content/EngineMaterials/MiniFont.uasset" 505
"../../../Engine/Content/EngineMaterials/InvalidLightmapSettings.uasset" 506
"../../../Engine/Content/EngineMaterials/M_InvalidLightmapSettings.uasset" 507
"../../../Engine/Content/Functions/Engine_MaterialFunctions02/WorldPositionOffset/CameraOffset.uasset" 508
"../../../Engine/Content/EngineMaterials/PhAT_JointLimitMaterial.uasset" 509
"../../../Engine/Content/EngineMaterials/PreintegratedSkinBRDF.uasset" 510
"../../../Engine/Content/EngineMaterials/RemoveSurfaceMaterial.uasset" 511
"../../../Engine/Content/EngineMaterials/WeightMapPlaceholderTexture.uasset" 512
"../../../Engine/Content/EngineResources/WhiteSquareTexture.uasset" 513
"../../../Engine/Content/EngineMaterials/Widget3DPassThrough.uasset" 514
"../../../Engine/Content/EngineMaterials/Widget3DPassThrough_Masked.uasset" 515
"../../../Engine/Content/EngineMaterials/Widget3DPassThrough_Opaque.uasset" 516
"../../../Engine/Content/EngineMaterials/Widget3DPassThrough_Masked_OneSided.uasset" 517
"../../../Engine/Content/EngineMaterials/Widget3DPassThrough_Opaque_OneSided.uasset" 518
"../../../Engine/Content/EngineMaterials/Widget3DPassThrough_Translucent.uasset" 519
"../../../Engine/Content/EngineMaterials/Widget3DPassThrough_Translucent_OneSided.uasset" 520
"../../../Engine/Content/EngineMeshes/Cylinder.uasset" 521
"../../../Engine/Content/EngineMeshes/Sphere.uasset" 522
"../../../Engine/Content/EngineResources/Black.uasset" 523
"../../../Engine/Content/EngineResources/DefaultTexture.uasset" 524
"../../../Engine/Content/EngineResources/DefaultTextureCube.uasset" 525
"../../../Engine/Content/EngineResources/DefaultVolumeTexture2D.uasset" 526
"../../../Engine/Content/EngineResources/DefaultVolumeTexture.uasset" 527
"../../../Engine/Content/EngineResources/GradientTexture0.uasset" 528
"../../../Engine/Content/EngineSounds/Master.uasset" 529
"../../../Engine/Content/Functions/Engine_MaterialFunctions01/Shading/ConvertFromDiffSpec.uasset" 530
"../../../Engine/Content/Functions/Engine_MaterialFunctions01/Shading/PowerToRoughness.uasset" 531
"../../../Engine/Content/Maps/Templates/Thumbnails/Default.uasset" 532
"../../../Engine/Content/Maps/Templates/Thumbnails/VR-Basic.uasset" 533
"../../../Engine/Content/MobileResources/T_MobileControls_texture.uasset" 534
"../../../Engine/Content/MobileResources/T_MobileMenu2.uasset" 535
"../../../Engine/Content/MobileResources/HUD/AnalogHat.uasset" 536
"../../../Engine/Content/MobileResources/HUD/VirtualJoystick_Background.uasset" 537
"../../../Engine/Content/MobileResources/HUD/VirtualJoystick_Thumb.uasset" 538
"../../../Engine/Content/MobileResources/HUD/DefaultVirtualJoysticks.uasset" 539
"../../../Engine/Content/MobileResources/HUD/LeftVirtualJoystickOnly.uasset" 540
"../../../Engine/Content/MobileResources/HUD/MobileHUDButton1_off.uasset" 541
"../../../Engine/Content/MobileResources/HUD/MobileHUDButton1_on.uasset" 542
"../../../Engine/Content/MobileResources/HUD/MobileHUDButton2_off.uasset" 543
"../../../Engine/Content/MobileResources/HUD/MobileHUDButton2_on.uasset" 544
"../../../Engine/Content/MobileResources/HUD/MobileHUDButton3.uasset" 545
"../../../Engine/Content/MobileResources/HUD/MobileHUDButtonFire.uasset" 546
"../../../Engine/Content/MobileResources/HUD/MobileHUDDirectionPad.uasset" 547
"../../../Engine/Content/MobileResources/HUD/MobileHUDDirectionPad2.uasset" 548
"../../../Engine/Content/MobileResources/HUD/MobileHUDDirectionPad3.uasset" 549
"../../../Engine/Content/MobileResources/HUD/MobileHUDDirectionStick.uasset" 550
"../../../Engine/Content/MobileResources/HUD/T_Castle_ThumbstickInner.uasset" 551
"../../../Engine/Content/MobileResources/HUD/T_Castle_ThumbstickOutter.uasset" 552
"../../../Engine/Content/Tutorial/ContentIntroCurve.uasset" 553
"../../../Engine/Content/VREditor/LaserPointer/VR_LaserPower_01.uasset" 554
"../../../Engine/Content/VREditor/TransformGizmo/TransformGizmoMaterial.uasset" 555
"../../../Engine/Content/VREditor/TransformGizmo/TranslucentTransformGizmoMaterial.uasset" 556
"../../../Engine/Content/VREditor/TransformGizmo/BoundingBoxCorner.uasset" 557
"../../../Engine/Content/VREditor/TransformGizmo/BoundingBoxEdge.uasset" 558
"../../../Engine/Content/VREditor/TransformGizmo/PlaneTranslationHandle.uasset" 559
"../../../Engine/Content/VREditor/TransformGizmo/Main.uasset" 560
"../../../Engine/Content/VREditor/TransformGizmo/Xray.uasset" 561
"../../../Engine/Content/VREditor/TransformGizmo/SM_Sequencer_Key.uasset" 562
"../../../Engine/Content/VREditor/TransformGizmo/SM_Sequencer_Node.uasset" 563
"../../Plugins/2D/Paper2D/Content/PlaceholderTextures/DummySpriteTexture.uasset" 564
"../../Plugins/2D/Paper2D/Content/DummySprite.uasset" 565
"../../Plugins/2D/Paper2D/Content/DefaultPaperTerrainMaterial.uasset" 566
"../../Plugins/2D/Paper2D/Content/DefaultSpriteMaterial.uasset" 567
"../../Plugins/2D/Paper2D/Content/MaskedUnlitSpriteMaterial.uasset" 568
"../../Plugins/2D/Paper2D/Content/OpaqueUnlitSpriteMaterial.uasset" 569
"../../Plugins/Runtime/Oculus/OculusVR/Content/Materials/PokeAHoleMaterial.uasset" 570
"../../Plugins/Runtime/Oculus/OculusVR/Content/Textures/GearVRController_AO.uasset" 571
"../../Plugins/Runtime/Oculus/OculusVR/Content/Textures/GearVRController_Color.uasset" 572
"../../Plugins/Runtime/Oculus/OculusVR/Content/Textures/GearVRController_Normal.uasset" 573
"../../Plugins/Runtime/Oculus/OculusVR/Content/Materials/GearVRControllerMaterial.uasset" 574
"../../Plugins/Runtime/Oculus/OculusVR/Content/Meshes/GearVrController.uasset" 575
"../../Plugins/Runtime/Oculus/OculusVR/Content/Textures/touchController_albedo.uasset" 576
"../../Plugins/Runtime/Oculus/OculusVR/Content/Textures/touchController_controlmap.uasset" 577
"../../Plugins/Runtime/Oculus/OculusVR/Content/Materials/touchController_mat.uasset" 578
"../../Plugins/Runtime/Oculus/OculusVR/Content/Meshes/LeftTouchController.uasset" 579
"../../Plugins/Runtime/Oculus/OculusVR/Content/Meshes/RiftHMD.uasset" 580
"../../Plugins/Runtime/Oculus/OculusVR/Content/Meshes/RightTouchController.uasset" 581
"D:/humanstuffFinal/MyProject3/Content/StarterContent/Blueprints/Assets/FogBrightnessLUT.uasset" 582
"D:/humanstuffFinal/MyProject3/Content/StarterContent/Blueprints/Assets/SunlightColorLUT.uasset" 583
"D:/humanstuffFinal/MyProject3/Content/StarterContent/Blueprints/Assets/M_LightStage_Arrows.uasset" 584
"../../../Engine/Content/MapTemplates/Sky/DaylightAmbientCubemap.uasset" 585
"D:/humanstuffFinal/MyProject3/Content/StarterContent/Blueprints/Assets/M_LightStage_Skybox_Master.uasset" 586
"D:/humanstuffFinal/MyProject3/Content/StarterContent/Blueprints/Assets/M_LightStage_Skybox_Black.uasset" 587
"D:/humanstuffFinal/MyProject3/Content/StarterContent/Blueprints/Assets/M_LightStage_Skybox_HDRI.uasset" 588
"../../../Engine/Content/EditorMaterials/Thumbnails/SkySphereMaterial.uasset" 589
"D:/humanstuffFinal/MyProject3/Content/StarterContent/Blueprints/Assets/Skybox.uasset" 590
"D:/humanstuffFinal/MyProject3/Content/StarterContent/Blueprints/Assets/SM_Arrows.uasset" 591
"D:/humanstuffFinal/MyProject3/Content/StarterContent/HDRI/HDRI_Epic_Courtyard_Daylight.uasset" 592
"D:/humanstuffFinal/MyProject3/Content/StarterContent/Blueprints/BP_LightStudio.uasset" 593
"D:/humanstuffFinal/MyProject3/Content/StarterContent/Maps/Advanced_Lighting_BuiltData.uasset" 594
"D:/humanstuffFinal/MyProject3/Content/StarterContent/Materials/M_AssetPlatform.uasset" 595
"../../../Engine/Content/EditorMeshes/ColorCalibrator/M_ChromeBall.uasset" 596
"../../../Engine/Content/EditorMeshes/ColorCalibrator/M_ClearCoat.uasset" 597
"../../../Engine/Content/EditorMeshes/ColorCalibrator/M_ClearCoatBlack.uasset" 598
"../../../Engine/Content/EditorMeshes/ColorCalibrator/Color_checker.uasset" 599
"../../../Engine/Content/EditorMeshes/ColorCalibrator/M_ColorGrid.uasset" 600
"../../../Engine/Content/EditorMeshes/ColorCalibrator/M_GreyBall.uasset" 601
"../../../Engine/Content/EditorMeshes/ColorCalibrator/SM_ColorCalibrator.uasset" 602
"D:/humanstuffFinal/MyProject3/Content/StarterContent/Architecture/SM_AssetPlatform.uasset" 603
"D:/humanstuffFinal/MyProject3/Content/StarterContent/Maps/Advanced_Lighting.umap" 604
"D:/humanstuffFinal/MyProject3/Content/Animation/slugHead_idle01_Anim.uasset" 605
"D:/humanstuffFinal/MyProject3/Content/Animation/slugHead_stare.uasset" 606
"D:/humanstuffFinal/MyProject3/Content/Blueprints/Conveyor.uasset" 607
"../../../Engine/Content/EngineSky/C_Sky_Cloud_Color.uasset" 608
"../../../Engine/Content/EngineSky/C_Sky_Horizon_Color.uasset" 609
"../../../Engine/Content/EngineSky/C_Sky_Zenith_Color.uasset" 610
"../../../Engine/Content/EngineSky/T_Sky_Blue.uasset" 611
"../../../Engine/Content/EngineSky/T_Sky_Clouds_M.uasset" 612
"../../../Engine/Content/EngineSky/T_Sky_Stars.uasset" 613
"../../../Engine/Content/EngineSky/M_Sky_Panning_Clouds2.uasset" 614
"../../../Engine/Content/EngineSky/SM_SkySphere.uasset" 615
"../../../Engine/Content/EngineSky/BP_Sky_Sphere.uasset" 616
"D:/humanstuffFinal/MyProject3/Content/Animation/slugHead_walk_Anim.uasset" 617
"D:/humanstuffFinal/MyProject3/Content/Animation/AlienAI.uasset" 618
"D:/humanstuffFinal/MyProject3/Content/Textures/slugHead_BaseColor.uasset" 619
"D:/humanstuffFinal/MyProject3/Content/Textures/slugHead_Metallic.uasset" 620
"D:/humanstuffFinal/MyProject3/Content/Textures/slugHead_NormalDirectX.uasset" 621
"D:/humanstuffFinal/MyProject3/Content/Textures/slugHead_Roughness.uasset" 622
"D:/humanstuffFinal/MyProject3/Content/Materials/Sluggy.uasset" 623
"D:/humanstuffFinal/MyProject3/Content/aliens/slugHead_walk_PhysicsAsset.uasset" 624
"D:/humanstuffFinal/MyProject3/Content/aliens/slugHead_walk.uasset" 625
"D:/humanstuffFinal/MyProject3/Content/Blueprints/Alien.uasset" 626
"D:/humanstuffFinal/MyProject3/Content/Animation/slugHead_clipboard.uasset" 627
"D:/humanstuffFinal/MyProject3/Content/Animation/AlienAI1.uasset" 628
"D:/humanstuffFinal/MyProject3/Content/Geometry/Objects/hs_clipBoard.uasset" 629
"D:/humanstuffFinal/MyProject3/Content/Geometry/Objects/hs_Pen.uasset" 630
"D:/humanstuffFinal/MyProject3/Content/Blueprints/AlienWIth.uasset" 631
"D:/humanstuffFinal/MyProject3/Content/Blueprints/AlienSpawn.uasset" 632
"D:/humanstuffFinal/MyProject3/Content/Animation/fixthisLater/slugHead_cartPush_Skeleton.uasset" 633
"D:/humanstuffFinal/MyProject3/Content/Animation/fixthisLater/slugHead_cartPush_Anim.uasset" 634
"D:/humanstuffFinal/MyProject3/Content/AI/SplineAI.uasset" 635
"D:/humanstuffFinal/MyProject3/Content/Materials/Cart.uasset" 636
"D:/humanstuffFinal/MyProject3/Content/Audio/Pixel_Noise4_by_abbasgamez.uasset" 637
"D:/humanstuffFinal/MyProject3/Content/couch_particles/confettiShapes.uasset" 638
"D:/humanstuffFinal/MyProject3/Content/couch_particles/confettiShapes_Mat.uasset" 639
"D:/humanstuffFinal/MyProject3/Content/couch_particles/Confetti.uasset" 640
"D:/humanstuffFinal/MyProject3/Content/Textures/shopCart_color.uasset" 641
"D:/humanstuffFinal/MyProject3/Content/Textures/shopCart_emmisive.uasset" 642
"D:/humanstuffFinal/MyProject3/Content/Materials/shopCart.uasset" 643
"D:/humanstuffFinal/MyProject3/Content/Geometry/Objects/hs_shopcartWide.uasset" 644
"D:/humanstuffFinal/MyProject3/Content/Blueprints/ShoppingCarts.uasset" 645
"D:/humanstuffFinal/MyProject3/Content/Blueprints/CartSpline.uasset" 646
"D:/humanstuffFinal/MyProject3/Content/Textures/shopCartYellow.uasset" 647
"D:/humanstuffFinal/MyProject3/Content/Materials/shopCartYellow_Mat.uasset" 648
"D:/humanstuffFinal/MyProject3/Content/Animation/fixthisLater/lambert1.uasset" 649
"D:/humanstuffFinal/MyProject3/Content/Animation/fixthisLater/slugHead_cartPush_PhysicsAsset.uasset" 650
"D:/humanstuffFinal/MyProject3/Content/Animation/fixthisLater/slugHead_cartPushUseMe.uasset" 651
"D:/humanstuffFinal/MyProject3/Content/Blueprints/BabyCarts.uasset" 652
"D:/humanstuffFinal/MyProject3/Content/Blueprints/CartCheck.uasset" 653
"D:/humanstuffFinal/MyProject3/Content/Blueprints/CartSpawn.uasset" 654
"D:/humanstuffFinal/MyProject3/Content/Textures/hs_slideDoor_baseColor.uasset" 655
"D:/humanstuffFinal/MyProject3/Content/Textures/hs_slideDoor_Metallic.uasset" 656
"D:/humanstuffFinal/MyProject3/Content/Textures/hs_slideDoor_NormalDirectX.uasset" 657
"D:/humanstuffFinal/MyProject3/Content/Textures/hs_slideDoor_Opacity.uasset" 658
"D:/humanstuffFinal/MyProject3/Content/Textures/hs_slideDoor_Roughness.uasset" 659
"D:/humanstuffFinal/MyProject3/Content/Materials/slideDoor.uasset" 660
"D:/humanstuffFinal/MyProject3/Content/Audio/Store_Door_Chime-Mike_Koenig-570742973.uasset" 661
"D:/humanstuffFinal/MyProject3/Content/Geometry/Objects/hs_slideDoor_Left.uasset" 662
"D:/humanstuffFinal/MyProject3/Content/Geometry/Objects/hs_slideDoor_Right.uasset" 663
"D:/humanstuffFinal/MyProject3/Content/Blueprints/Door.uasset" 664
"D:/humanstuffFinal/MyProject3/Content/Blueprints/Floater.uasset" 665
"D:/humanstuffFinal/MyProject3/Content/Blueprints/Lights.uasset" 666
"D:/humanstuffFinal/MyProject3/Content/Audio/se_barcodeBeep__1_.uasset" 667
"D:/humanstuffFinal/MyProject3/Content/Geometry/Objects/hs_register.uasset" 668
"D:/humanstuffFinal/MyProject3/Content/VanillaExtractRegular.uasset" 669
"D:/humanstuffFinal/MyProject3/Content/VanillaExtractRegular_Font.uasset" 670
"D:/humanstuffFinal/MyProject3/Content/UI/Price.uasset" 671
"D:/humanstuffFinal/MyProject3/Content/UI/TimerVis.uasset" 672
"D:/humanstuffFinal/MyProject3/Content/Blueprints/Scanner.uasset" 673
"D:/humanstuffFinal/MyProject3/Content/Blueprints/Trash.uasset" 674
"D:/humanstuffFinal/MyProject3/Content/Blueprints/TutorailCarts.uasset" 675
"D:/humanstuffFinal/MyProject3/Content/StarterContent/Maps/Level1_BuiltData.uasset" 676
"../../../Engine/Content/Functions/Engine_MaterialFunctions01/Gradient/LinearGradient.uasset" 677
"../../../Engine/Content/Functions/Engine_MaterialFunctions01/ImageAdjustment/CheapContrast.uasset" 678
"../../../Engine/Content/Functions/Engine_MaterialFunctions01/Texturing/WorldAlignedTexture.uasset" 679
"D:/humanstuffFinal/MyProject3/Content/Materials/conveyTexture_Mat.uasset" 680
"D:/humanstuffFinal/MyProject3/Content/Textures/hs_instructionsPoster.uasset" 681
"D:/humanstuffFinal/MyProject3/Content/Materials/hs_instructionsPoster_Mat.uasset" 682
"D:/humanstuffFinal/MyProject3/Content/Materials/hs_milkCoolPoster_Mat.uasset" 683
"D:/humanstuffFinal/MyProject3/Content/Materials/hs_registerTex.uasset" 684
"D:/humanstuffFinal/MyProject3/Content/Materials/hs_registerTex_Mat.uasset" 685
"D:/humanstuffFinal/MyProject3/Content/Textures/walltexturePlain.uasset" 686
"D:/humanstuffFinal/MyProject3/Content/Materials/walltexturePlain_Mat.uasset" 687
"D:/humanstuffFinal/MyProject3/Content/Sprites/hs_sp_fireworks.uasset" 688
"D:/humanstuffFinal/MyProject3/Content/Sprites/hs_sp_fireworks_Mat.uasset" 689
"D:/humanstuffFinal/MyProject3/Content/Sprites/hs_sp_pack.uasset" 690
"D:/humanstuffFinal/MyProject3/Content/Sprites/hs_sp_pack_Mat.uasset" 691
"D:/humanstuffFinal/MyProject3/Content/Sprites/hs_sp_sack.uasset" 692
"D:/humanstuffFinal/MyProject3/Content/Sprites/hs_sp_sack_Mat.uasset" 693
"D:/humanstuffFinal/MyProject3/Content/Sprites/hs_sp_soda.uasset" 694
"D:/humanstuffFinal/MyProject3/Content/Sprites/hs_sp_soda_Mat.uasset" 695
"D:/humanstuffFinal/MyProject3/Content/Sprites/hs_sp_vase.uasset" 696
"D:/humanstuffFinal/MyProject3/Content/Sprites/hs_sp_vase_Mat.uasset" 697
"D:/humanstuffFinal/MyProject3/Content/Textures/floortileBasic.uasset" 698
"D:/humanstuffFinal/MyProject3/Content/Textures/floortilemask.uasset" 699
"D:/humanstuffFinal/MyProject3/Content/Materials/mat_tile.uasset" 700
"D:/humanstuffFinal/MyProject3/Content/Materials/inst_tile.uasset" 701
"../../../Engine/Content/BasicShapes/Plane.uasset" 702
"D:/humanstuffFinal/MyProject3/Content/aliens/slugHead_notes_PhysicsAsset.uasset" 703
"D:/humanstuffFinal/MyProject3/Content/aliens/slugHead_notes_Skeleton.uasset" 704
"D:/humanstuffFinal/MyProject3/Content/aliens/slugHead_notes.uasset" 705
"D:/humanstuffFinal/MyProject3/Content/Audio/bg_Elevator_Cue.uasset" 706
"D:/humanstuffFinal/MyProject3/Content/Audio/bg_groceryAmbient.uasset" 707
"D:/humanstuffFinal/MyProject3/Content/Audio/bg_groceryAmbient_Cue.uasset" 708
"D:/humanstuffFinal/MyProject3/Content/Geometry/Objects/Convey1.uasset" 709
"D:/humanstuffFinal/MyProject3/Content/Geometry/Objects/Convey2.uasset" 710
"D:/humanstuffFinal/MyProject3/Content/Geometry/Objects/Convey3.uasset" 711
"D:/humanstuffFinal/MyProject3/Content/Geometry/Objects/hs_cake.uasset" 712
"D:/humanstuffFinal/MyProject3/Content/Textures/ceiling.uasset" 713
"D:/humanstuffFinal/MyProject3/Content/Materials/ceiling.uasset" 714
"D:/humanstuffFinal/MyProject3/Content/Geometry/Objects/hs_cieling.uasset" 715
"D:/humanstuffFinal/MyProject3/Content/Textures/hs_concreteBumper_initialShadingGroup_BaseColor.uasset" 716
"D:/humanstuffFinal/MyProject3/Content/Textures/hs_concreteBumper_initialShadingGroup_Metallic.uasset" 717
"D:/humanstuffFinal/MyProject3/Content/Textures/hs_concreteBumper_initialShadingGroup_Roughness.uasset" 718
"D:/humanstuffFinal/MyProject3/Content/Materials/bumper.uasset" 719
"D:/humanstuffFinal/MyProject3/Content/Geometry/Objects/hs_concreteBumper.uasset" 720
"D:/humanstuffFinal/MyProject3/Content/Geometry/Objects/hs_crab.uasset" 721
"D:/humanstuffFinal/MyProject3/Content/Materials/floortile.uasset" 722
"D:/humanstuffFinal/MyProject3/Content/Geometry/Objects/hs_floor.uasset" 723
"D:/humanstuffFinal/MyProject3/Content/Textures/initialShadingGroup_Base_Color.uasset" 724
"D:/humanstuffFinal/MyProject3/Content/Textures/initialShadingGroup_Metallic.uasset" 725
"D:/humanstuffFinal/MyProject3/Content/Textures/initialShadingGroup_Roughness.uasset" 726
"D:/humanstuffFinal/MyProject3/Content/Materials/road.uasset" 727
"D:/humanstuffFinal/MyProject3/Content/Geometry/Objects/hs_groundPlane.uasset" 728
"D:/humanstuffFinal/MyProject3/Content/Textures/roadTile.uasset" 729
"D:/humanstuffFinal/MyProject3/Content/Materials/road2.uasset" 730
"D:/humanstuffFinal/MyProject3/Content/Geometry/Objects/hs_groundPlane2.uasset" 731
"D:/humanstuffFinal/MyProject3/Content/Textures/hs_lampTree_initialShadingGroup_BaseColor.uasset" 732
"D:/humanstuffFinal/MyProject3/Content/Textures/hs_lampTree_initialShadingGroup_Emissive.uasset" 733
"D:/humanstuffFinal/MyProject3/Content/Textures/hs_lampTree_initialShadingGroup_Metallic.uasset" 734
"D:/humanstuffFinal/MyProject3/Content/Textures/hs_lampTree_initialShadingGroup_Roughness.uasset" 735
"D:/humanstuffFinal/MyProject3/Content/Materials/lampTree.uasset" 736
"D:/humanstuffFinal/MyProject3/Content/Geometry/Objects/hs_lampTree.uasset" 737
"D:/humanstuffFinal/MyProject3/Content/Geometry/Objects/hs_lights.uasset" 738
"D:/humanstuffFinal/MyProject3/Content/Textures/HS_observationDeckTex.uasset" 739
"D:/humanstuffFinal/MyProject3/Content/Materials/HS_observationDeckTex_Mat.uasset" 740
"D:/humanstuffFinal/MyProject3/Content/Geometry/Objects/HS_ObservationDeck.uasset" 741
"D:/humanstuffFinal/MyProject3/Content/Textures/medium_Base_Color.uasset" 742
"D:/humanstuffFinal/MyProject3/Content/Textures/medium_Metallic.uasset" 743
"D:/humanstuffFinal/MyProject3/Content/Textures/medium_Roughness.uasset" 744
"D:/humanstuffFinal/MyProject3/Content/Materials/parkingMedium.uasset" 745
"D:/humanstuffFinal/MyProject3/Content/Geometry/Objects/hs_parkingMedian.uasset" 746
"D:/humanstuffFinal/MyProject3/Content/Geometry/Objects/hs_poster.uasset" 747
"D:/humanstuffFinal/MyProject3/Content/Textures/aisleSign_color.uasset" 748
"D:/humanstuffFinal/MyProject3/Content/Textures/aisleSign_emmisive.uasset" 749
"D:/humanstuffFinal/MyProject3/Content/Materials/aisleSign.uasset" 750
"D:/humanstuffFinal/MyProject3/Content/Geometry/Objects/hs_sign_pCube20.uasset" 751
"D:/humanstuffFinal/MyProject3/Content/Textures/walltexture.uasset" 752
"D:/humanstuffFinal/MyProject3/Content/Materials/wall.uasset" 753
"D:/humanstuffFinal/MyProject3/Content/Geometry/Objects/hs_wall.uasset" 754
"D:/humanstuffFinal/MyProject3/Content/Materials/window.uasset" 755
"D:/humanstuffFinal/MyProject3/Content/Materials/window_Mat.uasset" 756
"D:/humanstuffFinal/MyProject3/Content/Geometry/Objects/hs_window.uasset" 757
"D:/humanstuffFinal/MyProject3/Content/Textures/hs_pipetexture.uasset" 758
"D:/humanstuffFinal/MyProject3/Content/Textures/hs_pipetexture_Mat.uasset" 759
"D:/humanstuffFinal/MyProject3/Content/Geometry/Objects/pipe.uasset" 760
"D:/humanstuffFinal/MyProject3/Content/Geometry/Objects/shelves.uasset" 761
"D:/humanstuffFinal/MyProject3/Content/Textures/space_skybox_radialv2.uasset" 762
"D:/humanstuffFinal/MyProject3/Content/Textures/space_skybox_radialv2_emissive.uasset" 763
"D:/humanstuffFinal/MyProject3/Content/Materials/skybox.uasset" 764
"D:/humanstuffFinal/MyProject3/Content/Geometry/Objects/skybox2.uasset" 765
"D:/humanstuffFinal/MyProject3/Content/StarterContent/Architecture/Floor_400x400.uasset" 766
"D:/humanstuffFinal/MyProject3/Content/StarterContent/Maps/Level1.umap" 767
"D:/humanstuffFinal/MyProject3/Content/Animation/slugHead_notes_Anim.uasset" 768
"D:/humanstuffFinal/MyProject3/Content/StarterContent/Maps/levelDuplicate_BuiltData.uasset" 769
"D:/humanstuffFinal/MyProject3/Content/Geometry/Objects/hs_shopcart.uasset" 770
"D:/humanstuffFinal/MyProject3/Content/StarterContent/Maps/levelDuplicate.umap" 771
"D:/humanstuffFinal/MyProject3/Content/Blueprints/Timer.uasset" 772
"D:/humanstuffFinal/MyProject3/Content/StarterContent/Maps/Minimal_Default_BuiltData.uasset" 773
"D:/humanstuffFinal/MyProject3/Content/Materials/Cart2.uasset" 774
"D:/humanstuffFinal/MyProject3/Content/Geometry/Meshes/TemplateFloor.uasset" 775
"D:/humanstuffFinal/MyProject3/Content/Geometry/Objects/hs_bomb.uasset" 776
"D:/humanstuffFinal/MyProject3/Content/StarterContent/Audio/Starter_Birds01.uasset" 777
"D:/humanstuffFinal/MyProject3/Content/StarterContent/Audio/Starter_Wind05.uasset" 778
"D:/humanstuffFinal/MyProject3/Content/StarterContent/Audio/Starter_Wind06.uasset" 779
"D:/humanstuffFinal/MyProject3/Content/StarterContent/Audio/Starter_Background_Cue.uasset" 780
"D:/humanstuffFinal/MyProject3/Content/SuperGrid/StarterPack/Source/Meshes/SuperGrid_Box.uasset" 781
"D:/humanstuffFinal/MyProject3/Content/SuperGrid/StarterPack/Source/Meshes/SuperGrid_BoxCentered.uasset" 782
"D:/humanstuffFinal/MyProject3/Content/StarterContent/Maps/Minimal_Default.umap" 783
"D:/humanstuffFinal/MyProject3/Content/StarterContent/Maps/Minimal_Default_2_BuiltData.uasset" 784
"D:/humanstuffFinal/MyProject3/Content/StarterContent/Maps/Minimal_Default_2.umap" 785
"D:/humanstuffFinal/MyProject3/Content/StarterContent/Audio/Fire01_Cue.uasset" 786
"D:/humanstuffFinal/MyProject3/Content/StarterContent/Textures/T_Fire_SubUV.uasset" 787
"D:/humanstuffFinal/MyProject3/Content/StarterContent/Textures/T_Fire_Tiled_D.uasset" 788
"D:/humanstuffFinal/MyProject3/Content/StarterContent/Particles/Materials/M_Fire_SubUV.uasset" 789
"D:/humanstuffFinal/MyProject3/Content/StarterContent/Textures/T_Water_N.uasset" 790
"D:/humanstuffFinal/MyProject3/Content/StarterContent/Particles/Materials/M_Heat_Distortion.uasset" 791
"D:/humanstuffFinal/MyProject3/Content/StarterContent/Particles/Materials/M_Radial_Gradient.uasset" 792
"D:/humanstuffFinal/MyProject3/Content/StarterContent/Particles/P_Fire.uasset" 793
"D:/humanstuffFinal/MyProject3/Content/StarterContent/Blueprints/Blueprint_Effect_Fire.uasset" 794
"D:/humanstuffFinal/MyProject3/Content/StarterContent/Audio/Smoke01_Cue.uasset" 795
"D:/humanstuffFinal/MyProject3/Content/StarterContent/Particles/P_Smoke.uasset" 796
"D:/humanstuffFinal/MyProject3/Content/StarterContent/Blueprints/Blueprint_Effect_Smoke.uasset" 797
"D:/humanstuffFinal/MyProject3/Content/StarterContent/Audio/Fire_Sparks01_Cue.uasset" 798
"D:/humanstuffFinal/MyProject3/Content/StarterContent/Textures/T_Spark_Core.uasset" 799
"D:/humanstuffFinal/MyProject3/Content/StarterContent/Particles/Materials/M_Spark.uasset" 800
"D:/humanstuffFinal/MyProject3/Content/StarterContent/Particles/P_Sparks.uasset" 801
"D:/humanstuffFinal/MyProject3/Content/StarterContent/Blueprints/Blueprint_Effect_Sparks.uasset" 802
"D:/humanstuffFinal/MyProject3/Content/StarterContent/Audio/Steam01_Cue.uasset" 803
"D:/humanstuffFinal/MyProject3/Content/StarterContent/Particles/P_Steam_Lit.uasset" 804
"D:/humanstuffFinal/MyProject3/Content/StarterContent/Blueprints/Blueprint_Effect_Steam.uasset" 805
"D:/humanstuffFinal/MyProject3/Content/StarterContent/Textures/T_Lamp_M.uasset" 806
"D:/humanstuffFinal/MyProject3/Content/StarterContent/Textures/T_Lamp_N.uasset" 807
"D:/humanstuffFinal/MyProject3/Content/StarterContent/Props/Materials/M_Lamp.uasset" 808
"D:/humanstuffFinal/MyProject3/Content/StarterContent/Props/SM_Lamp_Ceiling.uasset" 809
"D:/humanstuffFinal/MyProject3/Content/StarterContent/Blueprints/Blueprint_CeilingLight.uasset" 810
"D:/humanstuffFinal/MyProject3/Content/StarterContent/Props/SM_Lamp_Wall.uasset" 811
"D:/humanstuffFinal/MyProject3/Content/StarterContent/Blueprints/Blueprint_WallSconce.uasset" 812
"D:/humanstuffFinal/MyProject3/Content/StarterContent/Maps/StarterMap_BuiltData.uasset" 813
"../../../Engine/Content/Functions/Engine_MaterialFunctions03/Procedurals/ComputeFilterWidth.uasset" 814
"../../../Engine/Content/EngineMaterials/AntiAliasedTextMaterialTranslucent.uasset" 815
"D:/humanstuffFinal/MyProject3/Content/StarterContent/Textures/T_Brick_Clay_Beveled_D.uasset" 816
"D:/humanstuffFinal/MyProject3/Content/StarterContent/Textures/T_Brick_Clay_Beveled_M.uasset" 817
"D:/humanstuffFinal/MyProject3/Content/StarterContent/Textures/T_Brick_Clay_Beveled_N.uasset" 818
"D:/humanstuffFinal/MyProject3/Content/StarterContent/Textures/T_MacroVariation.uasset" 819
"D:/humanstuffFinal/MyProject3/Content/StarterContent/Materials/M_Brick_Clay_Beveled.uasset" 820
"D:/humanstuffFinal/MyProject3/Content/StarterContent/Textures/T_Brick_Clay_New_D.uasset" 821
"D:/humanstuffFinal/MyProject3/Content/StarterContent/Textures/T_Brick_Clay_New_M.uasset" 822
"D:/humanstuffFinal/MyProject3/Content/StarterContent/Textures/T_Brick_Clay_New_N.uasset" 823
"D:/humanstuffFinal/MyProject3/Content/StarterContent/Materials/M_Brick_Clay_New.uasset" 824
"D:/humanstuffFinal/MyProject3/Content/StarterContent/Textures/T_Brick_Clay_Old_D.uasset" 825
"D:/humanstuffFinal/MyProject3/Content/StarterContent/Textures/T_Brick_Clay_Old_N.uasset" 826
"D:/humanstuffFinal/MyProject3/Content/StarterContent/Textures/T_Perlin_Noise_M.uasset" 827
"D:/humanstuffFinal/MyProject3/Content/StarterContent/Materials/M_Brick_Clay_Old.uasset" 828
"D:/humanstuffFinal/MyProject3/Content/StarterContent/Textures/T_Brick_Cut_Stone_D.uasset" 829
"D:/humanstuffFinal/MyProject3/Content/StarterContent/Textures/T_Brick_Cut_Stone_N.uasset" 830
"D:/humanstuffFinal/MyProject3/Content/StarterContent/Materials/M_Brick_Cut_Stone.uasset" 831
"D:/humanstuffFinal/MyProject3/Content/StarterContent/Textures/T_Brick_Hewn_Stone_D.uasset" 832
"D:/humanstuffFinal/MyProject3/Content/StarterContent/Textures/T_Brick_Hewn_Stone_M.uasset" 833
"D:/humanstuffFinal/MyProject3/Content/StarterContent/Textures/T_Brick_Hewn_Stone_N.uasset" 834
"D:/humanstuffFinal/MyProject3/Content/StarterContent/Materials/M_Brick_Hewn_Stone.uasset" 835
"D:/humanstuffFinal/MyProject3/Content/StarterContent/Textures/T_Ceramic_Tile_M.uasset" 836
"D:/humanstuffFinal/MyProject3/Content/StarterContent/Textures/T_Ceramic_Tile_N.uasset" 837
"D:/humanstuffFinal/MyProject3/Content/StarterContent/Textures/T_Rock_Marble_Polished_D.uasset" 838
"D:/humanstuffFinal/MyProject3/Content/StarterContent/Materials/M_Ceramic_Tile_Checker.uasset" 839
"D:/humanstuffFinal/MyProject3/Content/StarterContent/Textures/T_CobbleStone_Pebble_D.uasset" 840
"D:/humanstuffFinal/MyProject3/Content/StarterContent/Textures/T_CobbleStone_Pebble_M.uasset" 841
"D:/humanstuffFinal/MyProject3/Content/StarterContent/Textures/T_CobbleStone_Pebble_N.uasset" 842
"D:/humanstuffFinal/MyProject3/Content/StarterContent/Materials/M_CobbleStone_Pebble.uasset" 843
"D:/humanstuffFinal/MyProject3/Content/StarterContent/Textures/T_CobbleStone_Rough_D.uasset" 844
"D:/humanstuffFinal/MyProject3/Content/StarterContent/Textures/T_CobbleStone_Rough_N.uasset" 845
"D:/humanstuffFinal/MyProject3/Content/StarterContent/Textures/T_Gradinet_01.uasset" 846
"D:/humanstuffFinal/MyProject3/Content/StarterContent/Textures/T_Rock_Smooth_Granite_D.uasset" 847
"D:/humanstuffFinal/MyProject3/Content/StarterContent/Materials/M_CobbleStone_Rough.uasset" 848
"D:/humanstuffFinal/MyProject3/Content/StarterContent/Textures/T_CobbleStone_Smooth_D.uasset" 849
"D:/humanstuffFinal/MyProject3/Content/StarterContent/Textures/T_CobbleStone_Smooth_M.uasset" 850
"D:/humanstuffFinal/MyProject3/Content/StarterContent/Textures/T_CobbleStone_Smooth_N.uasset" 851
"D:/humanstuffFinal/MyProject3/Content/StarterContent/Materials/M_CobbleStone_Smooth.uasset" 852
"D:/humanstuffFinal/MyProject3/Content/StarterContent/Textures/T_Concrete_Grime_D.uasset" 853
"D:/humanstuffFinal/MyProject3/Content/StarterContent/Textures/T_Metal_Rust_N.uasset" 854
"D:/humanstuffFinal/MyProject3/Content/StarterContent/Materials/M_Concrete_Grime.uasset" 855
"D:/humanstuffFinal/MyProject3/Content/StarterContent/Textures/T_Concrete_Panels_D.uasset" 856
"D:/humanstuffFinal/MyProject3/Content/StarterContent/Textures/T_Concrete_Panels_N.uasset" 857
"D:/humanstuffFinal/MyProject3/Content/StarterContent/Materials/M_Concrete_Panels.uasset" 858
"D:/humanstuffFinal/MyProject3/Content/StarterContent/Textures/T_Concrete_Poured_D.uasset" 859
"D:/humanstuffFinal/MyProject3/Content/StarterContent/Textures/T_Concrete_Poured_N.uasset" 860
"D:/humanstuffFinal/MyProject3/Content/StarterContent/Materials/M_Concrete_Poured.uasset" 861
"D:/humanstuffFinal/MyProject3/Content/StarterContent/Textures/T_Concrete_Tiles_D.uasset" 862
"D:/humanstuffFinal/MyProject3/Content/StarterContent/Textures/T_Concrete_Tiles_M.uasset" 863
"D:/humanstuffFinal/MyProject3/Content/StarterContent/Textures/T_Concrete_Tiles_N.uasset" 864
"D:/humanstuffFinal/MyProject3/Content/StarterContent/Textures/T_Concrete_Tiles_Variation_M.uasset" 865
"D:/humanstuffFinal/MyProject3/Content/StarterContent/Materials/M_Concrete_Tiles.uasset" 866
"D:/humanstuffFinal/MyProject3/Content/StarterContent/Textures/T_Ground_Grass_D.uasset" 867
"D:/humanstuffFinal/MyProject3/Content/StarterContent/Textures/T_Ground_Grass_N.uasset" 868
"D:/humanstuffFinal/MyProject3/Content/StarterContent/Materials/M_Ground_Grass.uasset" 869
"D:/humanstuffFinal/MyProject3/Content/StarterContent/Textures/T_Ground_Gravel_D.uasset" 870
"D:/humanstuffFinal/MyProject3/Content/StarterContent/Textures/T_Ground_Gravel_N.uasset" 871
"D:/humanstuffFinal/MyProject3/Content/StarterContent/Materials/M_Ground_Gravel.uasset" 872
"D:/humanstuffFinal/MyProject3/Content/StarterContent/Textures/T_ground_Moss_D.uasset" 873
"D:/humanstuffFinal/MyProject3/Content/StarterContent/Textures/T_Ground_Moss_N.uasset" 874
"D:/humanstuffFinal/MyProject3/Content/StarterContent/Materials/M_Ground_Moss.uasset" 875
"D:/humanstuffFinal/MyProject3/Content/StarterContent/Materials/M_Metal_Brushed_Nickel.uasset" 876
"D:/humanstuffFinal/MyProject3/Content/StarterContent/Textures/T_Metal_Aluminum_D.uasset" 877
"D:/humanstuffFinal/MyProject3/Content/StarterContent/Textures/T_Metal_Gold_N.uasset" 878
"D:/humanstuffFinal/MyProject3/Content/StarterContent/Materials/M_Metal_Burnished_Steel.uasset" 879
"D:/humanstuffFinal/MyProject3/Content/StarterContent/Materials/M_Metal_Chrome.uasset" 880
"D:/humanstuffFinal/MyProject3/Content/StarterContent/Textures/T_Metal_Copper_D.uasset" 881
"D:/humanstuffFinal/MyProject3/Content/StarterContent/Materials/M_Metal_Copper.uasset" 882
"D:/humanstuffFinal/MyProject3/Content/StarterContent/Textures/T_Metal_Gold_D.uasset" 883
"D:/humanstuffFinal/MyProject3/Content/StarterContent/Materials/M_Metal_Gold.uasset" 884
"D:/humanstuffFinal/MyProject3/Content/StarterContent/Textures/T_Metal_Rust_D.uasset" 885
"D:/humanstuffFinal/MyProject3/Content/StarterContent/Materials/M_Metal_Rust.uasset" 886
"D:/humanstuffFinal/MyProject3/Content/StarterContent/Textures/T_Metal_Steel_D.uasset" 887
"D:/humanstuffFinal/MyProject3/Content/StarterContent/Textures/T_Metal_Steel_N.uasset" 888
"D:/humanstuffFinal/MyProject3/Content/StarterContent/Materials/M_Metal_Steel.uasset" 889
"D:/humanstuffFinal/MyProject3/Content/StarterContent/Textures/T_Rock_Basalt_N.uasset" 890
"D:/humanstuffFinal/MyProject3/Content/StarterContent/Materials/M_Rock_Basalt.uasset" 891
"D:/humanstuffFinal/MyProject3/Content/StarterContent/Materials/M_Rock_Marble_Polished.uasset" 892
"D:/humanstuffFinal/MyProject3/Content/StarterContent/Textures/T_Rock_Sandstone_D.uasset" 893
"D:/humanstuffFinal/MyProject3/Content/StarterContent/Textures/T_Rock_Sandstone_N.uasset" 894
"D:/humanstuffFinal/MyProject3/Content/StarterContent/Materials/M_Rock_Sandstone.uasset" 895
"D:/humanstuffFinal/MyProject3/Content/StarterContent/Textures/T_Rock_Slate_D.uasset" 896
"D:/humanstuffFinal/MyProject3/Content/StarterContent/Textures/T_Rock_Slate_N.uasset" 897
"D:/humanstuffFinal/MyProject3/Content/StarterContent/Materials/M_Rock_Slate.uasset" 898
"D:/humanstuffFinal/MyProject3/Content/StarterContent/Textures/T_Checker_Noise_M.uasset" 899
"D:/humanstuffFinal/MyProject3/Content/StarterContent/Textures/T_Single_Tile_N.uasset" 900
"D:/humanstuffFinal/MyProject3/Content/StarterContent/Textures/T_Tech_Dot_M.uasset" 901
"D:/humanstuffFinal/MyProject3/Content/StarterContent/Textures/T_Tech_Dot_N.uasset" 902
"D:/humanstuffFinal/MyProject3/Content/StarterContent/Materials/M_Tech_Checker_Dot.uasset" 903
"D:/humanstuffFinal/MyProject3/Content/StarterContent/Textures/T_Tech_Hex_Tile_M.uasset" 904
"D:/humanstuffFinal/MyProject3/Content/StarterContent/Textures/T_Tech_Hex_Tile_N.uasset" 905
"D:/humanstuffFinal/MyProject3/Content/StarterContent/Materials/M_Tech_Hex_Tile.uasset" 906
"D:/humanstuffFinal/MyProject3/Content/StarterContent/Materials/M_Tech_Hex_Tile_Pulse.uasset" 907
"D:/humanstuffFinal/MyProject3/Content/StarterContent/Textures/T_Tech_Panel_M.uasset" 908
"D:/humanstuffFinal/MyProject3/Content/StarterContent/Textures/T_Tech_Panel_N.uasset" 909
"D:/humanstuffFinal/MyProject3/Content/StarterContent/Materials/M_Tech_Panel.uasset" 910
"D:/humanstuffFinal/MyProject3/Content/StarterContent/Materials/M_Water_Lake.uasset" 911
"D:/humanstuffFinal/MyProject3/Content/StarterContent/Textures/T_Water_M.uasset" 912
"D:/humanstuffFinal/MyProject3/Content/StarterContent/Materials/M_Water_Ocean.uasset" 913
"D:/humanstuffFinal/MyProject3/Content/StarterContent/Textures/T_Wood_Floor_Walnut_D.uasset" 914
"D:/humanstuffFinal/MyProject3/Content/StarterContent/Textures/T_Wood_Floor_Walnut_M.uasset" 915
"D:/humanstuffFinal/MyProject3/Content/StarterContent/Textures/T_Wood_Floor_Walnut_N.uasset" 916
"D:/humanstuffFinal/MyProject3/Content/StarterContent/Materials/M_Wood_Floor_Walnut_Polished.uasset" 917
"../../../Engine/Content/Functions/Engine_MaterialFunctions01/Opacity/AlphaOffset.uasset" 918
"D:/humanstuffFinal/MyProject3/Content/StarterContent/Materials/M_Wood_Floor_Walnut_Worn.uasset" 919
"D:/humanstuffFinal/MyProject3/Content/StarterContent/Textures/T_Wood_Oak_D.uasset" 920
"D:/humanstuffFinal/MyProject3/Content/StarterContent/Textures/T_Wood_Oak_N.uasset" 921
"D:/humanstuffFinal/MyProject3/Content/StarterContent/Materials/M_Wood_Oak.uasset" 922
"D:/humanstuffFinal/MyProject3/Content/StarterContent/Textures/T_Wood_Pine_D.uasset" 923
"D:/humanstuffFinal/MyProject3/Content/StarterContent/Textures/T_Wood_Pine_N.uasset" 924
"D:/humanstuffFinal/MyProject3/Content/StarterContent/Materials/M_Wood_Pine.uasset" 925
"D:/humanstuffFinal/MyProject3/Content/StarterContent/Textures/T_Wood_Walnut_D.uasset" 926
"D:/humanstuffFinal/MyProject3/Content/StarterContent/Textures/T_Wood_Walnut_N.uasset" 927
"D:/humanstuffFinal/MyProject3/Content/StarterContent/Materials/M_Wood_Walnut.uasset" 928
"D:/humanstuffFinal/MyProject3/Content/StarterContent/Architecture/Wall_400x200.uasset" 929
"D:/humanstuffFinal/MyProject3/Content/StarterContent/Architecture/Wall_Door_400x300.uasset" 930
"D:/humanstuffFinal/MyProject3/Content/StarterContent/Architecture/Wall_Window_400x300.uasset" 931
"D:/humanstuffFinal/MyProject3/Content/StarterContent/Audio/Collapse_Cue.uasset" 932
"D:/humanstuffFinal/MyProject3/Content/StarterContent/Audio/Starter_Music_Cue.uasset" 933
"D:/humanstuffFinal/MyProject3/Content/StarterContent/Textures/T_Dust_Particle_D.uasset" 934
"D:/humanstuffFinal/MyProject3/Content/StarterContent/Particles/Materials/M_Dust_Particle.uasset" 935
"D:/humanstuffFinal/MyProject3/Content/StarterContent/Particles/P_Ambient_Dust.uasset" 936
"D:/humanstuffFinal/MyProject3/Content/StarterContent/Props/MaterialSphere.uasset" 937
"D:/humanstuffFinal/MyProject3/Content/StarterContent/Props/SM_Chair.uasset" 938
"D:/humanstuffFinal/MyProject3/Content/StarterContent/Textures/T_Frame_M.uasset" 939
"D:/humanstuffFinal/MyProject3/Content/StarterContent/Textures/T_Frame_N.uasset" 940
"D:/humanstuffFinal/MyProject3/Content/StarterContent/Props/Materials/M_Frame.uasset" 941
"D:/humanstuffFinal/MyProject3/Content/StarterContent/Props/SM_CornerFrame.uasset" 942
"D:/humanstuffFinal/MyProject3/Content/StarterContent/Props/SM_DoorFrame.uasset" 943
"D:/humanstuffFinal/MyProject3/Content/StarterContent/Props/SM_GlassWindow.uasset" 944
"D:/humanstuffFinal/MyProject3/Content/StarterContent/Props/SM_PillarFrame.uasset" 945
"D:/humanstuffFinal/MyProject3/Content/StarterContent/Props/SM_PillarFrame300.uasset" 946
"D:/humanstuffFinal/MyProject3/Content/StarterContent/Textures/T_Statue_M.uasset" 947
"D:/humanstuffFinal/MyProject3/Content/StarterContent/Textures/T_Statue_N.uasset" 948
"D:/humanstuffFinal/MyProject3/Content/StarterContent/Props/Materials/M_Statue.uasset" 949
"D:/humanstuffFinal/MyProject3/Content/StarterContent/Props/Materials/M_StatueGlass.uasset" 950
"D:/humanstuffFinal/MyProject3/Content/StarterContent/Props/SM_Statue.uasset" 951
"D:/humanstuffFinal/MyProject3/Content/StarterContent/Textures/T_TableRound_M.uasset" 952
"D:/humanstuffFinal/MyProject3/Content/StarterContent/Textures/T_TableRound_N.uasset" 953
"D:/humanstuffFinal/MyProject3/Content/StarterContent/Props/Materials/M_TableRound.uasset" 954
"D:/humanstuffFinal/MyProject3/Content/StarterContent/Props/SM_TableRound.uasset" 955
"D:/humanstuffFinal/MyProject3/Content/StarterContent/Props/SM_WindowFrame.uasset" 956
"D:/humanstuffFinal/MyProject3/Content/StarterContent/Shapes/Shape_Cube.uasset" 957
"D:/humanstuffFinal/MyProject3/Content/StarterContent/Shapes/Shape_QuadPyramid.uasset" 958
"D:/humanstuffFinal/MyProject3/Content/StarterContent/Maps/StarterMap.umap" 959
"D:/humanstuffFinal/MyProject3/Content/StarterContent/Maps/test_BuiltData.uasset" 960
"D:/humanstuffFinal/MyProject3/Content/StarterContent/Maps/test.umap" 961
"D:/humanstuffFinal/MyProject3/Content/VirtualRealityBP/Maps/groceryStore_BuiltData.uasset" 962
"D:/humanstuffFinal/MyProject3/Content/SuperGrid/StarterPack/Materials/Palette/Basic/M_SuperGrid_MetalGlow.uasset" 963
"../../../Engine/Content/EngineMaterials/DefaultPhysicalMaterial.uasset" 964
"D:/humanstuffFinal/MyProject3/Content/Geometry/Objects/hs_sign_textureEditorIsolateSelectSet_pCube20.uasset" 965
"D:/humanstuffFinal/MyProject3/Content/Textures/alien_Base_Color.uasset" 966
"D:/humanstuffFinal/MyProject3/Content/Textures/alien_Metallic.uasset" 967
"D:/humanstuffFinal/MyProject3/Content/Textures/alien_Roughness.uasset" 968
"D:/humanstuffFinal/MyProject3/Content/Materials/slugHead.uasset" 969
"D:/humanstuffFinal/MyProject3/Content/Geometry/Objects/slugHead_pose_Skeleton.uasset" 970
"D:/humanstuffFinal/MyProject3/Content/Geometry/Objects/slugHead_pose.uasset" 971
"D:/humanstuffFinal/MyProject3/Content/VirtualRealityBP/Maps/groceryStore.umap" 972
"D:/humanstuffFinal/MyProject3/Content/VirtualRealityBP/Maps/HMDLocomotionMap_BuiltData.uasset" 973
"D:/humanstuffFinal/MyProject3/Content/VirtualReality/Materials/MI_BaseMaterial2.uasset" 974
"D:/humanstuffFinal/MyProject3/Content/VirtualReality/Materials/MI_BaseMaterial3.uasset" 975
"D:/humanstuffFinal/MyProject3/Content/VirtualRealityBP/Maps/HMDLocomotionMap.umap" 976
"D:/humanstuffFinal/MyProject3/Content/VirtualRealityBP/Blueprints/BP_PickupCube.uasset" 977
"D:/humanstuffFinal/MyProject3/Content/VirtualRealityBP/Maps/MotionControllerMap_BuiltData.uasset" 978
"D:/humanstuffFinal/MyProject3/Content/VirtualRealityBP/Maps/MotionControllerMap.umap" 979
"D:/humanstuffFinal/MyProject3/Content/VirtualRealityBP/Maps/StartupMap_BuiltData.uasset" 980
"D:/humanstuffFinal/MyProject3/Content/VirtualReality/Materials/GenericHMDMaterial.uasset" 981
"D:/humanstuffFinal/MyProject3/Content/VirtualReality/Meshes/GenericHMD.uasset" 982
"D:/humanstuffFinal/MyProject3/Content/VirtualRealityBP/Maps/StartupMap.umap" 983
"../../../Engine/Content/Maps/Entry_BuiltData.uasset" 984
"../../../Engine/Content/Maps/Entry.umap" 985
