Log file open, 03/12/19 02:50:18
LogWindows: Failed to load 'aqProf.dll' (GetLastError=126)
LogWindows: File 'aqProf.dll' does not exist
LogWindows: Failed to load 'VtuneApi.dll' (GetLastError=126)
LogWindows: File 'VtuneApi.dll' does not exist
LogWindows: Failed to load 'VtuneApi32e.dll' (GetLastError=126)
LogWindows: File 'VtuneApi32e.dll' does not exist
LogConsoleResponse: Display: Failed to find resolution value strings in scalability ini. Falling back to default.
LogInit: Display: Running engine for game: MyProject3
LogPakFile: Registered encryption key '00000000000000000000000000000000': 0 pak files mounted, 0 remain pending
LogPlatformFile: Not using cached read wrapper
LogTaskGraph: Started task graph with 5 named threads and 11 total threads with 3 sets of task threads.
LogStats: Stats thread started at 0.187623
LogD3D11RHI: Loaded GFSDK_Aftermath_Lib.x64.dll
LogICUInternationalization: ICU TimeZone Detection - Raw Offset: -5:00, Platform Override: ''
LogPluginManager: Mounting plugin Paper2D
LogPluginManager: Mounting plugin AISupport
LogPluginManager: Mounting plugin LightPropagationVolume
LogPluginManager: Mounting plugin ActorLayerUtilities
LogPluginManager: Mounting plugin CLionSourceCodeAccess
LogPluginManager: Mounting plugin CodeLiteSourceCodeAccess
LogPluginManager: Mounting plugin GitSourceControl
LogPluginManager: Mounting plugin KDevelopSourceCodeAccess
LogPluginManager: Mounting plugin NullSourceCodeAccess
LogPluginManager: Mounting plugin PerforceSourceControl
LogPluginManager: Mounting plugin SubversionSourceControl
LogPluginManager: Mounting plugin UObjectPlugin
LogPluginManager: Mounting plugin VisualStudioCodeSourceCodeAccess
LogPluginManager: Mounting plugin VisualStudioSourceCodeAccess
LogPluginManager: Mounting plugin XCodeSourceCodeAccess
LogPluginManager: Mounting plugin AssetManagerEditor
LogPluginManager: Mounting plugin CryptoKeys
LogPluginManager: Mounting plugin DataValidation
LogPluginManager: Mounting plugin FacialAnimation
LogPluginManager: Mounting plugin GameplayTagsEditor
LogPluginManager: Mounting plugin MacGraphicsSwitching
LogPluginManager: Mounting plugin MeshEditor
LogPluginManager: Mounting plugin MobileLauncherProfileWizard
LogPluginManager: Mounting plugin PluginBrowser
LogPluginManager: Mounting plugin SpeedTreeImporter
LogPluginManager: Mounting plugin DatasmithContent
LogPluginManager: Mounting plugin VariantManagerContent
LogPluginManager: Mounting plugin AlembicImporter
LogPluginManager: Mounting plugin AppleImageUtils
LogPluginManager: Mounting plugin AppleVision
LogPluginManager: Mounting plugin BackChannel
LogPluginManager: Mounting plugin CharacterAI
LogPluginManager: Mounting plugin GeometryCache
LogPluginManager: Mounting plugin HTML5Networking
LogPluginManager: Mounting plugin ProxyLODPlugin
LogPluginManager: Mounting plugin MagicLeap
LogPluginManager: Mounting plugin MagicLeapMedia
LogPluginManager: Mounting plugin AndroidMedia
LogPluginManager: Mounting plugin AvfMedia
LogPluginManager: Mounting plugin ImgMedia
LogPluginManager: Mounting plugin LinearTimecode
LogPluginManager: Mounting plugin MediaCompositing
LogPluginManager: Mounting plugin MediaPlayerEditor
LogPluginManager: Mounting plugin WebMMedia
LogPluginManager: Mounting plugin WmfMedia
LogPluginManager: Mounting plugin TcpMessaging
LogPluginManager: Mounting plugin UdpMessaging
LogPluginManager: Mounting plugin ActorSequence
LogPluginManager: Mounting plugin LevelSequenceEditor
LogPluginManager: Mounting plugin MatineeToLevelSequence
LogPluginManager: Mounting plugin NetcodeUnitTest
LogPluginManager: Mounting plugin NUTUnrealEngine4
LogPluginManager: Mounting plugin OnlineSubsystemGooglePlay
LogPluginManager: Mounting plugin OnlineSubsystemIOS
LogPluginManager: Mounting plugin OnlineSubsystem
LogPluginManager: Mounting plugin OnlineSubsystemNull
LogPluginManager: Mounting plugin OnlineSubsystemUtils
LogPluginManager: Mounting plugin LauncherChunkInstaller
LogPluginManager: Mounting plugin AndroidDeviceProfileSelector
LogPluginManager: Mounting plugin AndroidMoviePlayer
LogPluginManager: Mounting plugin AndroidPermission
LogPluginManager: Mounting plugin AppleMoviePlayer
LogPluginManager: Mounting plugin ArchVisCharacter
LogPluginManager: Mounting plugin AudioCapture
LogPluginManager: Mounting plugin CableComponent
LogPluginManager: Mounting plugin CustomMeshComponent
LogPluginManager: Mounting plugin EditableMesh
LogPluginManager: Mounting plugin ExampleDeviceProfileSelector
LogPluginManager: Mounting plugin Firebase
LogPluginManager: Mounting plugin GoogleCloudMessaging
LogPluginManager: Mounting plugin IOSDeviceProfileSelector
LogPluginManager: Mounting plugin LinuxDeviceProfileSelector
LogPluginManager: Mounting plugin LocationServicesBPLibrary
LogPluginManager: Mounting plugin MobilePatchingUtils
LogPluginManager: Mounting plugin OculusVR
LogPluginManager: Mounting plugin PhysXVehicles
LogPluginManager: Mounting plugin ProceduralMeshComponent
LogPluginManager: Mounting plugin RuntimePhysXCooking
LogPluginManager: Mounting plugin SteamVR
LogPluginManager: Mounting plugin WebMMoviePlayer
LogPluginManager: Mounting plugin WindowsMoviePlayer
LogStreaming: Display: Took  0.168s to configure plugins.
LogInit: Using libcurl 7.55.1-DEV
LogInit:  - built for x86_64-pc-win32
LogInit:  - supports SSL with OpenSSL/1.0.2h
LogInit:  - supports HTTP deflate (compression) using libz 1.2.8
LogInit:  - other features:
LogInit:      CURL_VERSION_SSL
LogInit:      CURL_VERSION_LIBZ
LogInit:      CURL_VERSION_IPV6
LogInit:      CURL_VERSION_ASYNCHDNS
LogInit:      CURL_VERSION_LARGEFILE
LogInit:      CURL_VERSION_IDN
LogInit:  CurlRequestOptions (configurable via config and command line):
LogInit:  - bVerifyPeer = true  - Libcurl will verify peer certificate
LogInit:  - bUseHttpProxy = false  - Libcurl will NOT use HTTP proxy
LogInit:  - bDontReuseConnections = false  - Libcurl will reuse connections
LogInit:  - MaxHostConnections = 16  - Libcurl will limit the number of connections to a host
LogInit:  - LocalHostAddr = Default
LogInit:  - BufferSize = 65536
LogInit: WinSock: version 1.1 (2.2), MaxSocks=32767, MaxUdp=65467
LogInit: Build: ++UE4+Release-4.21-CL-4753647
LogInit: Engine Version: 4.21.2-4753647+++UE4+Release-4.21
LogInit: Compatible Engine Version: 4.21.0-4541578+++UE4+Release-4.21
LogInit: Net CL: 4541578
LogInit: OS: Windows 10 (), CPU: Intel(R) Core(TM) i5-4210H CPU @ 2.90GHz, GPU: Intel(R) HD Graphics 4600
LogInit: Compiled (64-bit): Jan 19 2019 02:07:31
LogInit: Compiled with Visual C++: 19.13.26129.00
LogInit: Build Configuration: Development
LogInit: Branch Name: ++UE4+Release-4.21
LogInit: Command Line: 
LogInit: Base Directory: E:/UE_4.21/Engine/Binaries/Win64/
LogInit: Installed Engine Build: 1
LogDevObjectVersion: Number of dev versions registered: 22
LogDevObjectVersion:   Dev-Blueprints (B0D832E4-1F89-4F0D-ACCF-7EB736FD4AA2): 10
LogDevObjectVersion:   Dev-Build (E1C64328-A22C-4D53-A36C-8E866417BD8C): 0
LogDevObjectVersion:   Dev-Core (375EC13C-06E4-48FB-B500-84F0262A717E): 2
LogDevObjectVersion:   Dev-Editor (E4B068ED-F494-42E9-A231-DA0B2E46BB41): 26
LogDevObjectVersion:   Dev-Framework (CFFC743F-43B0-4480-9391-14DF171D2073): 34
LogDevObjectVersion:   Dev-Mobile (B02B49B5-BB20-44E9-A304-32B752E40360): 2
LogDevObjectVersion:   Dev-Networking (A4E4105C-59A1-49B5-A7C5-40C4547EDFEE): 0
LogDevObjectVersion:   Dev-Online (39C831C9-5AE6-47DC-9A44-9C173E1C8E7C): 0
LogDevObjectVersion:   Dev-Physics (78F01B33-EBEA-4F98-B9B4-84EACCB95AA2): 0
LogDevObjectVersion:   Dev-Platform (6631380F-2D4D-43E0-8009-CF276956A95A): 0
LogDevObjectVersion:   Dev-Rendering (12F88B9F-8875-4AFC-A67C-D90C383ABD29): 27
LogDevObjectVersion:   Dev-Sequencer (7B5AE74C-D270-4C10-A958-57980B212A5A): 9
LogDevObjectVersion:   Dev-VR (D7296918-1DD6-4BDD-9DE2-64A83CC13884): 2
LogDevObjectVersion:   Dev-LoadTimes (C2A15278-BFE7-4AFE-6C17-90FF531DF755): 1
LogDevObjectVersion:   Private-Geometry (6EACA3D4-40EC-4CC1-B786-8BED09428FC5): 3
LogDevObjectVersion:   Dev-AnimPhys (29E575DD-E0A3-4627-9D10-D276232CDCEA): 17
LogDevObjectVersion:   Dev-Anim (AF43A65D-7FD3-4947-9873-3E8ED9C1BB05): 2
LogDevObjectVersion:   Dev-ReflectionCapture (6B266CEC-1EC7-4B8F-A30B-E4D90942FC07): 1
LogDevObjectVersion:   Dev-Automation (0DF73D61-A23F-47EA-B727-89E90C41499A): 1
LogDevObjectVersion:   FortniteMain (601D1886-AC64-4F84-AA16-D3DE0DEAC7D6): 17
LogDevObjectVersion:   Dev-Enterprise (9DFFBCD6-494F-0158-E221-12823C92A888): 4
LogDevObjectVersion:   Dev-Niagara (F2AED0AC-9AFE-416F-8664-AA7FFA26D6FC): 1
LogStreaming: Display: Took  0.004s to delete old logs.
LogInit: Presizing for max 8388607 objects, including 0 objects not considered by GC, pre-allocating 0 bytes for permanent pool.
LogInit: Object subsystem initialized
LogConfig: Setting CVar [[con.DebugEarlyDefault:1]]
LogConfig: Setting CVar [[r.setres:1280x720]]
[2019.03.12-06.50.19:018][  0]LogConfig: Setting CVar [[r.VSync:0]]
[2019.03.12-06.50.19:018][  0]LogConfig: Setting CVar [[r.RHICmdBypass:0]]
[2019.03.12-06.50.19:018][  0]LogConfig: Applying CVar settings from Section [/Script/Engine.RendererSettings] File [E:/Github/humanstuffFinal/MyProject3/Saved/Config/Windows/Engine.ini]
[2019.03.12-06.50.19:018][  0]LogConfig: Setting CVar [[r.GPUCrashDebugging:0]]
[2019.03.12-06.50.19:018][  0]LogConfig: Applying CVar settings from Section [/Script/Engine.RendererOverrideSettings] File [E:/Github/humanstuffFinal/MyProject3/Saved/Config/Windows/Engine.ini]
[2019.03.12-06.50.19:018][  0]LogConfig: Applying CVar settings from Section [/Script/Engine.StreamingSettings] File [E:/Github/humanstuffFinal/MyProject3/Saved/Config/Windows/Engine.ini]
[2019.03.12-06.50.19:018][  0]LogConfig: Setting CVar [[s.MinBulkDataSizeForAsyncLoading:131072]]
[2019.03.12-06.50.19:018][  0]LogConfig: Setting CVar [[s.AsyncLoadingThreadEnabled:0]]
[2019.03.12-06.50.19:018][  0]LogConfig: Setting CVar [[s.EventDrivenLoaderEnabled:1]]
[2019.03.12-06.50.19:018][  0]LogConfig: Setting CVar [[s.WarnIfTimeLimitExceeded:0]]
[2019.03.12-06.50.19:018][  0]LogConfig: Setting CVar [[s.TimeLimitExceededMultiplier:1.5]]
[2019.03.12-06.50.19:018][  0]LogConfig: Setting CVar [[s.TimeLimitExceededMinTime:0.005]]
[2019.03.12-06.50.19:018][  0]LogConfig: Setting CVar [[s.UseBackgroundLevelStreaming:1]]
[2019.03.12-06.50.19:018][  0]LogConfig: Setting CVar [[s.PriorityAsyncLoadingExtraTime:15.0]]
[2019.03.12-06.50.19:018][  0]LogConfig: Setting CVar [[s.LevelStreamingActorsUpdateTimeLimit:5.0]]
[2019.03.12-06.50.19:018][  0]LogConfig: Setting CVar [[s.PriorityLevelStreamingActorsUpdateExtraTime:5.0]]
[2019.03.12-06.50.19:018][  0]LogConfig: Setting CVar [[s.LevelStreamingComponentsRegistrationGranularity:10]]
[2019.03.12-06.50.19:018][  0]LogConfig: Setting CVar [[s.UnregisterComponentsTimeLimit:1.0]]
[2019.03.12-06.50.19:018][  0]LogConfig: Setting CVar [[s.LevelStreamingComponentsUnregistrationGranularity:5]]
[2019.03.12-06.50.19:018][  0]LogConfig: Applying CVar settings from Section [/Script/Engine.GarbageCollectionSettings] File [E:/Github/humanstuffFinal/MyProject3/Saved/Config/Windows/Engine.ini]
[2019.03.12-06.50.19:018][  0]LogConfig: Setting CVar [[gc.MaxObjectsNotConsideredByGC:1]]
[2019.03.12-06.50.19:018][  0]LogConfig: Setting CVar [[gc.SizeOfPermanentObjectPool:0]]
[2019.03.12-06.50.19:018][  0]LogConfig: Setting CVar [[gc.FlushStreamingOnGC:0]]
[2019.03.12-06.50.19:018][  0]LogConfig: Setting CVar [[gc.NumRetriesBeforeForcingGC:10]]
[2019.03.12-06.50.19:018][  0]LogConfig: Setting CVar [[gc.AllowParallelGC:1]]
[2019.03.12-06.50.19:018][  0]LogConfig: Setting CVar [[gc.TimeBetweenPurgingPendingKillObjects:61.1]]
[2019.03.12-06.50.19:018][  0]LogConfig: Setting CVar [[gc.MaxObjectsInEditor:8388607]]
[2019.03.12-06.50.19:018][  0]LogConfig: Setting CVar [[gc.IncrementalBeginDestroyEnabled:1]]
[2019.03.12-06.50.19:018][  0]LogConfig: Setting CVar [[gc.CreateGCClusters:1]]
[2019.03.12-06.50.19:018][  0]LogConfig: Setting CVar [[gc.MergeGCClusters:0]]
[2019.03.12-06.50.19:018][  0]LogConfig: Setting CVar [[gc.MinGCClusterSize:5]]
[2019.03.12-06.50.19:018][  0]LogConfig: Setting CVar [[gc.ActorClusteringEnabled:0]]
[2019.03.12-06.50.19:018][  0]LogConfig: Setting CVar [[gc.BlueprintClusteringEnabled:0]]
[2019.03.12-06.50.19:018][  0]LogConfig: Setting CVar [[gc.UseDisregardForGCOnDedicatedServers:0]]
[2019.03.12-06.50.19:018][  0]LogConfig: Applying CVar settings from Section [/Script/Engine.NetworkSettings] File [E:/Github/humanstuffFinal/MyProject3/Saved/Config/Windows/Engine.ini]
[2019.03.12-06.50.19:018][  0]LogConfig: Applying CVar settings from Section [/Script/UnrealEd.CookerSettings] File [E:/Github/humanstuffFinal/MyProject3/Saved/Config/Windows/Engine.ini]
[2019.03.12-06.50.19:024][  0]LogConfig: Applying CVar settings from Section [ViewDistanceQuality@3] File [E:/Github/humanstuffFinal/MyProject3/Saved/Config/Windows/Scalability.ini]
[2019.03.12-06.50.19:024][  0]LogConfig: Setting CVar [[r.SkeletalMeshLODBias:0]]
[2019.03.12-06.50.19:024][  0]LogConfig: Setting CVar [[r.ViewDistanceScale:1.0]]
[2019.03.12-06.50.19:024][  0]LogConfig: Applying CVar settings from Section [AntiAliasingQuality@3] File [E:/Github/humanstuffFinal/MyProject3/Saved/Config/Windows/Scalability.ini]
[2019.03.12-06.50.19:024][  0]LogConfig: Setting CVar [[r.PostProcessAAQuality:3]]
[2019.03.12-06.50.19:024][  0]LogConfig: Applying CVar settings from Section [ShadowQuality@3] File [E:/Github/humanstuffFinal/MyProject3/Saved/Config/Windows/Scalability.ini]
[2019.03.12-06.50.19:024][  0]LogConfig: Setting CVar [[r.LightFunctionQuality:1]]
[2019.03.12-06.50.19:024][  0]LogConfig: Setting CVar [[r.ShadowQuality:5]]
[2019.03.12-06.50.19:024][  0]LogConfig: Setting CVar [[r.Shadow.CSM.MaxCascades:10]]
[2019.03.12-06.50.19:024][  0]LogConfig: Setting CVar [[r.Shadow.MaxResolution:2048]]
[2019.03.12-06.50.19:024][  0]LogConfig: Setting CVar [[r.Shadow.MaxCSMResolution:2048]]
[2019.03.12-06.50.19:024][  0]LogConfig: Setting CVar [[r.Shadow.RadiusThreshold:0.01]]
[2019.03.12-06.50.19:024][  0]LogConfig: Setting CVar [[r.Shadow.DistanceScale:1.0]]
[2019.03.12-06.50.19:024][  0]LogConfig: Setting CVar [[r.Shadow.CSM.TransitionScale:1.0]]
[2019.03.12-06.50.19:024][  0]LogConfig: Setting CVar [[r.Shadow.PreShadowResolutionFactor:1.0]]
[2019.03.12-06.50.19:024][  0]LogConfig: Setting CVar [[r.DistanceFieldShadowing:1]]
[2019.03.12-06.50.19:024][  0]LogConfig: Setting CVar [[r.DistanceFieldAO:1]]
[2019.03.12-06.50.19:024][  0]LogConfig: Setting CVar [[r.AOQuality:2]]
[2019.03.12-06.50.19:024][  0]LogConfig: Setting CVar [[r.VolumetricFog:1]]
[2019.03.12-06.50.19:024][  0]LogConfig: Setting CVar [[r.VolumetricFog.GridPixelSize:8]]
[2019.03.12-06.50.19:024][  0]LogConfig: Setting CVar [[r.VolumetricFog.GridSizeZ:128]]
[2019.03.12-06.50.19:025][  0]LogConfig: Setting CVar [[r.VolumetricFog.HistoryMissSupersampleCount:4]]
[2019.03.12-06.50.19:025][  0]LogConfig: Setting CVar [[r.LightMaxDrawDistanceScale:1]]
[2019.03.12-06.50.19:025][  0]LogConfig: Setting CVar [[r.CapsuleShadows:1]]
[2019.03.12-06.50.19:025][  0]LogConfig: Applying CVar settings from Section [PostProcessQuality@3] File [E:/Github/humanstuffFinal/MyProject3/Saved/Config/Windows/Scalability.ini]
[2019.03.12-06.50.19:025][  0]LogConfig: Setting CVar [[r.MotionBlurQuality:0]]
[2019.03.12-06.50.19:025][  0]LogConfig: Setting CVar [[r.AmbientOcclusionMipLevelFactor:0.4]]
[2019.03.12-06.50.19:025][  0]LogConfig: Setting CVar [[r.AmbientOcclusionMaxQuality:100]]
[2019.03.12-06.50.19:025][  0]LogConfig: Setting CVar [[r.AmbientOcclusionLevels:0]]
[2019.03.12-06.50.19:025][  0]LogConfig: Setting CVar [[r.AmbientOcclusionRadiusScale:1.0]]
[2019.03.12-06.50.19:025][  0]LogConfig: Setting CVar [[r.DepthOfFieldQuality:0]]
[2019.03.12-06.50.19:025][  0]LogConfig: Setting CVar [[r.RenderTargetPoolMin:400]]
[2019.03.12-06.50.19:025][  0]LogConfig: Setting CVar [[r.LensFlareQuality:0]]
[2019.03.12-06.50.19:025][  0]LogConfig: Setting CVar [[r.SceneColorFringeQuality:0]]
[2019.03.12-06.50.19:025][  0]LogConfig: Setting CVar [[r.EyeAdaptationQuality:2]]
[2019.03.12-06.50.19:025][  0]LogConfig: Setting CVar [[r.BloomQuality:1]]
[2019.03.12-06.50.19:025][  0]LogConfig: Setting CVar [[r.FastBlurThreshold:0]]
[2019.03.12-06.50.19:025][  0]LogConfig: Setting CVar [[r.Upscale.Quality:3]]
[2019.03.12-06.50.19:025][  0]LogConfig: Setting CVar [[r.Tonemapper.GrainQuantization:1]]
[2019.03.12-06.50.19:025][  0]LogConfig: Setting CVar [[r.LightShaftQuality:1]]
[2019.03.12-06.50.19:025][  0]LogConfig: Setting CVar [[r.Filter.SizeScale:1]]
[2019.03.12-06.50.19:026][  0]LogConfig: Setting CVar [[r.Tonemapper.Quality:5]]
[2019.03.12-06.50.19:026][  0]LogConfig: Setting CVar [[r.DOF.Gather.AccumulatorQuality:1        ; higher gathering accumulator quality]]
[2019.03.12-06.50.19:026][  0]LogConfig: Setting CVar [[r.DOF.Gather.PostfilterMethod:1          ; Median3x3 postfilering method]]
[2019.03.12-06.50.19:026][  0]LogConfig: Setting CVar [[r.DOF.Gather.EnableBokehSettings:0       ; no bokeh simulation when gathering]]
[2019.03.12-06.50.19:026][  0]LogConfig: Setting CVar [[r.DOF.Gather.RingCount:4                 ; medium number of samples when gathering]]
[2019.03.12-06.50.19:026][  0]LogConfig: Setting CVar [[r.DOF.Scatter.ForegroundCompositing:1    ; additive foreground scattering]]
[2019.03.12-06.50.19:026][  0]LogConfig: Setting CVar [[r.DOF.Scatter.BackgroundCompositing:2    ; additive background scattering]]
[2019.03.12-06.50.19:026][  0]LogConfig: Setting CVar [[r.DOF.Scatter.EnableBokehSettings:1      ; bokeh simulation when scattering]]
[2019.03.12-06.50.19:026][  0]LogConfig: Setting CVar [[r.DOF.Scatter.MaxSpriteRatio:0.1         ; only a maximum of 10% of scattered bokeh]]
[2019.03.12-06.50.19:026][  0]LogConfig: Setting CVar [[r.DOF.Recombine.Quality:1                ; cheap slight out of focus]]
[2019.03.12-06.50.19:026][  0]LogConfig: Setting CVar [[r.DOF.Recombine.EnableBokehSettings:0    ; no bokeh simulation on slight out of focus]]
[2019.03.12-06.50.19:026][  0]LogConfig: Setting CVar [[r.DOF.TemporalAAQuality:1                ; more stable temporal accumulation]]
[2019.03.12-06.50.19:026][  0]LogConfig: Setting CVar [[r.DOF.Kernel.MaxForegroundRadius:0.025]]
[2019.03.12-06.50.19:026][  0]LogConfig: Setting CVar [[r.DOF.Kernel.MaxBackgroundRadius:0.025]]
[2019.03.12-06.50.19:026][  0]LogConfig: Applying CVar settings from Section [TextureQuality@3] File [E:/Github/humanstuffFinal/MyProject3/Saved/Config/Windows/Scalability.ini]
[2019.03.12-06.50.19:026][  0]LogConfig: Setting CVar [[r.Streaming.MipBias:0]]
[2019.03.12-06.50.19:026][  0]LogConfig: Setting CVar [[r.Streaming.AmortizeCPUToGPUCopy:0]]
[2019.03.12-06.50.19:026][  0]LogConfig: Setting CVar [[r.Streaming.MaxNumTexturesToStreamPerFrame:0]]
[2019.03.12-06.50.19:026][  0]LogConfig: Setting CVar [[r.Streaming.Boost:1]]
[2019.03.12-06.50.19:027][  0]LogConfig: Setting CVar [[r.MaxAnisotropy:8]]
[2019.03.12-06.50.19:027][  0]LogConfig: Setting CVar [[r.Streaming.LimitPoolSizeToVRAM:0]]
[2019.03.12-06.50.19:027][  0]LogConfig: Setting CVar [[r.Streaming.PoolSize:1000]]
[2019.03.12-06.50.19:027][  0]LogConfig: Setting CVar [[r.Streaming.MaxEffectiveScreenSize:0]]
[2019.03.12-06.50.19:027][  0]LogConfig: Applying CVar settings from Section [EffectsQuality@3] File [E:/Github/humanstuffFinal/MyProject3/Saved/Config/Windows/Scalability.ini]
[2019.03.12-06.50.19:027][  0]LogConfig: Setting CVar [[r.TranslucencyLightingVolumeDim:4]]
[2019.03.12-06.50.19:027][  0]LogConfig: Setting CVar [[r.RefractionQuality:2]]
[2019.03.12-06.50.19:027][  0]LogConfig: Setting CVar [[r.SSR.Quality:0]]
[2019.03.12-06.50.19:027][  0]LogConfig: Setting CVar [[r.SceneColorFormat:2]]
[2019.03.12-06.50.19:027][  0]LogConfig: Setting CVar [[r.DetailMode:2]]
[2019.03.12-06.50.19:027][  0]LogConfig: Setting CVar [[r.TranslucencyVolumeBlur:0]]
[2019.03.12-06.50.19:027][  0]LogConfig: Setting CVar [[r.MaterialQualityLevel:1 ; High quality]]
[2019.03.12-06.50.19:027][  0]LogConfig: Setting CVar [[r.SSS.Scale:1]]
[2019.03.12-06.50.19:027][  0]LogConfig: Setting CVar [[r.SSS.SampleSet:2]]
[2019.03.12-06.50.19:027][  0]LogConfig: Setting CVar [[r.SSS.Quality:1]]
[2019.03.12-06.50.19:027][  0]LogConfig: Setting CVar [[r.SSS.HalfRes:1]]
[2019.03.12-06.50.19:027][  0]LogConfig: Setting CVar [[r.EmitterSpawnRateScale:1.0]]
[2019.03.12-06.50.19:027][  0]LogConfig: Setting CVar [[r.ParticleLightQuality:2]]
[2019.03.12-06.50.19:027][  0]LogConfig: Applying CVar settings from Section [FoliageQuality@3] File [E:/Github/humanstuffFinal/MyProject3/Saved/Config/Windows/Scalability.ini]
[2019.03.12-06.50.19:027][  0]LogConfig: Setting CVar [[foliage.DensityScale:1.0]]
[2019.03.12-06.50.19:027][  0]LogConfig: Setting CVar [[grass.DensityScale:1.0]]
[2019.03.12-06.50.19:028][  0]LogInit: Selected Device Profile: [Windows]
[2019.03.12-06.50.19:028][  0]LogInit: Applying CVar settings loaded from the selected device profile: [Windows]
[2019.03.12-06.50.19:047][  0]LogHAL: Display: Platform has ~ 16 GB [17087881216 / 17179869184 / 16], which maps to Larger [LargestMinGB=32, LargerMinGB=12, DefaultMinGB=8, SmallerMinGB=6, SmallestMinGB=0)
[2019.03.12-06.50.19:047][  0]LogConfig: Setting CVar [[r.Vulkan.UseRealUBs:1]]
[2019.03.12-06.50.19:047][  0]LogInit: Going up to parent DeviceProfile []
[2019.03.12-06.50.19:047][  0]LogConfig: Applying CVar settings from Section [ViewDistanceQuality@3] File [E:/Github/humanstuffFinal/MyProject3/Saved/Config/Windows/Scalability.ini]
[2019.03.12-06.50.19:047][  0]LogConfig: Setting CVar [[r.SkeletalMeshLODBias:0]]
[2019.03.12-06.50.19:047][  0]LogConfig: Setting CVar [[r.ViewDistanceScale:1.0]]
[2019.03.12-06.50.19:047][  0]LogConfig: Applying CVar settings from Section [AntiAliasingQuality@3] File [E:/Github/humanstuffFinal/MyProject3/Saved/Config/Windows/Scalability.ini]
[2019.03.12-06.50.19:047][  0]LogConfig: Setting CVar [[r.PostProcessAAQuality:3]]
[2019.03.12-06.50.19:047][  0]LogConfig: Applying CVar settings from Section [ShadowQuality@3] File [E:/Github/humanstuffFinal/MyProject3/Saved/Config/Windows/Scalability.ini]
[2019.03.12-06.50.19:047][  0]LogConfig: Setting CVar [[r.LightFunctionQuality:1]]
[2019.03.12-06.50.19:047][  0]LogConfig: Setting CVar [[r.ShadowQuality:5]]
[2019.03.12-06.50.19:047][  0]LogConfig: Setting CVar [[r.Shadow.CSM.MaxCascades:10]]
[2019.03.12-06.50.19:047][  0]LogConfig: Setting CVar [[r.Shadow.MaxResolution:2048]]
[2019.03.12-06.50.19:048][  0]LogConfig: Setting CVar [[r.Shadow.MaxCSMResolution:2048]]
[2019.03.12-06.50.19:048][  0]LogConfig: Setting CVar [[r.Shadow.RadiusThreshold:0.01]]
[2019.03.12-06.50.19:048][  0]LogConfig: Setting CVar [[r.Shadow.DistanceScale:1.0]]
[2019.03.12-06.50.19:048][  0]LogConfig: Setting CVar [[r.Shadow.CSM.TransitionScale:1.0]]
[2019.03.12-06.50.19:048][  0]LogConfig: Setting CVar [[r.Shadow.PreShadowResolutionFactor:1.0]]
[2019.03.12-06.50.19:048][  0]LogConfig: Setting CVar [[r.DistanceFieldShadowing:1]]
[2019.03.12-06.50.19:048][  0]LogConfig: Setting CVar [[r.DistanceFieldAO:1]]
[2019.03.12-06.50.19:048][  0]LogConfig: Setting CVar [[r.AOQuality:2]]
[2019.03.12-06.50.19:048][  0]LogConfig: Setting CVar [[r.VolumetricFog:1]]
[2019.03.12-06.50.19:048][  0]LogConfig: Setting CVar [[r.VolumetricFog.GridPixelSize:8]]
[2019.03.12-06.50.19:048][  0]LogConfig: Setting CVar [[r.VolumetricFog.GridSizeZ:128]]
[2019.03.12-06.50.19:048][  0]LogConfig: Setting CVar [[r.VolumetricFog.HistoryMissSupersampleCount:4]]
[2019.03.12-06.50.19:048][  0]LogConfig: Setting CVar [[r.LightMaxDrawDistanceScale:1]]
[2019.03.12-06.50.19:048][  0]LogConfig: Setting CVar [[r.CapsuleShadows:1]]
[2019.03.12-06.50.19:048][  0]LogConfig: Applying CVar settings from Section [PostProcessQuality@3] File [E:/Github/humanstuffFinal/MyProject3/Saved/Config/Windows/Scalability.ini]
[2019.03.12-06.50.19:048][  0]LogConfig: Setting CVar [[r.MotionBlurQuality:0]]
[2019.03.12-06.50.19:048][  0]LogConfig: Setting CVar [[r.AmbientOcclusionMipLevelFactor:0.4]]
[2019.03.12-06.50.19:048][  0]LogConfig: Setting CVar [[r.AmbientOcclusionMaxQuality:100]]
[2019.03.12-06.50.19:048][  0]LogConfig: Setting CVar [[r.AmbientOcclusionLevels:0]]
[2019.03.12-06.50.19:048][  0]LogConfig: Setting CVar [[r.AmbientOcclusionRadiusScale:1.0]]
[2019.03.12-06.50.19:048][  0]LogConfig: Setting CVar [[r.DepthOfFieldQuality:0]]
[2019.03.12-06.50.19:048][  0]LogConfig: Setting CVar [[r.RenderTargetPoolMin:400]]
[2019.03.12-06.50.19:048][  0]LogConfig: Setting CVar [[r.LensFlareQuality:0]]
[2019.03.12-06.50.19:048][  0]LogConfig: Setting CVar [[r.SceneColorFringeQuality:0]]
[2019.03.12-06.50.19:048][  0]LogConfig: Setting CVar [[r.EyeAdaptationQuality:2]]
[2019.03.12-06.50.19:048][  0]LogConfig: Setting CVar [[r.BloomQuality:1]]
[2019.03.12-06.50.19:048][  0]LogConfig: Setting CVar [[r.FastBlurThreshold:0]]
[2019.03.12-06.50.19:048][  0]LogConfig: Setting CVar [[r.Upscale.Quality:3]]
[2019.03.12-06.50.19:048][  0]LogConfig: Setting CVar [[r.Tonemapper.GrainQuantization:1]]
[2019.03.12-06.50.19:048][  0]LogConfig: Setting CVar [[r.LightShaftQuality:1]]
[2019.03.12-06.50.19:048][  0]LogConfig: Setting CVar [[r.Filter.SizeScale:1]]
[2019.03.12-06.50.19:048][  0]LogConfig: Setting CVar [[r.Tonemapper.Quality:5]]
[2019.03.12-06.50.19:048][  0]LogConfig: Setting CVar [[r.DOF.Gather.AccumulatorQuality:1        ; higher gathering accumulator quality]]
[2019.03.12-06.50.19:048][  0]LogConfig: Setting CVar [[r.DOF.Gather.PostfilterMethod:1          ; Median3x3 postfilering method]]
[2019.03.12-06.50.19:048][  0]LogConfig: Setting CVar [[r.DOF.Gather.EnableBokehSettings:0       ; no bokeh simulation when gathering]]
[2019.03.12-06.50.19:048][  0]LogConfig: Setting CVar [[r.DOF.Gather.RingCount:4                 ; medium number of samples when gathering]]
[2019.03.12-06.50.19:048][  0]LogConfig: Setting CVar [[r.DOF.Scatter.ForegroundCompositing:1    ; additive foreground scattering]]
[2019.03.12-06.50.19:048][  0]LogConfig: Setting CVar [[r.DOF.Scatter.BackgroundCompositing:2    ; additive background scattering]]
[2019.03.12-06.50.19:048][  0]LogConfig: Setting CVar [[r.DOF.Scatter.EnableBokehSettings:1      ; bokeh simulation when scattering]]
[2019.03.12-06.50.19:048][  0]LogConfig: Setting CVar [[r.DOF.Scatter.MaxSpriteRatio:0.1         ; only a maximum of 10% of scattered bokeh]]
[2019.03.12-06.50.19:048][  0]LogConfig: Setting CVar [[r.DOF.Recombine.Quality:1                ; cheap slight out of focus]]
[2019.03.12-06.50.19:048][  0]LogConfig: Setting CVar [[r.DOF.Recombine.EnableBokehSettings:0    ; no bokeh simulation on slight out of focus]]
[2019.03.12-06.50.19:048][  0]LogConfig: Setting CVar [[r.DOF.TemporalAAQuality:1                ; more stable temporal accumulation]]
[2019.03.12-06.50.19:048][  0]LogConfig: Setting CVar [[r.DOF.Kernel.MaxForegroundRadius:0.025]]
[2019.03.12-06.50.19:048][  0]LogConfig: Setting CVar [[r.DOF.Kernel.MaxBackgroundRadius:0.025]]
[2019.03.12-06.50.19:048][  0]LogConfig: Applying CVar settings from Section [TextureQuality@3] File [E:/Github/humanstuffFinal/MyProject3/Saved/Config/Windows/Scalability.ini]
[2019.03.12-06.50.19:048][  0]LogConfig: Setting CVar [[r.Streaming.MipBias:0]]
[2019.03.12-06.50.19:048][  0]LogConfig: Setting CVar [[r.Streaming.AmortizeCPUToGPUCopy:0]]
[2019.03.12-06.50.19:048][  0]LogConfig: Setting CVar [[r.Streaming.MaxNumTexturesToStreamPerFrame:0]]
[2019.03.12-06.50.19:048][  0]LogConfig: Setting CVar [[r.Streaming.Boost:1]]
[2019.03.12-06.50.19:048][  0]LogConfig: Setting CVar [[r.MaxAnisotropy:8]]
[2019.03.12-06.50.19:049][  0]LogConfig: Setting CVar [[r.Streaming.LimitPoolSizeToVRAM:0]]
[2019.03.12-06.50.19:049][  0]LogConfig: Setting CVar [[r.Streaming.PoolSize:1000]]
[2019.03.12-06.50.19:049][  0]LogConfig: Setting CVar [[r.Streaming.MaxEffectiveScreenSize:0]]
[2019.03.12-06.50.19:049][  0]LogConfig: Applying CVar settings from Section [EffectsQuality@3] File [E:/Github/humanstuffFinal/MyProject3/Saved/Config/Windows/Scalability.ini]
[2019.03.12-06.50.19:049][  0]LogConfig: Setting CVar [[r.TranslucencyLightingVolumeDim:4]]
[2019.03.12-06.50.19:049][  0]LogConfig: Setting CVar [[r.RefractionQuality:2]]
[2019.03.12-06.50.19:049][  0]LogConfig: Setting CVar [[r.SSR.Quality:0]]
[2019.03.12-06.50.19:049][  0]LogConfig: Setting CVar [[r.SceneColorFormat:2]]
[2019.03.12-06.50.19:049][  0]LogConfig: Setting CVar [[r.DetailMode:2]]
[2019.03.12-06.50.19:049][  0]LogConfig: Setting CVar [[r.TranslucencyVolumeBlur:0]]
[2019.03.12-06.50.19:049][  0]LogConfig: Setting CVar [[r.MaterialQualityLevel:1 ; High quality]]
[2019.03.12-06.50.19:049][  0]LogConfig: Setting CVar [[r.SSS.Scale:1]]
[2019.03.12-06.50.19:049][  0]LogConfig: Setting CVar [[r.SSS.SampleSet:2]]
[2019.03.12-06.50.19:049][  0]LogConfig: Setting CVar [[r.SSS.Quality:1]]
[2019.03.12-06.50.19:049][  0]LogConfig: Setting CVar [[r.SSS.HalfRes:1]]
[2019.03.12-06.50.19:049][  0]LogConfig: Setting CVar [[r.EmitterSpawnRateScale:1.0]]
[2019.03.12-06.50.19:049][  0]LogConfig: Setting CVar [[r.ParticleLightQuality:2]]
[2019.03.12-06.50.19:049][  0]LogConfig: Applying CVar settings from Section [FoliageQuality@3] File [E:/Github/humanstuffFinal/MyProject3/Saved/Config/Windows/Scalability.ini]
[2019.03.12-06.50.19:049][  0]LogConfig: Setting CVar [[foliage.DensityScale:1.0]]
[2019.03.12-06.50.19:049][  0]LogConfig: Setting CVar [[grass.DensityScale:1.0]]
[2019.03.12-06.50.19:049][  0]LogConfig: Applying CVar settings from Section [Startup] File [../../../Engine/Config/ConsoleVariables.ini]
[2019.03.12-06.50.19:049][  0]LogConfig: Setting CVar [[net.UseAdaptiveNetUpdateFrequency:0]]
[2019.03.12-06.50.19:049][  0]LogConfig: Applying CVar settings from Section [ConsoleVariables] File [E:/Github/humanstuffFinal/MyProject3/Saved/Config/Windows/Engine.ini]
[2019.03.12-06.50.19:050][  0]LogInit: Computer: LANCE
[2019.03.12-06.50.19:050][  0]LogInit: User: Ailsa
[2019.03.12-06.50.19:050][  0]LogInit: CPU Page size=4096, Cores=2
[2019.03.12-06.50.19:050][  0]LogInit: High frequency timer resolution =2.825500 MHz
[2019.03.12-06.50.19:050][  0]LogMemory: Memory total: Physical=15.9GB (16GB approx)
[2019.03.12-06.50.19:050][  0]LogMemory: Platform Memory Stats for Windows
[2019.03.12-06.50.19:050][  0]LogMemory: Process Physical Memory: 104.94 MB used, 104.94 MB peak
[2019.03.12-06.50.19:050][  0]LogMemory: Process Virtual Memory: 103.25 MB used, 103.25 MB peak
[2019.03.12-06.50.19:051][  0]LogMemory: Physical Memory: 9075.98 MB used,  7220.30 MB free, 16296.27 MB total
[2019.03.12-06.50.19:051][  0]LogMemory: Virtual Memory: 4647.43 MB used,  134213080.00 MB free, 134217728.00 MB total
[2019.03.12-06.50.19:816][  0]LogInit: Using OS detected language (en-US).
[2019.03.12-06.50.19:816][  0]LogInit: Using OS detected locale (en-US).
[2019.03.12-06.50.19:817][  0]LogTextLocalizationManager: No specific localization for 'en-US' exists, so the 'en' localization will be used.
[2019.03.12-06.50.20:440][  0]LogStreaming: Display: Took  0.624s to InitEngineTextLocalization.
[2019.03.12-06.50.20:440][  0]LogInit: Setting process to per monitor DPI aware
[2019.03.12-06.50.20:478][  0]LogSlate: New Slate User Created.  User Index 0, Is Virtual User: 0
[2019.03.12-06.50.20:478][  0]LogSlate: Slate User Registered.  User Index 0, Is Virtual User: 0
[2019.03.12-06.50.20:891][  0]LogHMD: Failed to initialize OpenVR with code 105
[2019.03.12-06.50.20:891][  0]LogD3D11RHI: D3D11 adapters:
[2019.03.12-06.50.20:950][  0]LogD3D11RHI:    0. 'NVIDIA GeForce GTX 960M' (Feature Level 11_0)
[2019.03.12-06.50.20:950][  0]LogD3D11RHI:       4064/0/8148 MB DedicatedVideo/DedicatedSystem/SharedSystem, Outputs:1, VendorId:0x10de
[2019.03.12-06.50.20:961][  0]LogD3D11RHI:    1. 'Intel(R) HD Graphics 4600' (Feature Level 11_0)
[2019.03.12-06.50.20:961][  0]LogD3D11RHI:       112/0/2048 MB DedicatedVideo/DedicatedSystem/SharedSystem, Outputs:0, VendorId:0x8086
[2019.03.12-06.50.20:966][  0]LogD3D11RHI:    2. 'Microsoft Basic Render Driver' (Feature Level 11_0)
[2019.03.12-06.50.20:966][  0]LogD3D11RHI:       0/0/8148 MB DedicatedVideo/DedicatedSystem/SharedSystem, Outputs:0, VendorId:0x1414
[2019.03.12-06.50.20:966][  0]LogD3D11RHI: Chosen D3D11 Adapter: 0
[2019.03.12-06.50.21:034][  0]LogD3D11RHI: Creating new Direct3DDevice
[2019.03.12-06.50.21:034][  0]LogD3D11RHI:     GPU DeviceId: 0x139b (for the marketing name, search the web for "GPU Device Id")
[2019.03.12-06.50.21:034][  0]LogWindows: EnumDisplayDevices:
[2019.03.12-06.50.21:034][  0]LogWindows:    0. 'Intel(R) HD Graphics 4600' (P:1 D:1)
[2019.03.12-06.50.21:036][  0]LogWindows:    1. 'Intel(R) HD Graphics 4600' (P:0 D:0)
[2019.03.12-06.50.21:037][  0]LogWindows:    2. 'Intel(R) HD Graphics 4600' (P:0 D:0)
[2019.03.12-06.50.21:038][  0]LogWindows: DebugString: PrimaryIsNotTheChoosenAdapter PrimaryIsNotTheChoosenAdapter PrimaryIsNotTheChoosenAdapter FoundDriverCount:0 
[2019.03.12-06.50.21:038][  0]LogD3D11RHI:     Adapter Name: NVIDIA GeForce GTX 960M
[2019.03.12-06.50.21:038][  0]LogD3D11RHI:   Driver Version: Unknown (internal:Unknown, unified:Unknown)
[2019.03.12-06.50.21:038][  0]LogD3D11RHI:      Driver Date: Unknown
[2019.03.12-06.50.21:038][  0]LogRHI: Texture pool is 2845 MB (70% of 4064 MB)
[2019.03.12-06.50.21:073][  0]LogD3D11RHI: Async texture creation enabled
[2019.03.12-06.50.21:089][  0]LogD3D11RHI: GPU Timing Frequency: 1000.000000 (Debug: 2 1)
[2019.03.12-06.50.21:961][  0]LogTemp: Display: Loaded TP AllDesktopTargetPlatform
[2019.03.12-06.50.21:990][  0]LogTemp: Display: Loaded TP MacClientTargetPlatform
[2019.03.12-06.50.22:023][  0]LogTemp: Display: Loaded TP MacNoEditorTargetPlatform
[2019.03.12-06.50.22:049][  0]LogTemp: Display: Loaded TP MacServerTargetPlatform
[2019.03.12-06.50.22:080][  0]LogTemp: Display: Loaded TP MacTargetPlatform
[2019.03.12-06.50.22:101][  0]LogTemp: Display: Loaded TP WindowsClientTargetPlatform
[2019.03.12-06.50.22:132][  0]LogTemp: Display: Loaded TP WindowsNoEditorTargetPlatform
[2019.03.12-06.50.22:160][  0]LogTemp: Display: Loaded TP WindowsServerTargetPlatform
[2019.03.12-06.50.22:176][  0]LogTemp: Display: Loaded TP WindowsTargetPlatform
[2019.03.12-06.50.22:354][  0]LogTemp: Display: Loaded TP AndroidTargetPlatform
[2019.03.12-06.50.22:354][  0]LogTemp: Display: Loaded TP AndroidTargetPlatform
[2019.03.12-06.50.22:354][  0]LogTemp: Display: Loaded TP AndroidTargetPlatform
[2019.03.12-06.50.22:354][  0]LogTemp: Display: Loaded TP AndroidTargetPlatform
[2019.03.12-06.50.22:354][  0]LogTemp: Display: Loaded TP AndroidTargetPlatform
[2019.03.12-06.50.22:354][  0]LogTemp: Display: Loaded TP AndroidTargetPlatform
[2019.03.12-06.50.22:354][  0]LogTemp: Display: Loaded TP AndroidTargetPlatform
[2019.03.12-06.50.22:354][  0]LogTemp: Display: Loaded TP AndroidTargetPlatform
[2019.03.12-06.50.22:354][  0]LogTemp: Display: Loaded TP AndroidTargetPlatform
[2019.03.12-06.50.22:354][  0]LogTemp: Display: Loaded TP AndroidTargetPlatform
[2019.03.12-06.50.22:354][  0]LogTemp: Display: Loaded TP AndroidTargetPlatform
[2019.03.12-06.50.22:354][  0]LogTemp: Display: Loaded TP AndroidTargetPlatform
[2019.03.12-06.50.22:354][  0]LogTemp: Display: Loaded TP AndroidTargetPlatform
[2019.03.12-06.50.22:354][  0]LogTemp: Display: Loaded TP AndroidTargetPlatform
[2019.03.12-06.50.22:354][  0]LogTemp: Display: Loaded TP AndroidTargetPlatform
[2019.03.12-06.50.22:354][  0]LogTemp: Display: Loaded TP AndroidTargetPlatform
[2019.03.12-06.50.22:354][  0]LogTemp: Display: Loaded TP AndroidTargetPlatform
[2019.03.12-06.50.22:354][  0]LogTemp: Display: Loaded TP AndroidTargetPlatform
[2019.03.12-06.50.22:356][  0]LogTemp: Display: Loaded TP HTML5TargetPlatform
[2019.03.12-06.50.22:452][  0]LogTemp: Display: Loaded TP IOSTargetPlatform
[2019.03.12-06.50.22:452][  0]LogTemp: Display: Loaded TP IOSTargetPlatform
[2019.03.12-06.50.22:498][  0]LogTemp: Display: Loaded TP TVOSTargetPlatform
[2019.03.12-06.50.22:498][  0]LogTemp: Display: Loaded TP TVOSTargetPlatform
[2019.03.12-06.50.22:522][  0]LogTemp: Display: Loaded TP LinuxClientTargetPlatform
[2019.03.12-06.50.22:553][  0]LogTemp: Display: Loaded TP LinuxNoEditorTargetPlatform
[2019.03.12-06.50.22:571][  0]LogTemp: Display: Loaded TP LinuxServerTargetPlatform
[2019.03.12-06.50.22:602][  0]LogTemp: Display: Loaded TP LinuxTargetPlatform
[2019.03.12-06.50.22:693][  0]LogTemp: Display: Loaded TP LuminTargetPlatform
[2019.03.12-06.50.22:693][  0]LogTemp: Display: Loaded TP LuminTargetPlatform
[2019.03.12-06.50.22:693][  0]LogTargetPlatformManager: Display: Building Assets For Windows
[2019.03.12-06.50.22:789][  0]LogShaderCompilers: Guid format shader working directory is 0 characters bigger than the processId version (../../../../Github/humanstuffFinal/MyProject3/Intermediate/Shaders/WorkingDirectory/90828/).
[2019.03.12-06.50.22:790][  0]LogShaderCompilers: Cleaned the shader compiler working directory 'C:/Users/Ailsa/AppData/Local/Temp/UnrealShaderWorkingDir/BBBC060948EEB35A40FC6BA0AC99941A/'.
[2019.03.12-06.50.22:793][  0]LogXGEController: Cleaning working directory: C:/Users/Ailsa/AppData/Local/Temp/UnrealXGEWorkingDir/
[2019.03.12-06.50.22:793][  0]LogXGEController: Cannot use XGE Controller as Incredibuild is not installed on this machine.
[2019.03.12-06.50.22:793][  0]LogShaderCompilers: Cannot use XGE Shader Compiler as Incredibuild is not installed on this machine.
[2019.03.12-06.50.22:793][  0]LogShaderCompilers: Display: Using Local Shader Compiler.
[2019.03.12-06.50.24:064][  0]LogDerivedDataCache: Display: Max Cache Size: 512 MB
[2019.03.12-06.50.24:175][  0]LogDerivedDataCache: Loaded boot cache 0.11s 71MB C:/Users/Ailsa/AppData/Local/UnrealEngine/4.21/DerivedDataCache/Boot.ddc.
[2019.03.12-06.50.24:175][  0]LogDerivedDataCache: Display: Loaded Boot cache: C:/Users/Ailsa/AppData/Local/UnrealEngine/4.21/DerivedDataCache/Boot.ddc
[2019.03.12-06.50.24:175][  0]LogDerivedDataCache: FDerivedDataBackendGraph:  Pak pak cache file ../../../../Github/humanstuffFinal/MyProject3/DerivedDataCache/DDC.ddp not found, will not use a pak cache.
[2019.03.12-06.50.24:175][  0]LogDerivedDataCache: Unable to find inner node Pak for hierarchical cache Hierarchy.
[2019.03.12-06.50.24:175][  0]LogDerivedDataCache: FDerivedDataBackendGraph:  CompressedPak pak cache file ../../../../Github/humanstuffFinal/MyProject3/DerivedDataCache/Compressed.ddp not found, will not use a pak cache.
[2019.03.12-06.50.24:175][  0]LogDerivedDataCache: Unable to find inner node CompressedPak for hierarchical cache Hierarchy.
[2019.03.12-06.50.24:207][  0]LogDerivedDataCache: Display: Pak cache opened for reading ../../../Engine/DerivedDataCache/Compressed.ddp.
[2019.03.12-06.50.24:207][  0]LogDerivedDataCache: FDerivedDataBackendGraph:  EnterprisePak pak cache file ../../../Enterprise/DerivedDataCache/Compressed.ddp not found, will not use a pak cache.
[2019.03.12-06.50.24:207][  0]LogDerivedDataCache: Unable to find inner node EnterprisePak for hierarchical cache Hierarchy.
[2019.03.12-06.50.24:229][  0]LogDerivedDataCache: Using Local data cache path C:/Users/Ailsa/AppData/Local/UnrealEngine/Common/DerivedDataCache: Writable
[2019.03.12-06.50.24:229][  0]LogDerivedDataCache: Shared data cache path not found in *engine.ini, will not use an Shared cache.
[2019.03.12-06.50.24:229][  0]LogDerivedDataCache: Unable to find inner node Shared for hierarchical cache Hierarchy.
[2019.03.12-06.50.24:298][  0]LogMaterial: Verifying Global Shaders for PCD3D_SM5
[2019.03.12-06.50.24:303][  0]LogSlate: Using FreeType 2.6.0
[2019.03.12-06.50.24:304][  0]LogSlate: SlateFontServices - WITH_FREETYPE: 1, WITH_HARFBUZZ: 1
[2019.03.12-06.50.24:490][  0]LogAssetRegistry: FAssetRegistry took 0.0511 seconds to start up
[2019.03.12-06.50.25:390][  0]LogInit: Selected Device Profile: [Windows]
[2019.03.12-06.50.25:548][  0]LogSimplygon: Simplygon DLL not present - disabling.
[2019.03.12-06.50.25:555][  0]LogMeshReduction: Using SimplygonSwarm for distributed automatic mesh merging
[2019.03.12-06.50.25:556][  0]LogMeshReduction: Using ProxyLODMeshReduction for automatic mesh merging
[2019.03.12-06.50.25:556][  0]LogMeshReduction: Using QuadricMeshReduction for automatic static mesh reduction
[2019.03.12-06.50.25:556][  0]LogMeshReduction: No automatic skeletal mesh reduction module available
[2019.03.12-06.50.25:767][  0]LogNetVersion: MyProject3 1.0.0, NetCL: 4541578, EngineNetVer: 5, GameNetVer: 0 (Checksum: 2916331349)
[2019.03.12-06.50.26:871][  0]LogPackageLocalizationCache: Processed 11 localized package path(s) for 2 prioritized culture(s) in 0.177881 seconds
[2019.03.12-06.50.26:887][  0]LogUObjectArray: 39775 objects as part of root set at end of initial load.
[2019.03.12-06.50.26:891][  0]LogUObjectAllocator: 6914664 out of 0 bytes used by permanent object pool.
[2019.03.12-06.50.26:892][  0]LogUObjectArray: CloseDisregardForGC: 0/0 objects in disregard for GC pool
[2019.03.12-06.50.28:934][  0]LogTcpMessaging: Initializing TcpMessaging bridge
[2019.03.12-06.50.28:952][  0]LogUdpMessaging: Initializing bridge on interface 0.0.0.0:0 to multicast group 230.0.0.1:6666.
[2019.03.12-06.50.30:497][  0]SourceControl: Source control is disabled
[2019.03.12-06.50.30:497][  0]SourceControl: Source control is disabled
[2019.03.12-06.50.30:501][  0]SourceControl: Source control is disabled
[2019.03.12-06.50.30:503][  0]SourceControl: Source control is disabled
[2019.03.12-06.50.30:834][  0]LogAndroidPermission: UAndroidPermissionCallbackProxy::GetInstance
[2019.03.12-06.50.31:132][  0]LogOcInput: OculusInput pre-init called
[2019.03.12-06.50.31:333][  0]LogEngine: Initializing Engine...
[2019.03.12-06.50.31:342][  0]LogHMD: Failed to initialize OpenVR with code 105
[2019.03.12-06.50.31:345][  0]LogStats: UGameplayTagsManager::ConstructGameplayTagTree: ImportINI prefixes -  0.000 s
[2019.03.12-06.50.31:345][  0]LogStats: UGameplayTagsManager::ConstructGameplayTagTree: Construct from data asset -  0.000 s
[2019.03.12-06.50.31:346][  0]LogStats: UGameplayTagsManager::ConstructGameplayTagTree: ImportINI -  0.000 s
[2019.03.12-06.50.31:346][  0]LogStats: UGameplayTagsManager::ConstructGameplayTagTree: GameplayTagTreeChangedEvent.Broadcast -  0.000 s
[2019.03.12-06.50.31:870][  0]LogInit: Initializing FReadOnlyCVARCache
[2019.03.12-06.50.31:893][  0]LogAIModule: Creating AISystem for world Untitled
[2019.03.12-06.50.32:059][  0]LogInit: XAudio2 using 'Speakers (Realtek High Definition Audio)' : 2 channels at 48 kHz using 32 bits per sample (channel mask 0x3)
[2019.03.12-06.50.32:117][  0]LogInit: FAudioDevice initialized.
[2019.03.12-06.50.32:117][  0]LogNetVersion: Set ProjectVersion to 1.0.0.0. Version Checksum will be recalculated on next use.
[2019.03.12-06.50.32:429][  0]LogDerivedDataCache: Saved boot cache 0.31s 71MB C:/Users/Ailsa/AppData/Local/UnrealEngine/4.21/DerivedDataCache/Boot.ddc.
[2019.03.12-06.50.32:453][  0]LogInit: Texture streaming: Enabled
[2019.03.12-06.50.32:485][  0]LogEngineSessionManager: EngineSessionManager initialized
[2019.03.12-06.50.32:538][  0]LogInit: Transaction tracking system initialized
[2019.03.12-06.50.32:585][  0]BlueprintLog: New page: Editor Load
[2019.03.12-06.50.32:727][  0]LocalizationService: Localization service is disabled
[2019.03.12-06.50.33:712][  0]LogFileCache: Scanning file cache for directory 'E:/Github/humanstuffFinal/MyProject3/Content/' took 0.04s
[2019.03.12-06.50.33:712][  0]LogCook: Display: Max memory allowance for cook 16384mb min free memory 0mb
[2019.03.12-06.50.33:712][  0]LogCook: Display: Mobile HDR setting 1
[2019.03.12-06.50.33:712][  0]LogGameplayTags: Display: UGameplayTagsManager::DoneAddingNativeTags. DelegateIsBound: 0
[2019.03.12-06.50.33:713][  0]LogStats: UGameplayTagsManager::ConstructGameplayTagTree: ImportINI prefixes -  0.000 s
[2019.03.12-06.50.33:713][  0]LogStats: UGameplayTagsManager::ConstructGameplayTagTree: Construct from data asset -  0.000 s
[2019.03.12-06.50.33:713][  0]LogStats: UGameplayTagsManager::ConstructGameplayTagTree: ImportINI -  0.000 s
[2019.03.12-06.50.33:713][  0]LogStats: UGameplayTagsManager::ConstructGameplayTagTree: GameplayTagTreeChangedEvent.Broadcast -  0.000 s
[2019.03.12-06.50.33:977][  0]SourceControl: Source control is disabled
[2019.03.12-06.50.33:977][  0]Cmd: MAP LOAD FILE="../../../../Github/humanstuffFinal/MyProject3/Content/StarterContent/Maps/Level1.umap" TEMPLATE=0 SHOWPROGRESS=1 FEATURELEVEL=3
[2019.03.12-06.50.33:985][  0]LightingResults: New page: Lighting Build
[2019.03.12-06.50.33:989][  0]MapCheck: New page: Map Check
[2019.03.12-06.50.33:990][  0]LightingResults: New page: Lighting Build
[2019.03.12-06.50.39:460][  0]LogTexture: Display: Building textures: HQ_Lightmap0_10 (AutoDXT, 64X64)
[2019.03.12-06.50.39:460][  0]LogTexture: Display: Building textures: HQ_Lightmap0_6 (AutoDXT, 1024X1024)
[2019.03.12-06.50.39:460][  0]LogTexture: Display: Building textures: HQ_Lightmap0_7 (AutoDXT, 1024X1024)
[2019.03.12-06.50.39:497][  0]LoadErrors: Warning: hs_shopcartWide Min LOD value of 1 is out of range 0..0 and has been adjusted to 0. Please verify and resave the asset.
[2019.03.12-06.50.44:510][  0]LogTexture: Display: Building textures: HQ_Lightmap0_9 (AutoDXT, 64X64)
[2019.03.12-06.50.44:510][  0]LogTexture: Display: Building textures: HQ_Lightmap0_8 (AutoDXT, 1024X1024)
[2019.03.12-06.50.44:510][  0]LogTexture: Display: Building textures: HQ_Lightmap1_1 (AutoDXT, 1024X1024)
[2019.03.12-06.50.45:546][  0]LogTexture: Display: Building textures: HQ_Lightmap1_2 (AutoDXT, 1024X1024)
[2019.03.12-06.50.47:215][  0]LogTexture: Display: Building textures: HQ_Lightmap1_3 (AutoDXT, 1024X1024)
[2019.03.12-06.50.48:735][  0]LogTexture: Display: Building textures: HQ_Lightmap1_4 (AutoDXT, 1024X1024)
[2019.03.12-06.50.50:316][  0]LogTexture: Display: Building textures: HQ_Lightmap1_5 (AutoDXT, 1024X1024)
[2019.03.12-06.50.51:758][  0]LogTexture: Display: Building textures: LQ_Lightmap_0_10 (DXT1, 64X64)
[2019.03.12-06.50.51:758][  0]LogTexture: Display: Building textures: LQ_Lightmap_0_6 (DXT1, 1024X1024)
[2019.03.12-06.50.53:668][  0]LogTexture: Display: Building textures: LQ_Lightmap_0_7 (DXT1, 1024X1024)
[2019.03.12-06.50.53:668][  0]LogTexture: Display: Building textures: LQ_Lightmap_0_8 (DXT1, 1024X1024)
[2019.03.12-06.50.53:670][  0]LogTexture: Display: Building textures: LQ_Lightmap_0_9 (DXT1, 64X64)
[2019.03.12-06.50.56:026][  0]LogTexture: Display: Building textures: LQ_Lightmap_1_1 (DXT1, 1024X1024)
[2019.03.12-06.50.56:026][  0]LogTexture: Display: Building textures: LQ_Lightmap_1_2 (DXT1, 1024X1024)
[2019.03.12-06.50.56:026][  0]LogTexture: Display: Building textures: LQ_Lightmap_1_3 (DXT1, 1024X1024)
[2019.03.12-06.50.57:915][  0]LogTexture: Display: Building textures: LQ_Lightmap_1_4 (DXT1, 1024X1024)
[2019.03.12-06.51.00:242][  0]LogTexture: Display: Building textures: LQ_Lightmap_1_5 (DXT1, 1024X1024)
[2019.03.12-06.51.00:242][  0]LogTexture: Display: Building textures: SkyOcclusion0_10 (AutoDXT, 64X32)
[2019.03.12-06.51.00:242][  0]LogTexture: Display: Building textures: SkyOcclusion0_6 (AutoDXT, 1024X512)
[2019.03.12-06.51.00:242][  0]LogTexture: Display: Building textures: SkyOcclusion0_7 (AutoDXT, 1024X512)
[2019.03.12-06.51.02:410][  0]LogTexture: Display: Building textures: SkyOcclusion0_8 (AutoDXT, 1024X512)
[2019.03.12-06.51.02:410][  0]LogTexture: Display: Building textures: SkyOcclusion0_9 (AutoDXT, 64X32)
[2019.03.12-06.51.02:410][  0]LogTexture: Display: Building textures: SkyOcclusion1_1 (AutoDXT, 1024X512)
[2019.03.12-06.51.02:410][  0]LogTexture: Display: Building textures: SkyOcclusion1_2 (AutoDXT, 1024X512)
[2019.03.12-06.51.02:410][  0]LogTexture: Display: Building textures: SkyOcclusion1_3 (AutoDXT, 1024X512)
[2019.03.12-06.51.03:523][  0]LogTexture: Display: Building textures: SkyOcclusion1_4 (AutoDXT, 1024X512)
[2019.03.12-06.51.04:533][  0]LogTexture: Display: Building textures: SkyOcclusion1_5 (AutoDXT, 1024X512)
[2019.03.12-06.51.04:534][  0]LogTexture: Display: Building textures: ShadowMapTexture2D_0 (BGRA8, 1024X1024)
[2019.03.12-06.51.04:534][  0]LogTexture: Display: Building textures: ShadowMapTexture2D_1 (BGRA8, 1024X1024)
[2019.03.12-06.51.04:534][  0]LogTexture: Display: Building textures: ShadowMapTexture2D_2 (BGRA8, 1024X1024)
[2019.03.12-06.51.04:534][  0]LogTexture: Display: Building textures: ShadowMapTexture2D_3 (BGRA8, 1024X256)
[2019.03.12-06.51.04:534][  0]LogTexture: Display: Building textures: ShadowMapTexture2D_4 (G8, 32X32)
[2019.03.12-06.51.04:534][  0]LogTexture: Display: Building textures: ShadowMapTexture2D_5 (BGRA8, 64X8)
[2019.03.12-06.51.04:534][  0]LoadErrors: Warning: hs_slideDoor_Right Min LOD value of 1 is out of range 0..0 and has been adjusted to 0. Please verify and resave the asset.
[2019.03.12-06.51.04:536][  0]LoadErrors: Warning: hs_slideDoor_Left Min LOD value of 1 is out of range 0..0 and has been adjusted to 0. Please verify and resave the asset.
[2019.03.12-06.51.04:813][  0]LoadErrors: Warning: hs_parkingMedian Min LOD value of 1 is out of range 0..0 and has been adjusted to 0. Please verify and resave the asset.
[2019.03.12-06.51.04:824][  0]LoadErrors: Warning: HS_ObservationDeck Min LOD value of 1 is out of range 0..0 and has been adjusted to 0. Please verify and resave the asset.
[2019.03.12-06.51.04:846][  0]LoadErrors: Warning: hs_lampTree Min LOD value of 1 is out of range 0..0 and has been adjusted to 0. Please verify and resave the asset.
[2019.03.12-06.51.04:871][  0]LoadErrors: Warning: hs_groundPlane Min LOD value of 1 is out of range 0..0 and has been adjusted to 0. Please verify and resave the asset.
[2019.03.12-06.51.04:900][  0]LoadErrors: Warning: hs_poster Min LOD value of 1 is out of range 0..0 and has been adjusted to 0. Please verify and resave the asset.
[2019.03.12-06.51.04:916][  0]LoadErrors: Warning: skybox2 Min LOD value of 1 is out of range 0..0 and has been adjusted to 0. Please verify and resave the asset.
[2019.03.12-06.51.04:972][  0]LoadErrors: Warning: hs_concreteBumper Min LOD value of 1 is out of range 0..0 and has been adjusted to 0. Please verify and resave the asset.
[2019.03.12-06.51.05:360][  0]LoadErrors: Warning: hs_vase Min LOD value of 1 is out of range 0..0 and has been adjusted to 0. Please verify and resave the asset.
[2019.03.12-06.51.05:387][  0]LoadErrors: Warning: hs_diamond Min LOD value of 1 is out of range 0..0 and has been adjusted to 0. Please verify and resave the asset.
[2019.03.12-06.51.05:389][  0]LoadErrors: Warning: hs_cake Min LOD value of 1 is out of range 0..0 and has been adjusted to 0. Please verify and resave the asset.
[2019.03.12-06.51.05:968][  0]LogAIModule: Creating AISystem for world Level1
[2019.03.12-06.51.06:043][  0]LogSlate: New Slate User Created.  User Index 8, Is Virtual User: 1
[2019.03.12-06.51.06:043][  0]LogSlate: Slate User Registered.  User Index 8, Is Virtual User: 1
[2019.03.12-06.51.06:114][  0]LogEditorServer: Finished looking for orphan Actors (0.000 secs)
[2019.03.12-06.51.06:186][  0]Cmd: MAP CHECKDEP NOCLEARLOG
[2019.03.12-06.51.06:187][  0]MapCheck: Map check complete: 0 Error(s), 0 Warning(s), took 0.327ms to complete.
[2019.03.12-06.51.06:187][  0]LogFileHelpers: Loading map 'Level1' took 32.210
[2019.03.12-06.51.06:319][  0]LogSlate: Updating window title bar state: overlay mode, drag disabled, window buttons hidden, title bar hidden
[2019.03.12-06.51.06:332][  0]LogSlate: Updating window title bar state: overlay mode, drag disabled, window buttons hidden, title bar hidden
[2019.03.12-06.51.06:345][  0]LogSlate: Updating window title bar state: overlay mode, drag disabled, window buttons hidden, title bar hidden
[2019.03.12-06.51.06:357][  0]LogSlate: Updating window title bar state: overlay mode, drag disabled, window buttons hidden, title bar hidden
[2019.03.12-06.51.06:367][  0]LogCollectionManager: Loaded 0 collections in 0.002507 seconds
[2019.03.12-06.51.06:397][  0]LogFileCache: Scanning file cache for directory 'E:/Github/humanstuffFinal/MyProject3/Saved/Collections/' took 0.01s
[2019.03.12-06.51.06:398][  0]LogFileCache: Scanning file cache for directory 'E:/Github/humanstuffFinal/MyProject3/Content/Developers/Ailsa/Collections/' took 0.01s
[2019.03.12-06.51.06:398][  0]LogFileCache: Scanning file cache for directory 'E:/Github/humanstuffFinal/MyProject3/Content/Collections/' took 0.00s
[2019.03.12-06.51.06:398][  0]LogCollectionManager: Rebuilt the GUID cache for 0 collections in 0.000001 seconds
[2019.03.12-06.51.06:415][  0]LogContentBrowser: Native class hierarchy populated in 0.0170 seconds. Added 2651 classes and 620 folders.
[2019.03.12-06.51.06:424][  0]LogContentBrowser: Native class hierarchy updated for 'WidgetCarousel' in 0.0004 seconds. Added 0 classes and 0 folders.
[2019.03.12-06.51.06:426][  0]LogPakFile: Registered encryption key '00000000000000000000000000000000': 0 pak files mounted, 0 remain pending
[2019.03.12-06.51.06:428][  0]LogPakFile: Registered encryption key '00000000000000000000000000000000': 0 pak files mounted, 0 remain pending
[2019.03.12-06.51.06:428][  0]LogPakFile: Registered encryption key '00000000000000000000000000000000': 0 pak files mounted, 0 remain pending
[2019.03.12-06.51.06:429][  0]LogPakFile: Registered encryption key '00000000000000000000000000000000': 0 pak files mounted, 0 remain pending
[2019.03.12-06.51.06:430][  0]LogPakFile: Registered encryption key '00000000000000000000000000000000': 0 pak files mounted, 0 remain pending
[2019.03.12-06.51.06:431][  0]LogPakFile: Registered encryption key '00000000000000000000000000000000': 0 pak files mounted, 0 remain pending
[2019.03.12-06.51.06:432][  0]LogPakFile: Registered encryption key '00000000000000000000000000000000': 0 pak files mounted, 0 remain pending
[2019.03.12-06.51.06:432][  0]LogPakFile: Registered encryption key '00000000000000000000000000000000': 0 pak files mounted, 0 remain pending
[2019.03.12-06.51.06:433][  0]LogPakFile: Registered encryption key '00000000000000000000000000000000': 0 pak files mounted, 0 remain pending
[2019.03.12-06.51.06:434][  0]LogPakFile: Registered encryption key '00000000000000000000000000000000': 0 pak files mounted, 0 remain pending
[2019.03.12-06.51.06:435][  0]LogPakFile: Registered encryption key '00000000000000000000000000000000': 0 pak files mounted, 0 remain pending
[2019.03.12-06.51.06:436][  0]LogPakFile: Registered encryption key '00000000000000000000000000000000': 0 pak files mounted, 0 remain pending
[2019.03.12-06.51.06:437][  0]LogPakFile: Registered encryption key '00000000000000000000000000000000': 0 pak files mounted, 0 remain pending
[2019.03.12-06.51.06:438][  0]LogPakFile: Registered encryption key '00000000000000000000000000000000': 0 pak files mounted, 0 remain pending
[2019.03.12-06.51.06:439][  0]LogPakFile: Registered encryption key '00000000000000000000000000000000': 0 pak files mounted, 0 remain pending
[2019.03.12-06.51.06:440][  0]LogPakFile: Registered encryption key '00000000000000000000000000000000': 0 pak files mounted, 0 remain pending
[2019.03.12-06.51.06:441][  0]LogPakFile: Registered encryption key '00000000000000000000000000000000': 0 pak files mounted, 0 remain pending
[2019.03.12-06.51.06:442][  0]LogPakFile: Registered encryption key '00000000000000000000000000000000': 0 pak files mounted, 0 remain pending
[2019.03.12-06.51.06:442][  0]LogPakFile: Registered encryption key '00000000000000000000000000000000': 0 pak files mounted, 0 remain pending
[2019.03.12-06.51.06:443][  0]LogPakFile: Registered encryption key '00000000000000000000000000000000': 0 pak files mounted, 0 remain pending
[2019.03.12-06.51.06:444][  0]LogPakFile: Registered encryption key '00000000000000000000000000000000': 0 pak files mounted, 0 remain pending
[2019.03.12-06.51.06:445][  0]LogPakFile: Registered encryption key '00000000000000000000000000000000': 0 pak files mounted, 0 remain pending
[2019.03.12-06.51.06:446][  0]LogPakFile: Registered encryption key '00000000000000000000000000000000': 0 pak files mounted, 0 remain pending
[2019.03.12-06.51.06:447][  0]LogPakFile: Registered encryption key '00000000000000000000000000000000': 0 pak files mounted, 0 remain pending
[2019.03.12-06.51.06:448][  0]LogPakFile: Registered encryption key '00000000000000000000000000000000': 0 pak files mounted, 0 remain pending
[2019.03.12-06.51.06:451][  0]LogPakFile: Registered encryption key '00000000000000000000000000000000': 0 pak files mounted, 0 remain pending
[2019.03.12-06.51.06:519][  0]LogContentBrowser: Native class hierarchy updated for 'AddContentDialog' in 0.0004 seconds. Added 0 classes and 0 folders.
[2019.03.12-06.51.06:526][  0]LogContentBrowser: Native class hierarchy updated for 'SceneOutliner' in 0.0004 seconds. Added 1 classes and 2 folders.
[2019.03.12-06.51.06:786][  0]LogSlate: Took 0.000443 seconds to synchronously load lazily loaded font '../../../Engine/Content/Slate/Fonts/Roboto-Regular.ttf' (155K)
[2019.03.12-06.51.06:790][  0]LogSlate: Took 0.000773 seconds to synchronously load lazily loaded font '../../../Engine/Content/Slate/Fonts/Roboto-Bold.ttf' (160K)
[2019.03.12-06.51.06:801][  0]LogSlate: Took 0.000309 seconds to synchronously load lazily loaded font '../../../Engine/Content/Editor/Slate/Fonts/FontAwesome.ttf' (139K)
[2019.03.12-06.51.06:961][  0]LogRenderer: Reallocating scene render targets to support 1084x424 Format 26 NumSamples 1 (Frame:1).
[2019.03.12-06.51.07:260][  0]LogContentBrowser: Native class hierarchy updated for 'HierarchicalLODOutliner' in 0.0005 seconds. Added 0 classes and 0 folders.
[2019.03.12-06.51.07:260][  0]LogLoad: (Engine Initialization) Total time: 50.99 seconds
[2019.03.12-06.51.07:260][  0]LogLoad: (Engine Initialization) Total Blueprint compile time: 0.00 seconds
[2019.03.12-06.51.07:402][  0]LogContentStreaming: Texture pool size now 1000 MB
[2019.03.12-06.51.07:414][  0]LogSlate: FSceneViewport::OnFocusLost() reason 2
[2019.03.12-06.51.08:500][  8]LogSlate: Took 0.000271 seconds to synchronously load lazily loaded font '../../../Engine/Content/Slate/Fonts/Roboto-Light.ttf' (167K)
[2019.03.12-06.51.08:622][ 10]LogAssetRegistry: Asset discovery search completed in 44.1569 seconds
[2019.03.12-06.51.08:624][ 10]LogCollectionManager: Rebuilt the object cache for 0 collections in 0.000000 seconds (found 0 objects)
[2019.03.12-06.51.08:625][ 10]LogCollectionManager: Fixed up redirectors for 0 collections in 0.000093 seconds (updated 0 objects)
[2019.03.12-06.53.47:360][536]LogSlate: FSceneViewport::OnFocusLost() reason 0
[2019.03.12-06.53.47:478][542]LogSlate: Window 'Message Log' being destroyed
[2019.03.12-06.53.47:493][542]LogSlate: Window 'Message Log' being destroyed
[2019.03.12-06.58.19:136][480]LogSlate: FSceneViewport::OnFocusLost() reason 0
[2019.03.12-06.58.29:654][821]LogSlate: FSceneViewport::OnFocusLost() reason 0
[2019.03.12-06.58.29:877][841]LogAssetEditorManager: Opening Asset editor for Blueprint /Game/UI/end.end
[2019.03.12-06.58.30:579][841]LogContentBrowser: Native class hierarchy updated for 'BlueprintGraph' in 0.0007 seconds. Added 117 classes and 0 folders.
[2019.03.12-06.58.31:709][841]LogSlate: Took 0.000269 seconds to synchronously load lazily loaded font '../../../Engine/Content/Slate/Fonts/Roboto-BoldCondensed.ttf' (158K)
[2019.03.12-06.58.31:830][842]LogSlate: Took 0.000591 seconds to synchronously load lazily loaded font '../../../Engine/Content/Slate/Fonts/Roboto-Italic.ttf' (157K)
[2019.03.12-06.58.38:157][  5]LogSlate: Window 'end' being destroyed
[2019.03.12-06.59.57:995][983]LogAssetEditorManager: Opening Asset editor for Blueprint /Game/Blueprints/GravityControl.GravityControl
[2019.03.12-07.00.41:163][874]BlueprintLog: New page: Compile GravityControl
[2019.03.12-07.04.05:377][748]BlueprintLog: New page: Compile GravityControl
[2019.03.12-07.04.32:464][904]LogFileHelpers: Editor autosave (incl. sublevels) for '/Game/StarterContent/Maps/Level1' took 0.038
[2019.03.12-07.04.32:468][904]OBJ SavePackage: Generating thumbnails for [0] asset(s) in package [/Game/Blueprints/GravityControl] ([1] browsable assets)...
[2019.03.12-07.04.32:469][904]OBJ SavePackage: Finished generating thumbnails for package [/Game/Blueprints/GravityControl]
[2019.03.12-07.04.32:469][904]Cmd: OBJ SAVEPACKAGE PACKAGE="/Game/Blueprints/GravityControl" FILE="../../../../Github/humanstuffFinal/MyProject3/Saved/Autosaves/Game/Blueprints/GravityControl_Auto1.uasset" SILENT=false AUTOSAVING=true
[2019.03.12-07.04.32:509][904]LogSavePackage: Moving '../../../../Github/humanstuffFinal/MyProject3/Saved/GravityControl_Auto13BACD0CB43C2BB0A34916090507A35BB.tmp' to '../../../../Github/humanstuffFinal/MyProject3/Saved/Autosaves/Game/Blueprints/GravityControl_Auto1.uasset'
[2019.03.12-07.04.32:510][904]LogFileHelpers: Auto-saving content packages took 0.044
[2019.03.12-07.05.54:891][874]BlueprintLog: New page: Compile GravityControl
[2019.03.12-07.06.53:776][271]BlueprintLog: New page: Compile GravityControl
[2019.03.12-07.06.56:567][338]LogSlate: Window 'GravityControl*' being destroyed
[2019.03.12-07.06.56:612][338]LogSlate: Window 'GravityControl*' being destroyed
[2019.03.12-07.07.20:438][661]LogSlate: FSceneViewport::OnFocusLost() reason 0
[2019.03.12-07.08.20:275][264]LogSlate: FSceneViewport::OnFocusLost() reason 2
[2019.03.12-07.08.21:616][327]LogSlate: FSceneViewport::OnFocusLost() reason 2
[2019.03.12-07.08.21:712][327]LogAssetEditorManager: Opening Asset editor for LevelSequence /Game/TheEnd.TheEnd
[2019.03.12-07.08.33:499][812]Cmd: TRANSACTION UNDO
[2019.03.12-07.08.33:499][812]LogEditorTransaction: Undo Move Keys or Sections
[2019.03.12-07.08.56:528][868]LogMovieScene: Refusing to trigger event 'SequenceEvent_0' in editor world when 'Call in Editor' is false.
[2019.03.12-07.09.45:156][981]LogSlate: Prevented a slow task dialog from being summoned while a context menu was open
[2019.03.12-07.09.45:156][981]LogAssetEditorManager: Opening Asset editor for Blueprint /Game/TheEnd.TheEnd:SequenceDirector
[2019.03.12-07.09.58:781][357]LogSlate: Prevented a slow task dialog from being summoned while a context menu was open
[2019.03.12-07.10.19:056][907]BlueprintLog: New page: Compile SequenceDirector
[2019.03.12-07.10.19:072][907]LogBlueprint: Error: [Compiler SequenceDirector] This blueprint (self) is not a GravityControl_C, therefore ' Target ' must have a connection.
[2019.03.12-07.10.19:482][907]LogBlueprint: Warning: [Compiler SequenceDirector] [1203.21] Compile of SequenceDirector failed. 1 Fatal Issue(s) 0 Warning(s) [in 425 ms] (/Game/TheEnd.TheEnd:SequenceDirector)
[2019.03.12-07.10.24:832][ 71]BlueprintLog: New page: Compile SequenceDirector
[2019.03.12-07.10.39:321][543]LogSlate: FSceneViewport::OnFocusLost() reason 0
[2019.03.12-07.10.39:593][554]LogAssetEditorManager: Opening Asset editor for Blueprint /Game/Blueprints/GravityControl.GravityControl
[2019.03.12-07.12.13:328][836]BlueprintLog: New page: Compile GravityControl
[2019.03.12-07.12.47:812][967]BlueprintLog: New page: Compile SequenceDirector
[2019.03.12-07.12.50:407][ 60]LogSlate: Window 'SequenceDirector*' being destroyed
[2019.03.12-07.12.52:344][113]LogSlate: FSceneViewport::OnFocusLost() reason 2
[2019.03.12-07.13.18:988][301]LogSlate: Prevented a slow task dialog from being summoned while a context menu was open
[2019.03.12-07.13.18:988][301]LogAssetEditorManager: Opening Asset editor for Blueprint /Game/TheEnd.TheEnd:SequenceDirector
[2019.03.12-07.13.40:580][982]LogSlate: Window 'SequenceDirector*' being destroyed
[2019.03.12-07.13.42:450][ 55]LogSlate: FSceneViewport::OnFocusLost() reason 0
[2019.03.12-07.13.45:398][180]LogSlate: Prevented a slow task dialog from being summoned while a context menu was open
[2019.03.12-07.13.45:398][180]LogAssetEditorManager: Opening Asset editor for Blueprint /Game/TheEnd.TheEnd:SequenceDirector
[2019.03.12-07.13.54:465][431]BlueprintLog: New page: Compile SequenceDirector
[2019.03.12-07.14.04:034][692]BlueprintLog: New page: Compile SequenceDirector
[2019.03.12-07.14.06:105][749]LogSlate: Window 'SequenceDirector*' being destroyed
[2019.03.12-07.14.07:671][813]LogSlate: FSceneViewport::OnFocusLost() reason 0
[2019.03.12-07.14.13:578][ 82]LogSlate: Prevented a slow task dialog from being summoned while a context menu was open
[2019.03.12-07.14.13:578][ 82]LogAssetEditorManager: Opening Asset editor for Blueprint /Game/TheEnd.TheEnd:SequenceDirector
[2019.03.12-07.14.17:321][176]LogSlate: Window 'SequenceDirector*' being destroyed
[2019.03.12-07.14.21:300][321]LogSlate: FSceneViewport::OnFocusLost() reason 0
[2019.03.12-07.14.21:520][330]LogMovieScene: Refusing to trigger event 'SequenceEvent_3' in editor world when 'Call in Editor' is false.
[2019.03.12-07.14.22:542][370]LogMovieScene: Refusing to trigger event 'SequenceEvent_0' in editor world when 'Call in Editor' is false.
[2019.03.12-07.14.26:756][535]LogSlate: Window 'Sequencer' being destroyed
[2019.03.12-07.14.26:759][535]LogSlate: Window 'Sequencer' being destroyed
[2019.03.12-07.14.55:272][704]LogSavePackage: Moving '../../../../Github/humanstuffFinal/MyProject3/Saved/Level1_Auto24EDE02104E3E569C21B565AD8F23FF86.tmp' to '../../../../Github/humanstuffFinal/MyProject3/Saved/Autosaves/Game/StarterContent/Maps/Level1_Auto2.umap'
[2019.03.12-07.14.55:277][704]LogFileHelpers: Editor autosave (incl. sublevels) for '/Game/StarterContent/Maps/Level1' took 1.855
[2019.03.12-07.14.55:277][704]LogFileHelpers: Editor autosave (incl. sublevels) for all levels took 1.855
[2019.03.12-07.14.55:282][704]OBJ SavePackage: Generating thumbnails for [0] asset(s) in package [/Game/Blueprints/GravityControl] ([1] browsable assets)...
[2019.03.12-07.14.55:282][704]OBJ SavePackage: Finished generating thumbnails for package [/Game/Blueprints/GravityControl]
[2019.03.12-07.14.55:282][704]Cmd: OBJ SAVEPACKAGE PACKAGE="/Game/Blueprints/GravityControl" FILE="../../../../Github/humanstuffFinal/MyProject3/Saved/Autosaves/Game/Blueprints/GravityControl_Auto2.uasset" SILENT=false AUTOSAVING=true
[2019.03.12-07.14.55:326][704]LogSavePackage: Moving '../../../../Github/humanstuffFinal/MyProject3/Saved/GravityControl_Auto2ED045C2047CB3DED95BD3486BA306411.tmp' to '../../../../Github/humanstuffFinal/MyProject3/Saved/Autosaves/Game/Blueprints/GravityControl_Auto2.uasset'
[2019.03.12-07.14.55:327][704]OBJ SavePackage: Generating thumbnails for [0] asset(s) in package [/Game/TheEnd] ([1] browsable assets)...
[2019.03.12-07.14.55:327][704]OBJ SavePackage: Finished generating thumbnails for package [/Game/TheEnd]
[2019.03.12-07.14.55:327][704]Cmd: OBJ SAVEPACKAGE PACKAGE="/Game/TheEnd" FILE="../../../../Github/humanstuffFinal/MyProject3/Saved/Autosaves/Game/TheEnd_Auto2.uasset" SILENT=false AUTOSAVING=true
[2019.03.12-07.14.55:394][704]LogSavePackage: Moving '../../../../Github/humanstuffFinal/MyProject3/Saved/TheEnd_Auto25C915A1D4C20DB19D5C27CA98E008371.tmp' to '../../../../Github/humanstuffFinal/MyProject3/Saved/Autosaves/Game/TheEnd_Auto2.uasset'
[2019.03.12-07.14.55:395][704]LogFileHelpers: Auto-saving content packages took 0.113
[2019.03.12-07.17.30:849][173]LogSlate: FSceneViewport::OnFocusLost() reason 0
[2019.03.12-07.18.01:441][757]LogSlate: FSceneViewport::OnFocusLost() reason 0
[2019.03.12-07.23.26:945][422]LogAssetEditorManager: Opening Asset editor for Blueprint /Game/VirtualRealityBP/Blueprints/MotionControllerPawn.MotionControllerPawn
[2019.03.12-07.26.04:746][464]BlueprintLog: New page: Compile MotionControllerPawn
[2019.03.12-07.26.48:374][768]LogAssetEditorManager: Opening Asset editor for LevelSequence /Game/TheEnd.TheEnd
[2019.03.12-07.26.50:922][861]LogSlate: Window 'Sequencer' being destroyed
[2019.03.12-07.27.02:874][487]LogEditorViewport: Clicking on Actor (LMB): StaticMeshActor (hs_window4)
[2019.03.12-07.27.07:574][648]LogSlate: FSceneViewport::OnFocusLost() reason 2
[2019.03.12-07.27.13:234][945]LogSlate: FSceneViewport::OnFocusLost() reason 2
[2019.03.12-07.27.42:745][494]LogSlate: Prevented a slow task dialog from being summoned while a context menu was open
[2019.03.12-07.27.54:861][960]LogEditorViewport: Clicking on Actor (LMB): StaticMeshActor (hs_window4)
[2019.03.12-07.27.58:489][124]LogEditorViewport: Clicking on Actor (LMB): LevelSequenceActor (TheEnd2)
[2019.03.12-07.28.00:706][203]LogSlate: FSceneViewport::OnFocusLost() reason 0
[2019.03.12-07.28.54:187][500]LogSavePackage: Moving '../../../../Github/humanstuffFinal/MyProject3/Saved/Level1_Auto368A5C40D411B02BD6D48449744FF46C1.tmp' to '../../../../Github/humanstuffFinal/MyProject3/Saved/Autosaves/Game/StarterContent/Maps/Level1_Auto3.umap'
[2019.03.12-07.28.54:193][500]LogFileHelpers: Editor autosave (incl. sublevels) for '/Game/StarterContent/Maps/Level1' took 1.484
[2019.03.12-07.28.54:193][500]LogFileHelpers: Editor autosave (incl. sublevels) for all levels took 1.484
[2019.03.12-07.28.54:200][500]OBJ SavePackage: Generating thumbnails for [0] asset(s) in package [/Game/VirtualRealityBP/Blueprints/MotionControllerPawn] ([1] browsable assets)...
[2019.03.12-07.28.54:201][500]OBJ SavePackage: Finished generating thumbnails for package [/Game/VirtualRealityBP/Blueprints/MotionControllerPawn]
[2019.03.12-07.28.54:370][500]LogSavePackage: Moving '../../../../Github/humanstuffFinal/MyProject3/Saved/MotionControllerPawn_Auto3FC9FBAA8420A4CDD2FFF9589A5DC65C1.tmp' to '../../../../Github/humanstuffFinal/MyProject3/Saved/Autosaves/Game/VirtualRealityBP/Blueprints/MotionControllerPawn_Auto3.uasset'
[2019.03.12-07.28.54:372][500]LogFileHelpers: Auto-saving content packages took 0.173
[2019.03.12-07.29.17:840][621]LogAssetEditorManager: Opening Asset editor for LevelSequence /Game/TheEnd.TheEnd
[2019.03.12-07.29.23:897][828]LogSlate: Window 'Sequencer' being destroyed
[2019.03.12-07.30.06:635][  6]BlueprintLog: New page: Compile MotionControllerPawn
[2019.03.12-07.32.43:748][718]BlueprintLog: New page: Compile MotionControllerPawn
[2019.03.12-07.33.10:145][779]LogEditorActor: Deleted Actor: LevelSequenceActor
[2019.03.12-07.33.10:198][779]LogEditorActor: Deleted 1 Actors (0.123 secs)
[2019.03.12-07.33.13:643][917]LogAssetEditorManager: Opening Asset editor for LevelSequence /Game/TheEnd.TheEnd
[2019.03.12-07.33.26:958][314]LogSlate: Window 'Sequencer' being destroyed
[2019.03.12-07.33.26:961][314]LogSlate: Window 'Sequencer' being destroyed
[2019.03.12-07.33.58:767][602]BlueprintLog: New page: Compile MotionControllerPawn
[2019.03.12-07.34.00:426][635]LogSlate: Window 'MotionControllerPawn*' being destroyed
[2019.03.12-07.34.00:435][635]LogSlate: Window 'MotionControllerPawn*' being destroyed
[2019.03.12-07.34.03:591][785]Cmd: OBJ SAVEPACKAGE PACKAGE="/Game/StarterContent/Maps/Level1" FILE="../../../../Github/humanstuffFinal/MyProject3/Content/StarterContent/Maps/Level1.umap" SILENT=true AUTOSAVING=false KEEPDIRTY=false
[2019.03.12-07.34.05:280][785]LogSavePackage: Moving '../../../../Github/humanstuffFinal/MyProject3/Saved/Level17E155582484BD9A418577593AA27B3C0.tmp' to '../../../../Github/humanstuffFinal/MyProject3/Content/StarterContent/Maps/Level1.umap'
[2019.03.12-07.34.05:369][785]LogFileHelpers: Saving map 'Level1' took 1.779
[2019.03.12-07.34.05:553][785]LogSavePackage: Moving '../../../../Github/humanstuffFinal/MyProject3/Saved/MotionControllerPawn2CC0E3D64817C790A27C8B971E4B486D.tmp' to '../../../../Github/humanstuffFinal/MyProject3/Content/VirtualRealityBP/Blueprints/MotionControllerPawn.uasset'
[2019.03.12-07.34.05:565][785]Cmd: OBJ SAVEPACKAGE PACKAGE="/Game/Blueprints/GravityControl" FILE="../../../../Github/humanstuffFinal/MyProject3/Content/Blueprints/GravityControl.uasset" SILENT=true
[2019.03.12-07.34.05:607][785]LogSavePackage: Moving '../../../../Github/humanstuffFinal/MyProject3/Saved/GravityControlF932ADA8482B404F1DD541A120F2DC48.tmp' to '../../../../Github/humanstuffFinal/MyProject3/Content/Blueprints/GravityControl.uasset'
[2019.03.12-07.34.05:619][785]Cmd: OBJ SAVEPACKAGE PACKAGE="/Game/TheEnd" FILE="../../../../Github/humanstuffFinal/MyProject3/Content/TheEnd.uasset" SILENT=true
[2019.03.12-07.34.05:675][785]LogSavePackage: Moving '../../../../Github/humanstuffFinal/MyProject3/Saved/TheEndB6294DEC4FC57E51FED881B6E198253E.tmp' to '../../../../Github/humanstuffFinal/MyProject3/Content/TheEnd.uasset'
