Log file open, 03/11/19 22:42:50
LogWindows: Failed to load 'aqProf.dll' (GetLastError=126)
LogWindows: File 'aqProf.dll' does not exist
LogWindows: Failed to load 'VtuneApi.dll' (GetLastError=126)
LogWindows: File 'VtuneApi.dll' does not exist
LogWindows: Failed to load 'VtuneApi32e.dll' (GetLastError=126)
LogWindows: File 'VtuneApi32e.dll' does not exist
LogConsoleResponse: Display: Failed to find resolution value strings in scalability ini. Falling back to default.
LogInit: Display: Running engine for game: MyProject3
LogPakFile: Registered encryption key '00000000000000000000000000000000': 0 pak files mounted, 0 remain pending
LogPlatformFile: Not using cached read wrapper
LogTaskGraph: Started task graph with 5 named threads and 35 total threads with 3 sets of task threads.
LogStats: Stats thread started at 0.415366
LogD3D11RHI: Loaded GFSDK_Aftermath_Lib.x64.dll
LogICUInternationalization: ICU TimeZone Detection - Raw Offset: -5:00, Platform Override: ''
LogPluginManager: Mounting plugin Paper2D
LogPluginManager: Mounting plugin AISupport
LogPluginManager: Mounting plugin LightPropagationVolume
LogPluginManager: Mounting plugin ActorLayerUtilities
LogPluginManager: Mounting plugin CLionSourceCodeAccess
LogPluginManager: Mounting plugin CodeLiteSourceCodeAccess
LogPluginManager: Mounting plugin GitSourceControl
LogPluginManager: Mounting plugin KDevelopSourceCodeAccess
LogPluginManager: Mounting plugin NullSourceCodeAccess
LogPluginManager: Mounting plugin PerforceSourceControl
LogPluginManager: Mounting plugin SubversionSourceControl
LogPluginManager: Mounting plugin UObjectPlugin
LogPluginManager: Mounting plugin VisualStudioCodeSourceCodeAccess
LogPluginManager: Mounting plugin VisualStudioSourceCodeAccess
LogPluginManager: Mounting plugin XCodeSourceCodeAccess
LogPluginManager: Mounting plugin AssetManagerEditor
LogPluginManager: Mounting plugin CryptoKeys
LogPluginManager: Mounting plugin DataValidation
LogPluginManager: Mounting plugin FacialAnimation
LogPluginManager: Mounting plugin GameplayTagsEditor
LogPluginManager: Mounting plugin MacGraphicsSwitching
LogPluginManager: Mounting plugin MeshEditor
LogPluginManager: Mounting plugin MobileLauncherProfileWizard
LogPluginManager: Mounting plugin PluginBrowser
LogPluginManager: Mounting plugin SpeedTreeImporter
LogPluginManager: Mounting plugin DatasmithContent
LogPluginManager: Mounting plugin VariantManagerContent
LogPluginManager: Mounting plugin AlembicImporter
LogPluginManager: Mounting plugin AppleImageUtils
LogPluginManager: Mounting plugin AppleVision
LogPluginManager: Mounting plugin BackChannel
LogPluginManager: Mounting plugin CharacterAI
LogPluginManager: Mounting plugin GeometryCache
LogPluginManager: Mounting plugin HTML5Networking
LogPluginManager: Mounting plugin ProxyLODPlugin
LogPluginManager: Mounting plugin MagicLeap
LogPluginManager: Mounting plugin MagicLeapMedia
LogPluginManager: Mounting plugin AndroidMedia
LogPluginManager: Mounting plugin AvfMedia
LogPluginManager: Mounting plugin ImgMedia
LogPluginManager: Mounting plugin LinearTimecode
LogPluginManager: Mounting plugin MediaCompositing
LogPluginManager: Mounting plugin MediaPlayerEditor
LogPluginManager: Mounting plugin WebMMedia
LogPluginManager: Mounting plugin WmfMedia
LogPluginManager: Mounting plugin TcpMessaging
LogPluginManager: Mounting plugin UdpMessaging
LogPluginManager: Mounting plugin ActorSequence
LogPluginManager: Mounting plugin LevelSequenceEditor
LogPluginManager: Mounting plugin MatineeToLevelSequence
LogPluginManager: Mounting plugin NetcodeUnitTest
LogPluginManager: Mounting plugin NUTUnrealEngine4
LogPluginManager: Mounting plugin OnlineSubsystemGooglePlay
LogPluginManager: Mounting plugin OnlineSubsystemIOS
LogPluginManager: Mounting plugin OnlineSubsystem
LogPluginManager: Mounting plugin OnlineSubsystemNull
LogPluginManager: Mounting plugin OnlineSubsystemUtils
LogPluginManager: Mounting plugin LauncherChunkInstaller
LogPluginManager: Mounting plugin AndroidDeviceProfileSelector
LogPluginManager: Mounting plugin AndroidMoviePlayer
LogPluginManager: Mounting plugin AndroidPermission
LogPluginManager: Mounting plugin AppleMoviePlayer
LogPluginManager: Mounting plugin ArchVisCharacter
LogPluginManager: Mounting plugin AudioCapture
LogPluginManager: Mounting plugin CableComponent
LogPluginManager: Mounting plugin CustomMeshComponent
LogPluginManager: Mounting plugin EditableMesh
LogPluginManager: Mounting plugin ExampleDeviceProfileSelector
LogPluginManager: Mounting plugin Firebase
LogPluginManager: Mounting plugin GoogleCloudMessaging
LogPluginManager: Mounting plugin IOSDeviceProfileSelector
LogPluginManager: Mounting plugin LinuxDeviceProfileSelector
LogPluginManager: Mounting plugin LocationServicesBPLibrary
LogPluginManager: Mounting plugin MobilePatchingUtils
LogPluginManager: Mounting plugin OculusVR
LogPluginManager: Mounting plugin PhysXVehicles
LogPluginManager: Mounting plugin ProceduralMeshComponent
LogPluginManager: Mounting plugin RuntimePhysXCooking
LogPluginManager: Mounting plugin SteamVR
LogPluginManager: Mounting plugin WebMMoviePlayer
LogPluginManager: Mounting plugin WindowsMoviePlayer
LogStreaming: Display: Took  0.074s to configure plugins.
LogInit: Using libcurl 7.55.1-DEV
LogInit:  - built for x86_64-pc-win32
LogInit:  - supports SSL with OpenSSL/1.0.2h
LogInit:  - supports HTTP deflate (compression) using libz 1.2.8
LogInit:  - other features:
LogInit:      CURL_VERSION_SSL
LogInit:      CURL_VERSION_LIBZ
LogInit:      CURL_VERSION_IPV6
LogInit:      CURL_VERSION_ASYNCHDNS
LogInit:      CURL_VERSION_LARGEFILE
LogInit:      CURL_VERSION_IDN
LogInit:  CurlRequestOptions (configurable via config and command line):
LogInit:  - bVerifyPeer = true  - Libcurl will verify peer certificate
LogInit:  - bUseHttpProxy = false  - Libcurl will NOT use HTTP proxy
LogInit:  - bDontReuseConnections = false  - Libcurl will reuse connections
LogInit:  - MaxHostConnections = 16  - Libcurl will limit the number of connections to a host
LogInit:  - LocalHostAddr = Default
LogInit:  - BufferSize = 65536
LogInit: WinSock: version 1.1 (2.2), MaxSocks=32767, MaxUdp=65467
LogInit: Build: ++UE4+Release-4.21-CL-4753647
LogInit: Engine Version: 4.21.2-4753647+++UE4+Release-4.21
LogInit: Compatible Engine Version: 4.21.0-4541578+++UE4+Release-4.21
LogInit: Net CL: 4541578
LogInit: OS: Windows 10 (), CPU: Intel(R) Core(TM) i7-8750H CPU @ 2.20GHz, GPU: Intel(R) UHD Graphics 630
LogInit: Compiled (64-bit): Jan 19 2019 02:07:31
LogInit: Compiled with Visual C++: 19.13.26129.00
LogInit: Build Configuration: Development
LogInit: Branch Name: ++UE4+Release-4.21
LogInit: Command Line: 
LogInit: Base Directory: C:/Program Files/Epic Games/UE_4.21/Engine/Binaries/Win64/
LogInit: Installed Engine Build: 1
LogDevObjectVersion: Number of dev versions registered: 22
LogDevObjectVersion:   Dev-Blueprints (B0D832E4-1F89-4F0D-ACCF-7EB736FD4AA2): 10
LogDevObjectVersion:   Dev-Build (E1C64328-A22C-4D53-A36C-8E866417BD8C): 0
LogDevObjectVersion:   Dev-Core (375EC13C-06E4-48FB-B500-84F0262A717E): 2
LogDevObjectVersion:   Dev-Editor (E4B068ED-F494-42E9-A231-DA0B2E46BB41): 26
LogDevObjectVersion:   Dev-Framework (CFFC743F-43B0-4480-9391-14DF171D2073): 34
LogDevObjectVersion:   Dev-Mobile (B02B49B5-BB20-44E9-A304-32B752E40360): 2
LogDevObjectVersion:   Dev-Networking (A4E4105C-59A1-49B5-A7C5-40C4547EDFEE): 0
LogDevObjectVersion:   Dev-Online (39C831C9-5AE6-47DC-9A44-9C173E1C8E7C): 0
LogDevObjectVersion:   Dev-Physics (78F01B33-EBEA-4F98-B9B4-84EACCB95AA2): 0
LogDevObjectVersion:   Dev-Platform (6631380F-2D4D-43E0-8009-CF276956A95A): 0
LogDevObjectVersion:   Dev-Rendering (12F88B9F-8875-4AFC-A67C-D90C383ABD29): 27
LogDevObjectVersion:   Dev-Sequencer (7B5AE74C-D270-4C10-A958-57980B212A5A): 9
LogDevObjectVersion:   Dev-VR (D7296918-1DD6-4BDD-9DE2-64A83CC13884): 2
LogDevObjectVersion:   Dev-LoadTimes (C2A15278-BFE7-4AFE-6C17-90FF531DF755): 1
LogDevObjectVersion:   Private-Geometry (6EACA3D4-40EC-4CC1-B786-8BED09428FC5): 3
LogDevObjectVersion:   Dev-AnimPhys (29E575DD-E0A3-4627-9D10-D276232CDCEA): 17
LogDevObjectVersion:   Dev-Anim (AF43A65D-7FD3-4947-9873-3E8ED9C1BB05): 2
LogDevObjectVersion:   Dev-ReflectionCapture (6B266CEC-1EC7-4B8F-A30B-E4D90942FC07): 1
LogDevObjectVersion:   Dev-Automation (0DF73D61-A23F-47EA-B727-89E90C41499A): 1
LogDevObjectVersion:   FortniteMain (601D1886-AC64-4F84-AA16-D3DE0DEAC7D6): 17
LogDevObjectVersion:   Dev-Enterprise (9DFFBCD6-494F-0158-E221-12823C92A888): 4
LogDevObjectVersion:   Dev-Niagara (F2AED0AC-9AFE-416F-8664-AA7FFA26D6FC): 1
LogStreaming: Display: Took  0.000s to delete old logs.
LogInit: Presizing for max 8388607 objects, including 0 objects not considered by GC, pre-allocating 0 bytes for permanent pool.
LogInit: Object subsystem initialized
LogConfig: Setting CVar [[con.DebugEarlyDefault:1]]
LogConfig: Setting CVar [[r.setres:1280x720]]
[2019.03.12-02.42.50:497][  0]LogConfig: Setting CVar [[r.VSync:0]]
[2019.03.12-02.42.50:497][  0]LogConfig: Setting CVar [[r.RHICmdBypass:0]]
[2019.03.12-02.42.50:497][  0]LogConfig: Applying CVar settings from Section [/Script/Engine.RendererSettings] File [D:/humanstuffFinal/MyProject3/Saved/Config/Windows/Engine.ini]
[2019.03.12-02.42.50:497][  0]LogConfig: Setting CVar [[r.GPUCrashDebugging:0]]
[2019.03.12-02.42.50:497][  0]LogConfig: Applying CVar settings from Section [/Script/Engine.RendererOverrideSettings] File [D:/humanstuffFinal/MyProject3/Saved/Config/Windows/Engine.ini]
[2019.03.12-02.42.50:497][  0]LogConfig: Applying CVar settings from Section [/Script/Engine.StreamingSettings] File [D:/humanstuffFinal/MyProject3/Saved/Config/Windows/Engine.ini]
[2019.03.12-02.42.50:497][  0]LogConfig: Setting CVar [[s.MinBulkDataSizeForAsyncLoading:131072]]
[2019.03.12-02.42.50:497][  0]LogConfig: Setting CVar [[s.AsyncLoadingThreadEnabled:0]]
[2019.03.12-02.42.50:497][  0]LogConfig: Setting CVar [[s.EventDrivenLoaderEnabled:1]]
[2019.03.12-02.42.50:497][  0]LogConfig: Setting CVar [[s.WarnIfTimeLimitExceeded:0]]
[2019.03.12-02.42.50:497][  0]LogConfig: Setting CVar [[s.TimeLimitExceededMultiplier:1.5]]
[2019.03.12-02.42.50:497][  0]LogConfig: Setting CVar [[s.TimeLimitExceededMinTime:0.005]]
[2019.03.12-02.42.50:497][  0]LogConfig: Setting CVar [[s.UseBackgroundLevelStreaming:1]]
[2019.03.12-02.42.50:497][  0]LogConfig: Setting CVar [[s.PriorityAsyncLoadingExtraTime:15.0]]
[2019.03.12-02.42.50:497][  0]LogConfig: Setting CVar [[s.LevelStreamingActorsUpdateTimeLimit:5.0]]
[2019.03.12-02.42.50:497][  0]LogConfig: Setting CVar [[s.PriorityLevelStreamingActorsUpdateExtraTime:5.0]]
[2019.03.12-02.42.50:497][  0]LogConfig: Setting CVar [[s.LevelStreamingComponentsRegistrationGranularity:10]]
[2019.03.12-02.42.50:497][  0]LogConfig: Setting CVar [[s.UnregisterComponentsTimeLimit:1.0]]
[2019.03.12-02.42.50:497][  0]LogConfig: Setting CVar [[s.LevelStreamingComponentsUnregistrationGranularity:5]]
[2019.03.12-02.42.50:497][  0]LogConfig: Applying CVar settings from Section [/Script/Engine.GarbageCollectionSettings] File [D:/humanstuffFinal/MyProject3/Saved/Config/Windows/Engine.ini]
[2019.03.12-02.42.50:497][  0]LogConfig: Setting CVar [[gc.MaxObjectsNotConsideredByGC:1]]
[2019.03.12-02.42.50:497][  0]LogConfig: Setting CVar [[gc.SizeOfPermanentObjectPool:0]]
[2019.03.12-02.42.50:497][  0]LogConfig: Setting CVar [[gc.FlushStreamingOnGC:0]]
[2019.03.12-02.42.50:497][  0]LogConfig: Setting CVar [[gc.NumRetriesBeforeForcingGC:10]]
[2019.03.12-02.42.50:497][  0]LogConfig: Setting CVar [[gc.AllowParallelGC:1]]
[2019.03.12-02.42.50:497][  0]LogConfig: Setting CVar [[gc.TimeBetweenPurgingPendingKillObjects:61.1]]
[2019.03.12-02.42.50:497][  0]LogConfig: Setting CVar [[gc.MaxObjectsInEditor:8388607]]
[2019.03.12-02.42.50:497][  0]LogConfig: Setting CVar [[gc.IncrementalBeginDestroyEnabled:1]]
[2019.03.12-02.42.50:497][  0]LogConfig: Setting CVar [[gc.CreateGCClusters:1]]
[2019.03.12-02.42.50:497][  0]LogConfig: Setting CVar [[gc.MergeGCClusters:0]]
[2019.03.12-02.42.50:497][  0]LogConfig: Setting CVar [[gc.MinGCClusterSize:5]]
[2019.03.12-02.42.50:497][  0]LogConfig: Setting CVar [[gc.ActorClusteringEnabled:0]]
[2019.03.12-02.42.50:497][  0]LogConfig: Setting CVar [[gc.BlueprintClusteringEnabled:0]]
[2019.03.12-02.42.50:497][  0]LogConfig: Setting CVar [[gc.UseDisregardForGCOnDedicatedServers:0]]
[2019.03.12-02.42.50:497][  0]LogConfig: Applying CVar settings from Section [/Script/Engine.NetworkSettings] File [D:/humanstuffFinal/MyProject3/Saved/Config/Windows/Engine.ini]
[2019.03.12-02.42.50:498][  0]LogConfig: Applying CVar settings from Section [/Script/UnrealEd.CookerSettings] File [D:/humanstuffFinal/MyProject3/Saved/Config/Windows/Engine.ini]
[2019.03.12-02.42.50:499][  0]LogConfig: Applying CVar settings from Section [ViewDistanceQuality@3] File [D:/humanstuffFinal/MyProject3/Saved/Config/Windows/Scalability.ini]
[2019.03.12-02.42.50:499][  0]LogConfig: Setting CVar [[r.SkeletalMeshLODBias:0]]
[2019.03.12-02.42.50:499][  0]LogConfig: Setting CVar [[r.ViewDistanceScale:1.0]]
[2019.03.12-02.42.50:499][  0]LogConfig: Applying CVar settings from Section [AntiAliasingQuality@3] File [D:/humanstuffFinal/MyProject3/Saved/Config/Windows/Scalability.ini]
[2019.03.12-02.42.50:499][  0]LogConfig: Setting CVar [[r.PostProcessAAQuality:3]]
[2019.03.12-02.42.50:499][  0]LogConfig: Applying CVar settings from Section [ShadowQuality@3] File [D:/humanstuffFinal/MyProject3/Saved/Config/Windows/Scalability.ini]
[2019.03.12-02.42.50:499][  0]LogConfig: Setting CVar [[r.LightFunctionQuality:1]]
[2019.03.12-02.42.50:499][  0]LogConfig: Setting CVar [[r.ShadowQuality:5]]
[2019.03.12-02.42.50:499][  0]LogConfig: Setting CVar [[r.Shadow.CSM.MaxCascades:10]]
[2019.03.12-02.42.50:499][  0]LogConfig: Setting CVar [[r.Shadow.MaxResolution:2048]]
[2019.03.12-02.42.50:499][  0]LogConfig: Setting CVar [[r.Shadow.MaxCSMResolution:2048]]
[2019.03.12-02.42.50:499][  0]LogConfig: Setting CVar [[r.Shadow.RadiusThreshold:0.01]]
[2019.03.12-02.42.50:499][  0]LogConfig: Setting CVar [[r.Shadow.DistanceScale:1.0]]
[2019.03.12-02.42.50:499][  0]LogConfig: Setting CVar [[r.Shadow.CSM.TransitionScale:1.0]]
[2019.03.12-02.42.50:499][  0]LogConfig: Setting CVar [[r.Shadow.PreShadowResolutionFactor:1.0]]
[2019.03.12-02.42.50:499][  0]LogConfig: Setting CVar [[r.DistanceFieldShadowing:1]]
[2019.03.12-02.42.50:499][  0]LogConfig: Setting CVar [[r.DistanceFieldAO:1]]
[2019.03.12-02.42.50:499][  0]LogConfig: Setting CVar [[r.AOQuality:2]]
[2019.03.12-02.42.50:499][  0]LogConfig: Setting CVar [[r.VolumetricFog:1]]
[2019.03.12-02.42.50:499][  0]LogConfig: Setting CVar [[r.VolumetricFog.GridPixelSize:8]]
[2019.03.12-02.42.50:499][  0]LogConfig: Setting CVar [[r.VolumetricFog.GridSizeZ:128]]
[2019.03.12-02.42.50:499][  0]LogConfig: Setting CVar [[r.VolumetricFog.HistoryMissSupersampleCount:4]]
[2019.03.12-02.42.50:499][  0]LogConfig: Setting CVar [[r.LightMaxDrawDistanceScale:1]]
[2019.03.12-02.42.50:499][  0]LogConfig: Setting CVar [[r.CapsuleShadows:1]]
[2019.03.12-02.42.50:499][  0]LogConfig: Applying CVar settings from Section [PostProcessQuality@3] File [D:/humanstuffFinal/MyProject3/Saved/Config/Windows/Scalability.ini]
[2019.03.12-02.42.50:499][  0]LogConfig: Setting CVar [[r.MotionBlurQuality:0]]
[2019.03.12-02.42.50:500][  0]LogConfig: Setting CVar [[r.AmbientOcclusionMipLevelFactor:0.4]]
[2019.03.12-02.42.50:500][  0]LogConfig: Setting CVar [[r.AmbientOcclusionMaxQuality:100]]
[2019.03.12-02.42.50:500][  0]LogConfig: Setting CVar [[r.AmbientOcclusionLevels:0]]
[2019.03.12-02.42.50:500][  0]LogConfig: Setting CVar [[r.AmbientOcclusionRadiusScale:1.0]]
[2019.03.12-02.42.50:500][  0]LogConfig: Setting CVar [[r.DepthOfFieldQuality:0]]
[2019.03.12-02.42.50:500][  0]LogConfig: Setting CVar [[r.RenderTargetPoolMin:400]]
[2019.03.12-02.42.50:500][  0]LogConfig: Setting CVar [[r.LensFlareQuality:0]]
[2019.03.12-02.42.50:500][  0]LogConfig: Setting CVar [[r.SceneColorFringeQuality:0]]
[2019.03.12-02.42.50:500][  0]LogConfig: Setting CVar [[r.EyeAdaptationQuality:2]]
[2019.03.12-02.42.50:500][  0]LogConfig: Setting CVar [[r.BloomQuality:1]]
[2019.03.12-02.42.50:500][  0]LogConfig: Setting CVar [[r.FastBlurThreshold:0]]
[2019.03.12-02.42.50:500][  0]LogConfig: Setting CVar [[r.Upscale.Quality:3]]
[2019.03.12-02.42.50:500][  0]LogConfig: Setting CVar [[r.Tonemapper.GrainQuantization:1]]
[2019.03.12-02.42.50:500][  0]LogConfig: Setting CVar [[r.LightShaftQuality:1]]
[2019.03.12-02.42.50:500][  0]LogConfig: Setting CVar [[r.Filter.SizeScale:1]]
[2019.03.12-02.42.50:500][  0]LogConfig: Setting CVar [[r.Tonemapper.Quality:5]]
[2019.03.12-02.42.50:500][  0]LogConfig: Setting CVar [[r.DOF.Gather.AccumulatorQuality:1        ; higher gathering accumulator quality]]
[2019.03.12-02.42.50:500][  0]LogConfig: Setting CVar [[r.DOF.Gather.PostfilterMethod:1          ; Median3x3 postfilering method]]
[2019.03.12-02.42.50:500][  0]LogConfig: Setting CVar [[r.DOF.Gather.EnableBokehSettings:0       ; no bokeh simulation when gathering]]
[2019.03.12-02.42.50:500][  0]LogConfig: Setting CVar [[r.DOF.Gather.RingCount:4                 ; medium number of samples when gathering]]
[2019.03.12-02.42.50:500][  0]LogConfig: Setting CVar [[r.DOF.Scatter.ForegroundCompositing:1    ; additive foreground scattering]]
[2019.03.12-02.42.50:500][  0]LogConfig: Setting CVar [[r.DOF.Scatter.BackgroundCompositing:2    ; additive background scattering]]
[2019.03.12-02.42.50:500][  0]LogConfig: Setting CVar [[r.DOF.Scatter.EnableBokehSettings:1      ; bokeh simulation when scattering]]
[2019.03.12-02.42.50:500][  0]LogConfig: Setting CVar [[r.DOF.Scatter.MaxSpriteRatio:0.1         ; only a maximum of 10% of scattered bokeh]]
[2019.03.12-02.42.50:500][  0]LogConfig: Setting CVar [[r.DOF.Recombine.Quality:1                ; cheap slight out of focus]]
[2019.03.12-02.42.50:500][  0]LogConfig: Setting CVar [[r.DOF.Recombine.EnableBokehSettings:0    ; no bokeh simulation on slight out of focus]]
[2019.03.12-02.42.50:500][  0]LogConfig: Setting CVar [[r.DOF.TemporalAAQuality:1                ; more stable temporal accumulation]]
[2019.03.12-02.42.50:500][  0]LogConfig: Setting CVar [[r.DOF.Kernel.MaxForegroundRadius:0.025]]
[2019.03.12-02.42.50:500][  0]LogConfig: Setting CVar [[r.DOF.Kernel.MaxBackgroundRadius:0.025]]
[2019.03.12-02.42.50:500][  0]LogConfig: Applying CVar settings from Section [TextureQuality@3] File [D:/humanstuffFinal/MyProject3/Saved/Config/Windows/Scalability.ini]
[2019.03.12-02.42.50:500][  0]LogConfig: Setting CVar [[r.Streaming.MipBias:0]]
[2019.03.12-02.42.50:500][  0]LogConfig: Setting CVar [[r.Streaming.AmortizeCPUToGPUCopy:0]]
[2019.03.12-02.42.50:500][  0]LogConfig: Setting CVar [[r.Streaming.MaxNumTexturesToStreamPerFrame:0]]
[2019.03.12-02.42.50:500][  0]LogConfig: Setting CVar [[r.Streaming.Boost:1]]
[2019.03.12-02.42.50:500][  0]LogConfig: Setting CVar [[r.MaxAnisotropy:8]]
[2019.03.12-02.42.50:500][  0]LogConfig: Setting CVar [[r.Streaming.LimitPoolSizeToVRAM:0]]
[2019.03.12-02.42.50:500][  0]LogConfig: Setting CVar [[r.Streaming.PoolSize:1000]]
[2019.03.12-02.42.50:500][  0]LogConfig: Setting CVar [[r.Streaming.MaxEffectiveScreenSize:0]]
[2019.03.12-02.42.50:500][  0]LogConfig: Applying CVar settings from Section [EffectsQuality@3] File [D:/humanstuffFinal/MyProject3/Saved/Config/Windows/Scalability.ini]
[2019.03.12-02.42.50:500][  0]LogConfig: Setting CVar [[r.TranslucencyLightingVolumeDim:4]]
[2019.03.12-02.42.50:500][  0]LogConfig: Setting CVar [[r.RefractionQuality:2]]
[2019.03.12-02.42.50:500][  0]LogConfig: Setting CVar [[r.SSR.Quality:0]]
[2019.03.12-02.42.50:500][  0]LogConfig: Setting CVar [[r.SceneColorFormat:2]]
[2019.03.12-02.42.50:500][  0]LogConfig: Setting CVar [[r.DetailMode:2]]
[2019.03.12-02.42.50:500][  0]LogConfig: Setting CVar [[r.TranslucencyVolumeBlur:0]]
[2019.03.12-02.42.50:500][  0]LogConfig: Setting CVar [[r.MaterialQualityLevel:1 ; High quality]]
[2019.03.12-02.42.50:500][  0]LogConfig: Setting CVar [[r.SSS.Scale:1]]
[2019.03.12-02.42.50:500][  0]LogConfig: Setting CVar [[r.SSS.SampleSet:2]]
[2019.03.12-02.42.50:500][  0]LogConfig: Setting CVar [[r.SSS.Quality:1]]
[2019.03.12-02.42.50:500][  0]LogConfig: Setting CVar [[r.SSS.HalfRes:1]]
[2019.03.12-02.42.50:500][  0]LogConfig: Setting CVar [[r.EmitterSpawnRateScale:1.0]]
[2019.03.12-02.42.50:500][  0]LogConfig: Setting CVar [[r.ParticleLightQuality:2]]
[2019.03.12-02.42.50:500][  0]LogConfig: Applying CVar settings from Section [FoliageQuality@3] File [D:/humanstuffFinal/MyProject3/Saved/Config/Windows/Scalability.ini]
[2019.03.12-02.42.50:500][  0]LogConfig: Setting CVar [[foliage.DensityScale:1.0]]
[2019.03.12-02.42.50:500][  0]LogConfig: Setting CVar [[grass.DensityScale:1.0]]
[2019.03.12-02.42.50:500][  0]LogInit: Selected Device Profile: [Windows]
[2019.03.12-02.42.50:500][  0]LogInit: Applying CVar settings loaded from the selected device profile: [Windows]
[2019.03.12-02.42.50:506][  0]LogHAL: Display: Platform has ~ 16 GB [17018638336 / 17179869184 / 16], which maps to Larger [LargestMinGB=32, LargerMinGB=12, DefaultMinGB=8, SmallerMinGB=6, SmallestMinGB=0)
[2019.03.12-02.42.50:507][  0]LogConfig: Setting CVar [[r.Vulkan.UseRealUBs:1]]
[2019.03.12-02.42.50:507][  0]LogInit: Going up to parent DeviceProfile []
[2019.03.12-02.42.50:507][  0]LogConfig: Applying CVar settings from Section [ViewDistanceQuality@3] File [D:/humanstuffFinal/MyProject3/Saved/Config/Windows/Scalability.ini]
[2019.03.12-02.42.50:507][  0]LogConfig: Setting CVar [[r.SkeletalMeshLODBias:0]]
[2019.03.12-02.42.50:507][  0]LogConfig: Setting CVar [[r.ViewDistanceScale:1.0]]
[2019.03.12-02.42.50:507][  0]LogConfig: Applying CVar settings from Section [AntiAliasingQuality@3] File [D:/humanstuffFinal/MyProject3/Saved/Config/Windows/Scalability.ini]
[2019.03.12-02.42.50:507][  0]LogConfig: Setting CVar [[r.PostProcessAAQuality:3]]
[2019.03.12-02.42.50:507][  0]LogConfig: Applying CVar settings from Section [ShadowQuality@3] File [D:/humanstuffFinal/MyProject3/Saved/Config/Windows/Scalability.ini]
[2019.03.12-02.42.50:507][  0]LogConfig: Setting CVar [[r.LightFunctionQuality:1]]
[2019.03.12-02.42.50:507][  0]LogConfig: Setting CVar [[r.ShadowQuality:5]]
[2019.03.12-02.42.50:507][  0]LogConfig: Setting CVar [[r.Shadow.CSM.MaxCascades:10]]
[2019.03.12-02.42.50:507][  0]LogConfig: Setting CVar [[r.Shadow.MaxResolution:2048]]
[2019.03.12-02.42.50:507][  0]LogConfig: Setting CVar [[r.Shadow.MaxCSMResolution:2048]]
[2019.03.12-02.42.50:507][  0]LogConfig: Setting CVar [[r.Shadow.RadiusThreshold:0.01]]
[2019.03.12-02.42.50:507][  0]LogConfig: Setting CVar [[r.Shadow.DistanceScale:1.0]]
[2019.03.12-02.42.50:507][  0]LogConfig: Setting CVar [[r.Shadow.CSM.TransitionScale:1.0]]
[2019.03.12-02.42.50:507][  0]LogConfig: Setting CVar [[r.Shadow.PreShadowResolutionFactor:1.0]]
[2019.03.12-02.42.50:507][  0]LogConfig: Setting CVar [[r.DistanceFieldShadowing:1]]
[2019.03.12-02.42.50:507][  0]LogConfig: Setting CVar [[r.DistanceFieldAO:1]]
[2019.03.12-02.42.50:507][  0]LogConfig: Setting CVar [[r.AOQuality:2]]
[2019.03.12-02.42.50:507][  0]LogConfig: Setting CVar [[r.VolumetricFog:1]]
[2019.03.12-02.42.50:507][  0]LogConfig: Setting CVar [[r.VolumetricFog.GridPixelSize:8]]
[2019.03.12-02.42.50:507][  0]LogConfig: Setting CVar [[r.VolumetricFog.GridSizeZ:128]]
[2019.03.12-02.42.50:507][  0]LogConfig: Setting CVar [[r.VolumetricFog.HistoryMissSupersampleCount:4]]
[2019.03.12-02.42.50:507][  0]LogConfig: Setting CVar [[r.LightMaxDrawDistanceScale:1]]
[2019.03.12-02.42.50:507][  0]LogConfig: Setting CVar [[r.CapsuleShadows:1]]
[2019.03.12-02.42.50:507][  0]LogConfig: Applying CVar settings from Section [PostProcessQuality@3] File [D:/humanstuffFinal/MyProject3/Saved/Config/Windows/Scalability.ini]
[2019.03.12-02.42.50:507][  0]LogConfig: Setting CVar [[r.MotionBlurQuality:0]]
[2019.03.12-02.42.50:507][  0]LogConfig: Setting CVar [[r.AmbientOcclusionMipLevelFactor:0.4]]
[2019.03.12-02.42.50:507][  0]LogConfig: Setting CVar [[r.AmbientOcclusionMaxQuality:100]]
[2019.03.12-02.42.50:507][  0]LogConfig: Setting CVar [[r.AmbientOcclusionLevels:0]]
[2019.03.12-02.42.50:507][  0]LogConfig: Setting CVar [[r.AmbientOcclusionRadiusScale:1.0]]
[2019.03.12-02.42.50:507][  0]LogConfig: Setting CVar [[r.DepthOfFieldQuality:0]]
[2019.03.12-02.42.50:507][  0]LogConfig: Setting CVar [[r.RenderTargetPoolMin:400]]
[2019.03.12-02.42.50:507][  0]LogConfig: Setting CVar [[r.LensFlareQuality:0]]
[2019.03.12-02.42.50:507][  0]LogConfig: Setting CVar [[r.SceneColorFringeQuality:0]]
[2019.03.12-02.42.50:507][  0]LogConfig: Setting CVar [[r.EyeAdaptationQuality:2]]
[2019.03.12-02.42.50:507][  0]LogConfig: Setting CVar [[r.BloomQuality:1]]
[2019.03.12-02.42.50:507][  0]LogConfig: Setting CVar [[r.FastBlurThreshold:0]]
[2019.03.12-02.42.50:507][  0]LogConfig: Setting CVar [[r.Upscale.Quality:3]]
[2019.03.12-02.42.50:507][  0]LogConfig: Setting CVar [[r.Tonemapper.GrainQuantization:1]]
[2019.03.12-02.42.50:507][  0]LogConfig: Setting CVar [[r.LightShaftQuality:1]]
[2019.03.12-02.42.50:507][  0]LogConfig: Setting CVar [[r.Filter.SizeScale:1]]
[2019.03.12-02.42.50:507][  0]LogConfig: Setting CVar [[r.Tonemapper.Quality:5]]
[2019.03.12-02.42.50:507][  0]LogConfig: Setting CVar [[r.DOF.Gather.AccumulatorQuality:1        ; higher gathering accumulator quality]]
[2019.03.12-02.42.50:507][  0]LogConfig: Setting CVar [[r.DOF.Gather.PostfilterMethod:1          ; Median3x3 postfilering method]]
[2019.03.12-02.42.50:507][  0]LogConfig: Setting CVar [[r.DOF.Gather.EnableBokehSettings:0       ; no bokeh simulation when gathering]]
[2019.03.12-02.42.50:507][  0]LogConfig: Setting CVar [[r.DOF.Gather.RingCount:4                 ; medium number of samples when gathering]]
[2019.03.12-02.42.50:507][  0]LogConfig: Setting CVar [[r.DOF.Scatter.ForegroundCompositing:1    ; additive foreground scattering]]
[2019.03.12-02.42.50:507][  0]LogConfig: Setting CVar [[r.DOF.Scatter.BackgroundCompositing:2    ; additive background scattering]]
[2019.03.12-02.42.50:507][  0]LogConfig: Setting CVar [[r.DOF.Scatter.EnableBokehSettings:1      ; bokeh simulation when scattering]]
[2019.03.12-02.42.50:507][  0]LogConfig: Setting CVar [[r.DOF.Scatter.MaxSpriteRatio:0.1         ; only a maximum of 10% of scattered bokeh]]
[2019.03.12-02.42.50:507][  0]LogConfig: Setting CVar [[r.DOF.Recombine.Quality:1                ; cheap slight out of focus]]
[2019.03.12-02.42.50:507][  0]LogConfig: Setting CVar [[r.DOF.Recombine.EnableBokehSettings:0    ; no bokeh simulation on slight out of focus]]
[2019.03.12-02.42.50:507][  0]LogConfig: Setting CVar [[r.DOF.TemporalAAQuality:1                ; more stable temporal accumulation]]
[2019.03.12-02.42.50:507][  0]LogConfig: Setting CVar [[r.DOF.Kernel.MaxForegroundRadius:0.025]]
[2019.03.12-02.42.50:507][  0]LogConfig: Setting CVar [[r.DOF.Kernel.MaxBackgroundRadius:0.025]]
[2019.03.12-02.42.50:507][  0]LogConfig: Applying CVar settings from Section [TextureQuality@3] File [D:/humanstuffFinal/MyProject3/Saved/Config/Windows/Scalability.ini]
[2019.03.12-02.42.50:507][  0]LogConfig: Setting CVar [[r.Streaming.MipBias:0]]
[2019.03.12-02.42.50:507][  0]LogConfig: Setting CVar [[r.Streaming.AmortizeCPUToGPUCopy:0]]
[2019.03.12-02.42.50:507][  0]LogConfig: Setting CVar [[r.Streaming.MaxNumTexturesToStreamPerFrame:0]]
[2019.03.12-02.42.50:507][  0]LogConfig: Setting CVar [[r.Streaming.Boost:1]]
[2019.03.12-02.42.50:507][  0]LogConfig: Setting CVar [[r.MaxAnisotropy:8]]
[2019.03.12-02.42.50:507][  0]LogConfig: Setting CVar [[r.Streaming.LimitPoolSizeToVRAM:0]]
[2019.03.12-02.42.50:507][  0]LogConfig: Setting CVar [[r.Streaming.PoolSize:1000]]
[2019.03.12-02.42.50:507][  0]LogConfig: Setting CVar [[r.Streaming.MaxEffectiveScreenSize:0]]
[2019.03.12-02.42.50:507][  0]LogConfig: Applying CVar settings from Section [EffectsQuality@3] File [D:/humanstuffFinal/MyProject3/Saved/Config/Windows/Scalability.ini]
[2019.03.12-02.42.50:507][  0]LogConfig: Setting CVar [[r.TranslucencyLightingVolumeDim:4]]
[2019.03.12-02.42.50:507][  0]LogConfig: Setting CVar [[r.RefractionQuality:2]]
[2019.03.12-02.42.50:507][  0]LogConfig: Setting CVar [[r.SSR.Quality:0]]
[2019.03.12-02.42.50:507][  0]LogConfig: Setting CVar [[r.SceneColorFormat:2]]
[2019.03.12-02.42.50:507][  0]LogConfig: Setting CVar [[r.DetailMode:2]]
[2019.03.12-02.42.50:507][  0]LogConfig: Setting CVar [[r.TranslucencyVolumeBlur:0]]
[2019.03.12-02.42.50:507][  0]LogConfig: Setting CVar [[r.MaterialQualityLevel:1 ; High quality]]
[2019.03.12-02.42.50:507][  0]LogConfig: Setting CVar [[r.SSS.Scale:1]]
[2019.03.12-02.42.50:507][  0]LogConfig: Setting CVar [[r.SSS.SampleSet:2]]
[2019.03.12-02.42.50:507][  0]LogConfig: Setting CVar [[r.SSS.Quality:1]]
[2019.03.12-02.42.50:507][  0]LogConfig: Setting CVar [[r.SSS.HalfRes:1]]
[2019.03.12-02.42.50:507][  0]LogConfig: Setting CVar [[r.EmitterSpawnRateScale:1.0]]
[2019.03.12-02.42.50:507][  0]LogConfig: Setting CVar [[r.ParticleLightQuality:2]]
[2019.03.12-02.42.50:507][  0]LogConfig: Applying CVar settings from Section [FoliageQuality@3] File [D:/humanstuffFinal/MyProject3/Saved/Config/Windows/Scalability.ini]
[2019.03.12-02.42.50:507][  0]LogConfig: Setting CVar [[foliage.DensityScale:1.0]]
[2019.03.12-02.42.50:507][  0]LogConfig: Setting CVar [[grass.DensityScale:1.0]]
[2019.03.12-02.42.50:507][  0]LogConfig: Applying CVar settings from Section [Startup] File [../../../Engine/Config/ConsoleVariables.ini]
[2019.03.12-02.42.50:508][  0]LogConfig: Setting CVar [[net.UseAdaptiveNetUpdateFrequency:0]]
[2019.03.12-02.42.50:508][  0]LogConfig: Applying CVar settings from Section [ConsoleVariables] File [D:/humanstuffFinal/MyProject3/Saved/Config/Windows/Engine.ini]
[2019.03.12-02.42.50:508][  0]LogInit: Computer: MSI
[2019.03.12-02.42.50:508][  0]LogInit: User: Gretchen
[2019.03.12-02.42.50:508][  0]LogInit: CPU Page size=4096, Cores=6
[2019.03.12-02.42.50:508][  0]LogInit: High frequency timer resolution =2.156252 MHz
[2019.03.12-02.42.50:508][  0]LogMemory: Memory total: Physical=15.8GB (16GB approx)
[2019.03.12-02.42.50:508][  0]LogMemory: Platform Memory Stats for Windows
[2019.03.12-02.42.50:508][  0]LogMemory: Process Physical Memory: 109.80 MB used, 109.80 MB peak
[2019.03.12-02.42.50:508][  0]LogMemory: Process Virtual Memory: 108.35 MB used, 108.35 MB peak
[2019.03.12-02.42.50:508][  0]LogMemory: Physical Memory: 7174.05 MB used,  9056.18 MB free, 16230.24 MB total
[2019.03.12-02.42.50:508][  0]LogMemory: Virtual Memory: 4701.61 MB used,  134213024.00 MB free, 134217728.00 MB total
[2019.03.12-02.42.50:737][  0]LogInit: Using OS detected language (en-US).
[2019.03.12-02.42.50:737][  0]LogInit: Using OS detected locale (en-US).
[2019.03.12-02.42.50:738][  0]LogTextLocalizationManager: No specific localization for 'en-US' exists, so the 'en' localization will be used.
[2019.03.12-02.42.51:076][  0]LogStreaming: Display: Took  0.339s to InitEngineTextLocalization.
[2019.03.12-02.42.51:076][  0]LogInit: Setting process to per monitor DPI aware
[2019.03.12-02.42.51:115][  0]LogSlate: New Slate User Created.  User Index 0, Is Virtual User: 0
[2019.03.12-02.42.51:115][  0]LogSlate: Slate User Registered.  User Index 0, Is Virtual User: 0
[2019.03.12-02.42.51:362][  0]LogD3D11RHI: D3D11 adapters:
[2019.03.12-02.42.51:407][  0]LogD3D11RHI:    0. 'NVIDIA GeForce GTX 1060' (Feature Level 11_0)
[2019.03.12-02.42.51:407][  0]LogD3D11RHI:       6052/0/8115 MB DedicatedVideo/DedicatedSystem/SharedSystem, Outputs:1, VendorId:0x10de
[2019.03.12-02.42.51:422][  0]LogD3D11RHI:    1. 'Intel(R) UHD Graphics 630' (Feature Level 11_0)
[2019.03.12-02.42.51:422][  0]LogD3D11RHI:       128/0/8115 MB DedicatedVideo/DedicatedSystem/SharedSystem, Outputs:0, VendorId:0x8086
[2019.03.12-02.42.51:424][  0]LogD3D11RHI:    2. 'Microsoft Basic Render Driver' (Feature Level 11_0)
[2019.03.12-02.42.51:424][  0]LogD3D11RHI:       0/0/8115 MB DedicatedVideo/DedicatedSystem/SharedSystem, Outputs:0, VendorId:0x1414
[2019.03.12-02.42.51:424][  0]LogD3D11RHI: Chosen D3D11 Adapter: 0
[2019.03.12-02.42.51:451][  0]LogD3D11RHI: Creating new Direct3DDevice
[2019.03.12-02.42.51:451][  0]LogD3D11RHI:     GPU DeviceId: 0x1c20 (for the marketing name, search the web for "GPU Device Id")
[2019.03.12-02.42.51:451][  0]LogWindows: EnumDisplayDevices:
[2019.03.12-02.42.51:452][  0]LogWindows:    0. 'Intel(R) UHD Graphics 630' (P:1 D:1)
[2019.03.12-02.42.51:452][  0]LogWindows:    1. 'Intel(R) UHD Graphics 630' (P:0 D:0)
[2019.03.12-02.42.51:452][  0]LogWindows:    2. 'Intel(R) UHD Graphics 630' (P:0 D:0)
[2019.03.12-02.42.51:452][  0]LogWindows:    3. 'NVIDIA GeForce GTX 1060' (P:0 D:0)
[2019.03.12-02.42.51:452][  0]LogWindows:    4. 'NVIDIA GeForce GTX 1060' (P:0 D:0)
[2019.03.12-02.42.51:453][  0]LogWindows:    5. 'NVIDIA GeForce GTX 1060' (P:0 D:0)
[2019.03.12-02.42.51:453][  0]LogWindows:    6. 'NVIDIA GeForce GTX 1060' (P:0 D:0)
[2019.03.12-02.42.51:453][  0]LogWindows: DebugString: PrimaryIsNotTheChoosenAdapter PrimaryIsNotTheChoosenAdapter PrimaryIsNotTheChoosenAdapter FoundDriverCount:4 
[2019.03.12-02.42.51:453][  0]LogD3D11RHI:     Adapter Name: NVIDIA GeForce GTX 1060
[2019.03.12-02.42.51:453][  0]LogD3D11RHI:   Driver Version: 398.35 (internal:24.21.13.9835, unified:398.35)
[2019.03.12-02.42.51:453][  0]LogD3D11RHI:      Driver Date: 6-21-2018
[2019.03.12-02.42.51:453][  0]LogRHI: Texture pool is 4236 MB (70% of 6052 MB)
[2019.03.12-02.42.51:490][  0]LogD3D11RHI: Async texture creation enabled
[2019.03.12-02.42.51:507][  0]LogD3D11RHI: GPU Timing Frequency: 1000.000000 (Debug: 2 2)
[2019.03.12-02.42.51:809][  0]LogTemp: Display: Loaded TP AllDesktopTargetPlatform
[2019.03.12-02.42.51:823][  0]LogTemp: Display: Loaded TP MacClientTargetPlatform
[2019.03.12-02.42.51:836][  0]LogTemp: Display: Loaded TP MacNoEditorTargetPlatform
[2019.03.12-02.42.51:850][  0]LogTemp: Display: Loaded TP MacServerTargetPlatform
[2019.03.12-02.42.51:865][  0]LogTemp: Display: Loaded TP MacTargetPlatform
[2019.03.12-02.42.51:880][  0]LogTemp: Display: Loaded TP WindowsClientTargetPlatform
[2019.03.12-02.42.51:893][  0]LogTemp: Display: Loaded TP WindowsNoEditorTargetPlatform
[2019.03.12-02.42.51:905][  0]LogTemp: Display: Loaded TP WindowsServerTargetPlatform
[2019.03.12-02.42.51:911][  0]LogTemp: Display: Loaded TP WindowsTargetPlatform
[2019.03.12-02.42.51:976][  0]LogTemp: Display: Loaded TP AndroidTargetPlatform
[2019.03.12-02.42.51:976][  0]LogTemp: Display: Loaded TP AndroidTargetPlatform
[2019.03.12-02.42.51:976][  0]LogTemp: Display: Loaded TP AndroidTargetPlatform
[2019.03.12-02.42.51:976][  0]LogTemp: Display: Loaded TP AndroidTargetPlatform
[2019.03.12-02.42.51:976][  0]LogTemp: Display: Loaded TP AndroidTargetPlatform
[2019.03.12-02.42.51:976][  0]LogTemp: Display: Loaded TP AndroidTargetPlatform
[2019.03.12-02.42.51:976][  0]LogTemp: Display: Loaded TP AndroidTargetPlatform
[2019.03.12-02.42.51:976][  0]LogTemp: Display: Loaded TP AndroidTargetPlatform
[2019.03.12-02.42.51:976][  0]LogTemp: Display: Loaded TP AndroidTargetPlatform
[2019.03.12-02.42.51:976][  0]LogTemp: Display: Loaded TP AndroidTargetPlatform
[2019.03.12-02.42.51:976][  0]LogTemp: Display: Loaded TP AndroidTargetPlatform
[2019.03.12-02.42.51:976][  0]LogTemp: Display: Loaded TP AndroidTargetPlatform
[2019.03.12-02.42.51:976][  0]LogTemp: Display: Loaded TP AndroidTargetPlatform
[2019.03.12-02.42.51:976][  0]LogTemp: Display: Loaded TP AndroidTargetPlatform
[2019.03.12-02.42.51:976][  0]LogTemp: Display: Loaded TP AndroidTargetPlatform
[2019.03.12-02.42.51:976][  0]LogTemp: Display: Loaded TP AndroidTargetPlatform
[2019.03.12-02.42.51:976][  0]LogTemp: Display: Loaded TP AndroidTargetPlatform
[2019.03.12-02.42.51:976][  0]LogTemp: Display: Loaded TP AndroidTargetPlatform
[2019.03.12-02.42.51:978][  0]LogTemp: Display: Loaded TP HTML5TargetPlatform
[2019.03.12-02.42.52:035][  0]LogTemp: Display: Loaded TP IOSTargetPlatform
[2019.03.12-02.42.52:035][  0]LogTemp: Display: Loaded TP IOSTargetPlatform
[2019.03.12-02.42.52:055][  0]LogTemp: Display: Loaded TP TVOSTargetPlatform
[2019.03.12-02.42.52:055][  0]LogTemp: Display: Loaded TP TVOSTargetPlatform
[2019.03.12-02.42.52:066][  0]LogTemp: Display: Loaded TP LinuxClientTargetPlatform
[2019.03.12-02.42.52:077][  0]LogTemp: Display: Loaded TP LinuxNoEditorTargetPlatform
[2019.03.12-02.42.52:089][  0]LogTemp: Display: Loaded TP LinuxServerTargetPlatform
[2019.03.12-02.42.52:101][  0]LogTemp: Display: Loaded TP LinuxTargetPlatform
[2019.03.12-02.42.52:156][  0]LogTemp: Display: Loaded TP LuminTargetPlatform
[2019.03.12-02.42.52:156][  0]LogTemp: Display: Loaded TP LuminTargetPlatform
[2019.03.12-02.42.52:156][  0]LogTargetPlatformManager: Display: Building Assets For Windows
[2019.03.12-02.42.52:216][  0]LogShaderCompilers: Guid format shader working directory is 20 characters bigger than the processId version (D:/humanstuffFinal/MyProject3/Intermediate/Shaders/WorkingDirectory/7312/).
[2019.03.12-02.42.52:217][  0]LogShaderCompilers: Cleaned the shader compiler working directory 'C:/Users/Gretchen/AppData/Local/Temp/UnrealShaderWorkingDir/11A8046F41A0ABF3FF80B8AEDE3E941B/'.
[2019.03.12-02.42.52:219][  0]LogXGEController: Cleaning working directory: C:/Users/Gretchen/AppData/Local/Temp/UnrealXGEWorkingDir/
[2019.03.12-02.42.52:219][  0]LogXGEController: Cannot use XGE Controller as Incredibuild is not installed on this machine.
[2019.03.12-02.42.52:219][  0]LogShaderCompilers: Cannot use XGE Shader Compiler as Incredibuild is not installed on this machine.
[2019.03.12-02.42.52:219][  0]LogShaderCompilers: Display: Using Local Shader Compiler.
[2019.03.12-02.42.52:746][  0]LogDerivedDataCache: Display: Max Cache Size: 512 MB
[2019.03.12-02.42.52:747][  0]LogDerivedDataCache: Error: Memory cache was corrputed (size) C:/Users/Gretchen/AppData/Local/UnrealEngine/4.21/DerivedDataCache/Boot.ddc.
[2019.03.12-02.42.52:747][  0]LogDerivedDataCache: Warning: Could not load Boot cache: C:/Users/Gretchen/AppData/Local/UnrealEngine/4.21/DerivedDataCache/Boot.ddc
[2019.03.12-02.42.52:747][  0]LogDerivedDataCache: FDerivedDataBackendGraph:  Pak pak cache file D:/humanstuffFinal/MyProject3/DerivedDataCache/DDC.ddp not found, will not use a pak cache.
[2019.03.12-02.42.52:747][  0]LogDerivedDataCache: Unable to find inner node Pak for hierarchical cache Hierarchy.
[2019.03.12-02.42.52:747][  0]LogDerivedDataCache: FDerivedDataBackendGraph:  CompressedPak pak cache file D:/humanstuffFinal/MyProject3/DerivedDataCache/Compressed.ddp not found, will not use a pak cache.
[2019.03.12-02.42.52:747][  0]LogDerivedDataCache: Unable to find inner node CompressedPak for hierarchical cache Hierarchy.
[2019.03.12-02.42.52:758][  0]LogDerivedDataCache: Display: Pak cache opened for reading ../../../Engine/DerivedDataCache/Compressed.ddp.
[2019.03.12-02.42.52:758][  0]LogDerivedDataCache: FDerivedDataBackendGraph:  EnterprisePak pak cache file ../../../Enterprise/DerivedDataCache/Compressed.ddp not found, will not use a pak cache.
[2019.03.12-02.42.52:758][  0]LogDerivedDataCache: Unable to find inner node EnterprisePak for hierarchical cache Hierarchy.
[2019.03.12-02.42.52:771][  0]LogDerivedDataCache: Using Local data cache path C:/Users/Gretchen/AppData/Local/UnrealEngine/Common/DerivedDataCache: Writable
[2019.03.12-02.42.52:771][  0]LogDerivedDataCache: Shared data cache path not found in *engine.ini, will not use an Shared cache.
[2019.03.12-02.42.52:771][  0]LogDerivedDataCache: Unable to find inner node Shared for hierarchical cache Hierarchy.
[2019.03.12-02.42.52:813][  0]LogMaterial: Verifying Global Shaders for PCD3D_SM5
[2019.03.12-02.42.52:814][  0]LogSlate: Using FreeType 2.6.0
[2019.03.12-02.42.52:815][  0]LogSlate: SlateFontServices - WITH_FREETYPE: 1, WITH_HARFBUZZ: 1
[2019.03.12-02.42.52:904][  0]LogAssetRegistry: FAssetRegistry took 0.0314 seconds to start up
[2019.03.12-02.42.53:193][  0]LogInit: Selected Device Profile: [Windows]
[2019.03.12-02.42.53:358][  0]LogSimplygon: Simplygon DLL not present - disabling.
[2019.03.12-02.42.53:362][  0]LogMeshReduction: Using SimplygonSwarm for distributed automatic mesh merging
[2019.03.12-02.42.53:362][  0]LogMeshReduction: Using ProxyLODMeshReduction for automatic mesh merging
[2019.03.12-02.42.53:362][  0]LogMeshReduction: Using QuadricMeshReduction for automatic static mesh reduction
[2019.03.12-02.42.53:362][  0]LogMeshReduction: No automatic skeletal mesh reduction module available
[2019.03.12-02.42.53:381][  0]LogNetVersion: MyProject3 1.0.0, NetCL: 4541578, EngineNetVer: 5, GameNetVer: 0 (Checksum: 2916331349)
[2019.03.12-02.42.54:004][  0]LogPackageLocalizationCache: Processed 11 localized package path(s) for 2 prioritized culture(s) in 0.067999 seconds
[2019.03.12-02.42.54:010][  0]LogUObjectArray: 39775 objects as part of root set at end of initial load.
[2019.03.12-02.42.54:010][  0]LogUObjectAllocator: 6914656 out of 0 bytes used by permanent object pool.
[2019.03.12-02.42.54:010][  0]LogUObjectArray: CloseDisregardForGC: 0/0 objects in disregard for GC pool
[2019.03.12-02.42.54:861][  0]LogTcpMessaging: Initializing TcpMessaging bridge
[2019.03.12-02.42.54:875][  0]LogUdpMessaging: Initializing bridge on interface 0.0.0.0:0 to multicast group 230.0.0.1:6666.
[2019.03.12-02.42.55:573][  0]SourceControl: Source control is disabled
[2019.03.12-02.42.55:573][  0]SourceControl: Source control is disabled
[2019.03.12-02.42.55:575][  0]SourceControl: Source control is disabled
[2019.03.12-02.42.55:576][  0]SourceControl: Source control is disabled
[2019.03.12-02.42.55:739][  0]LogAndroidPermission: UAndroidPermissionCallbackProxy::GetInstance
[2019.03.12-02.42.56:014][  0]LogOcInput: OculusInput pre-init called
[2019.03.12-02.42.56:149][  0]LogEngine: Initializing Engine...
[2019.03.12-02.42.56:150][  0]LogHMD: Oculus plugin initialized. Version: 4.21.2-4753647+++UE4+Release-4.21, OVRPlugin: 1.28.0
[2019.03.12-02.42.56:152][  0]LogStats: UGameplayTagsManager::ConstructGameplayTagTree: ImportINI prefixes -  0.000 s
[2019.03.12-02.42.56:152][  0]LogStats: UGameplayTagsManager::ConstructGameplayTagTree: Construct from data asset -  0.000 s
[2019.03.12-02.42.56:152][  0]LogStats: UGameplayTagsManager::ConstructGameplayTagTree: ImportINI -  0.000 s
[2019.03.12-02.42.56:152][  0]LogStats: UGameplayTagsManager::ConstructGameplayTagTree: GameplayTagTreeChangedEvent.Broadcast -  0.000 s
[2019.03.12-02.42.56:532][  0]LogInit: Initializing FReadOnlyCVARCache
[2019.03.12-02.42.56:545][  0]LogAIModule: Creating AISystem for world Untitled
[2019.03.12-02.42.56:624][  0]LogInit: XAudio2 using 'Headphones (2- Rift Audio)' : 2 channels at 48 kHz using 16 bits per sample (channel mask 0x3)
[2019.03.12-02.42.56:646][  0]LogInit: FAudioDevice initialized.
[2019.03.12-02.42.56:646][  0]LogNetVersion: Set ProjectVersion to 1.0.0.0. Version Checksum will be recalculated on next use.
[2019.03.12-02.42.56:673][  0]LogFileManager: Error: Error writing to file: C:/Users/Gretchen/AppData/Local/UnrealEngine/4.21/DerivedDataCache/Boot.ddc (There is not enough space on the disk.)
[2019.03.12-02.42.56:673][  0]LogDerivedDataCache: Saved boot cache 0.03s 70MB C:/Users/Gretchen/AppData/Local/UnrealEngine/4.21/DerivedDataCache/Boot.ddc.
[2019.03.12-02.42.56:680][  0]LogInit: Texture streaming: Enabled
[2019.03.12-02.42.56:701][  0]LogEngineSessionManager: EngineSessionManager initialized
[2019.03.12-02.42.56:715][  0]LogInit: Transaction tracking system initialized
[2019.03.12-02.42.56:741][  0]BlueprintLog: New page: Editor Load
[2019.03.12-02.42.56:819][  0]LocalizationService: Localization service is disabled
[2019.03.12-02.42.57:231][  0]LogFileCache: Scanning file cache for directory 'D:/humanstuffFinal/MyProject3/Content/' took 0.02s
[2019.03.12-02.42.57:231][  0]LogCook: Display: Max memory allowance for cook 16384mb min free memory 0mb
[2019.03.12-02.42.57:231][  0]LogCook: Display: Mobile HDR setting 1
[2019.03.12-02.42.57:232][  0]LogGameplayTags: Display: UGameplayTagsManager::DoneAddingNativeTags. DelegateIsBound: 0
[2019.03.12-02.42.57:232][  0]LogStats: UGameplayTagsManager::ConstructGameplayTagTree: ImportINI prefixes -  0.000 s
[2019.03.12-02.42.57:232][  0]LogStats: UGameplayTagsManager::ConstructGameplayTagTree: Construct from data asset -  0.000 s
[2019.03.12-02.42.57:232][  0]LogStats: UGameplayTagsManager::ConstructGameplayTagTree: ImportINI -  0.000 s
[2019.03.12-02.42.57:232][  0]LogStats: UGameplayTagsManager::ConstructGameplayTagTree: GameplayTagTreeChangedEvent.Broadcast -  0.000 s
[2019.03.12-02.42.57:367][  0]SourceControl: Source control is disabled
[2019.03.12-02.42.57:368][  0]Cmd: MAP LOAD FILE="D:/humanstuffFinal/MyProject3/Content/StarterContent/Maps/Level1.umap" TEMPLATE=0 SHOWPROGRESS=1 FEATURELEVEL=3
[2019.03.12-02.42.57:368][  0]LightingResults: New page: Lighting Build
[2019.03.12-02.42.57:371][  0]MapCheck: New page: Map Check
[2019.03.12-02.42.57:371][  0]LightingResults: New page: Lighting Build
[2019.03.12-02.42.58:356][  0]LoadErrors: Warning: hs_parkingMedian Min LOD value of 1 is out of range 0..0 and has been adjusted to 0. Please verify and resave the asset.
[2019.03.12-02.42.58:368][  0]LoadErrors: Warning: hs_lampTree Min LOD value of 1 is out of range 0..0 and has been adjusted to 0. Please verify and resave the asset.
[2019.03.12-02.42.58:380][  0]LoadErrors: Warning: hs_groundPlane Min LOD value of 1 is out of range 0..0 and has been adjusted to 0. Please verify and resave the asset.
[2019.03.12-02.42.58:398][  0]LoadErrors: Warning: hs_concreteBumper Min LOD value of 1 is out of range 0..0 and has been adjusted to 0. Please verify and resave the asset.
[2019.03.12-02.42.58:563][  0]LoadErrors: Warning: hs_vase Min LOD value of 1 is out of range 0..0 and has been adjusted to 0. Please verify and resave the asset.
[2019.03.12-02.42.58:573][  0]LoadErrors: Warning: hs_diamond Min LOD value of 1 is out of range 0..0 and has been adjusted to 0. Please verify and resave the asset.
[2019.03.12-02.42.58:574][  0]LoadErrors: Warning: hs_cake Min LOD value of 1 is out of range 0..0 and has been adjusted to 0. Please verify and resave the asset.
[2019.03.12-02.42.58:616][  0]LoadErrors: Warning: shelves Min LOD value of 1 is out of range 0..0 and has been adjusted to 0. Please verify and resave the asset.
[2019.03.12-02.42.58:617][  0]LoadErrors: Warning: skybox2 Min LOD value of 1 is out of range 0..0 and has been adjusted to 0. Please verify and resave the asset.
[2019.03.12-02.42.58:819][  0]LogAIModule: Creating AISystem for world Level1
[2019.03.12-02.42.58:841][  0]LogSlate: New Slate User Created.  User Index 8, Is Virtual User: 1
[2019.03.12-02.42.58:841][  0]LogSlate: Slate User Registered.  User Index 8, Is Virtual User: 1
[2019.03.12-02.42.58:864][  0]LogEditorServer: Finished looking for orphan Actors (0.000 secs)
[2019.03.12-02.42.58:898][  0]Cmd: MAP CHECKDEP NOCLEARLOG
[2019.03.12-02.42.58:898][  0]MapCheck: Map check complete: 0 Error(s), 0 Warning(s), took 0.125ms to complete.
[2019.03.12-02.42.58:898][  0]LogFileHelpers: Loading map 'Level1' took 1.531
[2019.03.12-02.42.58:997][  0]LogSlate: Updating window title bar state: overlay mode, drag disabled, window buttons hidden, title bar hidden
[2019.03.12-02.42.59:003][  0]LogSlate: Updating window title bar state: overlay mode, drag disabled, window buttons hidden, title bar hidden
[2019.03.12-02.42.59:009][  0]LogSlate: Updating window title bar state: overlay mode, drag disabled, window buttons hidden, title bar hidden
[2019.03.12-02.42.59:016][  0]LogSlate: Updating window title bar state: overlay mode, drag disabled, window buttons hidden, title bar hidden
[2019.03.12-02.42.59:022][  0]LogCollectionManager: Loaded 0 collections in 0.001732 seconds
[2019.03.12-02.42.59:038][  0]LogFileCache: Scanning file cache for directory 'D:/humanstuffFinal/MyProject3/Saved/Collections/' took 0.01s
[2019.03.12-02.42.59:038][  0]LogFileCache: Scanning file cache for directory 'D:/humanstuffFinal/MyProject3/Content/Developers/Gretchen/Collections/' took 0.00s
[2019.03.12-02.42.59:038][  0]LogFileCache: Scanning file cache for directory 'D:/humanstuffFinal/MyProject3/Content/Collections/' took 0.00s
[2019.03.12-02.42.59:038][  0]LogCollectionManager: Rebuilt the GUID cache for 0 collections in 0.000000 seconds
[2019.03.12-02.42.59:046][  0]LogContentBrowser: Native class hierarchy populated in 0.0075 seconds. Added 2651 classes and 620 folders.
[2019.03.12-02.42.59:053][  0]LogContentBrowser: Native class hierarchy updated for 'WidgetCarousel' in 0.0003 seconds. Added 0 classes and 0 folders.
[2019.03.12-02.42.59:054][  0]LogPakFile: Registered encryption key '00000000000000000000000000000000': 0 pak files mounted, 0 remain pending
[2019.03.12-02.42.59:055][  0]LogPakFile: Registered encryption key '00000000000000000000000000000000': 0 pak files mounted, 0 remain pending
[2019.03.12-02.42.59:055][  0]LogPakFile: Registered encryption key '00000000000000000000000000000000': 0 pak files mounted, 0 remain pending
[2019.03.12-02.42.59:055][  0]LogPakFile: Registered encryption key '00000000000000000000000000000000': 0 pak files mounted, 0 remain pending
[2019.03.12-02.42.59:056][  0]LogPakFile: Registered encryption key '00000000000000000000000000000000': 0 pak files mounted, 0 remain pending
[2019.03.12-02.42.59:056][  0]LogPakFile: Registered encryption key '00000000000000000000000000000000': 0 pak files mounted, 0 remain pending
[2019.03.12-02.42.59:056][  0]LogPakFile: Registered encryption key '00000000000000000000000000000000': 0 pak files mounted, 0 remain pending
[2019.03.12-02.42.59:057][  0]LogPakFile: Registered encryption key '00000000000000000000000000000000': 0 pak files mounted, 0 remain pending
[2019.03.12-02.42.59:057][  0]LogPakFile: Registered encryption key '00000000000000000000000000000000': 0 pak files mounted, 0 remain pending
[2019.03.12-02.42.59:057][  0]LogPakFile: Registered encryption key '00000000000000000000000000000000': 0 pak files mounted, 0 remain pending
[2019.03.12-02.42.59:058][  0]LogPakFile: Registered encryption key '00000000000000000000000000000000': 0 pak files mounted, 0 remain pending
[2019.03.12-02.42.59:058][  0]LogPakFile: Registered encryption key '00000000000000000000000000000000': 0 pak files mounted, 0 remain pending
[2019.03.12-02.42.59:059][  0]LogPakFile: Registered encryption key '00000000000000000000000000000000': 0 pak files mounted, 0 remain pending
[2019.03.12-02.42.59:059][  0]LogPakFile: Registered encryption key '00000000000000000000000000000000': 0 pak files mounted, 0 remain pending
[2019.03.12-02.42.59:059][  0]LogPakFile: Registered encryption key '00000000000000000000000000000000': 0 pak files mounted, 0 remain pending
[2019.03.12-02.42.59:060][  0]LogPakFile: Registered encryption key '00000000000000000000000000000000': 0 pak files mounted, 0 remain pending
[2019.03.12-02.42.59:060][  0]LogPakFile: Registered encryption key '00000000000000000000000000000000': 0 pak files mounted, 0 remain pending
[2019.03.12-02.42.59:061][  0]LogPakFile: Registered encryption key '00000000000000000000000000000000': 0 pak files mounted, 0 remain pending
[2019.03.12-02.42.59:061][  0]LogPakFile: Registered encryption key '00000000000000000000000000000000': 0 pak files mounted, 0 remain pending
[2019.03.12-02.42.59:062][  0]LogPakFile: Registered encryption key '00000000000000000000000000000000': 0 pak files mounted, 0 remain pending
[2019.03.12-02.42.59:062][  0]LogPakFile: Registered encryption key '00000000000000000000000000000000': 0 pak files mounted, 0 remain pending
[2019.03.12-02.42.59:062][  0]LogPakFile: Registered encryption key '00000000000000000000000000000000': 0 pak files mounted, 0 remain pending
[2019.03.12-02.42.59:063][  0]LogPakFile: Registered encryption key '00000000000000000000000000000000': 0 pak files mounted, 0 remain pending
[2019.03.12-02.42.59:063][  0]LogPakFile: Registered encryption key '00000000000000000000000000000000': 0 pak files mounted, 0 remain pending
[2019.03.12-02.42.59:064][  0]LogPakFile: Registered encryption key '00000000000000000000000000000000': 0 pak files mounted, 0 remain pending
[2019.03.12-02.42.59:064][  0]LogPakFile: Registered encryption key '00000000000000000000000000000000': 0 pak files mounted, 0 remain pending
[2019.03.12-02.42.59:100][  0]LogContentBrowser: Native class hierarchy updated for 'AddContentDialog' in 0.0002 seconds. Added 0 classes and 0 folders.
[2019.03.12-02.42.59:105][  0]LogContentBrowser: Native class hierarchy updated for 'SceneOutliner' in 0.0002 seconds. Added 1 classes and 2 folders.
[2019.03.12-02.42.59:190][  0]LogSlate: Took 0.000171 seconds to synchronously load lazily loaded font '../../../Engine/Content/Slate/Fonts/Roboto-Regular.ttf' (155K)
[2019.03.12-02.42.59:191][  0]LogSlate: Took 0.000214 seconds to synchronously load lazily loaded font '../../../Engine/Content/Slate/Fonts/Roboto-Bold.ttf' (160K)
[2019.03.12-02.42.59:196][  0]LogSlate: Took 0.000239 seconds to synchronously load lazily loaded font '../../../Engine/Content/Editor/Slate/Fonts/FontAwesome.ttf' (139K)
[2019.03.12-02.42.59:276][  0]LogRenderer: Reallocating scene render targets to support 916x436 Format 26 NumSamples 1 (Frame:1).
[2019.03.12-02.42.59:569][  0]LogContentBrowser: Native class hierarchy updated for 'HierarchicalLODOutliner' in 0.0002 seconds. Added 0 classes and 0 folders.
[2019.03.12-02.42.59:569][  0]LogLoad: (Engine Initialization) Total time: 11.11 seconds
[2019.03.12-02.42.59:569][  0]LogLoad: (Engine Initialization) Total Blueprint compile time: 0.00 seconds
[2019.03.12-02.42.59:589][  0]LogWindowsTextInputMethodSystem: Display: IME system now deactivated.
[2019.03.12-02.42.59:589][  0]LogOcInput: OculusInput is initialized
[2019.03.12-02.42.59:643][  0]LogContentStreaming: Texture pool size now 1000 MB
[2019.03.12-02.42.59:647][  0]LogSlate: FSceneViewport::OnFocusLost() reason 2
[2019.03.12-02.42.59:680][  0]LogSlate: Took 0.000164 seconds to synchronously load lazily loaded font '../../../Engine/Content/Slate/Fonts/Roboto-Light.ttf' (167K)
[2019.03.12-02.43.00:126][  6]LogAssetRegistry: Asset discovery search completed in 7.2441 seconds
[2019.03.12-02.43.00:128][  6]LogCollectionManager: Rebuilt the object cache for 0 collections in 0.000000 seconds (found 0 objects)
[2019.03.12-02.43.00:128][  6]LogCollectionManager: Fixed up redirectors for 0 collections in 0.000048 seconds (updated 0 objects)
[2019.03.12-02.43.01:643][ 82]LogSlate: Window 'Message Log' being destroyed
[2019.03.12-02.43.01:648][ 82]LogSlate: Window 'Message Log' being destroyed
[2019.03.12-02.43.09:262][492]LogSlate: FSceneViewport::OnFocusLost() reason 0
[2019.03.12-02.43.19:574][ 68]LogSlate: Took 0.000395 seconds to synchronously load lazily loaded font '../../../Engine/Content/Slate/Fonts/Roboto-Light.ttf' (167K)
[2019.03.12-02.43.19:582][ 68]LogAssetEditorManager: Opening Asset editor for World /Game/StarterContent/Maps/Level1.Level1
[2019.03.12-02.43.19:609][ 68]Cmd: MAP LOAD FILE="D:/humanstuffFinal/MyProject3/Content/StarterContent/Maps/Level1.umap" TEMPLATE=0 SHOWPROGRESS=1 FEATURELEVEL=3
[2019.03.12-02.43.19:609][ 68]LightingResults: New page: Lighting Build
[2019.03.12-02.43.19:609][ 68]LoadErrors: New page: Loading map: Level1.umap
[2019.03.12-02.43.19:613][ 68]MapCheck: New page: Map Check
[2019.03.12-02.43.19:613][ 68]LightingResults: New page: Lighting Build
[2019.03.12-02.43.19:640][ 68]LogSlate: Slate User Unregistered.  User Index 8
[2019.03.12-02.43.19:640][ 68]LogSlate: Slate User Destroyed.  User Index 8, Is Virtual User: 1
[2019.03.12-02.43.19:730][ 68]LogAIModule: Creating AISystem for world Level1
[2019.03.12-02.43.19:740][ 68]LogSlate: New Slate User Created.  User Index 8, Is Virtual User: 1
[2019.03.12-02.43.19:740][ 68]LogSlate: Slate User Registered.  User Index 8, Is Virtual User: 1
[2019.03.12-02.43.19:854][ 68]LogEditorServer: Finished looking for orphan Actors (0.000 secs)
[2019.03.12-02.43.19:911][ 68]Cmd: MAP CHECKDEP NOCLEARLOG
[2019.03.12-02.43.19:912][ 68]MapCheck: Map check complete: 0 Error(s), 0 Warning(s), took 0.154ms to complete.
[2019.03.12-02.43.19:913][ 68]LogFileHelpers: Loading map 'Level1' took 0.305
[2019.03.12-02.43.23:759][279]LogSlate: FSceneViewport::OnFocusLost() reason 0
[2019.03.12-02.43.24:201][291]LogAIModule: Creating AISystem for world Minimal_Default_2
[2019.03.12-02.43.24:219][291]LogAssetEditorManager: Opening Asset editor for World /Game/StarterContent/Maps/Minimal_Default_2.Minimal_Default_2
[2019.03.12-02.43.24:243][291]Cmd: MAP LOAD FILE="D:/humanstuffFinal/MyProject3/Content/StarterContent/Maps/Minimal_Default_2.umap" TEMPLATE=0 SHOWPROGRESS=1 FEATURELEVEL=3
[2019.03.12-02.43.24:243][291]LightingResults: New page: Lighting Build
[2019.03.12-02.43.24:244][291]LoadErrors: New page: Loading map: Minimal_Default_2.umap
[2019.03.12-02.43.24:247][291]MapCheck: New page: Map Check
[2019.03.12-02.43.24:247][291]LightingResults: New page: Lighting Build
[2019.03.12-02.43.24:397][291]LogEditorServer: Finished looking for orphan Actors (0.000 secs)
[2019.03.12-02.43.24:452][291]Cmd: MAP CHECKDEP NOCLEARLOG
[2019.03.12-02.43.24:452][291]MapCheck: Map check complete: 0 Error(s), 0 Warning(s), took 0.124ms to complete.
[2019.03.12-02.43.24:452][291]LogFileHelpers: Loading map 'Minimal_Default_2' took 0.209
[2019.03.12-02.43.27:152][448]LogSlate: FSceneViewport::OnFocusLost() reason 0
[2019.03.12-02.43.27:557][458]LogLinker: Warning: Asset 'D:/humanstuffFinal/MyProject3/Content/SuperGrid/StarterPack/Materials/Functions/Basic/BreakSet.uasset' has been saved with empty engine version. The asset will be loaded but may be incompatible.
[2019.03.12-02.43.27:559][458]LogLinker: Warning: Asset 'D:/humanstuffFinal/MyProject3/Content/SuperGrid/StarterPack/Materials/Functions/Basic/MakeSet.uasset' has been saved with empty engine version. The asset will be loaded but may be incompatible.
[2019.03.12-02.43.27:562][458]LogLinker: Warning: Asset 'D:/humanstuffFinal/MyProject3/Content/SuperGrid/StarterPack/Materials/Functions/Basic/Roughness.uasset' has been saved with empty engine version. The asset will be loaded but may be incompatible.
[2019.03.12-02.43.27:563][458]LogLinker: Warning: Asset 'D:/humanstuffFinal/MyProject3/Content/SuperGrid/StarterPack/Materials/Functions/Texture/Dye_SingleColor.uasset' has been saved with empty engine version. The asset will be loaded but may be incompatible.
[2019.03.12-02.43.27:566][458]LogLinker: Warning: Asset 'D:/humanstuffFinal/MyProject3/Content/SuperGrid/StarterPack/Materials/Functions/Texture/Tex_SimpleGrid.uasset' has been saved with empty engine version. The asset will be loaded but may be incompatible.
[2019.03.12-02.43.27:576][458]LogLinker: Warning: Asset 'D:/humanstuffFinal/MyProject3/Content/SuperGrid/StarterPack/Source/Textures/T_BasicGrid_M.uasset' has been saved with empty engine version. The asset will be loaded but may be incompatible.
[2019.03.12-02.43.27:582][458]LogLinker: Warning: Asset 'D:/humanstuffFinal/MyProject3/Content/SuperGrid/StarterPack/Materials/Functions/UV/UV_SetupGrid.uasset' has been saved with empty engine version. The asset will be loaded but may be incompatible.
[2019.03.12-02.43.27:596][458]LogLinker: Warning: Asset 'D:/humanstuffFinal/MyProject3/Content/SuperGrid/StarterPack/Source/Textures/T_BasicGrid_N.uasset' has been saved with empty engine version. The asset will be loaded but may be incompatible.
[2019.03.12-02.43.27:643][458]LoadErrors: Warning: hs_bomb Min LOD value of 1 is out of range 0..0 and has been adjusted to 0. Please verify and resave the asset.
[2019.03.12-02.43.27:690][458]LogAIModule: Creating AISystem for world Minimal_Default
[2019.03.12-02.43.27:709][458]LogAssetEditorManager: Opening Asset editor for World /Game/StarterContent/Maps/Minimal_Default.Minimal_Default
[2019.03.12-02.43.27:736][458]Cmd: MAP LOAD FILE="D:/humanstuffFinal/MyProject3/Content/StarterContent/Maps/Minimal_Default.umap" TEMPLATE=0 SHOWPROGRESS=1 FEATURELEVEL=3
[2019.03.12-02.43.27:736][458]LightingResults: New page: Lighting Build
[2019.03.12-02.43.27:737][458]LoadErrors: New page: Loading map: Minimal_Default.umap
[2019.03.12-02.43.27:739][458]MapCheck: New page: Map Check
[2019.03.12-02.43.27:739][458]LightingResults: New page: Lighting Build
[2019.03.12-02.43.27:863][458]LogEditorServer: Finished looking for orphan Actors (0.000 secs)
[2019.03.12-02.43.27:919][458]Cmd: MAP CHECKDEP NOCLEARLOG
[2019.03.12-02.43.27:922][458]MapCheck: Map check complete: 0 Error(s), 0 Warning(s), took 3.501ms to complete.
[2019.03.12-02.43.27:922][458]LogFileHelpers: Loading map 'Minimal_Default' took 0.187
[2019.03.12-02.43.29:301][535]LogSlate: Window 'Message Log' being destroyed
[2019.03.12-02.43.29:306][535]LogSlate: Window 'Message Log' being destroyed
[2019.03.12-02.43.31:160][607]LogAIModule: Creating AISystem for world Advanced_Lighting
[2019.03.12-02.43.31:171][607]LogAssetEditorManager: Opening Asset editor for World /Game/StarterContent/Maps/Advanced_Lighting.Advanced_Lighting
[2019.03.12-02.43.31:198][607]Cmd: MAP LOAD FILE="D:/humanstuffFinal/MyProject3/Content/StarterContent/Maps/Advanced_Lighting.umap" TEMPLATE=0 SHOWPROGRESS=1 FEATURELEVEL=3
[2019.03.12-02.43.31:198][607]LightingResults: New page: Lighting Build
[2019.03.12-02.43.31:199][607]LoadErrors: New page: Loading map: Advanced_Lighting.umap
[2019.03.12-02.43.31:199][607]MapCheck: New page: Map Check
[2019.03.12-02.43.31:199][607]LightingResults: New page: Lighting Build
[2019.03.12-02.43.31:224][607]LogSlate: Slate User Unregistered.  User Index 8
[2019.03.12-02.43.31:224][607]LogSlate: Slate User Destroyed.  User Index 8, Is Virtual User: 1
[2019.03.12-02.43.31:302][607]LogEditorServer: Finished looking for orphan Actors (0.000 secs)
[2019.03.12-02.43.31:359][607]Cmd: MAP CHECKDEP NOCLEARLOG
[2019.03.12-02.43.31:359][607]MapCheck: Map check complete: 0 Error(s), 0 Warning(s), took 0.106ms to complete.
[2019.03.12-02.43.31:359][607]LogFileHelpers: Loading map 'Advanced_Lighting' took 0.161
[2019.03.12-02.43.33:019][703]LogSlate: FSceneViewport::OnFocusLost() reason 0
[2019.03.12-02.43.37:592][714]LogAIModule: Creating AISystem for world StarterMap
[2019.03.12-02.43.37:651][714]LogAssetEditorManager: Opening Asset editor for World /Game/StarterContent/Maps/StarterMap.StarterMap
[2019.03.12-02.43.37:682][714]Cmd: MAP LOAD FILE="D:/humanstuffFinal/MyProject3/Content/StarterContent/Maps/StarterMap.umap" TEMPLATE=0 SHOWPROGRESS=1 FEATURELEVEL=3
[2019.03.12-02.43.37:683][714]LightingResults: New page: Lighting Build
[2019.03.12-02.43.37:683][714]LoadErrors: New page: Loading map: StarterMap.umap
[2019.03.12-02.43.37:684][714]MapCheck: New page: Map Check
[2019.03.12-02.43.37:684][714]LightingResults: New page: Lighting Build
[2019.03.12-02.43.37:839][714]LogEditorServer: Finished looking for orphan Actors (0.000 secs)
[2019.03.12-02.43.37:897][714]Cmd: MAP CHECKDEP NOCLEARLOG
[2019.03.12-02.43.37:897][714]MapCheck: Map check complete: 0 Error(s), 0 Warning(s), took 0.133ms to complete.
[2019.03.12-02.43.37:897][714]LogFileHelpers: Loading map 'StarterMap' took 0.216
[2019.03.12-02.43.39:682][794]LogSlate: Window 'MyProject3 - Unreal Editor' being destroyed
[2019.03.12-02.43.39:683][794]LogWindowsTextInputMethodSystem: Display: IME system now deactivated.
[2019.03.12-02.43.39:907][795]Cmd: QUIT_EDITOR
[2019.03.12-02.43.39:931][795]LogExit: Preparing to exit.
[2019.03.12-02.43.41:012][795]LogExit: Editor shut down
[2019.03.12-02.43.41:013][795]LogExit: Transaction tracking system shut down
[2019.03.12-02.43.41:286][795]LogExit: Object subsystem successfully closed.
[2019.03.12-02.43.41:333][795]LogShaderCompilers: Display: Shaders left to compile 0
[2019.03.12-02.43.41:339][795]LogD3D11RHI: Shutdown
[2019.03.12-02.43.41:339][795]LogD3D11RHI: CleanupD3DDevice
[2019.03.12-02.43.41:342][795]LogD3D11RHI: ~FD3D11DynamicRHI
[2019.03.12-02.43.41:369][795]LogModuleManager: Shutting down and abandoning module HierarchicalLODOutliner (622)
[2019.03.12-02.43.41:369][795]LogModuleManager: Shutting down and abandoning module SceneOutliner (620)
[2019.03.12-02.43.41:369][795]LogModuleManager: Shutting down and abandoning module AddContentDialog (618)
[2019.03.12-02.43.41:370][795]LogModuleManager: Shutting down and abandoning module WidgetCarousel (617)
[2019.03.12-02.43.41:370][795]LogModuleManager: Shutting down and abandoning module EditorWidgets (614)
[2019.03.12-02.43.41:370][795]LogModuleManager: Shutting down and abandoning module CollectionManager (612)
[2019.03.12-02.43.41:370][795]LogModuleManager: Shutting down and abandoning module StatsViewer (610)
[2019.03.12-02.43.41:370][795]LogModuleManager: Shutting down and abandoning module FoliageEdit (608)
[2019.03.12-02.43.41:370][795]LogModuleManager: Shutting down and abandoning module LandscapeEditor (606)
[2019.03.12-02.43.41:370][795]LogModuleManager: Shutting down and abandoning module MeshPaintMode (604)
[2019.03.12-02.43.41:370][795]LogModuleManager: Shutting down and abandoning module SceneDepthPickerMode (602)
[2019.03.12-02.43.41:370][795]LogModuleManager: Shutting down and abandoning module ActorPickerMode (600)
[2019.03.12-02.43.41:370][795]LogModuleManager: Shutting down and abandoning module GeometryMode (598)
[2019.03.12-02.43.41:370][795]LogModuleManager: Shutting down and abandoning module TextureAlignMode (596)
[2019.03.12-02.43.41:370][795]LogModuleManager: Shutting down and abandoning module BspMode (594)
[2019.03.12-02.43.41:370][795]LogModuleManager: Shutting down and abandoning module PIEPreviewDeviceProfileSelector (592)
[2019.03.12-02.43.41:370][795]LogModuleManager: Shutting down and abandoning module SequenceRecorderSections (590)
[2019.03.12-02.43.41:370][795]LogModuleManager: Shutting down and abandoning module AutomationWorker (588)
[2019.03.12-02.43.41:370][795]LogModuleManager: Shutting down and abandoning module AudioCaptureEditor (586)
[2019.03.12-02.43.41:370][795]LogModuleManager: Shutting down and abandoning module MatineeToLevelSequence (584)
[2019.03.12-02.43.41:370][795]LogModuleManager: Shutting down and abandoning module LevelSequenceEditor (582)
[2019.03.12-02.43.41:370][795]LogModuleManager: Shutting down and abandoning module PlacementMode (581)
[2019.03.12-02.43.41:370][795]LogModuleManager: Shutting down and abandoning module MaterialEditor (580)
[2019.03.12-02.43.41:370][795]LogModuleManager: Shutting down and abandoning module WmfMediaFactory (576)
[2019.03.12-02.43.41:370][795]LogModuleManager: Shutting down and abandoning module WmfMediaEditor (574)
[2019.03.12-02.43.41:370][795]LogModuleManager: Shutting down and abandoning module WebMMediaFactory (572)
[2019.03.12-02.43.41:370][795]LogModuleManager: Shutting down and abandoning module WebMMediaEditor (570)
[2019.03.12-02.43.41:370][795]LogModuleManager: Shutting down and abandoning module WebMMedia (568)
[2019.03.12-02.43.41:370][795]LogModuleManager: Shutting down and abandoning module MediaPlayerEditor (566)
[2019.03.12-02.43.41:370][795]LogModuleManager: Shutting down and abandoning module MediaCompositingEditor (564)
[2019.03.12-02.43.41:370][795]LogModuleManager: Shutting down and abandoning module SequenceRecorder (563)
[2019.03.12-02.43.41:370][795]LogModuleManager: Shutting down and abandoning module OpenExrWrapper (560)
[2019.03.12-02.43.41:370][795]LogModuleManager: Shutting down and abandoning module ImgMediaFactory (558)
[2019.03.12-02.43.41:370][795]LogModuleManager: Shutting down and abandoning module ImgMediaEditor (556)
[2019.03.12-02.43.41:370][795]LogModuleManager: Shutting down and abandoning module AvfMediaFactory (554)
[2019.03.12-02.43.41:370][795]LogModuleManager: Shutting down and abandoning module AvfMediaEditor (552)
[2019.03.12-02.43.41:370][795]LogModuleManager: Shutting down and abandoning module AndroidMediaFactory (550)
[2019.03.12-02.43.41:371][795]LogModuleManager: Shutting down and abandoning module AndroidMediaEditor (548)
[2019.03.12-02.43.41:371][795]LogModuleManager: Shutting down and abandoning module MagicLeapCameraPreviewFactory (546)
[2019.03.12-02.43.41:371][795]LogModuleManager: Shutting down and abandoning module MagicLeapMediaFactory (544)
[2019.03.12-02.43.41:371][795]LogModuleManager: Shutting down and abandoning module MagicLeapMediaEditor (542)
[2019.03.12-02.43.41:371][795]LogModuleManager: Shutting down and abandoning module CharacterAI (540)
[2019.03.12-02.43.41:371][795]LogModuleManager: Shutting down and abandoning module SmartSnapping (538)
[2019.03.12-02.43.41:371][795]LogModuleManager: Shutting down and abandoning module SessionServices (536)
[2019.03.12-02.43.41:371][795]LogModuleManager: Shutting down and abandoning module ViewportSnapping (534)
[2019.03.12-02.43.41:371][795]LogModuleManager: Shutting down and abandoning module ViewportInteraction (532)
[2019.03.12-02.43.41:371][795]LogModuleManager: Shutting down and abandoning module ClothPainter (530)
[2019.03.12-02.43.41:371][795]LogModuleManager: Shutting down and abandoning module SkeletalMeshEditor (529)
[2019.03.12-02.43.41:371][795]LogModuleManager: Shutting down and abandoning module LogVisualizer (526)
[2019.03.12-02.43.41:371][795]LogModuleManager: Shutting down and abandoning module IntroTutorials (524)
[2019.03.12-02.43.41:371][795]LogModuleManager: Shutting down and abandoning module GameProjectGeneration (523)
[2019.03.12-02.43.41:371][795]LogModuleManager: Shutting down and abandoning module LuminPlatformEditor (520)
[2019.03.12-02.43.41:371][795]LogModuleManager: Shutting down and abandoning module IOSPlatformEditor (518)
[2019.03.12-02.43.41:371][795]LogModuleManager: Shutting down and abandoning module HTML5PlatformEditor (516)
[2019.03.12-02.43.41:371][795]LogModuleManager: Shutting down and abandoning module AndroidPlatformEditor (514)
[2019.03.12-02.43.41:371][795]LogModuleManager: Shutting down and abandoning module AndroidDeviceDetection (513)
[2019.03.12-02.43.42:022][795]LogModuleManager: Shutting down and abandoning module WindowsPlatformEditor (510)
[2019.03.12-02.43.42:022][795]LogModuleManager: Shutting down and abandoning module LuminRuntimeSettings (508)
[2019.03.12-02.43.42:022][795]LogModuleManager: Shutting down and abandoning module IOSRuntimeSettings (506)
[2019.03.12-02.43.42:022][795]LogModuleManager: Shutting down and abandoning module AndroidRuntimeSettings (504)
[2019.03.12-02.43.42:022][795]LogModuleManager: Shutting down and abandoning module TimeManagementEditor (502)
[2019.03.12-02.43.42:022][795]LogModuleManager: Shutting down and abandoning module InputBindingEditor (500)
[2019.03.12-02.43.42:022][795]LogModuleManager: Shutting down and abandoning module MergeActors (498)
[2019.03.12-02.43.42:022][795]LogModuleManager: Shutting down and abandoning module LocalizationDashboard (496)
[2019.03.12-02.43.42:022][795]LogModuleManager: Shutting down and abandoning module LocalizationService (495)
[2019.03.12-02.43.42:022][795]LogModuleManager: Shutting down and abandoning module HardwareTargeting (492)
[2019.03.12-02.43.42:022][795]LogModuleManager: Shutting down and abandoning module DeviceProfileEditor (490)
[2019.03.12-02.43.42:022][795]LogModuleManager: Shutting down and abandoning module UndoHistory (488)
[2019.03.12-02.43.42:022][795]LogModuleManager: Shutting down and abandoning module XmlParser (486)
[2019.03.12-02.43.42:022][795]LogModuleManager: Shutting down and abandoning module Blutility (484)
[2019.03.12-02.43.42:022][795]LogModuleManager: Shutting down and abandoning module ProjectSettingsViewer (482)
[2019.03.12-02.43.42:022][795]LogModuleManager: Shutting down and abandoning module ProjectTargetPlatformEditor (481)
[2019.03.12-02.43.42:023][795]LogModuleManager: Shutting down and abandoning module EditorSettingsViewer (478)
[2019.03.12-02.43.42:023][795]LogModuleManager: Shutting down and abandoning module SettingsEditor (476)
[2019.03.12-02.43.42:023][795]LogModuleManager: Shutting down and abandoning module ProjectLauncher (474)
[2019.03.12-02.43.42:023][795]LogModuleManager: Shutting down and abandoning module SessionFrontend (472)
[2019.03.12-02.43.42:023][795]LogModuleManager: Shutting down and abandoning module ProfilerClient (470)
[2019.03.12-02.43.42:023][795]LogModuleManager: Shutting down and abandoning module DeviceManager (468)
[2019.03.12-02.43.42:023][795]LogModuleManager: Shutting down and abandoning module TargetDeviceServices (467)
[2019.03.12-02.43.42:077][795]LogModuleManager: Shutting down and abandoning module AutomationController (464)
[2019.03.12-02.43.42:077][795]LogModuleManager: Shutting down and abandoning module AutomationWindow (462)
[2019.03.12-02.43.42:077][795]LogModuleManager: Shutting down and abandoning module Layers (460)
[2019.03.12-02.43.42:077][795]LogModuleManager: Shutting down and abandoning module ComponentVisualizers (458)
[2019.03.12-02.43.42:077][795]LogModuleManager: Shutting down and abandoning module DetailCustomizations (456)
[2019.03.12-02.43.42:077][795]LogModuleManager: Shutting down and abandoning module PackagesDialog (454)
[2019.03.12-02.43.42:077][795]LogModuleManager: Shutting down and abandoning module Persona (452)
[2019.03.12-02.43.42:077][795]LogModuleManager: Shutting down and abandoning module AdvancedPreviewScene (451)
[2019.03.12-02.43.42:077][795]LogModuleManager: Shutting down and abandoning module AnimGraph (449)
[2019.03.12-02.43.42:077][795]LogModuleManager: Shutting down and abandoning module Kismet (446)
[2019.03.12-02.43.42:078][795]LogModuleManager: Shutting down and abandoning module GraphEditor (444)
[2019.03.12-02.43.42:078][795]LogModuleManager: Shutting down and abandoning module ClassViewer (442)
[2019.03.12-02.43.42:078][795]LogModuleManager: Shutting down and abandoning module Toolbox (440)
[2019.03.12-02.43.42:078][795]LogModuleManager: Shutting down and abandoning module ModuleUI (438)
[2019.03.12-02.43.42:078][795]LogModuleManager: Shutting down and abandoning module MovieSceneTools (436)
[2019.03.12-02.43.42:078][795]LogModuleManager: Shutting down and abandoning module OutputLog (434)
[2019.03.12-02.43.42:078][795]LogModuleManager: Shutting down and abandoning module GammaUI (432)
[2019.03.12-02.43.42:078][795]LogModuleManager: Shutting down and abandoning module Documentation (430)
[2019.03.12-02.43.42:078][795]LogModuleManager: Shutting down and abandoning module MovieSceneTracks (428)
[2019.03.12-02.43.42:078][795]LogModuleManager: Shutting down and abandoning module MovieScene (426)
[2019.03.12-02.43.42:078][795]LogModuleManager: Shutting down and abandoning module StreamingPauseRendering (424)
[2019.03.12-02.43.42:078][795]LogModuleManager: Shutting down and abandoning module LauncherPlatform (422)
[2019.03.12-02.43.42:078][795]LogModuleManager: Shutting down and abandoning module AnalyticsET (420)
[2019.03.12-02.43.42:078][795]LogModuleManager: Shutting down and abandoning module PortalServices (418)
[2019.03.12-02.43.42:078][795]LogModuleManager: Shutting down and abandoning module PortalRpc (416)
[2019.03.12-02.43.42:078][795]LogModuleManager: Shutting down and abandoning module MessagingRpc (414)
[2019.03.12-02.43.42:078][795]LogModuleManager: Shutting down and abandoning module AIModule (412)
[2019.03.12-02.43.42:078][795]LogModuleManager: Shutting down and abandoning module GameplayDebugger (411)
[2019.03.12-02.43.42:078][795]LogModuleManager: Shutting down and abandoning module AITestSuite (409)
[2019.03.12-02.43.42:078][795]LogModuleManager: Shutting down and abandoning module NavigationSystem (407)
[2019.03.12-02.43.42:078][795]LogModuleManager: Shutting down and abandoning module DesktopPlatform (404)
[2019.03.12-02.43.42:079][795]LogModuleManager: Shutting down and abandoning module ImageWriteQueue (402)
[2019.03.12-02.43.42:081][795]LogModuleManager: Shutting down and abandoning module ProfilerService (400)
[2019.03.12-02.43.42:100][795]LogModuleManager: Shutting down and abandoning module TaskGraph (398)
[2019.03.12-02.43.42:100][795]LogModuleManager: Shutting down and abandoning module SteamVRController (396)
[2019.03.12-02.43.42:100][795]LogModuleManager: Shutting down and abandoning module ProceduralMeshComponentEditor (394)
[2019.03.12-02.43.42:100][795]LogModuleManager: Shutting down and abandoning module ProceduralMeshComponent (392)
[2019.03.12-02.43.42:100][795]LogModuleManager: Shutting down and abandoning module OculusInput (390)
[2019.03.12-02.43.42:100][795]LogModuleManager: Shutting down and abandoning module MobilePatchingUtils (388)
[2019.03.12-02.43.42:100][795]LogModuleManager: Shutting down and abandoning module EditableMesh (386)
[2019.03.12-02.43.42:100][795]LogModuleManager: Shutting down and abandoning module CustomMeshComponent (384)
[2019.03.12-02.43.42:100][795]LogModuleManager: Shutting down and abandoning module CableComponent (382)
[2019.03.12-02.43.42:100][795]LogModuleManager: Shutting down and abandoning module AudioCapture (380)
[2019.03.12-02.43.42:100][795]LogModuleManager: Shutting down and abandoning module ArchVisCharacter (378)
[2019.03.12-02.43.42:100][795]LogModuleManager: Shutting down and abandoning module AndroidPermission (376)
[2019.03.12-02.43.42:100][795]LogModuleManager: Shutting down and abandoning module NUTUnrealEngine4 (374)
[2019.03.12-02.43.42:100][795]LogModuleManager: Shutting down and abandoning module NetcodeUnitTest (372)
[2019.03.12-02.43.42:100][795]LogModuleManager: Shutting down and abandoning module MediaCompositing (370)
[2019.03.12-02.43.42:100][795]LogModuleManager: Shutting down and abandoning module LinearTimecode (368)
[2019.03.12-02.43.42:100][795]LogModuleManager: Shutting down and abandoning module ImgMedia (366)
[2019.03.12-02.43.42:103][795]LogModuleManager: Shutting down and abandoning module HTML5Networking (364)
[2019.03.12-02.43.42:103][795]LogModuleManager: Shutting down and abandoning module GeometryCacheTracks (362)
[2019.03.12-02.43.42:103][795]LogModuleManager: Shutting down and abandoning module GeometryCacheSequencer (360)
[2019.03.12-02.43.42:103][795]LogModuleManager: Shutting down and abandoning module BackChannel (358)
[2019.03.12-02.43.42:103][795]LogModuleManager: Shutting down and abandoning module AppleVision (356)
[2019.03.12-02.43.42:103][795]LogModuleManager: Shutting down and abandoning module AppleImageUtilsBlueprintSupport (354)
[2019.03.12-02.43.42:103][795]LogModuleManager: Shutting down and abandoning module AppleImageUtils (352)
[2019.03.12-02.43.42:103][795]LogModuleManager: Shutting down and abandoning module AlembicImporter (350)
[2019.03.12-02.43.42:103][795]LogModuleManager: Shutting down and abandoning module AlembicLibrary (349)
[2019.03.12-02.43.42:103][795]LogModuleManager: Shutting down and abandoning module GeometryCache (348)
[2019.03.12-02.43.42:103][795]LogModuleManager: Shutting down and abandoning module GeometryCacheEd (347)
[2019.03.12-02.43.42:103][795]LogModuleManager: Shutting down and abandoning module VariantManagerContent (342)
[2019.03.12-02.43.42:103][795]LogModuleManager: Shutting down and abandoning module DatasmithContentEditor (340)
[2019.03.12-02.43.42:103][795]LogModuleManager: Shutting down and abandoning module SpeedTreeImporter (338)
[2019.03.12-02.43.42:103][795]LogModuleManager: Shutting down and abandoning module PluginBrowser (336)
[2019.03.12-02.43.42:103][795]LogModuleManager: Shutting down and abandoning module MobileLauncherProfileWizard (334)
[2019.03.12-02.43.42:103][795]LogModuleManager: Shutting down and abandoning module PolygonModeling (332)
[2019.03.12-02.43.42:103][795]LogModuleManager: Shutting down and abandoning module MeshEditor (330)
[2019.03.12-02.43.42:103][795]LogModuleManager: Shutting down and abandoning module CryptoKeysOpenSSL (328)
[2019.03.12-02.43.42:103][795]LogModuleManager: Shutting down and abandoning module CryptoKeys (326)
[2019.03.12-02.43.42:103][795]LogModuleManager: Shutting down and abandoning module VisualStudioSourceCodeAccess (324)
[2019.03.12-02.43.42:103][795]LogModuleManager: Shutting down and abandoning module VisualStudioCodeSourceCodeAccess (322)
[2019.03.12-02.43.42:103][795]LogModuleManager: Shutting down and abandoning module UObjectPlugin (320)
[2019.03.12-02.43.42:103][795]LogModuleManager: Shutting down and abandoning module SubversionSourceControl (318)
[2019.03.12-02.43.42:103][795]LogModuleManager: Shutting down and abandoning module PerforceSourceControl (316)
[2019.03.12-02.43.42:104][795]LogModuleManager: Shutting down and abandoning module GitSourceControl (314)
[2019.03.12-02.43.42:104][795]LogModuleManager: Shutting down and abandoning module SourceControl (313)
[2019.03.12-02.43.42:104][795]LogModuleManager: Shutting down and abandoning module CLionSourceCodeAccess (310)
[2019.03.12-02.43.42:104][795]LogModuleManager: Shutting down and abandoning module ActorLayerUtilitiesEditor (308)
[2019.03.12-02.43.42:104][795]LogModuleManager: Shutting down and abandoning module ActorLayerUtilities (306)
[2019.03.12-02.43.42:104][795]LogModuleManager: Shutting down and abandoning module LightPropagationVolumeEditor (304)
[2019.03.12-02.43.42:104][795]LogModuleManager: Shutting down and abandoning module PaperTiledImporter (302)
[2019.03.12-02.43.42:104][795]LogModuleManager: Shutting down and abandoning module PaperSpriteSheetImporter (300)
[2019.03.12-02.43.42:104][795]LogModuleManager: Shutting down and abandoning module Paper2DEditor (298)
[2019.03.12-02.43.42:104][795]LogModuleManager: Shutting down and abandoning module MeshPaint (297)
[2019.03.12-02.43.42:104][795]LogModuleManager: Shutting down and abandoning module RuntimePhysXCooking (294)
[2019.03.12-02.43.42:104][795]LogModuleManager: Shutting down and abandoning module PhysXVehiclesEditor (292)
[2019.03.12-02.43.42:104][795]LogModuleManager: Shutting down and abandoning module PhysXVehicles (290)
[2019.03.12-02.43.42:104][795]LogModuleManager: Shutting down and abandoning module OculusEditor (288)
[2019.03.12-02.43.42:104][795]LogModuleManager: Shutting down and abandoning module LocationServicesBPLibrary (286)
[2019.03.12-02.43.42:104][795]LogModuleManager: Shutting down and abandoning module ActorSequence (284)
[2019.03.12-02.43.42:104][795]LogModuleManager: Shutting down and abandoning module UdpMessaging (282)
[2019.03.12-02.43.42:205][795]LogModuleManager: Shutting down and abandoning module TcpMessaging (280)
[2019.03.12-02.43.42:306][795]LogModuleManager: Shutting down and abandoning module MagicLeapAudio (278)
[2019.03.12-02.43.42:306][795]LogModuleManager: Shutting down and abandoning module GameplayTagsEditor (276)
[2019.03.12-02.43.42:306][795]LogModuleManager: Shutting down and abandoning module FacialAnimationEditor (274)
[2019.03.12-02.43.42:306][795]LogModuleManager: Shutting down and abandoning module FacialAnimation (272)
[2019.03.12-02.43.42:306][795]LogModuleManager: Shutting down and abandoning module DataValidation (270)
[2019.03.12-02.43.42:306][795]LogModuleManager: Shutting down and abandoning module AssetManagerEditor (268)
[2019.03.12-02.43.42:306][795]LogModuleManager: Shutting down and abandoning module LevelEditor (267)
[2019.03.12-02.43.42:306][795]LogModuleManager: Shutting down and abandoning module PixelInspectorModule (266)
[2019.03.12-02.43.42:306][795]LogModuleManager: Shutting down and abandoning module CommonMenuExtensions (264)
[2019.03.12-02.43.42:307][795]LogModuleManager: Shutting down and abandoning module MainFrame (262)
[2019.03.12-02.43.42:307][795]LogModuleManager: Shutting down and abandoning module HotReload (261)
[2019.03.12-02.43.42:307][795]LogModuleManager: Shutting down and abandoning module ContentBrowser (257)
[2019.03.12-02.43.42:308][795]LogModuleManager: Shutting down and abandoning module TreeMap (255)
[2019.03.12-02.43.42:308][795]LogModuleManager: Shutting down and abandoning module LightPropagationVolumeRuntime (252)
[2019.03.12-02.43.42:308][795]LogModuleManager: Shutting down and abandoning module AISupportModule (250)
[2019.03.12-02.43.42:308][795]LogModuleManager: Shutting down and abandoning module Paper2D (248)
[2019.03.12-02.43.42:308][795]LogModuleManager: Shutting down and abandoning module WindowsMoviePlayer (246)
[2019.03.12-02.43.42:308][795]LogModuleManager: Shutting down and abandoning module WebMMoviePlayer (244)
[2019.03.12-02.43.42:308][795]LogModuleManager: Shutting down and abandoning module WmfMedia (242)
[2019.03.12-02.43.42:309][795]LogModuleManager: Shutting down and abandoning module Media (241)
[2019.03.12-02.43.42:315][795]LogModuleManager: Shutting down and abandoning module PacketHandler (238)
[2019.03.12-02.43.42:315][795]LogModuleManager: Shutting down and abandoning module ClothingSystemEditor (236)
[2019.03.12-02.43.42:315][795]LogModuleManager: Shutting down and abandoning module ClothingSystemRuntime (234)
[2019.03.12-02.43.42:315][795]LogModuleManager: Shutting down and abandoning module MediaAssets (232)
[2019.03.12-02.43.42:315][795]LogModuleManager: Shutting down and abandoning module Overlay (230)
[2019.03.12-02.43.42:315][795]LogModuleManager: Shutting down and abandoning module OverlayEditor (229)
[2019.03.12-02.43.42:315][795]LogModuleManager: Shutting down and abandoning module VREditor (226)
[2019.03.12-02.43.42:315][795]LogModuleManager: Shutting down and abandoning module StringTableEditor (224)
[2019.03.12-02.43.42:315][795]LogModuleManager: Shutting down and abandoning module GameplayTasksEditor (222)
[2019.03.12-02.43.42:316][795]LogModuleManager: Shutting down and abandoning module BehaviorTreeEditor (220)
[2019.03.12-02.43.42:316][795]LogModuleManager: Shutting down and abandoning module FunctionalTesting (218)
[2019.03.12-02.43.42:316][795]LogModuleManager: Shutting down and abandoning module CollisionAnalyzer (216)
[2019.03.12-02.43.42:316][795]LogModuleManager: Shutting down and abandoning module WorkspaceMenuStructure (215)
[2019.03.12-02.43.42:316][795]LogModuleManager: Shutting down and abandoning module UMG (212)
[2019.03.12-02.43.42:316][795]LogModuleManager: Shutting down and abandoning module UMGEditor (211)
[2019.03.12-02.43.42:316][795]LogModuleManager: Shutting down and abandoning module Sequencer (210)
[2019.03.12-02.43.42:316][795]LogModuleManager: Shutting down and abandoning module MessageLog (207)
[2019.03.12-02.43.42:316][795]LogModuleManager: Shutting down and abandoning module SlateReflector (202)
[2019.03.12-02.43.42:316][795]LogModuleManager: Shutting down and abandoning module Slate (200)
[2019.03.12-02.43.42:316][795]LogModuleManager: Shutting down and abandoning module EditorStyle (198)
[2019.03.12-02.43.42:317][795]LogModuleManager: Shutting down and abandoning module MRMesh (196)
[2019.03.12-02.43.42:317][795]LogModuleManager: Shutting down and abandoning module SourceCodeAccess (194)
[2019.03.12-02.43.42:317][795]LogModuleManager: Shutting down and abandoning module HeadMountedDisplay (192)
[2019.03.12-02.43.42:317][795]LogModuleManager: Shutting down and abandoning module XAudio2 (190)
[2019.03.12-02.43.42:317][795]LogModuleManager: Shutting down and abandoning module Networking (188)
[2019.03.12-02.43.42:317][795]LogModuleManager: Shutting down and abandoning module Core (186)
[2019.03.12-02.43.42:317][795]LogModuleManager: Shutting down and abandoning module LevelSequence (184)
[2019.03.12-02.43.42:317][795]LogModuleManager: Shutting down and abandoning module KismetCompiler (182)
[2019.03.12-02.43.42:317][795]LogModuleManager: Shutting down and abandoning module MeshUtilities (180)
[2019.03.12-02.43.42:317][795]LogModuleManager: Shutting down and abandoning module MeshMergeUtilities (179)
[2019.03.12-02.43.42:317][795]LogModuleManager: Shutting down and abandoning module MeshReductionInterface (178)
[2019.03.12-02.43.42:317][795]LogModuleManager: Shutting down and abandoning module SimplygonSwarm (177)
[2019.03.12-02.43.42:317][795]LogModuleManager: Shutting down and abandoning module ProxyLODMeshReduction (175)
[2019.03.12-02.43.42:317][795]LogModuleManager: Shutting down and abandoning module SimplygonMeshReduction (173)
[2019.03.12-02.43.42:317][795]LogModuleManager: Shutting down and abandoning module QuadricMeshReduction (171)
[2019.03.12-02.43.42:317][795]LogModuleManager: Shutting down and abandoning module MaterialBaking (167)
[2019.03.12-02.43.42:317][795]LogModuleManager: Shutting down and abandoning module DirectoryWatcher (163)
[2019.03.12-02.43.42:317][795]LogModuleManager: Shutting down and abandoning module DerivedDataCache (160)
[2019.03.12-02.43.42:320][795]LogDerivedDataCache: Shutdown
[2019.03.12-02.43.42:321][795]LogModuleManager: Shutting down and abandoning module XGEController (158)
[2019.03.12-02.43.42:321][795]LogXGEController: Cleaning working directory: C:/Users/Gretchen/AppData/Local/Temp/UnrealXGEWorkingDir/
[2019.03.12-02.43.42:321][795]LogModuleManager: Shutting down and abandoning module TargetPlatform (156)
[2019.03.12-02.43.42:321][795]LogModuleManager: Shutting down and abandoning module VulkanShaderFormat (155)
[2019.03.12-02.43.42:321][795]LogModuleManager: Shutting down and abandoning module ShaderFormatVectorVM (153)
[2019.03.12-02.43.42:321][795]LogModuleManager: Shutting down and abandoning module ShaderFormatOpenGL (151)
[2019.03.12-02.43.42:321][795]LogModuleManager: Shutting down and abandoning module ShaderFormatD3D (149)
[2019.03.12-02.43.42:321][795]LogModuleManager: Shutting down and abandoning module MetalShaderFormat (147)
[2019.03.12-02.43.42:321][795]LogModuleManager: Shutting down and abandoning module TextureFormatUncompressed (145)
[2019.03.12-02.43.42:321][795]LogModuleManager: Shutting down and abandoning module TextureFormatPVR (143)
[2019.03.12-02.43.42:321][795]LogModuleManager: Shutting down and abandoning module TextureFormatDXT (141)
[2019.03.12-02.43.42:321][795]LogModuleManager: Shutting down and abandoning module TextureFormatIntelISPCTexComp (139)
[2019.03.12-02.43.42:321][795]LogModuleManager: Shutting down and abandoning module TextureFormatASTC (137)
[2019.03.12-02.43.42:321][795]LogModuleManager: Shutting down and abandoning module ImageWrapper (136)
[2019.03.12-02.43.42:321][795]LogModuleManager: Shutting down and abandoning module TextureFormatAndroid (133)
[2019.03.12-02.43.42:321][795]LogModuleManager: Shutting down and abandoning module AudioFormatOpus (131)
[2019.03.12-02.43.42:321][795]LogModuleManager: Shutting down and abandoning module AudioFormatOgg (129)
[2019.03.12-02.43.42:321][795]LogModuleManager: Shutting down and abandoning module AudioFormatADPCM (127)
[2019.03.12-02.43.42:321][795]LogModuleManager: Shutting down and abandoning module LuminTargetPlatform (125)
[2019.03.12-02.43.42:321][795]LogModuleManager: Shutting down and abandoning module LinuxTargetPlatform (123)
[2019.03.12-02.43.42:322][795]LogModuleManager: Shutting down and abandoning module LinuxServerTargetPlatform (121)
[2019.03.12-02.43.42:322][795]LogModuleManager: Shutting down and abandoning module LinuxNoEditorTargetPlatform (119)
[2019.03.12-02.43.42:322][795]LogModuleManager: Shutting down and abandoning module LinuxClientTargetPlatform (117)
[2019.03.12-02.43.42:322][795]LogModuleManager: Shutting down and abandoning module TVOSTargetPlatform (115)
[2019.03.12-02.43.42:322][795]LogModuleManager: Shutting down and abandoning module Messaging (113)
[2019.03.12-02.43.42:322][795]LogModuleManager: Shutting down and abandoning module IOSTargetPlatform (111)
[2019.03.12-02.43.42:322][795]LogModuleManager: Shutting down and abandoning module HTML5TargetPlatform (109)
[2019.03.12-02.43.42:322][795]LogModuleManager: Shutting down and abandoning module AndroidTargetPlatform (107)
[2019.03.12-02.43.42:328][795]LogModuleManager: Shutting down and abandoning module WindowsTargetPlatform (105)
[2019.03.12-02.43.42:328][795]LogModuleManager: Shutting down and abandoning module WindowsServerTargetPlatform (103)
[2019.03.12-02.43.42:328][795]LogModuleManager: Shutting down and abandoning module WindowsNoEditorTargetPlatform (101)
[2019.03.12-02.43.42:328][795]LogModuleManager: Shutting down and abandoning module WindowsClientTargetPlatform (99)
[2019.03.12-02.43.42:328][795]LogModuleManager: Shutting down and abandoning module MacTargetPlatform (97)
[2019.03.12-02.43.42:328][795]LogModuleManager: Shutting down and abandoning module MacServerTargetPlatform (95)
[2019.03.12-02.43.42:328][795]LogModuleManager: Shutting down and abandoning module MacNoEditorTargetPlatform (93)
[2019.03.12-02.43.42:328][795]LogModuleManager: Shutting down and abandoning module MacClientTargetPlatform (91)
[2019.03.12-02.43.42:328][795]LogModuleManager: Shutting down and abandoning module AllDesktopTargetPlatform (89)
[2019.03.12-02.43.42:328][795]LogModuleManager: Shutting down and abandoning module InputCore (86)
[2019.03.12-02.43.42:328][795]LogModuleManager: Shutting down and abandoning module Settings (84)
[2019.03.12-02.43.42:328][795]LogModuleManager: Shutting down and abandoning module PhysXCooking (82)
[2019.03.12-02.43.42:328][795]LogModuleManager: Shutting down and abandoning module SteamVR (80)
[2019.03.12-02.43.42:328][795]LogHMD: Freeing OpenVRDLLHandle.
[2019.03.12-02.43.42:328][795]LogModuleManager: Shutting down and abandoning module OculusHMD (78)
[2019.03.12-02.43.42:328][795]LogModuleManager: Shutting down and abandoning module ExampleDeviceProfileSelector (76)
[2019.03.12-02.43.42:328][795]LogModuleManager: Shutting down and abandoning module LauncherChunkInstaller (74)
[2019.03.12-02.43.42:328][795]LogModuleManager: Shutting down and abandoning module OnlineBlueprintSupport (72)
[2019.03.12-02.43.42:328][795]LogModuleManager: Shutting down and abandoning module OnlineSubsystem (68)
[2019.03.12-02.43.42:329][795]LogModuleManager: Shutting down and abandoning module XMPP (63)
[2019.03.12-02.43.42:329][795]LogModuleManager: Shutting down and abandoning module WebSockets (62)
[2019.03.12-02.43.42:363][795]LogModuleManager: Shutting down and abandoning module HTTP (59)
[2019.03.12-02.43.42:363][795]LogHttp: Display: Http module shutting down, but needs to wait on 1 outstanding Http requests:
[2019.03.12-02.43.42:363][795]LogHttp: Display: 	verb=[POST] url=[https://datarouter.ol.epicgames.com/datarouter/api/v1/public/data?SessionID=%7B706AD84B-4641-760F-7E28-2DB80357F5F0%7D&AppID=UEEditor.Rocket.Release&AppVersion=4.21.2-4753647%2B%2B%2BUE4%2BRelease-4.21&UserID=f3c671f549cc0630f31b2792650eb6fe%7Cb775b6328c914cab9a29bb4702a5cd8d%7C77a5d85a-c746-4e4b-b58a-0cdd62e63f75&AppEnvironment=datacollector-binary&UploadType=eteventstream] status=Processing
[2019.03.12-02.43.42:380][795]LogModuleManager: Shutting down and abandoning module SSL (58)
[2019.03.12-02.43.42:381][795]LogModuleManager: Shutting down and abandoning module MagicLeapIdentity (54)
[2019.03.12-02.43.42:381][795]LogModuleManager: Shutting down and abandoning module MagicLeapHelperVulkan (52)
[2019.03.12-02.43.42:381][795]LogModuleManager: Shutting down and abandoning module MagicLeapHelperOpenGL (50)
[2019.03.12-02.43.42:381][795]LogModuleManager: Shutting down and abandoning module MagicLeapSecureStorage (48)
[2019.03.12-02.43.42:381][795]LogModuleManager: Shutting down and abandoning module MagicLeapHandTracking (46)
[2019.03.12-02.43.42:381][795]LogModuleManager: Shutting down and abandoning module MagicLeapEyeTracker (44)
[2019.03.12-02.43.42:381][795]LogModuleManager: Shutting down and abandoning module MagicLeapController (42)
[2019.03.12-02.43.42:381][795]LogSlate: Slate User Destroyed.  User Index 0, Is Virtual User: 0
[2019.03.12-02.43.42:381][795]LogModuleManager: Shutting down and abandoning module MagicLeap (40)
[2019.03.12-02.43.42:381][795]LogModuleManager: Shutting down and abandoning module DatasmithContent (38)
[2019.03.12-02.43.42:381][795]LogModuleManager: Shutting down and abandoning module AnimationModifiers (36)
[2019.03.12-02.43.42:381][795]LogModuleManager: Shutting down and abandoning module PropertyEditor (35)
[2019.03.12-02.43.42:381][795]LogModuleManager: Shutting down and abandoning module AudioEditor (32)
[2019.03.12-02.43.42:381][795]LogModuleManager: Shutting down and abandoning module TextureCompressor (30)
[2019.03.12-02.43.42:382][795]LogModuleManager: Shutting down and abandoning module ShaderCore (28)
[2019.03.12-02.43.42:382][795]LogModuleManager: Shutting down and abandoning module Landscape (26)
[2019.03.12-02.43.42:382][795]LogModuleManager: Shutting down and abandoning module SlateRHIRenderer (24)
[2019.03.12-02.43.42:382][795]LogModuleManager: Shutting down and abandoning module OpenGLDrv (22)
[2019.03.12-02.43.42:382][795]LogModuleManager: Shutting down and abandoning module D3D11RHI (20)
[2019.03.12-02.43.42:382][795]LogModuleManager: Shutting down and abandoning module AnimGraphRuntime (18)
[2019.03.12-02.43.42:382][795]LogModuleManager: Shutting down and abandoning module Renderer (16)
[2019.03.12-02.43.42:382][795]LogModuleManager: Shutting down and abandoning module Engine (14)
[2019.03.12-02.43.42:382][795]LogModuleManager: Shutting down and abandoning module CoreUObject (12)
[2019.03.12-02.43.42:382][795]LogModuleManager: Shutting down and abandoning module NetworkFile (10)
[2019.03.12-02.43.42:382][795]LogModuleManager: Shutting down and abandoning module CookedIterativeFile (8)
[2019.03.12-02.43.42:382][795]LogModuleManager: Shutting down and abandoning module StreamingFile (6)
[2019.03.12-02.43.42:382][795]LogModuleManager: Shutting down and abandoning module SandboxFile (4)
[2019.03.12-02.43.42:382][795]LogModuleManager: Shutting down and abandoning module PakFile (2)
[2019.03.12-02.43.42:392][795]LogExit: Exiting.
[2019.03.12-02.43.42:401][795]Log file closed, 03/11/19 22:43:42
