Log file open, 03/11/19 00:58:41
LogWindows: Failed to load 'aqProf.dll' (GetLastError=126)
LogWindows: File 'aqProf.dll' does not exist
LogWindows: Failed to load 'VtuneApi.dll' (GetLastError=126)
LogWindows: File 'VtuneApi.dll' does not exist
LogWindows: Failed to load 'VtuneApi32e.dll' (GetLastError=126)
LogWindows: File 'VtuneApi32e.dll' does not exist
LogConsoleResponse: Display: Failed to find resolution value strings in scalability ini. Falling back to default.
LogInit: Display: Running engine for game: MyProject3
LogPakFile: Registered encryption key '00000000000000000000000000000000': 0 pak files mounted, 0 remain pending
LogPlatformFile: Not using cached read wrapper
LogTaskGraph: Started task graph with 5 named threads and 11 total threads with 3 sets of task threads.
LogStats: Stats thread started at 0.369960
LogD3D11RHI: Loaded GFSDK_Aftermath_Lib.x64.dll
LogICUInternationalization: ICU TimeZone Detection - Raw Offset: -5:00, Platform Override: ''
LogPluginManager: Mounting plugin Paper2D
LogPluginManager: Mounting plugin AISupport
LogPluginManager: Mounting plugin LightPropagationVolume
LogPluginManager: Mounting plugin ActorLayerUtilities
LogPluginManager: Mounting plugin CLionSourceCodeAccess
LogPluginManager: Mounting plugin CodeLiteSourceCodeAccess
LogPluginManager: Mounting plugin GitSourceControl
LogPluginManager: Mounting plugin KDevelopSourceCodeAccess
LogPluginManager: Mounting plugin NullSourceCodeAccess
LogPluginManager: Mounting plugin PerforceSourceControl
LogPluginManager: Mounting plugin SubversionSourceControl
LogPluginManager: Mounting plugin UObjectPlugin
LogPluginManager: Mounting plugin VisualStudioCodeSourceCodeAccess
LogPluginManager: Mounting plugin VisualStudioSourceCodeAccess
LogPluginManager: Mounting plugin XCodeSourceCodeAccess
LogPluginManager: Mounting plugin AssetManagerEditor
LogPluginManager: Mounting plugin CryptoKeys
LogPluginManager: Mounting plugin DataValidation
LogPluginManager: Mounting plugin FacialAnimation
LogPluginManager: Mounting plugin GameplayTagsEditor
LogPluginManager: Mounting plugin MacGraphicsSwitching
LogPluginManager: Mounting plugin MeshEditor
LogPluginManager: Mounting plugin MobileLauncherProfileWizard
LogPluginManager: Mounting plugin PluginBrowser
LogPluginManager: Mounting plugin SpeedTreeImporter
LogPluginManager: Mounting plugin DatasmithContent
LogPluginManager: Mounting plugin VariantManagerContent
LogPluginManager: Mounting plugin AlembicImporter
LogPluginManager: Mounting plugin AppleImageUtils
LogPluginManager: Mounting plugin AppleVision
LogPluginManager: Mounting plugin BackChannel
LogPluginManager: Mounting plugin CharacterAI
LogPluginManager: Mounting plugin GeometryCache
LogPluginManager: Mounting plugin HTML5Networking
LogPluginManager: Mounting plugin ProxyLODPlugin
LogPluginManager: Mounting plugin MagicLeap
LogPluginManager: Mounting plugin MagicLeapMedia
LogPluginManager: Mounting plugin AndroidMedia
LogPluginManager: Mounting plugin AvfMedia
LogPluginManager: Mounting plugin ImgMedia
LogPluginManager: Mounting plugin LinearTimecode
LogPluginManager: Mounting plugin MediaCompositing
LogPluginManager: Mounting plugin MediaPlayerEditor
LogPluginManager: Mounting plugin WebMMedia
LogPluginManager: Mounting plugin WmfMedia
LogPluginManager: Mounting plugin TcpMessaging
LogPluginManager: Mounting plugin UdpMessaging
LogPluginManager: Mounting plugin ActorSequence
LogPluginManager: Mounting plugin LevelSequenceEditor
LogPluginManager: Mounting plugin MatineeToLevelSequence
LogPluginManager: Mounting plugin NetcodeUnitTest
LogPluginManager: Mounting plugin NUTUnrealEngine4
LogPluginManager: Mounting plugin OnlineSubsystemGooglePlay
LogPluginManager: Mounting plugin OnlineSubsystemIOS
LogPluginManager: Mounting plugin OnlineSubsystem
LogPluginManager: Mounting plugin OnlineSubsystemNull
LogPluginManager: Mounting plugin OnlineSubsystemUtils
LogPluginManager: Mounting plugin LauncherChunkInstaller
LogPluginManager: Mounting plugin AndroidDeviceProfileSelector
LogPluginManager: Mounting plugin AndroidMoviePlayer
LogPluginManager: Mounting plugin AndroidPermission
LogPluginManager: Mounting plugin AppleMoviePlayer
LogPluginManager: Mounting plugin ArchVisCharacter
LogPluginManager: Mounting plugin AudioCapture
LogPluginManager: Mounting plugin CableComponent
LogPluginManager: Mounting plugin CustomMeshComponent
LogPluginManager: Mounting plugin EditableMesh
LogPluginManager: Mounting plugin ExampleDeviceProfileSelector
LogPluginManager: Mounting plugin Firebase
LogPluginManager: Mounting plugin GoogleCloudMessaging
LogPluginManager: Mounting plugin IOSDeviceProfileSelector
LogPluginManager: Mounting plugin LinuxDeviceProfileSelector
LogPluginManager: Mounting plugin LocationServicesBPLibrary
LogPluginManager: Mounting plugin MobilePatchingUtils
LogPluginManager: Mounting plugin OculusVR
LogPluginManager: Mounting plugin PhysXVehicles
LogPluginManager: Mounting plugin ProceduralMeshComponent
LogPluginManager: Mounting plugin RuntimePhysXCooking
LogPluginManager: Mounting plugin SteamVR
LogPluginManager: Mounting plugin WebMMoviePlayer
LogPluginManager: Mounting plugin WindowsMoviePlayer
LogStreaming: Display: Took  0.204s to configure plugins.
LogInit: Using libcurl 7.55.1-DEV
LogInit:  - built for x86_64-pc-win32
LogInit:  - supports SSL with OpenSSL/1.0.2h
LogInit:  - supports HTTP deflate (compression) using libz 1.2.8
LogInit:  - other features:
LogInit:      CURL_VERSION_SSL
LogInit:      CURL_VERSION_LIBZ
LogInit:      CURL_VERSION_IPV6
LogInit:      CURL_VERSION_ASYNCHDNS
LogInit:      CURL_VERSION_LARGEFILE
LogInit:      CURL_VERSION_IDN
LogInit:  CurlRequestOptions (configurable via config and command line):
LogInit:  - bVerifyPeer = true  - Libcurl will verify peer certificate
LogInit:  - bUseHttpProxy = false  - Libcurl will NOT use HTTP proxy
LogInit:  - bDontReuseConnections = false  - Libcurl will reuse connections
LogInit:  - MaxHostConnections = 16  - Libcurl will limit the number of connections to a host
LogInit:  - LocalHostAddr = Default
LogInit:  - BufferSize = 65536
LogInit: WinSock: version 1.1 (2.2), MaxSocks=32767, MaxUdp=65467
LogInit: Build: ++UE4+Release-4.21-CL-4753647
LogInit: Engine Version: 4.21.2-4753647+++UE4+Release-4.21
LogInit: Compatible Engine Version: 4.21.0-4541578+++UE4+Release-4.21
LogInit: Net CL: 4541578
LogInit: OS: Windows 10 (), CPU: Intel(R) Core(TM) i5-4210H CPU @ 2.90GHz, GPU: Intel(R) HD Graphics 4600
LogInit: Compiled (64-bit): Jan 19 2019 02:07:31
LogInit: Compiled with Visual C++: 19.13.26129.00
LogInit: Build Configuration: Development
LogInit: Branch Name: ++UE4+Release-4.21
LogInit: Command Line: 
LogInit: Base Directory: E:/UE_4.21/Engine/Binaries/Win64/
LogInit: Installed Engine Build: 1
LogDevObjectVersion: Number of dev versions registered: 22
LogDevObjectVersion:   Dev-Blueprints (B0D832E4-1F89-4F0D-ACCF-7EB736FD4AA2): 10
LogDevObjectVersion:   Dev-Build (E1C64328-A22C-4D53-A36C-8E866417BD8C): 0
LogDevObjectVersion:   Dev-Core (375EC13C-06E4-48FB-B500-84F0262A717E): 2
LogDevObjectVersion:   Dev-Editor (E4B068ED-F494-42E9-A231-DA0B2E46BB41): 26
LogDevObjectVersion:   Dev-Framework (CFFC743F-43B0-4480-9391-14DF171D2073): 34
LogDevObjectVersion:   Dev-Mobile (B02B49B5-BB20-44E9-A304-32B752E40360): 2
LogDevObjectVersion:   Dev-Networking (A4E4105C-59A1-49B5-A7C5-40C4547EDFEE): 0
LogDevObjectVersion:   Dev-Online (39C831C9-5AE6-47DC-9A44-9C173E1C8E7C): 0
LogDevObjectVersion:   Dev-Physics (78F01B33-EBEA-4F98-B9B4-84EACCB95AA2): 0
LogDevObjectVersion:   Dev-Platform (6631380F-2D4D-43E0-8009-CF276956A95A): 0
LogDevObjectVersion:   Dev-Rendering (12F88B9F-8875-4AFC-A67C-D90C383ABD29): 27
LogDevObjectVersion:   Dev-Sequencer (7B5AE74C-D270-4C10-A958-57980B212A5A): 9
LogDevObjectVersion:   Dev-VR (D7296918-1DD6-4BDD-9DE2-64A83CC13884): 2
LogDevObjectVersion:   Dev-LoadTimes (C2A15278-BFE7-4AFE-6C17-90FF531DF755): 1
LogDevObjectVersion:   Private-Geometry (6EACA3D4-40EC-4CC1-B786-8BED09428FC5): 3
LogDevObjectVersion:   Dev-AnimPhys (29E575DD-E0A3-4627-9D10-D276232CDCEA): 17
LogDevObjectVersion:   Dev-Anim (AF43A65D-7FD3-4947-9873-3E8ED9C1BB05): 2
LogDevObjectVersion:   Dev-ReflectionCapture (6B266CEC-1EC7-4B8F-A30B-E4D90942FC07): 1
LogDevObjectVersion:   Dev-Automation (0DF73D61-A23F-47EA-B727-89E90C41499A): 1
LogDevObjectVersion:   FortniteMain (601D1886-AC64-4F84-AA16-D3DE0DEAC7D6): 17
LogDevObjectVersion:   Dev-Enterprise (9DFFBCD6-494F-0158-E221-12823C92A888): 4
LogDevObjectVersion:   Dev-Niagara (F2AED0AC-9AFE-416F-8664-AA7FFA26D6FC): 1
LogStreaming: Display: Took  0.010s to delete old logs.
LogInit: Presizing for max 8388607 objects, including 0 objects not considered by GC, pre-allocating 0 bytes for permanent pool.
LogInit: Object subsystem initialized
LogConfig: Setting CVar [[con.DebugEarlyDefault:1]]
LogConfig: Setting CVar [[r.setres:1280x720]]
[2019.03.11-04.58.42:573][  0]LogConfig: Setting CVar [[r.VSync:0]]
[2019.03.11-04.58.42:573][  0]LogConfig: Setting CVar [[r.RHICmdBypass:0]]
[2019.03.11-04.58.42:574][  0]LogConfig: Applying CVar settings from Section [/Script/Engine.RendererSettings] File [E:/Github/humanstuffFinal/MyProject3/Saved/Config/Windows/Engine.ini]
[2019.03.11-04.58.42:574][  0]LogConfig: Setting CVar [[r.GPUCrashDebugging:0]]
[2019.03.11-04.58.42:574][  0]LogConfig: Applying CVar settings from Section [/Script/Engine.RendererOverrideSettings] File [E:/Github/humanstuffFinal/MyProject3/Saved/Config/Windows/Engine.ini]
[2019.03.11-04.58.42:574][  0]LogConfig: Applying CVar settings from Section [/Script/Engine.StreamingSettings] File [E:/Github/humanstuffFinal/MyProject3/Saved/Config/Windows/Engine.ini]
[2019.03.11-04.58.42:574][  0]LogConfig: Setting CVar [[s.MinBulkDataSizeForAsyncLoading:131072]]
[2019.03.11-04.58.42:574][  0]LogConfig: Setting CVar [[s.AsyncLoadingThreadEnabled:0]]
[2019.03.11-04.58.42:574][  0]LogConfig: Setting CVar [[s.EventDrivenLoaderEnabled:1]]
[2019.03.11-04.58.42:574][  0]LogConfig: Setting CVar [[s.WarnIfTimeLimitExceeded:0]]
[2019.03.11-04.58.42:574][  0]LogConfig: Setting CVar [[s.TimeLimitExceededMultiplier:1.5]]
[2019.03.11-04.58.42:574][  0]LogConfig: Setting CVar [[s.TimeLimitExceededMinTime:0.005]]
[2019.03.11-04.58.42:574][  0]LogConfig: Setting CVar [[s.UseBackgroundLevelStreaming:1]]
[2019.03.11-04.58.42:574][  0]LogConfig: Setting CVar [[s.PriorityAsyncLoadingExtraTime:15.0]]
[2019.03.11-04.58.42:574][  0]LogConfig: Setting CVar [[s.LevelStreamingActorsUpdateTimeLimit:5.0]]
[2019.03.11-04.58.42:574][  0]LogConfig: Setting CVar [[s.PriorityLevelStreamingActorsUpdateExtraTime:5.0]]
[2019.03.11-04.58.42:574][  0]LogConfig: Setting CVar [[s.LevelStreamingComponentsRegistrationGranularity:10]]
[2019.03.11-04.58.42:574][  0]LogConfig: Setting CVar [[s.UnregisterComponentsTimeLimit:1.0]]
[2019.03.11-04.58.42:574][  0]LogConfig: Setting CVar [[s.LevelStreamingComponentsUnregistrationGranularity:5]]
[2019.03.11-04.58.42:574][  0]LogConfig: Applying CVar settings from Section [/Script/Engine.GarbageCollectionSettings] File [E:/Github/humanstuffFinal/MyProject3/Saved/Config/Windows/Engine.ini]
[2019.03.11-04.58.42:574][  0]LogConfig: Setting CVar [[gc.MaxObjectsNotConsideredByGC:1]]
[2019.03.11-04.58.42:574][  0]LogConfig: Setting CVar [[gc.SizeOfPermanentObjectPool:0]]
[2019.03.11-04.58.42:574][  0]LogConfig: Setting CVar [[gc.FlushStreamingOnGC:0]]
[2019.03.11-04.58.42:574][  0]LogConfig: Setting CVar [[gc.NumRetriesBeforeForcingGC:10]]
[2019.03.11-04.58.42:574][  0]LogConfig: Setting CVar [[gc.AllowParallelGC:1]]
[2019.03.11-04.58.42:574][  0]LogConfig: Setting CVar [[gc.TimeBetweenPurgingPendingKillObjects:61.1]]
[2019.03.11-04.58.42:574][  0]LogConfig: Setting CVar [[gc.MaxObjectsInEditor:8388607]]
[2019.03.11-04.58.42:574][  0]LogConfig: Setting CVar [[gc.IncrementalBeginDestroyEnabled:1]]
[2019.03.11-04.58.42:574][  0]LogConfig: Setting CVar [[gc.CreateGCClusters:1]]
[2019.03.11-04.58.42:574][  0]LogConfig: Setting CVar [[gc.MergeGCClusters:0]]
[2019.03.11-04.58.42:574][  0]LogConfig: Setting CVar [[gc.MinGCClusterSize:5]]
[2019.03.11-04.58.42:574][  0]LogConfig: Setting CVar [[gc.ActorClusteringEnabled:0]]
[2019.03.11-04.58.42:574][  0]LogConfig: Setting CVar [[gc.BlueprintClusteringEnabled:0]]
[2019.03.11-04.58.42:574][  0]LogConfig: Setting CVar [[gc.UseDisregardForGCOnDedicatedServers:0]]
[2019.03.11-04.58.42:575][  0]LogConfig: Applying CVar settings from Section [/Script/Engine.NetworkSettings] File [E:/Github/humanstuffFinal/MyProject3/Saved/Config/Windows/Engine.ini]
[2019.03.11-04.58.42:575][  0]LogConfig: Applying CVar settings from Section [/Script/UnrealEd.CookerSettings] File [E:/Github/humanstuffFinal/MyProject3/Saved/Config/Windows/Engine.ini]
[2019.03.11-04.58.42:581][  0]LogConfig: Applying CVar settings from Section [ViewDistanceQuality@3] File [E:/Github/humanstuffFinal/MyProject3/Saved/Config/Windows/Scalability.ini]
[2019.03.11-04.58.42:581][  0]LogConfig: Setting CVar [[r.SkeletalMeshLODBias:0]]
[2019.03.11-04.58.42:581][  0]LogConfig: Setting CVar [[r.ViewDistanceScale:1.0]]
[2019.03.11-04.58.42:581][  0]LogConfig: Applying CVar settings from Section [AntiAliasingQuality@3] File [E:/Github/humanstuffFinal/MyProject3/Saved/Config/Windows/Scalability.ini]
[2019.03.11-04.58.42:581][  0]LogConfig: Setting CVar [[r.PostProcessAAQuality:3]]
[2019.03.11-04.58.42:581][  0]LogConfig: Applying CVar settings from Section [ShadowQuality@3] File [E:/Github/humanstuffFinal/MyProject3/Saved/Config/Windows/Scalability.ini]
[2019.03.11-04.58.42:581][  0]LogConfig: Setting CVar [[r.LightFunctionQuality:1]]
[2019.03.11-04.58.42:581][  0]LogConfig: Setting CVar [[r.ShadowQuality:5]]
[2019.03.11-04.58.42:581][  0]LogConfig: Setting CVar [[r.Shadow.CSM.MaxCascades:10]]
[2019.03.11-04.58.42:581][  0]LogConfig: Setting CVar [[r.Shadow.MaxResolution:2048]]
[2019.03.11-04.58.42:581][  0]LogConfig: Setting CVar [[r.Shadow.MaxCSMResolution:2048]]
[2019.03.11-04.58.42:581][  0]LogConfig: Setting CVar [[r.Shadow.RadiusThreshold:0.01]]
[2019.03.11-04.58.42:581][  0]LogConfig: Setting CVar [[r.Shadow.DistanceScale:1.0]]
[2019.03.11-04.58.42:581][  0]LogConfig: Setting CVar [[r.Shadow.CSM.TransitionScale:1.0]]
[2019.03.11-04.58.42:581][  0]LogConfig: Setting CVar [[r.Shadow.PreShadowResolutionFactor:1.0]]
[2019.03.11-04.58.42:581][  0]LogConfig: Setting CVar [[r.DistanceFieldShadowing:1]]
[2019.03.11-04.58.42:581][  0]LogConfig: Setting CVar [[r.DistanceFieldAO:1]]
[2019.03.11-04.58.42:581][  0]LogConfig: Setting CVar [[r.AOQuality:2]]
[2019.03.11-04.58.42:581][  0]LogConfig: Setting CVar [[r.VolumetricFog:1]]
[2019.03.11-04.58.42:581][  0]LogConfig: Setting CVar [[r.VolumetricFog.GridPixelSize:8]]
[2019.03.11-04.58.42:581][  0]LogConfig: Setting CVar [[r.VolumetricFog.GridSizeZ:128]]
[2019.03.11-04.58.42:581][  0]LogConfig: Setting CVar [[r.VolumetricFog.HistoryMissSupersampleCount:4]]
[2019.03.11-04.58.42:581][  0]LogConfig: Setting CVar [[r.LightMaxDrawDistanceScale:1]]
[2019.03.11-04.58.42:581][  0]LogConfig: Setting CVar [[r.CapsuleShadows:1]]
[2019.03.11-04.58.42:582][  0]LogConfig: Applying CVar settings from Section [PostProcessQuality@3] File [E:/Github/humanstuffFinal/MyProject3/Saved/Config/Windows/Scalability.ini]
[2019.03.11-04.58.42:582][  0]LogConfig: Setting CVar [[r.MotionBlurQuality:0]]
[2019.03.11-04.58.42:582][  0]LogConfig: Setting CVar [[r.AmbientOcclusionMipLevelFactor:0.4]]
[2019.03.11-04.58.42:582][  0]LogConfig: Setting CVar [[r.AmbientOcclusionMaxQuality:100]]
[2019.03.11-04.58.42:582][  0]LogConfig: Setting CVar [[r.AmbientOcclusionLevels:0]]
[2019.03.11-04.58.42:582][  0]LogConfig: Setting CVar [[r.AmbientOcclusionRadiusScale:1.0]]
[2019.03.11-04.58.42:582][  0]LogConfig: Setting CVar [[r.DepthOfFieldQuality:0]]
[2019.03.11-04.58.42:582][  0]LogConfig: Setting CVar [[r.RenderTargetPoolMin:400]]
[2019.03.11-04.58.42:582][  0]LogConfig: Setting CVar [[r.LensFlareQuality:0]]
[2019.03.11-04.58.42:582][  0]LogConfig: Setting CVar [[r.SceneColorFringeQuality:0]]
[2019.03.11-04.58.42:582][  0]LogConfig: Setting CVar [[r.EyeAdaptationQuality:2]]
[2019.03.11-04.58.42:582][  0]LogConfig: Setting CVar [[r.BloomQuality:1]]
[2019.03.11-04.58.42:582][  0]LogConfig: Setting CVar [[r.FastBlurThreshold:0]]
[2019.03.11-04.58.42:582][  0]LogConfig: Setting CVar [[r.Upscale.Quality:3]]
[2019.03.11-04.58.42:582][  0]LogConfig: Setting CVar [[r.Tonemapper.GrainQuantization:1]]
[2019.03.11-04.58.42:582][  0]LogConfig: Setting CVar [[r.LightShaftQuality:1]]
[2019.03.11-04.58.42:582][  0]LogConfig: Setting CVar [[r.Filter.SizeScale:1]]
[2019.03.11-04.58.42:582][  0]LogConfig: Setting CVar [[r.Tonemapper.Quality:5]]
[2019.03.11-04.58.42:582][  0]LogConfig: Setting CVar [[r.DOF.Gather.AccumulatorQuality:1        ; higher gathering accumulator quality]]
[2019.03.11-04.58.42:582][  0]LogConfig: Setting CVar [[r.DOF.Gather.PostfilterMethod:1          ; Median3x3 postfilering method]]
[2019.03.11-04.58.42:582][  0]LogConfig: Setting CVar [[r.DOF.Gather.EnableBokehSettings:0       ; no bokeh simulation when gathering]]
[2019.03.11-04.58.42:582][  0]LogConfig: Setting CVar [[r.DOF.Gather.RingCount:4                 ; medium number of samples when gathering]]
[2019.03.11-04.58.42:582][  0]LogConfig: Setting CVar [[r.DOF.Scatter.ForegroundCompositing:1    ; additive foreground scattering]]
[2019.03.11-04.58.42:582][  0]LogConfig: Setting CVar [[r.DOF.Scatter.BackgroundCompositing:2    ; additive background scattering]]
[2019.03.11-04.58.42:582][  0]LogConfig: Setting CVar [[r.DOF.Scatter.EnableBokehSettings:1      ; bokeh simulation when scattering]]
[2019.03.11-04.58.42:582][  0]LogConfig: Setting CVar [[r.DOF.Scatter.MaxSpriteRatio:0.1         ; only a maximum of 10% of scattered bokeh]]
[2019.03.11-04.58.42:582][  0]LogConfig: Setting CVar [[r.DOF.Recombine.Quality:1                ; cheap slight out of focus]]
[2019.03.11-04.58.42:582][  0]LogConfig: Setting CVar [[r.DOF.Recombine.EnableBokehSettings:0    ; no bokeh simulation on slight out of focus]]
[2019.03.11-04.58.42:582][  0]LogConfig: Setting CVar [[r.DOF.TemporalAAQuality:1                ; more stable temporal accumulation]]
[2019.03.11-04.58.42:582][  0]LogConfig: Setting CVar [[r.DOF.Kernel.MaxForegroundRadius:0.025]]
[2019.03.11-04.58.42:582][  0]LogConfig: Setting CVar [[r.DOF.Kernel.MaxBackgroundRadius:0.025]]
[2019.03.11-04.58.42:582][  0]LogConfig: Applying CVar settings from Section [TextureQuality@3] File [E:/Github/humanstuffFinal/MyProject3/Saved/Config/Windows/Scalability.ini]
[2019.03.11-04.58.42:582][  0]LogConfig: Setting CVar [[r.Streaming.MipBias:0]]
[2019.03.11-04.58.42:582][  0]LogConfig: Setting CVar [[r.Streaming.AmortizeCPUToGPUCopy:0]]
[2019.03.11-04.58.42:582][  0]LogConfig: Setting CVar [[r.Streaming.MaxNumTexturesToStreamPerFrame:0]]
[2019.03.11-04.58.42:582][  0]LogConfig: Setting CVar [[r.Streaming.Boost:1]]
[2019.03.11-04.58.42:582][  0]LogConfig: Setting CVar [[r.MaxAnisotropy:8]]
[2019.03.11-04.58.42:583][  0]LogConfig: Setting CVar [[r.Streaming.LimitPoolSizeToVRAM:0]]
[2019.03.11-04.58.42:583][  0]LogConfig: Setting CVar [[r.Streaming.PoolSize:1000]]
[2019.03.11-04.58.42:583][  0]LogConfig: Setting CVar [[r.Streaming.MaxEffectiveScreenSize:0]]
[2019.03.11-04.58.42:583][  0]LogConfig: Applying CVar settings from Section [EffectsQuality@3] File [E:/Github/humanstuffFinal/MyProject3/Saved/Config/Windows/Scalability.ini]
[2019.03.11-04.58.42:583][  0]LogConfig: Setting CVar [[r.TranslucencyLightingVolumeDim:4]]
[2019.03.11-04.58.42:583][  0]LogConfig: Setting CVar [[r.RefractionQuality:2]]
[2019.03.11-04.58.42:583][  0]LogConfig: Setting CVar [[r.SSR.Quality:0]]
[2019.03.11-04.58.42:583][  0]LogConfig: Setting CVar [[r.SceneColorFormat:2]]
[2019.03.11-04.58.42:583][  0]LogConfig: Setting CVar [[r.DetailMode:2]]
[2019.03.11-04.58.42:583][  0]LogConfig: Setting CVar [[r.TranslucencyVolumeBlur:0]]
[2019.03.11-04.58.42:583][  0]LogConfig: Setting CVar [[r.MaterialQualityLevel:1 ; High quality]]
[2019.03.11-04.58.42:583][  0]LogConfig: Setting CVar [[r.SSS.Scale:1]]
[2019.03.11-04.58.42:583][  0]LogConfig: Setting CVar [[r.SSS.SampleSet:2]]
[2019.03.11-04.58.42:583][  0]LogConfig: Setting CVar [[r.SSS.Quality:1]]
[2019.03.11-04.58.42:583][  0]LogConfig: Setting CVar [[r.SSS.HalfRes:1]]
[2019.03.11-04.58.42:583][  0]LogConfig: Setting CVar [[r.EmitterSpawnRateScale:1.0]]
[2019.03.11-04.58.42:583][  0]LogConfig: Setting CVar [[r.ParticleLightQuality:2]]
[2019.03.11-04.58.42:583][  0]LogConfig: Applying CVar settings from Section [FoliageQuality@3] File [E:/Github/humanstuffFinal/MyProject3/Saved/Config/Windows/Scalability.ini]
[2019.03.11-04.58.42:583][  0]LogConfig: Setting CVar [[foliage.DensityScale:1.0]]
[2019.03.11-04.58.42:583][  0]LogConfig: Setting CVar [[grass.DensityScale:1.0]]
[2019.03.11-04.58.42:583][  0]LogInit: Selected Device Profile: [Windows]
[2019.03.11-04.58.42:583][  0]LogInit: Applying CVar settings loaded from the selected device profile: [Windows]
[2019.03.11-04.58.42:624][  0]LogHAL: Display: Platform has ~ 16 GB [17087881216 / 17179869184 / 16], which maps to Larger [LargestMinGB=32, LargerMinGB=12, DefaultMinGB=8, SmallerMinGB=6, SmallestMinGB=0)
[2019.03.11-04.58.42:624][  0]LogConfig: Setting CVar [[r.Vulkan.UseRealUBs:1]]
[2019.03.11-04.58.42:624][  0]LogInit: Going up to parent DeviceProfile []
[2019.03.11-04.58.42:625][  0]LogConfig: Applying CVar settings from Section [ViewDistanceQuality@3] File [E:/Github/humanstuffFinal/MyProject3/Saved/Config/Windows/Scalability.ini]
[2019.03.11-04.58.42:625][  0]LogConfig: Setting CVar [[r.SkeletalMeshLODBias:0]]
[2019.03.11-04.58.42:625][  0]LogConfig: Setting CVar [[r.ViewDistanceScale:1.0]]
[2019.03.11-04.58.42:625][  0]LogConfig: Applying CVar settings from Section [AntiAliasingQuality@3] File [E:/Github/humanstuffFinal/MyProject3/Saved/Config/Windows/Scalability.ini]
[2019.03.11-04.58.42:625][  0]LogConfig: Setting CVar [[r.PostProcessAAQuality:3]]
[2019.03.11-04.58.42:625][  0]LogConfig: Applying CVar settings from Section [ShadowQuality@3] File [E:/Github/humanstuffFinal/MyProject3/Saved/Config/Windows/Scalability.ini]
[2019.03.11-04.58.42:625][  0]LogConfig: Setting CVar [[r.LightFunctionQuality:1]]
[2019.03.11-04.58.42:625][  0]LogConfig: Setting CVar [[r.ShadowQuality:5]]
[2019.03.11-04.58.42:625][  0]LogConfig: Setting CVar [[r.Shadow.CSM.MaxCascades:10]]
[2019.03.11-04.58.42:625][  0]LogConfig: Setting CVar [[r.Shadow.MaxResolution:2048]]
[2019.03.11-04.58.42:625][  0]LogConfig: Setting CVar [[r.Shadow.MaxCSMResolution:2048]]
[2019.03.11-04.58.42:625][  0]LogConfig: Setting CVar [[r.Shadow.RadiusThreshold:0.01]]
[2019.03.11-04.58.42:625][  0]LogConfig: Setting CVar [[r.Shadow.DistanceScale:1.0]]
[2019.03.11-04.58.42:625][  0]LogConfig: Setting CVar [[r.Shadow.CSM.TransitionScale:1.0]]
[2019.03.11-04.58.42:625][  0]LogConfig: Setting CVar [[r.Shadow.PreShadowResolutionFactor:1.0]]
[2019.03.11-04.58.42:625][  0]LogConfig: Setting CVar [[r.DistanceFieldShadowing:1]]
[2019.03.11-04.58.42:625][  0]LogConfig: Setting CVar [[r.DistanceFieldAO:1]]
[2019.03.11-04.58.42:625][  0]LogConfig: Setting CVar [[r.AOQuality:2]]
[2019.03.11-04.58.42:625][  0]LogConfig: Setting CVar [[r.VolumetricFog:1]]
[2019.03.11-04.58.42:625][  0]LogConfig: Setting CVar [[r.VolumetricFog.GridPixelSize:8]]
[2019.03.11-04.58.42:625][  0]LogConfig: Setting CVar [[r.VolumetricFog.GridSizeZ:128]]
[2019.03.11-04.58.42:625][  0]LogConfig: Setting CVar [[r.VolumetricFog.HistoryMissSupersampleCount:4]]
[2019.03.11-04.58.42:625][  0]LogConfig: Setting CVar [[r.LightMaxDrawDistanceScale:1]]
[2019.03.11-04.58.42:625][  0]LogConfig: Setting CVar [[r.CapsuleShadows:1]]
[2019.03.11-04.58.42:626][  0]LogConfig: Applying CVar settings from Section [PostProcessQuality@3] File [E:/Github/humanstuffFinal/MyProject3/Saved/Config/Windows/Scalability.ini]
[2019.03.11-04.58.42:626][  0]LogConfig: Setting CVar [[r.MotionBlurQuality:0]]
[2019.03.11-04.58.42:626][  0]LogConfig: Setting CVar [[r.AmbientOcclusionMipLevelFactor:0.4]]
[2019.03.11-04.58.42:626][  0]LogConfig: Setting CVar [[r.AmbientOcclusionMaxQuality:100]]
[2019.03.11-04.58.42:626][  0]LogConfig: Setting CVar [[r.AmbientOcclusionLevels:0]]
[2019.03.11-04.58.42:626][  0]LogConfig: Setting CVar [[r.AmbientOcclusionRadiusScale:1.0]]
[2019.03.11-04.58.42:626][  0]LogConfig: Setting CVar [[r.DepthOfFieldQuality:0]]
[2019.03.11-04.58.42:626][  0]LogConfig: Setting CVar [[r.RenderTargetPoolMin:400]]
[2019.03.11-04.58.42:626][  0]LogConfig: Setting CVar [[r.LensFlareQuality:0]]
[2019.03.11-04.58.42:626][  0]LogConfig: Setting CVar [[r.SceneColorFringeQuality:0]]
[2019.03.11-04.58.42:626][  0]LogConfig: Setting CVar [[r.EyeAdaptationQuality:2]]
[2019.03.11-04.58.42:626][  0]LogConfig: Setting CVar [[r.BloomQuality:1]]
[2019.03.11-04.58.42:626][  0]LogConfig: Setting CVar [[r.FastBlurThreshold:0]]
[2019.03.11-04.58.42:626][  0]LogConfig: Setting CVar [[r.Upscale.Quality:3]]
[2019.03.11-04.58.42:626][  0]LogConfig: Setting CVar [[r.Tonemapper.GrainQuantization:1]]
[2019.03.11-04.58.42:626][  0]LogConfig: Setting CVar [[r.LightShaftQuality:1]]
[2019.03.11-04.58.42:626][  0]LogConfig: Setting CVar [[r.Filter.SizeScale:1]]
[2019.03.11-04.58.42:626][  0]LogConfig: Setting CVar [[r.Tonemapper.Quality:5]]
[2019.03.11-04.58.42:626][  0]LogConfig: Setting CVar [[r.DOF.Gather.AccumulatorQuality:1        ; higher gathering accumulator quality]]
[2019.03.11-04.58.42:626][  0]LogConfig: Setting CVar [[r.DOF.Gather.PostfilterMethod:1          ; Median3x3 postfilering method]]
[2019.03.11-04.58.42:626][  0]LogConfig: Setting CVar [[r.DOF.Gather.EnableBokehSettings:0       ; no bokeh simulation when gathering]]
[2019.03.11-04.58.42:626][  0]LogConfig: Setting CVar [[r.DOF.Gather.RingCount:4                 ; medium number of samples when gathering]]
[2019.03.11-04.58.42:626][  0]LogConfig: Setting CVar [[r.DOF.Scatter.ForegroundCompositing:1    ; additive foreground scattering]]
[2019.03.11-04.58.42:626][  0]LogConfig: Setting CVar [[r.DOF.Scatter.BackgroundCompositing:2    ; additive background scattering]]
[2019.03.11-04.58.42:626][  0]LogConfig: Setting CVar [[r.DOF.Scatter.EnableBokehSettings:1      ; bokeh simulation when scattering]]
[2019.03.11-04.58.42:626][  0]LogConfig: Setting CVar [[r.DOF.Scatter.MaxSpriteRatio:0.1         ; only a maximum of 10% of scattered bokeh]]
[2019.03.11-04.58.42:626][  0]LogConfig: Setting CVar [[r.DOF.Recombine.Quality:1                ; cheap slight out of focus]]
[2019.03.11-04.58.42:626][  0]LogConfig: Setting CVar [[r.DOF.Recombine.EnableBokehSettings:0    ; no bokeh simulation on slight out of focus]]
[2019.03.11-04.58.42:626][  0]LogConfig: Setting CVar [[r.DOF.TemporalAAQuality:1                ; more stable temporal accumulation]]
[2019.03.11-04.58.42:627][  0]LogConfig: Setting CVar [[r.DOF.Kernel.MaxForegroundRadius:0.025]]
[2019.03.11-04.58.42:627][  0]LogConfig: Setting CVar [[r.DOF.Kernel.MaxBackgroundRadius:0.025]]
[2019.03.11-04.58.42:627][  0]LogConfig: Applying CVar settings from Section [TextureQuality@3] File [E:/Github/humanstuffFinal/MyProject3/Saved/Config/Windows/Scalability.ini]
[2019.03.11-04.58.42:627][  0]LogConfig: Setting CVar [[r.Streaming.MipBias:0]]
[2019.03.11-04.58.42:627][  0]LogConfig: Setting CVar [[r.Streaming.AmortizeCPUToGPUCopy:0]]
[2019.03.11-04.58.42:627][  0]LogConfig: Setting CVar [[r.Streaming.MaxNumTexturesToStreamPerFrame:0]]
[2019.03.11-04.58.42:627][  0]LogConfig: Setting CVar [[r.Streaming.Boost:1]]
[2019.03.11-04.58.42:627][  0]LogConfig: Setting CVar [[r.MaxAnisotropy:8]]
[2019.03.11-04.58.42:627][  0]LogConfig: Setting CVar [[r.Streaming.LimitPoolSizeToVRAM:0]]
[2019.03.11-04.58.42:627][  0]LogConfig: Setting CVar [[r.Streaming.PoolSize:1000]]
[2019.03.11-04.58.42:627][  0]LogConfig: Setting CVar [[r.Streaming.MaxEffectiveScreenSize:0]]
[2019.03.11-04.58.42:627][  0]LogConfig: Applying CVar settings from Section [EffectsQuality@3] File [E:/Github/humanstuffFinal/MyProject3/Saved/Config/Windows/Scalability.ini]
[2019.03.11-04.58.42:627][  0]LogConfig: Setting CVar [[r.TranslucencyLightingVolumeDim:4]]
[2019.03.11-04.58.42:627][  0]LogConfig: Setting CVar [[r.RefractionQuality:2]]
[2019.03.11-04.58.42:627][  0]LogConfig: Setting CVar [[r.SSR.Quality:0]]
[2019.03.11-04.58.42:627][  0]LogConfig: Setting CVar [[r.SceneColorFormat:2]]
[2019.03.11-04.58.42:627][  0]LogConfig: Setting CVar [[r.DetailMode:2]]
[2019.03.11-04.58.42:627][  0]LogConfig: Setting CVar [[r.TranslucencyVolumeBlur:0]]
[2019.03.11-04.58.42:627][  0]LogConfig: Setting CVar [[r.MaterialQualityLevel:1 ; High quality]]
[2019.03.11-04.58.42:627][  0]LogConfig: Setting CVar [[r.SSS.Scale:1]]
[2019.03.11-04.58.42:627][  0]LogConfig: Setting CVar [[r.SSS.SampleSet:2]]
[2019.03.11-04.58.42:627][  0]LogConfig: Setting CVar [[r.SSS.Quality:1]]
[2019.03.11-04.58.42:627][  0]LogConfig: Setting CVar [[r.SSS.HalfRes:1]]
[2019.03.11-04.58.42:627][  0]LogConfig: Setting CVar [[r.EmitterSpawnRateScale:1.0]]
[2019.03.11-04.58.42:627][  0]LogConfig: Setting CVar [[r.ParticleLightQuality:2]]
[2019.03.11-04.58.42:627][  0]LogConfig: Applying CVar settings from Section [FoliageQuality@3] File [E:/Github/humanstuffFinal/MyProject3/Saved/Config/Windows/Scalability.ini]
[2019.03.11-04.58.42:627][  0]LogConfig: Setting CVar [[foliage.DensityScale:1.0]]
[2019.03.11-04.58.42:627][  0]LogConfig: Setting CVar [[grass.DensityScale:1.0]]
[2019.03.11-04.58.42:628][  0]LogConfig: Applying CVar settings from Section [Startup] File [../../../Engine/Config/ConsoleVariables.ini]
[2019.03.11-04.58.42:628][  0]LogConfig: Setting CVar [[net.UseAdaptiveNetUpdateFrequency:0]]
[2019.03.11-04.58.42:628][  0]LogConfig: Applying CVar settings from Section [ConsoleVariables] File [E:/Github/humanstuffFinal/MyProject3/Saved/Config/Windows/Engine.ini]
[2019.03.11-04.58.42:628][  0]LogInit: Computer: LANCE
[2019.03.11-04.58.42:628][  0]LogInit: User: Ailsa
[2019.03.11-04.58.42:628][  0]LogInit: CPU Page size=4096, Cores=2
[2019.03.11-04.58.42:628][  0]LogInit: High frequency timer resolution =2.825500 MHz
[2019.03.11-04.58.42:629][  0]LogMemory: Memory total: Physical=15.9GB (16GB approx)
[2019.03.11-04.58.42:629][  0]LogMemory: Platform Memory Stats for Windows
[2019.03.11-04.58.42:629][  0]LogMemory: Process Physical Memory: 103.98 MB used, 103.98 MB peak
[2019.03.11-04.58.42:629][  0]LogMemory: Process Virtual Memory: 99.18 MB used, 99.18 MB peak
[2019.03.11-04.58.42:629][  0]LogMemory: Physical Memory: 9156.30 MB used,  7139.97 MB free, 16296.27 MB total
[2019.03.11-04.58.42:629][  0]LogMemory: Virtual Memory: 4643.37 MB used,  134213088.00 MB free, 134217728.00 MB total
[2019.03.11-04.58.43:552][  0]LogInit: Using OS detected language (en-US).
[2019.03.11-04.58.43:552][  0]LogInit: Using OS detected locale (en-US).
[2019.03.11-04.58.43:555][  0]LogTextLocalizationManager: No specific localization for 'en-US' exists, so the 'en' localization will be used.
[2019.03.11-04.58.44:317][  0]LogStreaming: Display: Took  0.765s to InitEngineTextLocalization.
[2019.03.11-04.58.44:317][  0]LogInit: Setting process to per monitor DPI aware
[2019.03.11-04.58.44:380][  0]LogSlate: New Slate User Created.  User Index 0, Is Virtual User: 0
[2019.03.11-04.58.44:380][  0]LogSlate: Slate User Registered.  User Index 0, Is Virtual User: 0
[2019.03.11-04.58.45:024][  0]LogHMD: Failed to initialize OpenVR with code 105
[2019.03.11-04.58.45:024][  0]LogD3D11RHI: D3D11 adapters:
[2019.03.11-04.58.45:116][  0]LogD3D11RHI:    0. 'NVIDIA GeForce GTX 960M' (Feature Level 11_0)
[2019.03.11-04.58.45:116][  0]LogD3D11RHI:       4064/0/8148 MB DedicatedVideo/DedicatedSystem/SharedSystem, Outputs:1, VendorId:0x10de
[2019.03.11-04.58.45:127][  0]LogD3D11RHI:    1. 'Intel(R) HD Graphics 4600' (Feature Level 11_0)
[2019.03.11-04.58.45:127][  0]LogD3D11RHI:       112/0/2048 MB DedicatedVideo/DedicatedSystem/SharedSystem, Outputs:0, VendorId:0x8086
[2019.03.11-04.58.45:133][  0]LogD3D11RHI:    2. 'Microsoft Basic Render Driver' (Feature Level 11_0)
[2019.03.11-04.58.45:133][  0]LogD3D11RHI:       0/0/8148 MB DedicatedVideo/DedicatedSystem/SharedSystem, Outputs:0, VendorId:0x1414
[2019.03.11-04.58.45:133][  0]LogD3D11RHI: Chosen D3D11 Adapter: 0
[2019.03.11-04.58.45:215][  0]LogD3D11RHI: Creating new Direct3DDevice
[2019.03.11-04.58.45:215][  0]LogD3D11RHI:     GPU DeviceId: 0x139b (for the marketing name, search the web for "GPU Device Id")
[2019.03.11-04.58.45:215][  0]LogWindows: EnumDisplayDevices:
[2019.03.11-04.58.45:216][  0]LogWindows:    0. 'Intel(R) HD Graphics 4600' (P:1 D:1)
[2019.03.11-04.58.45:217][  0]LogWindows:    1. 'Intel(R) HD Graphics 4600' (P:0 D:0)
[2019.03.11-04.58.45:219][  0]LogWindows:    2. 'Intel(R) HD Graphics 4600' (P:0 D:0)
[2019.03.11-04.58.45:220][  0]LogWindows: DebugString: PrimaryIsNotTheChoosenAdapter PrimaryIsNotTheChoosenAdapter PrimaryIsNotTheChoosenAdapter FoundDriverCount:0 
[2019.03.11-04.58.45:220][  0]LogD3D11RHI:     Adapter Name: NVIDIA GeForce GTX 960M
[2019.03.11-04.58.45:220][  0]LogD3D11RHI:   Driver Version: Unknown (internal:Unknown, unified:Unknown)
[2019.03.11-04.58.45:220][  0]LogD3D11RHI:      Driver Date: Unknown
[2019.03.11-04.58.45:220][  0]LogRHI: Texture pool is 2845 MB (70% of 4064 MB)
[2019.03.11-04.58.45:267][  0]LogD3D11RHI: Async texture creation enabled
[2019.03.11-04.58.45:283][  0]LogD3D11RHI: GPU Timing Frequency: 1000.000000 (Debug: 2 1)
[2019.03.11-04.58.48:184][  0]LogTemp: Display: Loaded TP AllDesktopTargetPlatform
[2019.03.11-04.58.48:217][  0]LogTemp: Display: Loaded TP MacClientTargetPlatform
[2019.03.11-04.58.48:250][  0]LogTemp: Display: Loaded TP MacNoEditorTargetPlatform
[2019.03.11-04.58.48:280][  0]LogTemp: Display: Loaded TP MacServerTargetPlatform
[2019.03.11-04.58.48:346][  0]LogTemp: Display: Loaded TP MacTargetPlatform
[2019.03.11-04.58.48:375][  0]LogTemp: Display: Loaded TP WindowsClientTargetPlatform
[2019.03.11-04.58.48:405][  0]LogTemp: Display: Loaded TP WindowsNoEditorTargetPlatform
[2019.03.11-04.58.48:441][  0]LogTemp: Display: Loaded TP WindowsServerTargetPlatform
[2019.03.11-04.58.48:456][  0]LogTemp: Display: Loaded TP WindowsTargetPlatform
[2019.03.11-04.58.48:630][  0]LogTemp: Display: Loaded TP AndroidTargetPlatform
[2019.03.11-04.58.48:630][  0]LogTemp: Display: Loaded TP AndroidTargetPlatform
[2019.03.11-04.58.48:630][  0]LogTemp: Display: Loaded TP AndroidTargetPlatform
[2019.03.11-04.58.48:630][  0]LogTemp: Display: Loaded TP AndroidTargetPlatform
[2019.03.11-04.58.48:630][  0]LogTemp: Display: Loaded TP AndroidTargetPlatform
[2019.03.11-04.58.48:630][  0]LogTemp: Display: Loaded TP AndroidTargetPlatform
[2019.03.11-04.58.48:630][  0]LogTemp: Display: Loaded TP AndroidTargetPlatform
[2019.03.11-04.58.48:630][  0]LogTemp: Display: Loaded TP AndroidTargetPlatform
[2019.03.11-04.58.48:630][  0]LogTemp: Display: Loaded TP AndroidTargetPlatform
[2019.03.11-04.58.48:630][  0]LogTemp: Display: Loaded TP AndroidTargetPlatform
[2019.03.11-04.58.48:630][  0]LogTemp: Display: Loaded TP AndroidTargetPlatform
[2019.03.11-04.58.48:630][  0]LogTemp: Display: Loaded TP AndroidTargetPlatform
[2019.03.11-04.58.48:630][  0]LogTemp: Display: Loaded TP AndroidTargetPlatform
[2019.03.11-04.58.48:630][  0]LogTemp: Display: Loaded TP AndroidTargetPlatform
[2019.03.11-04.58.48:630][  0]LogTemp: Display: Loaded TP AndroidTargetPlatform
[2019.03.11-04.58.48:630][  0]LogTemp: Display: Loaded TP AndroidTargetPlatform
[2019.03.11-04.58.48:630][  0]LogTemp: Display: Loaded TP AndroidTargetPlatform
[2019.03.11-04.58.48:630][  0]LogTemp: Display: Loaded TP AndroidTargetPlatform
[2019.03.11-04.58.48:649][  0]LogTemp: Display: Loaded TP HTML5TargetPlatform
[2019.03.11-04.58.48:822][  0]LogTemp: Display: Loaded TP IOSTargetPlatform
[2019.03.11-04.58.48:822][  0]LogTemp: Display: Loaded TP IOSTargetPlatform
[2019.03.11-04.58.48:888][  0]LogTemp: Display: Loaded TP TVOSTargetPlatform
[2019.03.11-04.58.48:888][  0]LogTemp: Display: Loaded TP TVOSTargetPlatform
[2019.03.11-04.58.48:921][  0]LogTemp: Display: Loaded TP LinuxClientTargetPlatform
[2019.03.11-04.58.48:950][  0]LogTemp: Display: Loaded TP LinuxNoEditorTargetPlatform
[2019.03.11-04.58.48:982][  0]LogTemp: Display: Loaded TP LinuxServerTargetPlatform
[2019.03.11-04.58.49:014][  0]LogTemp: Display: Loaded TP LinuxTargetPlatform
[2019.03.11-04.58.49:131][  0]LogTemp: Display: Loaded TP LuminTargetPlatform
[2019.03.11-04.58.49:131][  0]LogTemp: Display: Loaded TP LuminTargetPlatform
[2019.03.11-04.58.49:131][  0]LogTargetPlatformManager: Display: Building Assets For Windows
[2019.03.11-04.58.49:245][  0]LogShaderCompilers: Guid format shader working directory is 0 characters bigger than the processId version (../../../../Github/humanstuffFinal/MyProject3/Intermediate/Shaders/WorkingDirectory/63380/).
[2019.03.11-04.58.49:246][  0]LogShaderCompilers: Cleaned the shader compiler working directory 'C:/Users/Ailsa/AppData/Local/Temp/UnrealShaderWorkingDir/C0E5DDC54AAC0728206B60B3E3D3D0B2/'.
[2019.03.11-04.58.49:249][  0]LogXGEController: Cleaning working directory: C:/Users/Ailsa/AppData/Local/Temp/UnrealXGEWorkingDir/
[2019.03.11-04.58.49:250][  0]LogXGEController: Cannot use XGE Controller as Incredibuild is not installed on this machine.
[2019.03.11-04.58.49:250][  0]LogShaderCompilers: Cannot use XGE Shader Compiler as Incredibuild is not installed on this machine.
[2019.03.11-04.58.49:250][  0]LogShaderCompilers: Display: Using Local Shader Compiler.
[2019.03.11-04.58.50:553][  0]LogDerivedDataCache: Display: Max Cache Size: 512 MB
[2019.03.11-04.58.50:709][  0]LogDerivedDataCache: Loaded boot cache 0.16s 71MB C:/Users/Ailsa/AppData/Local/UnrealEngine/4.21/DerivedDataCache/Boot.ddc.
[2019.03.11-04.58.50:709][  0]LogDerivedDataCache: Display: Loaded Boot cache: C:/Users/Ailsa/AppData/Local/UnrealEngine/4.21/DerivedDataCache/Boot.ddc
[2019.03.11-04.58.50:709][  0]LogDerivedDataCache: FDerivedDataBackendGraph:  Pak pak cache file ../../../../Github/humanstuffFinal/MyProject3/DerivedDataCache/DDC.ddp not found, will not use a pak cache.
[2019.03.11-04.58.50:709][  0]LogDerivedDataCache: Unable to find inner node Pak for hierarchical cache Hierarchy.
[2019.03.11-04.58.50:709][  0]LogDerivedDataCache: FDerivedDataBackendGraph:  CompressedPak pak cache file ../../../../Github/humanstuffFinal/MyProject3/DerivedDataCache/Compressed.ddp not found, will not use a pak cache.
[2019.03.11-04.58.50:710][  0]LogDerivedDataCache: Unable to find inner node CompressedPak for hierarchical cache Hierarchy.
[2019.03.11-04.58.50:750][  0]LogDerivedDataCache: Display: Pak cache opened for reading ../../../Engine/DerivedDataCache/Compressed.ddp.
[2019.03.11-04.58.50:750][  0]LogDerivedDataCache: FDerivedDataBackendGraph:  EnterprisePak pak cache file ../../../Enterprise/DerivedDataCache/Compressed.ddp not found, will not use a pak cache.
[2019.03.11-04.58.50:750][  0]LogDerivedDataCache: Unable to find inner node EnterprisePak for hierarchical cache Hierarchy.
[2019.03.11-04.58.50:783][  0]LogDerivedDataCache: Using Local data cache path C:/Users/Ailsa/AppData/Local/UnrealEngine/Common/DerivedDataCache: Writable
[2019.03.11-04.58.50:784][  0]LogDerivedDataCache: Shared data cache path not found in *engine.ini, will not use an Shared cache.
[2019.03.11-04.58.50:784][  0]LogDerivedDataCache: Unable to find inner node Shared for hierarchical cache Hierarchy.
[2019.03.11-04.58.50:843][  0]LogMaterial: Verifying Global Shaders for PCD3D_SM5
[2019.03.11-04.58.50:847][  0]LogSlate: Using FreeType 2.6.0
[2019.03.11-04.58.50:848][  0]LogSlate: SlateFontServices - WITH_FREETYPE: 1, WITH_HARFBUZZ: 1
[2019.03.11-04.58.51:105][  0]LogAssetRegistry: FAssetRegistry took 0.1008 seconds to start up
[2019.03.11-04.58.51:919][  0]LogInit: Selected Device Profile: [Windows]
[2019.03.11-04.58.52:296][  0]LogSimplygon: Simplygon DLL not present - disabling.
[2019.03.11-04.58.52:310][  0]LogMeshReduction: Using SimplygonSwarm for distributed automatic mesh merging
[2019.03.11-04.58.52:310][  0]LogMeshReduction: Using ProxyLODMeshReduction for automatic mesh merging
[2019.03.11-04.58.52:310][  0]LogMeshReduction: Using QuadricMeshReduction for automatic static mesh reduction
[2019.03.11-04.58.52:310][  0]LogMeshReduction: No automatic skeletal mesh reduction module available
[2019.03.11-04.58.52:347][  0]LogNetVersion: MyProject3 1.0.0, NetCL: 4541578, EngineNetVer: 5, GameNetVer: 0 (Checksum: 2916331349)
[2019.03.11-04.58.53:613][  0]LogPackageLocalizationCache: Processed 11 localized package path(s) for 2 prioritized culture(s) in 0.218178 seconds
[2019.03.11-04.58.53:630][  0]LogUObjectArray: 39775 objects as part of root set at end of initial load.
[2019.03.11-04.58.53:630][  0]LogUObjectAllocator: 6914656 out of 0 bytes used by permanent object pool.
[2019.03.11-04.58.53:630][  0]LogUObjectArray: CloseDisregardForGC: 0/0 objects in disregard for GC pool
[2019.03.11-04.58.55:685][  0]LogTcpMessaging: Initializing TcpMessaging bridge
[2019.03.11-04.58.55:717][  0]LogUdpMessaging: Initializing bridge on interface 0.0.0.0:0 to multicast group 230.0.0.1:6666.
[2019.03.11-04.58.57:511][  0]SourceControl: Source control is disabled
[2019.03.11-04.58.57:511][  0]SourceControl: Source control is disabled
[2019.03.11-04.58.57:515][  0]SourceControl: Source control is disabled
[2019.03.11-04.58.57:517][  0]SourceControl: Source control is disabled
[2019.03.11-04.58.57:835][  0]LogAndroidPermission: UAndroidPermissionCallbackProxy::GetInstance
[2019.03.11-04.58.58:370][  0]LogOcInput: OculusInput pre-init called
[2019.03.11-04.58.58:744][  0]LogEngine: Initializing Engine...
[2019.03.11-04.58.58:754][  0]LogHMD: Failed to initialize OpenVR with code 105
[2019.03.11-04.58.58:757][  0]LogStats: UGameplayTagsManager::ConstructGameplayTagTree: ImportINI prefixes -  0.000 s
[2019.03.11-04.58.58:757][  0]LogStats: UGameplayTagsManager::ConstructGameplayTagTree: Construct from data asset -  0.000 s
[2019.03.11-04.58.58:758][  0]LogStats: UGameplayTagsManager::ConstructGameplayTagTree: ImportINI -  0.000 s
[2019.03.11-04.58.58:758][  0]LogStats: UGameplayTagsManager::ConstructGameplayTagTree: GameplayTagTreeChangedEvent.Broadcast -  0.000 s
[2019.03.11-04.58.59:298][  0]LogInit: Initializing FReadOnlyCVARCache
[2019.03.11-04.58.59:322][  0]LogAIModule: Creating AISystem for world Untitled
[2019.03.11-04.58.59:409][  0]LogInit: XAudio2 using 'Speakers (Realtek High Definition Audio)' : 2 channels at 48 kHz using 32 bits per sample (channel mask 0x3)
[2019.03.11-04.58.59:595][  0]LogInit: FAudioDevice initialized.
[2019.03.11-04.58.59:596][  0]LogNetVersion: Set ProjectVersion to 1.0.0.0. Version Checksum will be recalculated on next use.
[2019.03.11-04.58.59:943][  0]LogDerivedDataCache: Saved boot cache 0.35s 71MB C:/Users/Ailsa/AppData/Local/UnrealEngine/4.21/DerivedDataCache/Boot.ddc.
[2019.03.11-04.58.59:961][  0]LogInit: Texture streaming: Enabled
[2019.03.11-04.58.59:994][  0]LogEngineSessionManager: EngineSessionManager initialized
[2019.03.11-04.59.00:031][  0]LogInit: Transaction tracking system initialized
[2019.03.11-04.59.00:067][  0]BlueprintLog: New page: Editor Load
[2019.03.11-04.59.00:211][  0]LocalizationService: Localization service is disabled
[2019.03.11-04.59.01:268][  0]LogFileCache: Scanning file cache for directory 'E:/Github/humanstuffFinal/MyProject3/Content/' took 0.03s
[2019.03.11-04.59.01:268][  0]LogCook: Display: Max memory allowance for cook 16384mb min free memory 0mb
[2019.03.11-04.59.01:268][  0]LogCook: Display: Mobile HDR setting 1
[2019.03.11-04.59.01:269][  0]LogGameplayTags: Display: UGameplayTagsManager::DoneAddingNativeTags. DelegateIsBound: 0
[2019.03.11-04.59.01:269][  0]LogStats: UGameplayTagsManager::ConstructGameplayTagTree: ImportINI prefixes -  0.000 s
[2019.03.11-04.59.01:269][  0]LogStats: UGameplayTagsManager::ConstructGameplayTagTree: Construct from data asset -  0.000 s
[2019.03.11-04.59.01:269][  0]LogStats: UGameplayTagsManager::ConstructGameplayTagTree: ImportINI -  0.000 s
[2019.03.11-04.59.01:269][  0]LogStats: UGameplayTagsManager::ConstructGameplayTagTree: GameplayTagTreeChangedEvent.Broadcast -  0.000 s
[2019.03.11-04.59.01:524][  0]SourceControl: Source control is disabled
[2019.03.11-04.59.01:524][  0]Cmd: MAP LOAD FILE="../../../../Github/humanstuffFinal/MyProject3/Content/StarterContent/Maps/Level1.umap" TEMPLATE=0 SHOWPROGRESS=1 FEATURELEVEL=3
[2019.03.11-04.59.01:533][  0]LightingResults: New page: Lighting Build
[2019.03.11-04.59.01:537][  0]MapCheck: New page: Map Check
[2019.03.11-04.59.01:537][  0]LightingResults: New page: Lighting Build
[2019.03.11-04.59.07:021][  0]LogAnimationCompression: Building Anim DDC data for AnimSequence /Game/Animation/slugHead_idle01_Anim.slugHead_idle01_Anim
[2019.03.11-04.59.07:022][  0]LogAnimationCompression: Recompressing (AnimSequence /Game/Animation/slugHead_idle01_Anim.slugHead_idle01_Anim) using current/default (AnimCompress_BitwiseCompressOnly_0) bFirstRecompressUsingCurrentOrDefault(1) bTryAlternateCompressor(0) IsCompressedDataValid(0)
[2019.03.11-04.59.07:244][  0]LoadErrors: Warning: hs_vase Min LOD value of 1 is out of range 0..0 and has been adjusted to 0. Please verify and resave the asset.
[2019.03.11-04.59.07:511][  0]LoadErrors: Warning: hs_diamond Min LOD value of 1 is out of range 0..0 and has been adjusted to 0. Please verify and resave the asset.
[2019.03.11-04.59.07:541][  0]LoadErrors: Warning: hs_cake Min LOD value of 1 is out of range 0..0 and has been adjusted to 0. Please verify and resave the asset.
[2019.03.11-04.59.08:623][  0]LoadErrors: Warning: hs_slideDoor_Left Min LOD value of 1 is out of range 0..0 and has been adjusted to 0. Please verify and resave the asset.
[2019.03.11-04.59.08:640][  0]LoadErrors: Warning: hs_slideDoor_Right Min LOD value of 1 is out of range 0..0 and has been adjusted to 0. Please verify and resave the asset.
[2019.03.11-04.59.08:667][  0]LoadErrors: Warning: hs_shopcartWide Min LOD value of 1 is out of range 0..0 and has been adjusted to 0. Please verify and resave the asset.
[2019.03.11-04.59.08:731][  0]LoadErrors: Warning: hs_concreteBumper Min LOD value of 1 is out of range 0..0 and has been adjusted to 0. Please verify and resave the asset.
[2019.03.11-04.59.08:753][  0]LoadErrors: Warning: hs_groundPlane Min LOD value of 1 is out of range 0..0 and has been adjusted to 0. Please verify and resave the asset.
[2019.03.11-04.59.08:790][  0]LoadErrors: Warning: hs_lampTree Min LOD value of 1 is out of range 0..0 and has been adjusted to 0. Please verify and resave the asset.
[2019.03.11-04.59.08:831][  0]LoadErrors: Warning: HS_ObservationDeck Min LOD value of 1 is out of range 0..0 and has been adjusted to 0. Please verify and resave the asset.
[2019.03.11-04.59.08:851][  0]LoadErrors: Warning: hs_parkingMedian Min LOD value of 1 is out of range 0..0 and has been adjusted to 0. Please verify and resave the asset.
[2019.03.11-04.59.08:885][  0]LoadErrors: Warning: hs_poster Min LOD value of 1 is out of range 0..0 and has been adjusted to 0. Please verify and resave the asset.
[2019.03.11-04.59.09:050][  0]LoadErrors: Warning: skybox2 Min LOD value of 1 is out of range 0..0 and has been adjusted to 0. Please verify and resave the asset.
[2019.03.11-04.59.10:380][  0]LogAudioDerivedData: Display: Building compressed audio format OGG hash OGG wave Store_Door_Chime-Mike_Koenig-570742973...
[2019.03.11-04.59.10:459][  0]LogAudioDerivedData: Display: Updated SoundWave->RawPCMDataSize from 0 to 321268 while cooking SoundWave /Game/Audio/Store_Door_Chime-Mike_Koenig-570742973.Store_Door_Chime-Mike_Koenig-570742973.
[2019.03.11-04.59.10:711][  0]LogAIModule: Creating AISystem for world Level1
[2019.03.11-04.59.10:786][  0]LogSlate: New Slate User Created.  User Index 8, Is Virtual User: 1
[2019.03.11-04.59.10:786][  0]LogSlate: Slate User Registered.  User Index 8, Is Virtual User: 1
[2019.03.11-04.59.10:860][  0]LogEditorServer: Finished looking for orphan Actors (0.000 secs)
[2019.03.11-04.59.10:968][  0]Cmd: MAP CHECKDEP NOCLEARLOG
[2019.03.11-04.59.10:968][  0]MapCheck: Map check complete: 0 Error(s), 0 Warning(s), took 0.341ms to complete.
[2019.03.11-04.59.10:968][  0]LogFileHelpers: Loading map 'Level1' took 9.444
[2019.03.11-04.59.11:231][  0]LogSlate: Updating window title bar state: overlay mode, drag disabled, window buttons hidden, title bar hidden
[2019.03.11-04.59.11:249][  0]LogSlate: Updating window title bar state: overlay mode, drag disabled, window buttons hidden, title bar hidden
[2019.03.11-04.59.11:267][  0]LogSlate: Updating window title bar state: overlay mode, drag disabled, window buttons hidden, title bar hidden
[2019.03.11-04.59.11:283][  0]LogSlate: Updating window title bar state: overlay mode, drag disabled, window buttons hidden, title bar hidden
[2019.03.11-04.59.11:308][  0]LogCollectionManager: Loaded 0 collections in 0.002847 seconds
[2019.03.11-04.59.11:380][  0]LogFileCache: Scanning file cache for directory 'E:/Github/humanstuffFinal/MyProject3/Saved/Collections/' took 0.02s
[2019.03.11-04.59.11:380][  0]LogFileCache: Scanning file cache for directory 'E:/Github/humanstuffFinal/MyProject3/Content/Developers/Ailsa/Collections/' took 0.01s
[2019.03.11-04.59.11:380][  0]LogFileCache: Scanning file cache for directory 'E:/Github/humanstuffFinal/MyProject3/Content/Collections/' took 0.01s
[2019.03.11-04.59.11:380][  0]LogCollectionManager: Rebuilt the GUID cache for 0 collections in 0.000001 seconds
[2019.03.11-04.59.11:402][  0]LogContentBrowser: Native class hierarchy populated in 0.0201 seconds. Added 2651 classes and 620 folders.
[2019.03.11-04.59.11:420][  0]LogContentBrowser: Native class hierarchy updated for 'WidgetCarousel' in 0.0005 seconds. Added 0 classes and 0 folders.
[2019.03.11-04.59.11:439][  0]LogPakFile: Registered encryption key '00000000000000000000000000000000': 0 pak files mounted, 0 remain pending
[2019.03.11-04.59.11:454][  0]LogPakFile: Registered encryption key '00000000000000000000000000000000': 0 pak files mounted, 0 remain pending
[2019.03.11-04.59.11:517][  0]LogPakFile: Registered encryption key '00000000000000000000000000000000': 0 pak files mounted, 0 remain pending
[2019.03.11-04.59.11:529][  0]LogPakFile: Registered encryption key '00000000000000000000000000000000': 0 pak files mounted, 0 remain pending
[2019.03.11-04.59.11:539][  0]LogPakFile: Registered encryption key '00000000000000000000000000000000': 0 pak files mounted, 0 remain pending
[2019.03.11-04.59.11:551][  0]LogPakFile: Registered encryption key '00000000000000000000000000000000': 0 pak files mounted, 0 remain pending
[2019.03.11-04.59.11:561][  0]LogPakFile: Registered encryption key '00000000000000000000000000000000': 0 pak files mounted, 0 remain pending
[2019.03.11-04.59.11:572][  0]LogPakFile: Registered encryption key '00000000000000000000000000000000': 0 pak files mounted, 0 remain pending
[2019.03.11-04.59.11:585][  0]LogPakFile: Registered encryption key '00000000000000000000000000000000': 0 pak files mounted, 0 remain pending
[2019.03.11-04.59.11:598][  0]LogPakFile: Registered encryption key '00000000000000000000000000000000': 0 pak files mounted, 0 remain pending
[2019.03.11-04.59.11:609][  0]LogPakFile: Registered encryption key '00000000000000000000000000000000': 0 pak files mounted, 0 remain pending
[2019.03.11-04.59.11:619][  0]LogPakFile: Registered encryption key '00000000000000000000000000000000': 0 pak files mounted, 0 remain pending
[2019.03.11-04.59.11:631][  0]LogPakFile: Registered encryption key '00000000000000000000000000000000': 0 pak files mounted, 0 remain pending
[2019.03.11-04.59.11:642][  0]LogPakFile: Registered encryption key '00000000000000000000000000000000': 0 pak files mounted, 0 remain pending
[2019.03.11-04.59.11:654][  0]LogPakFile: Registered encryption key '00000000000000000000000000000000': 0 pak files mounted, 0 remain pending
[2019.03.11-04.59.11:664][  0]LogPakFile: Registered encryption key '00000000000000000000000000000000': 0 pak files mounted, 0 remain pending
[2019.03.11-04.59.11:735][  0]LogPakFile: Registered encryption key '00000000000000000000000000000000': 0 pak files mounted, 0 remain pending
[2019.03.11-04.59.11:746][  0]LogPakFile: Registered encryption key '00000000000000000000000000000000': 0 pak files mounted, 0 remain pending
[2019.03.11-04.59.11:756][  0]LogPakFile: Registered encryption key '00000000000000000000000000000000': 0 pak files mounted, 0 remain pending
[2019.03.11-04.59.11:767][  0]LogPakFile: Registered encryption key '00000000000000000000000000000000': 0 pak files mounted, 0 remain pending
[2019.03.11-04.59.11:858][  0]LogPakFile: Registered encryption key '00000000000000000000000000000000': 0 pak files mounted, 0 remain pending
[2019.03.11-04.59.11:869][  0]LogPakFile: Registered encryption key '00000000000000000000000000000000': 0 pak files mounted, 0 remain pending
[2019.03.11-04.59.11:879][  0]LogPakFile: Registered encryption key '00000000000000000000000000000000': 0 pak files mounted, 0 remain pending
[2019.03.11-04.59.11:892][  0]LogPakFile: Registered encryption key '00000000000000000000000000000000': 0 pak files mounted, 0 remain pending
[2019.03.11-04.59.11:902][  0]LogPakFile: Registered encryption key '00000000000000000000000000000000': 0 pak files mounted, 0 remain pending
[2019.03.11-04.59.11:915][  0]LogPakFile: Registered encryption key '00000000000000000000000000000000': 0 pak files mounted, 0 remain pending
[2019.03.11-04.59.12:237][  0]LogContentBrowser: Native class hierarchy updated for 'AddContentDialog' in 0.0006 seconds. Added 0 classes and 0 folders.
[2019.03.11-04.59.12:297][  0]LogContentBrowser: Native class hierarchy updated for 'SceneOutliner' in 0.0005 seconds. Added 1 classes and 2 folders.
[2019.03.11-04.59.12:671][  0]LogSlate: Took 0.000378 seconds to synchronously load lazily loaded font '../../../Engine/Content/Slate/Fonts/Roboto-Regular.ttf' (155K)
[2019.03.11-04.59.12:676][  0]LogSlate: Took 0.000333 seconds to synchronously load lazily loaded font '../../../Engine/Content/Slate/Fonts/Roboto-Bold.ttf' (160K)
[2019.03.11-04.59.12:701][  0]LogSlate: Took 0.013744 seconds to synchronously load lazily loaded font '../../../Engine/Content/Editor/Slate/Fonts/FontAwesome.ttf' (139K)
[2019.03.11-04.59.12:964][  0]LogRenderer: Reallocating scene render targets to support 1084x528 Format 26 NumSamples 1 (Frame:1).
[2019.03.11-04.59.13:775][  0]LogContentBrowser: Native class hierarchy updated for 'HierarchicalLODOutliner' in 0.0005 seconds. Added 0 classes and 0 folders.
[2019.03.11-04.59.13:775][  0]LogLoad: (Engine Initialization) Total time: 35.13 seconds
[2019.03.11-04.59.13:775][  0]LogLoad: (Engine Initialization) Total Blueprint compile time: 0.00 seconds
[2019.03.11-04.59.14:077][  0]LogContentStreaming: Texture pool size now 1000 MB
[2019.03.11-04.59.14:111][  0]LogSlate: FSceneViewport::OnFocusLost() reason 2
[2019.03.11-04.59.37:844][173]LogAssetRegistry: Asset discovery search completed in 46.8097 seconds
[2019.03.11-04.59.37:856][173]LogCollectionManager: Rebuilt the object cache for 0 collections in 0.000000 seconds (found 0 objects)
[2019.03.11-04.59.37:856][173]LogCollectionManager: Fixed up redirectors for 0 collections in 0.000190 seconds (updated 0 objects)
[2019.03.11-05.00.43:389][651]LogSlate: Window 'Message Log' being destroyed
[2019.03.11-05.00.43:399][651]LogSlate: Window 'Message Log' being destroyed
[2019.03.11-05.00.48:003][836]LogSlate: FSceneViewport::OnFocusLost() reason 0
[2019.03.11-05.00.48:108][841]LogSlate: Window 'Sequencer' being destroyed
[2019.03.11-05.00.48:117][841]LogSlate: Window 'Sequencer' being destroyed
[2019.03.11-05.00.50:610][970]LogSlate: FSceneViewport::OnFocusLost() reason 0
[2019.03.11-05.02.02:125][478]LogEditorViewport: Clicking on Actor (context menu): StaticMeshActor (shelves29)
[2019.03.11-05.02.02:369][478]LogSlate: FSceneViewport::OnFocusLost() reason 2
[2019.03.11-05.02.03:306][510]LogEditorViewport: Clicking on Actor (LMB): StaticMeshActor (SuperGrid_Box7)
[2019.03.11-05.04.16:023][845]LogSlate: FSceneViewport::OnFocusLost() reason 0
[2019.03.11-05.04.34:185][662]LogSlate: FSceneViewport::OnFocusLost() reason 0
[2019.03.11-05.09.05:105][230]LogSlate: Took 0.006674 seconds to synchronously load lazily loaded font '../../../Engine/Content/Slate/Fonts/Roboto-Light.ttf' (167K)
[2019.03.11-05.09.15:719][257]LogSavePackage: Moving '../../../../Github/humanstuffFinal/MyProject3/Saved/Level1_Auto18B9DF1C640A1BCDE6357B09AFE110AAE.tmp' to '../../../../Github/humanstuffFinal/MyProject3/Saved/Autosaves/Game/StarterContent/Maps/Level1_Auto1.umap'
[2019.03.11-05.09.15:734][257]LogFileHelpers: Editor autosave (incl. sublevels) for '/Game/StarterContent/Maps/Level1' took 1.520
[2019.03.11-05.09.15:734][257]LogFileHelpers: Editor autosave (incl. sublevels) for all levels took 1.520
[2019.03.11-05.11.15:468][396]LogEditorViewport: Clicking on Actor (LMB): SkeletalMeshActor (slugHead_notes)
[2019.03.11-05.11.20:899][703]Cmd: TRANSACTION UNDO
[2019.03.11-05.11.20:899][703]LogEditorTransaction: Undo Move Actors
[2019.03.11-05.11.33:428][388]LogSlate: FSceneViewport::OnFocusLost() reason 0
[2019.03.11-05.13.28:013][365]LogEditorViewport: Clicking on Actor (LMB): StaticMeshActor (SuperGrid_Box11)
[2019.03.11-05.13.29:282][430]LogEditorViewport: Clicking on Actor (LMB): SkeletalMeshActor (slugHead_notes)
[2019.03.11-05.13.33:221][644]Cmd: TRANSACTION UNDO
[2019.03.11-05.13.33:221][644]LogEditorTransaction: Undo Move Actors
[2019.03.11-05.13.45:127][303]LogSlate: FSceneViewport::OnFocusLost() reason 0
[2019.03.11-05.13.59:643][ 88]LogAssetEditorManager: Opening Asset editor for AnimBlueprint /Game/Animation/AlienAI.AlienAI
[2019.03.11-05.13.59:725][ 88]LogContentBrowser: Native class hierarchy updated for 'SkeletonEditor' in 0.0004 seconds. Added 1 classes and 2 folders.
[2019.03.11-05.14.00:097][ 88]LogActorComponent: RegisterComponentWithWorld: (/Engine/Transient.World_7:PersistentLevel.AnimationEditorPreviewActor_0.DebugSkelMeshComponent_0) Already registered. Aborting.
[2019.03.11-05.14.00:103][ 88]LogContentBrowser: Native class hierarchy updated for 'PinnedCommandList' in 0.0005 seconds. Added 1 classes and 0 folders.
[2019.03.11-05.14.00:706][ 88]LogContentBrowser: Native class hierarchy updated for 'BlueprintGraph' in 0.0007 seconds. Added 117 classes and 0 folders.
[2019.03.11-05.14.01:704][ 88]LogSkeletalMesh: USkeletalMeshComponent::InitArticulated : Bodies already created (/Engine/Transient.World_7:PersistentLevel.AnimationEditorPreviewActor_0.DebugSkelMeshComponent_0) - call TermArticulated first.
[2019.03.11-05.14.02:217][ 88]LogSlate: Took 0.010066 seconds to synchronously load lazily loaded font '../../../Engine/Content/Slate/Fonts/Roboto-BoldCondensed.ttf' (158K)
[2019.03.11-05.14.02:269][ 88]LogContentBrowser: Native class hierarchy updated for 'ClothingSystemEditorInterface' in 0.0003 seconds. Added 1 classes and 0 folders.
[2019.03.11-05.14.02:398][ 89]LogSlate: Took 0.008900 seconds to synchronously load lazily loaded font '../../../Engine/Content/Slate/Fonts/Roboto-Italic.ttf' (157K)
[2019.03.11-05.14.24:176][230]LogSlate: FSceneViewport::OnFocusLost() reason 0
[2019.03.11-05.14.35:261][833]LogEditorViewport: Clicking on Actor (LMB): StaticMeshActor (Convey18)
[2019.03.11-05.14.36:182][880]LogEditorViewport: Clicking on Actor (LMB): SkeletalMeshActor (slugHead_idle01_Anim)
[2019.03.11-05.14.44:470][299]LogEditorViewport: Clicking on Actor (LMB): SkeletalMeshActor (slugHead_stare2)
[2019.03.11-05.14.45:680][361]LogEditorViewport: Clicking on Actor (LMB): SkeletalMeshActor (slugHead_stare2)
[2019.03.11-05.14.56:229][934]LogSlate: FSceneViewport::OnFocusLost() reason 0
[2019.03.11-05.17.43:981][663]LogSlate: FSceneViewport::OnFocusLost() reason 2
[2019.03.11-05.17.50:608][  6]LogEditorViewport: Clicking on Actor (LMB): SkeletalMeshActor (slugHead_notes)
[2019.03.11-05.17.56:110][250]LogEditorViewport: Clicking on Actor (LMB): StaticMeshActor (Convey34)
[2019.03.11-05.17.58:410][377]LogEditorViewport: Clicking on Actor (LMB): SkeletalMeshActor (slugHead_notes)
[2019.03.11-05.18.01:426][540]Cmd: TRANSACTION UNDO
[2019.03.11-05.18.01:426][540]LogEditorTransaction: Undo Scale Actors
[2019.03.11-05.18.15:728][272]LogEditorViewport: Clicking on Actor (LMB): SkeletalMeshActor (slugHead_stare2)
[2019.03.11-05.18.28:736][904]LogEditorViewport: Clicking on Actor (LMB): SkeletalMeshActor (slugHead_stare)
[2019.03.11-05.18.30:431][995]LogEditorViewport: Clicking on Actor (LMB): SkeletalMeshActor (slugHead_stare)
[2019.03.11-05.18.35:614][288]LogEditorViewport: Clicking on Actor (LMB): StaticMeshActor (Convey33)
[2019.03.11-05.19.18:663][589]LogSavePackage: Moving '../../../../Github/humanstuffFinal/MyProject3/Saved/Level1_Auto294323C8D46340431ACA5888279EC10A6.tmp' to '../../../../Github/humanstuffFinal/MyProject3/Saved/Autosaves/Game/StarterContent/Maps/Level1_Auto2.umap'
[2019.03.11-05.19.18:678][589]LogFileHelpers: Editor autosave (incl. sublevels) for '/Game/StarterContent/Maps/Level1' took 2.464
[2019.03.11-05.19.18:678][589]LogFileHelpers: Editor autosave (incl. sublevels) for all levels took 2.464
[2019.03.11-05.23.08:652][275]LogSlate: FSceneViewport::OnFocusLost() reason 2
[2019.03.11-05.23.13:724][540]LogSlate: Took 0.000368 seconds to synchronously load lazily loaded font '../../../Engine/Content/Slate/Fonts/Roboto-Light.ttf' (167K)
[2019.03.11-05.23.21:576][540]LogSlate: Window 'Save Asset As' being destroyed
[2019.03.11-05.23.21:656][540]LogAssetEditorManager: Opening Asset editor for LevelSequence /Game/TheEnd.TheEnd
[2019.03.11-05.23.24:170][616]LogEditorViewport: Clicking on Actor (LMB): SkeletalMeshActor (slugHead_stare)
[2019.03.11-05.23.36:918][171]LogSlate: FSceneViewport::OnFocusLost() reason 0
[2019.03.11-05.24.13:816][697]LogUnrealEdMisc: Warning: Heartbeat event firing too frequently (51.900 sec). This should never happen. Something is wrong with the timer delegate!
[2019.03.11-05.31.40:467][689]LogSlate: FSceneViewport::OnFocusLost() reason 0
[2019.03.11-05.32.50:857][621]LogSavePackage: Moving '../../../../Github/humanstuffFinal/MyProject3/Saved/Level1_Auto38555B0B24B7B6FCC9F3BC39B52A2F389.tmp' to '../../../../Github/humanstuffFinal/MyProject3/Saved/Autosaves/Game/StarterContent/Maps/Level1_Auto3.umap'
[2019.03.11-05.32.50:876][621]LogFileHelpers: Editor autosave (incl. sublevels) for '/Game/StarterContent/Maps/Level1' took 6.576
[2019.03.11-05.32.50:876][621]LogFileHelpers: Editor autosave (incl. sublevels) for all levels took 6.576
[2019.03.11-05.32.50:889][621]OBJ SavePackage: Generating thumbnails for [0] asset(s) in package [/Game/TheEnd] ([1] browsable assets)...
[2019.03.11-05.32.50:890][621]OBJ SavePackage: Finished generating thumbnails for package [/Game/TheEnd]
[2019.03.11-05.32.50:890][621]Cmd: OBJ SAVEPACKAGE PACKAGE="/Game/TheEnd" FILE="../../../../Github/humanstuffFinal/MyProject3/Saved/Autosaves/Game/TheEnd_Auto3.uasset" SILENT=false AUTOSAVING=true
[2019.03.11-05.32.50:946][621]LogSavePackage: Moving '../../../../Github/humanstuffFinal/MyProject3/Saved/TheEnd_Auto34A62F5F74D5CB7684A8E15834D58E96C.tmp' to '../../../../Github/humanstuffFinal/MyProject3/Saved/Autosaves/Game/TheEnd_Auto3.uasset'
[2019.03.11-05.32.50:947][621]LogFileHelpers: Auto-saving content packages took 0.060
[2019.03.11-05.46.36:228][764]LogSlate: FSceneViewport::OnFocusLost() reason 0
[2019.03.11-05.48.33:881][873]LogSavePackage: Moving '../../../../Github/humanstuffFinal/MyProject3/Saved/Level1_Auto46B470EA64F36DAFEC68C62BD7FD9D8F5.tmp' to '../../../../Github/humanstuffFinal/MyProject3/Saved/Autosaves/Game/StarterContent/Maps/Level1_Auto4.umap'
[2019.03.11-05.48.33:886][873]LogFileHelpers: Editor autosave (incl. sublevels) for '/Game/StarterContent/Maps/Level1' took 2.144
[2019.03.11-05.48.33:886][873]LogFileHelpers: Editor autosave (incl. sublevels) for all levels took 2.144
[2019.03.11-05.48.33:892][873]OBJ SavePackage: Generating thumbnails for [0] asset(s) in package [/Game/TheEnd] ([1] browsable assets)...
[2019.03.11-05.48.33:892][873]OBJ SavePackage: Finished generating thumbnails for package [/Game/TheEnd]
[2019.03.11-05.48.33:893][873]Cmd: OBJ SAVEPACKAGE PACKAGE="/Game/TheEnd" FILE="../../../../Github/humanstuffFinal/MyProject3/Saved/Autosaves/Game/TheEnd_Auto4.uasset" SILENT=false AUTOSAVING=true
[2019.03.11-05.48.33:939][873]LogSavePackage: Moving '../../../../Github/humanstuffFinal/MyProject3/Saved/TheEnd_Auto45AC321A748D796BE72C33EB77DE66BE1.tmp' to '../../../../Github/humanstuffFinal/MyProject3/Saved/Autosaves/Game/TheEnd_Auto4.uasset'
[2019.03.11-05.48.33:940][873]LogFileHelpers: Auto-saving content packages took 0.049
[2019.03.11-06.23.11:249][594]LogAssetEditorManager: Opening Asset editor for Texture2D /Game/UI/Qhs_ui_quit.Qhs_ui_quit
[2019.03.11-06.23.11:288][594]LogContentBrowser: Native class hierarchy updated for 'TextureEditor' in 0.0008 seconds. Added 1 classes and 2 folders.
[2019.03.11-06.23.13:456][665]LogSlate: Window 'Qhs_ui_quit' being destroyed
[2019.03.11-06.23.20:787][813]LogSlate: Window 'Pick Parent Class' being destroyed
[2019.03.11-06.23.25:646][ 54]LogAssetEditorManager: Opening Asset editor for Blueprint /Game/UI/end.end
[2019.03.11-06.23.26:536][ 54]LogRenderer: Reallocating scene render targets to support 1220x744 Format 26 NumSamples 1 (Frame:1).
[2019.03.11-06.26.05:538][994]LogAssetEditorManager: Opening Asset editor for WidgetBlueprint /Game/UI/ending.ending
[2019.03.11-06.26.21:395][389]BlueprintLog: New page: Compile ending
[2019.03.11-06.26.56:798][831]LogSlate: Prevented a slow task dialog from being summoned while a context menu was open
[2019.03.11-06.28.11:283][240]LogFileHelpers: Editor autosave (incl. sublevels) for '/Game/StarterContent/Maps/Level1' took 0.051
[2019.03.11-06.28.11:284][240]OBJ SavePackage: Generating thumbnails for [0] asset(s) in package [/Game/UI/end] ([1] browsable assets)...
[2019.03.11-06.28.11:284][240]OBJ SavePackage: Finished generating thumbnails for package [/Game/UI/end]
[2019.03.11-06.28.11:284][240]Cmd: OBJ SAVEPACKAGE PACKAGE="/Game/UI/end" FILE="../../../../Github/humanstuffFinal/MyProject3/Saved/Autosaves/Game/UI/end_Auto5.uasset" SILENT=false AUTOSAVING=true
[2019.03.11-06.28.11:305][240]LogSavePackage: Moving '../../../../Github/humanstuffFinal/MyProject3/Saved/end_Auto51B08A08543BA01A7A675948ED031D652.tmp' to '../../../../Github/humanstuffFinal/MyProject3/Saved/Autosaves/Game/UI/end_Auto5.uasset'
[2019.03.11-06.28.11:306][240]OBJ SavePackage: Generating thumbnails for [0] asset(s) in package [/Game/UI/ending] ([1] browsable assets)...
[2019.03.11-06.28.11:306][240]OBJ SavePackage: Finished generating thumbnails for package [/Game/UI/ending]
[2019.03.11-06.28.11:306][240]Cmd: OBJ SAVEPACKAGE PACKAGE="/Game/UI/ending" FILE="../../../../Github/humanstuffFinal/MyProject3/Saved/Autosaves/Game/UI/ending_Auto5.uasset" SILENT=false AUTOSAVING=true
[2019.03.11-06.28.11:322][240]LogSavePackage: Moving '../../../../Github/humanstuffFinal/MyProject3/Saved/ending_Auto54800C8924FEAD153966B31BBD6B6C8DB.tmp' to '../../../../Github/humanstuffFinal/MyProject3/Saved/Autosaves/Game/UI/ending_Auto5.uasset'
[2019.03.11-06.28.11:323][240]LogFileHelpers: Auto-saving content packages took 0.039
[2019.03.11-06.28.29:430][ 11]BlueprintLog: New page: Compile end
[2019.03.11-06.28.38:541][388]LogSlate: Window 'end*' being destroyed
[2019.03.11-06.28.56:534][107]LogSlate: FSceneViewport::OnFocusLost() reason 2
[2019.03.11-06.29.42:504][248]LogAssetEditorManager: Opening Asset editor for Blueprint /Game/UI/end.end
[2019.03.11-06.29.45:845][347]LogSlate: Window 'end*' being destroyed
[2019.03.11-06.32.23:239][167]LogSlate: Window 'end*' being destroyed
[2019.03.11-06.32.25:334][244]LogSlate: Window 'end*' being destroyed
[2019.03.11-06.32.27:730][336]LogSlate: Window 'end*' being destroyed
[2019.03.11-06.38.13:262][ 50]LogSavePackage: Moving '../../../../Github/humanstuffFinal/MyProject3/Saved/Level1_Auto61661F64C48FE86F45163658C2B9B1A35.tmp' to '../../../../Github/humanstuffFinal/MyProject3/Saved/Autosaves/Game/StarterContent/Maps/Level1_Auto6.umap'
[2019.03.11-06.38.13:267][ 50]LogFileHelpers: Editor autosave (incl. sublevels) for '/Game/StarterContent/Maps/Level1' took 1.789
[2019.03.11-06.38.13:267][ 50]LogFileHelpers: Editor autosave (incl. sublevels) for all levels took 1.789
[2019.03.11-06.38.13:272][ 50]OBJ SavePackage: Generating thumbnails for [0] asset(s) in package [/Game/TheEnd] ([1] browsable assets)...
[2019.03.11-06.38.13:273][ 50]OBJ SavePackage: Finished generating thumbnails for package [/Game/TheEnd]
[2019.03.11-06.38.13:273][ 50]Cmd: OBJ SAVEPACKAGE PACKAGE="/Game/TheEnd" FILE="../../../../Github/humanstuffFinal/MyProject3/Saved/Autosaves/Game/TheEnd_Auto6.uasset" SILENT=false AUTOSAVING=true
[2019.03.11-06.38.13:311][ 50]LogSavePackage: Moving '../../../../Github/humanstuffFinal/MyProject3/Saved/TheEnd_Auto6F43050164DF679E42A58FD9D14152CCA.tmp' to '../../../../Github/humanstuffFinal/MyProject3/Saved/Autosaves/Game/TheEnd_Auto6.uasset'
[2019.03.11-06.38.13:312][ 50]OBJ SavePackage: Generating thumbnails for [0] asset(s) in package [/Game/UI/end] ([1] browsable assets)...
[2019.03.11-06.38.13:312][ 50]OBJ SavePackage: Finished generating thumbnails for package [/Game/UI/end]
[2019.03.11-06.38.13:312][ 50]Cmd: OBJ SAVEPACKAGE PACKAGE="/Game/UI/end" FILE="../../../../Github/humanstuffFinal/MyProject3/Saved/Autosaves/Game/UI/end_Auto6.uasset" SILENT=false AUTOSAVING=true
[2019.03.11-06.38.13:331][ 50]LogSavePackage: Moving '../../../../Github/humanstuffFinal/MyProject3/Saved/end_Auto62E37BB0642D891B0EA6BC288FD24B9BB.tmp' to '../../../../Github/humanstuffFinal/MyProject3/Saved/Autosaves/Game/UI/end_Auto6.uasset'
[2019.03.11-06.38.13:331][ 50]LogFileHelpers: Auto-saving content packages took 0.060
[2019.03.11-06.56.47:057][741]LogSlate: Prevented a slow task dialog from being summoned while a context menu was open
[2019.03.11-06.56.47:057][741]LogAssetEditorManager: Opening Asset editor for Blueprint /Game/TheEnd.TheEnd:SequenceDirector
[2019.03.11-06.57.23:742][967]LogSlate: Prevented a slow task dialog from being summoned while a context menu was open
[2019.03.11-06.58.17:369][732]BlueprintLog: New page: Compile SequenceDirector
[2019.03.11-06.58.20:253][830]LogSlate: Window 'end*' being destroyed
[2019.03.11-06.58.26:259][ 46]LogMovieScene: Refusing to trigger event 'SequenceEvent_0' in editor world when 'Call in Editor' is false.
[2019.03.11-06.58.27:641][109]LogMovieScene: Refusing to trigger event 'SequenceEvent_0' in editor world when 'Call in Editor' is false.
[2019.03.11-06.58.53:496][316]LogSlate: Prevented a slow task dialog from being summoned while a context menu was open
[2019.03.11-06.58.53:496][316]LogAssetEditorManager: Opening Asset editor for Blueprint /Game/TheEnd.TheEnd:SequenceDirector
[2019.03.11-06.59.30:445][587]BlueprintLog: New page: Compile SequenceDirector
[2019.03.11-06.59.31:497][618]LogSlate: Window 'SequenceDirector*' being destroyed
[2019.03.11-06.59.43:865][224]Cmd: TRANSACTION UNDO
[2019.03.11-06.59.43:865][224]LogEditorTransaction: Undo Add Keys at Current Time
[2019.03.11-07.00.00:299][  0]Cmd: OBJ SAVEPACKAGE PACKAGE="/Game/TheEnd" FILE="../../../../Github/humanstuffFinal/MyProject3/Content/TheEnd.uasset" SILENT=true
[2019.03.11-07.00.00:378][  0]LogSavePackage: Moving '../../../../Github/humanstuffFinal/MyProject3/Saved/TheEndB226A2D044DD5CF4F21A968D159ABEB0.tmp' to '../../../../Github/humanstuffFinal/MyProject3/Content/TheEnd.uasset'
[2019.03.11-07.00.05:274][213]LogMovieScene: Refusing to trigger event 'SequenceEvent_0' in editor world when 'Call in Editor' is false.
[2019.03.11-07.00.06:382][269]LogMovieScene: Refusing to trigger event 'SequenceEvent_1' in editor world when 'Call in Editor' is false.
[2019.03.11-07.00.19:208][889]Cmd: OBJ SAVEPACKAGE PACKAGE="/Game/TheEnd" FILE="../../../../Github/humanstuffFinal/MyProject3/Content/TheEnd.uasset" SILENT=true
[2019.03.11-07.00.19:292][889]LogSavePackage: Moving '../../../../Github/humanstuffFinal/MyProject3/Saved/TheEndD037AA834BB160C80D57AA895FC34BFB.tmp' to '../../../../Github/humanstuffFinal/MyProject3/Content/TheEnd.uasset'
[2019.03.11-07.00.22:619][ 37]LogSlate: Window 'Sequencer' being destroyed
[2019.03.11-07.00.22:622][ 37]LogSlate: Window 'Sequencer' being destroyed
[2019.03.11-07.27.14:729][865]LogAssetEditorManager: Opening Asset editor for WidgetBlueprint /Game/UI/start.start
[2019.03.11-07.50.58:266][522]LogFactory: FactoryCreateFile: Texture with ReimportTextureFactory (0 0 C:/Users/Ailsa/Downloads/hs_UI_1.png)
[2019.03.11-07.50.58:341][522]LogTexture: Display: Building textures: hs_UI_1 (BGRA8, 150X242)
[2019.03.11-07.50.58:403][522]LogFactory: FactoryCreateFile: Texture with ReimportTextureFactory (0 0 C:/Users/Ailsa/Downloads/hs_UI_2.png)
[2019.03.11-07.50.58:426][522]LogTexture: Display: Building textures: hs_UI_2 (BGRA8, 153X241)
[2019.03.11-07.50.58:479][522]LogFactory: FactoryCreateFile: Texture with ReimportTextureFactory (0 0 C:/Users/Ailsa/Downloads/hs_UI_3.png)
[2019.03.11-07.50.58:505][522]LogTexture: Display: Building textures: hs_UI_3 (BGRA8, 144X245)
[2019.03.11-07.50.58:667][523]LogUnrealEdMisc: Warning: Heartbeat event firing too frequently (0.000 sec). This should never happen. Something is wrong with the timer delegate!
[2019.03.11-07.50.58:667][523]LogUnrealEdMisc: Warning: Heartbeat event firing too frequently (0.000 sec). This should never happen. Something is wrong with the timer delegate!
[2019.03.11-07.50.58:667][523]LogUnrealEdMisc: Warning: Heartbeat event firing too frequently (0.000 sec). This should never happen. Something is wrong with the timer delegate!
[2019.03.11-07.50.58:668][523]LogUnrealEdMisc: Warning: Heartbeat event firing too frequently (0.000 sec). This should never happen. Something is wrong with the timer delegate!
[2019.03.11-07.50.58:668][523]LogUnrealEdMisc: Warning: Heartbeat event firing too frequently (0.000 sec). This should never happen. Something is wrong with the timer delegate!
[2019.03.11-07.50.58:668][523]LogUnrealEdMisc: Warning: Heartbeat event firing too frequently (0.000 sec). This should never happen. Something is wrong with the timer delegate!
[2019.03.11-07.50.58:668][523]LogUnrealEdMisc: Warning: Heartbeat event firing too frequently (0.001 sec). This should never happen. Something is wrong with the timer delegate!
[2019.03.11-07.50.58:668][523]LogUnrealEdMisc: Warning: Heartbeat event firing too frequently (0.001 sec). This should never happen. Something is wrong with the timer delegate!
[2019.03.11-07.50.58:668][523]LogUnrealEdMisc: Warning: Heartbeat event firing too frequently (0.001 sec). This should never happen. Something is wrong with the timer delegate!
[2019.03.11-07.50.58:668][523]LogUnrealEdMisc: Warning: Heartbeat event firing too frequently (0.001 sec). This should never happen. Something is wrong with the timer delegate!
[2019.03.11-07.50.58:668][523]LogUnrealEdMisc: Warning: Heartbeat event firing too frequently (0.001 sec). This should never happen. Something is wrong with the timer delegate!
[2019.03.11-07.50.58:668][523]LogUnrealEdMisc: Warning: Heartbeat event firing too frequently (0.001 sec). This should never happen. Something is wrong with the timer delegate!
[2019.03.11-07.50.58:668][523]LogUnrealEdMisc: Warning: Heartbeat event firing too frequently (0.001 sec). This should never happen. Something is wrong with the timer delegate!
[2019.03.11-07.50.58:668][523]LogUnrealEdMisc: Warning: Heartbeat event firing too frequently (0.001 sec). This should never happen. Something is wrong with the timer delegate!
[2019.03.11-07.50.58:669][523]LogUnrealEdMisc: Warning: Heartbeat event firing too frequently (0.001 sec). This should never happen. Something is wrong with the timer delegate!
[2019.03.11-07.50.58:669][523]LogUnrealEdMisc: Warning: Heartbeat event firing too frequently (0.002 sec). This should never happen. Something is wrong with the timer delegate!
[2019.03.11-07.50.58:669][523]LogUnrealEdMisc: Warning: Heartbeat event firing too frequently (0.002 sec). This should never happen. Something is wrong with the timer delegate!
[2019.03.11-07.50.58:669][523]LogUnrealEdMisc: Warning: Heartbeat event firing too frequently (0.002 sec). This should never happen. Something is wrong with the timer delegate!
[2019.03.11-07.50.58:669][523]LogUnrealEdMisc: Warning: Heartbeat event firing too frequently (0.002 sec). This should never happen. Something is wrong with the timer delegate!
[2019.03.11-07.50.58:669][523]LogUnrealEdMisc: Warning: Heartbeat event firing too frequently (0.002 sec). This should never happen. Something is wrong with the timer delegate!
[2019.03.11-07.50.58:669][523]LogUnrealEdMisc: Warning: Heartbeat event firing too frequently (0.002 sec). This should never happen. Something is wrong with the timer delegate!
[2019.03.11-07.50.58:669][523]LogUnrealEdMisc: Warning: Heartbeat event firing too frequently (0.002 sec). This should never happen. Something is wrong with the timer delegate!
[2019.03.11-07.50.58:897][523]LogFileHelpers: Editor autosave (incl. sublevels) for '/Game/StarterContent/Maps/Level1' took 0.120
[2019.03.11-07.50.58:899][523]OBJ SavePackage: Generating thumbnails for [0] asset(s) in package [/Game/UI/start] ([1] browsable assets)...
[2019.03.11-07.50.58:899][523]OBJ SavePackage: Finished generating thumbnails for package [/Game/UI/start]
[2019.03.11-07.50.58:899][523]Cmd: OBJ SAVEPACKAGE PACKAGE="/Game/UI/start" FILE="../../../../Github/humanstuffFinal/MyProject3/Saved/Autosaves/Game/UI/start_Auto7.uasset" SILENT=false AUTOSAVING=true
[2019.03.11-07.50.58:920][523]LogSavePackage: Moving '../../../../Github/humanstuffFinal/MyProject3/Saved/start_Auto723DFB0964BDF7D7193EBF4B1284B1D3E.tmp' to '../../../../Github/humanstuffFinal/MyProject3/Saved/Autosaves/Game/UI/start_Auto7.uasset'
[2019.03.11-07.50.58:921][523]OBJ SavePackage: Generating thumbnails for [1] asset(s) in package [/Game/UI/hs_UI_1] ([1] browsable assets)...
[2019.03.11-07.50.58:931][523]OBJ SavePackage:     Rendered thumbnail for [Texture2D /Game/UI/hs_UI_1.hs_UI_1]
[2019.03.11-07.50.58:931][523]OBJ SavePackage: Finished generating thumbnails for package [/Game/UI/hs_UI_1]
[2019.03.11-07.50.58:931][523]Cmd: OBJ SAVEPACKAGE PACKAGE="/Game/UI/hs_UI_1" FILE="../../../../Github/humanstuffFinal/MyProject3/Saved/Autosaves/Game/UI/hs_UI_1_Auto7.uasset" SILENT=false AUTOSAVING=true
[2019.03.11-07.50.58:945][523]LogSavePackage: Moving '../../../../Github/humanstuffFinal/MyProject3/Saved/hs_UI_1_Auto7E00AFD9C48EAE94B20D34CAD03A3CD7D.tmp' to '../../../../Github/humanstuffFinal/MyProject3/Saved/Autosaves/Game/UI/hs_UI_1_Auto7.uasset'
[2019.03.11-07.50.58:946][523]OBJ SavePackage: Generating thumbnails for [1] asset(s) in package [/Game/UI/hs_UI_2] ([1] browsable assets)...
[2019.03.11-07.50.58:953][523]OBJ SavePackage:     Rendered thumbnail for [Texture2D /Game/UI/hs_UI_2.hs_UI_2]
[2019.03.11-07.50.58:953][523]OBJ SavePackage: Finished generating thumbnails for package [/Game/UI/hs_UI_2]
[2019.03.11-07.50.58:953][523]Cmd: OBJ SAVEPACKAGE PACKAGE="/Game/UI/hs_UI_2" FILE="../../../../Github/humanstuffFinal/MyProject3/Saved/Autosaves/Game/UI/hs_UI_2_Auto7.uasset" SILENT=false AUTOSAVING=true
[2019.03.11-07.50.58:965][523]LogSavePackage: Moving '../../../../Github/humanstuffFinal/MyProject3/Saved/hs_UI_2_Auto71F2ADC904D76242CFFC877BEFD1D0483.tmp' to '../../../../Github/humanstuffFinal/MyProject3/Saved/Autosaves/Game/UI/hs_UI_2_Auto7.uasset'
[2019.03.11-07.50.58:966][523]OBJ SavePackage: Generating thumbnails for [1] asset(s) in package [/Game/UI/hs_UI_3] ([1] browsable assets)...
[2019.03.11-07.50.58:972][523]OBJ SavePackage:     Rendered thumbnail for [Texture2D /Game/UI/hs_UI_3.hs_UI_3]
[2019.03.11-07.50.58:972][523]OBJ SavePackage: Finished generating thumbnails for package [/Game/UI/hs_UI_3]
[2019.03.11-07.50.58:972][523]Cmd: OBJ SAVEPACKAGE PACKAGE="/Game/UI/hs_UI_3" FILE="../../../../Github/humanstuffFinal/MyProject3/Saved/Autosaves/Game/UI/hs_UI_3_Auto7.uasset" SILENT=false AUTOSAVING=true
[2019.03.11-07.50.58:984][523]LogSavePackage: Moving '../../../../Github/humanstuffFinal/MyProject3/Saved/hs_UI_3_Auto7D7FBFAB2464245461CFD1D89BD3881B0.tmp' to '../../../../Github/humanstuffFinal/MyProject3/Saved/Autosaves/Game/UI/hs_UI_3_Auto7.uasset'
[2019.03.11-07.50.58:985][523]LogFileHelpers: Auto-saving content packages took 0.086
[2019.03.11-07.51.13:802][660]LogUnrealEdMisc: Warning: Heartbeat event firing too frequently (15.134 sec). This should never happen. Something is wrong with the timer delegate!
[2019.03.11-07.52.19:505][475]BlueprintLog: New page: Compile start
[2019.03.11-07.54.50:075][435]BlueprintLog: New page: Compile start
[2019.03.11-08.00.41:538][863]BlueprintLog: New page: Compile start
[2019.03.11-08.00.43:861][932]LogSlate: Window 'start*' being destroyed
[2019.03.11-08.00.48:283][176]LogEditorViewport: Clicking on Actor (LMB): end_C (end)
[2019.03.11-08.00.49:557][248]LogSlate: FSceneViewport::OnFocusLost() reason 2
[2019.03.11-08.00.50:250][289]LogSlate: FSceneViewport::OnFocusLost() reason 2
[2019.03.11-08.00.50:255][289]LogAssetEditorManager: Opening Asset editor for Blueprint /Game/UI/end.end
[2019.03.11-08.01.24:649][929]BlueprintLog: New page: Compile end
[2019.03.11-08.01.40:684][735]LogSlate: Prevented a slow task dialog from being summoned while a context menu was open
[2019.03.11-08.02.20:302][492]LogAssetEditorManager: Opening Asset editor for WidgetBlueprint /Game/UI/start.start
[2019.03.11-08.05.16:930][202]BlueprintLog: New page: Compile end
[2019.03.11-08.05.19:616][281]LogSlate: Window 'start*' being destroyed
[2019.03.11-08.05.20:719][332]LogSlate: FSceneViewport::OnFocusLost() reason 0
[2019.03.11-08.05.20:820][338]LogTemp: Repeating last play command: Selected Viewport
[2019.03.11-08.05.20:892][338]LogBlueprintUserMessages: Early PlayInEditor Detection: Level '/Game/StarterContent/Maps/Level1.Level1:PersistentLevel' has LevelScriptBlueprint '/Game/StarterContent/Maps/Level1.Level1:PersistentLevel.Level1' with GeneratedClass '/Game/StarterContent/Maps/Level1.Level1_C' with ClassGeneratedBy '/Game/StarterContent/Maps/Level1.Level1:PersistentLevel.Level1'
[2019.03.11-08.05.20:893][338]LogPlayLevel: PlayLevel: No blueprints needed recompiling
[2019.03.11-08.05.20:895][338]PIE: New page: PIE session: Level1 (Mar 11, 2019, 12:05:20 AM)
[2019.03.11-08.05.20:912][338]LogPlayLevel: Creating play world package: /Game/StarterContent/Maps/UEDPIE_0_Level1
[2019.03.11-08.05.21:073][338]LogPlayLevel: PIE: StaticDuplicateObject took: (0.160052s)
[2019.03.11-08.05.21:073][338]LogAIModule: Creating AISystem for world Level1
[2019.03.11-08.05.21:074][338]LogPlayLevel: PIE: World Init took: (0.001256s)
[2019.03.11-08.05.21:074][338]LogPlayLevel: PIE: Created PIE world by copying editor world from /Game/StarterContent/Maps/Level1.Level1 to /Game/StarterContent/Maps/UEDPIE_0_Level1.Level1 (0.162127s)
[2019.03.11-08.05.21:142][338]LogInit: XAudio2 using 'Speakers (Realtek High Definition Audio)' : 2 channels at 48 kHz using 32 bits per sample (channel mask 0x3)
[2019.03.11-08.05.21:171][338]LogInit: FAudioDevice initialized.
[2019.03.11-08.05.21:220][338]LogLoad: Game class is 'GameModeBase'
[2019.03.11-08.05.21:280][338]LogWorld: Bringing World /Game/StarterContent/Maps/UEDPIE_0_Level1.Level1 up for play (max tick rate 60) at 2019.03.11-04.05.21
[2019.03.11-08.05.21:297][338]LogWorld: Bringing up level for play took: 0.075068
[2019.03.11-08.05.21:403][338]LogContentBrowser: Native class hierarchy updated for 'MovieSceneCapture' in 0.0014 seconds. Added 20 classes and 0 folders.
[2019.03.11-08.05.21:413][338]Cmd: vr.bEnableStereo True
[2019.03.11-08.05.21:418][338]LogBlueprintUserMessages: Warning: SetTimer passed a bad function (TimeFunctionTick) or object (MotionControllerPawn_2)
[2019.03.11-08.05.21:428][338]PIE: Play in editor start time for /Game/StarterContent/Maps/UEDPIE_0_Level1 1.527
[2019.03.11-08.05.21:428][338]LogBlueprintUserMessages: Late PlayInEditor Detection: Level '/Game/StarterContent/Maps/Level1.Level1:PersistentLevel' has LevelScriptBlueprint '/Game/StarterContent/Maps/Level1.Level1:PersistentLevel.Level1' with GeneratedClass '/Game/StarterContent/Maps/Level1.Level1_C' with ClassGeneratedBy '/Game/StarterContent/Maps/Level1.Level1:PersistentLevel.Level1'
[2019.03.11-08.05.22:126][362]LogScript: Warning: Accessed None trying to read property ScanVar
	Spawner_C /Game/StarterContent/Maps/UEDPIE_0_Level1.Level1:PersistentLevel.Spawner_2
	Function /Game/Blueprints/Spawner.Spawner_C:ExecuteUbergraph_Spawner:15D7
[2019.03.11-08.05.22:128][362]PIE: Error: Blueprint Runtime Error: "Accessed None trying to read property ScanVar". Blueprint:  Spawner Function:  Execute Ubergraph Spawner Graph:  EventGraph Node:  Branch
[2019.03.11-08.05.27:941][699]LogBlueprintUserMessages: Early EndPlayMap Detection: Level '/Game/StarterContent/Maps/Level1.Level1:PersistentLevel' has LevelScriptBlueprint '/Game/StarterContent/Maps/Level1.Level1:PersistentLevel.Level1' with GeneratedClass '/Game/StarterContent/Maps/Level1.Level1_C' with ClassGeneratedBy '/Game/StarterContent/Maps/Level1.Level1:PersistentLevel.Level1'
[2019.03.11-08.05.27:944][699]LogSlate: Updating window title bar state: overlay mode, drag disabled, window buttons hidden, title bar hidden
[2019.03.11-08.05.28:005][699]LogPlayLevel: Display: Shutting down PIE online subsystems
[2019.03.11-08.05.28:006][699]LogBlueprintUserMessages: Late EndPlayMap Detection: Level '/Game/StarterContent/Maps/Level1.Level1:PersistentLevel' has LevelScriptBlueprint '/Game/StarterContent/Maps/Level1.Level1:PersistentLevel.Level1' with GeneratedClass '/Game/StarterContent/Maps/Level1.Level1_C' with ClassGeneratedBy '/Game/StarterContent/Maps/Level1.Level1:PersistentLevel.Level1'
[2019.03.11-08.05.28:060][699]LogSlate: Updating window title bar state: overlay mode, drag disabled, window buttons hidden, title bar hidden
[2019.03.11-08.05.28:079][699]LogSlate: FSceneViewport::OnFocusLost() reason 2
[2019.03.11-08.05.28:214][700]LogPlayLevel: Display: Destroying online subsystem :Context_21
[2019.03.11-08.05.29:781][780]LogSlate: Window 'Message Log' being destroyed
[2019.03.11-08.05.29:791][780]LogSlate: Window 'Message Log' being destroyed
[2019.03.11-08.05.32:701][943]LogSlate: FSceneViewport::OnFocusLost() reason 2
[2019.03.11-08.05.33:735][996]LogBlueprintUserMessages: Early PlayInEditor Detection: Level '/Game/StarterContent/Maps/Level1.Level1:PersistentLevel' has LevelScriptBlueprint '/Game/StarterContent/Maps/Level1.Level1:PersistentLevel.Level1' with GeneratedClass '/Game/StarterContent/Maps/Level1.Level1_C' with ClassGeneratedBy '/Game/StarterContent/Maps/Level1.Level1:PersistentLevel.Level1'
[2019.03.11-08.05.33:735][996]LogPlayLevel: PlayLevel: No blueprints needed recompiling
[2019.03.11-08.05.33:735][996]PIE: New page: SIE session: Level1 (Mar 11, 2019, 12:05:33 AM)
[2019.03.11-08.05.33:736][996]LogPlayLevel: Creating play world package: /Game/StarterContent/Maps/UEDPIE_0_Level1
[2019.03.11-08.05.33:824][996]LogPlayLevel: PIE: StaticDuplicateObject took: (0.088426s)
[2019.03.11-08.05.33:825][996]LogAIModule: Creating AISystem for world Level1
[2019.03.11-08.05.33:825][996]LogPlayLevel: PIE: World Init took: (0.000660s)
[2019.03.11-08.05.33:825][996]LogPlayLevel: PIE: Created PIE world by copying editor world from /Game/StarterContent/Maps/Level1.Level1 to /Game/StarterContent/Maps/UEDPIE_0_Level1.Level1 (0.089603s)
[2019.03.11-08.05.33:885][996]LogInit: XAudio2 using 'Speakers (Realtek High Definition Audio)' : 2 channels at 48 kHz using 32 bits per sample (channel mask 0x3)
[2019.03.11-08.05.33:915][996]LogInit: FAudioDevice initialized.
[2019.03.11-08.05.33:915][996]LogSlate: FSceneViewport::OnFocusLost() reason 2
[2019.03.11-08.05.33:949][996]LogLoad: Game class is 'GameModeBase'
[2019.03.11-08.05.33:982][996]LogWorld: Bringing World /Game/StarterContent/Maps/UEDPIE_0_Level1.Level1 up for play (max tick rate 60) at 2019.03.11-04.05.33
[2019.03.11-08.05.33:986][996]LogWorld: Bringing up level for play took: 0.036289
[2019.03.11-08.05.33:999][996]LogGameMode: FindPlayerStart: PATHS NOT DEFINED or NO PLAYERSTART with positive rating
[2019.03.11-08.05.34:003][996]Cmd: vr.bEnableStereo True
[2019.03.11-08.05.34:003][996]LogBlueprintUserMessages: Warning: SetTimer passed a bad function (TimeFunctionTick) or object (MotionControllerPawn_2)
[2019.03.11-08.05.34:006][996]PIE: Play in editor start time for /Game/StarterContent/Maps/UEDPIE_0_Level1 0.105
[2019.03.11-08.05.34:036][996]LogBlueprintUserMessages: Late PlayInEditor Detection: Level '/Game/StarterContent/Maps/Level1.Level1:PersistentLevel' has LevelScriptBlueprint '/Game/StarterContent/Maps/Level1.Level1:PersistentLevel.Level1' with GeneratedClass '/Game/StarterContent/Maps/Level1.Level1_C' with ClassGeneratedBy '/Game/StarterContent/Maps/Level1.Level1:PersistentLevel.Level1'
[2019.03.11-08.05.34:734][ 20]LogScript: Warning: Accessed None trying to read property ScanVar
	Spawner_C /Game/StarterContent/Maps/UEDPIE_0_Level1.Level1:PersistentLevel.Spawner_2
	Function /Game/Blueprints/Spawner.Spawner_C:ExecuteUbergraph_Spawner:15D7
[2019.03.11-08.05.34:734][ 20]PIE: Error: Blueprint Runtime Error: "Accessed None trying to read property ScanVar". Blueprint:  Spawner Function:  Execute Ubergraph Spawner Graph:  EventGraph Node:  Branch
[2019.03.11-08.05.45:898][620]LogSlate: FSceneViewport::OnFocusLost() reason 0
[2019.03.11-08.05.46:022][627]LogBlueprintUserMessages: Early EndPlayMap Detection: Level '/Game/StarterContent/Maps/Level1.Level1:PersistentLevel' has LevelScriptBlueprint '/Game/StarterContent/Maps/Level1.Level1:PersistentLevel.Level1' with GeneratedClass '/Game/StarterContent/Maps/Level1.Level1_C' with ClassGeneratedBy '/Game/StarterContent/Maps/Level1.Level1:PersistentLevel.Level1'
[2019.03.11-08.05.46:023][627]LogSlate: Updating window title bar state: overlay mode, drag disabled, window buttons hidden, title bar hidden
[2019.03.11-08.05.46:077][627]LogPlayLevel: Display: Shutting down PIE online subsystems
[2019.03.11-08.05.46:077][627]LogBlueprintUserMessages: Late EndPlayMap Detection: Level '/Game/StarterContent/Maps/Level1.Level1:PersistentLevel' has LevelScriptBlueprint '/Game/StarterContent/Maps/Level1.Level1:PersistentLevel.Level1' with GeneratedClass '/Game/StarterContent/Maps/Level1.Level1_C' with ClassGeneratedBy '/Game/StarterContent/Maps/Level1.Level1:PersistentLevel.Level1'
[2019.03.11-08.05.46:125][627]LogSlate: Updating window title bar state: overlay mode, drag disabled, window buttons hidden, title bar hidden
[2019.03.11-08.05.46:220][628]LogPlayLevel: Display: Destroying online subsystem :Context_22
[2019.03.11-08.05.47:704][693]LogSlate: Window 'Message Log' being destroyed
[2019.03.11-08.05.47:710][693]LogSlate: Window 'Message Log' being destroyed
[2019.03.11-08.05.48:452][737]LogEditorViewport: Clicking on Actor (LMB): SkeletalMeshActor (slugHead_stare)
[2019.03.11-08.05.57:163][211]LogEditorViewport: Clicking on Actor (LMB): StaticMeshActor (SuperGrid_Box10)
[2019.03.11-08.06.25:034][375]LogSavePackage: Moving '../../../../Github/humanstuffFinal/MyProject3/Saved/Level1_Auto85A7D624E43B8F0B48724EF938EC844C7.tmp' to '../../../../Github/humanstuffFinal/MyProject3/Saved/Autosaves/Game/StarterContent/Maps/Level1_Auto8.umap'
[2019.03.11-08.06.25:043][375]LogFileHelpers: Editor autosave (incl. sublevels) for '/Game/StarterContent/Maps/Level1' took 2.033
[2019.03.11-08.06.25:043][375]LogFileHelpers: Editor autosave (incl. sublevels) for all levels took 2.033
[2019.03.11-08.06.25:052][375]OBJ SavePackage: Generating thumbnails for [0] asset(s) in package [/Game/UI/end] ([1] browsable assets)...
[2019.03.11-08.06.25:052][375]OBJ SavePackage: Finished generating thumbnails for package [/Game/UI/end]
[2019.03.11-08.06.25:052][375]Cmd: OBJ SAVEPACKAGE PACKAGE="/Game/UI/end" FILE="../../../../Github/humanstuffFinal/MyProject3/Saved/Autosaves/Game/UI/end_Auto8.uasset" SILENT=false AUTOSAVING=true
[2019.03.11-08.06.25:081][375]LogSavePackage: Moving '../../../../Github/humanstuffFinal/MyProject3/Saved/end_Auto814BC200A454783DB716236AF8B183D7E.tmp' to '../../../../Github/humanstuffFinal/MyProject3/Saved/Autosaves/Game/UI/end_Auto8.uasset'
[2019.03.11-08.06.25:082][375]OBJ SavePackage: Generating thumbnails for [0] asset(s) in package [/Game/UI/start] ([1] browsable assets)...
[2019.03.11-08.06.25:083][375]OBJ SavePackage: Finished generating thumbnails for package [/Game/UI/start]
[2019.03.11-08.06.25:083][375]Cmd: OBJ SAVEPACKAGE PACKAGE="/Game/UI/start" FILE="../../../../Github/humanstuffFinal/MyProject3/Saved/Autosaves/Game/UI/start_Auto8.uasset" SILENT=false AUTOSAVING=true
[2019.03.11-08.06.25:129][375]LogSavePackage: Moving '../../../../Github/humanstuffFinal/MyProject3/Saved/start_Auto810AA051D49218FFE510685A8AC864419.tmp' to '../../../../Github/humanstuffFinal/MyProject3/Saved/Autosaves/Game/UI/start_Auto8.uasset'
[2019.03.11-08.06.25:130][375]LogFileHelpers: Auto-saving content packages took 0.082
[2019.03.11-08.06.56:237][607]LogSlate: FSceneViewport::OnFocusLost() reason 2
